127.0.0.1 - - [25/Jan/2019:11:58:16 +0800] "GET / HTTP/1.1" 200 3153 672
0:0:0:0:0:0:0:1 - - [25/Jan/2019:11:58:16 +0800] "GET /static/css/login/simple-line-icons.css HTTP/1.1" 200 11717 65
127.0.0.1 - - [25/Jan/2019:11:58:16 +0800] "GET /static/js/jquery-2.1.1.js HTTP/1.1" 200 84247 73
0:0:0:0:0:0:0:1 - - [25/Jan/2019:11:58:16 +0800] "GET /static/css/login/bootstrap.css HTTP/1.1" 200 126970 76
0:0:0:0:0:0:0:1 - - [25/Jan/2019:11:58:16 +0800] "GET /static/css/login/app.css HTTP/1.1" 200 107542 55
0:0:0:0:0:0:0:1 - - [25/Jan/2019:11:58:16 +0800] "GET /static/images/login/yudee_bg.png HTTP/1.1" 200 841898 110
0:0:0:0:0:0:0:1 - - [25/Jan/2019:11:58:16 +0800] "GET /favicon.ico HTTP/1.1" 200 946 23
0:0:0:0:0:0:0:1 - - [25/Jan/2019:11:58:23 +0800] "POST /manage/account/login HTTP/1.1" 200 221 949
0:0:0:0:0:0:0:1 - - [25/Jan/2019:11:58:24 +0800] "GET /static/css/bootstrap.min.css HTTP/1.1" 200 117305 13
0:0:0:0:0:0:0:1 - - [25/Jan/2019:11:58:24 +0800] "GET /static/css/animate.css HTTP/1.1" 200 68411 12
127.0.0.1 - - [25/Jan/2019:11:58:24 +0800] "GET /static/css/bootstrap-switch.css HTTP/1.1" 200 6993 6
0:0:0:0:0:0:0:1 - - [25/Jan/2019:11:58:24 +0800] "GET /manage/account/toindexPage HTTP/1.1" 200 19365 103
0:0:0:0:0:0:0:1 - - [25/Jan/2019:11:58:24 +0800] "GET /static/css/plugins/toastr/toastr.min.css HTTP/1.1" 200 6882 6
0:0:0:0:0:0:0:1 - - [25/Jan/2019:11:58:24 +0800] "GET /static/css/style.css HTTP/1.1" 200 156956 14
0:0:0:0:0:0:0:1 - - [25/Jan/2019:11:58:24 +0800] "GET /static/js/plugins/gritter/jquery.gritter.css HTTP/1.1" 200 2556 7
0:0:0:0:0:0:0:1 - - [25/Jan/2019:11:58:24 +0800] "GET /static/css/plugins/dataTables/dataTables.responsive.css HTTP/1.1" 200 2626 8
0:0:0:0:0:0:0:1 - - [25/Jan/2019:11:58:24 +0800] "GET /static/css/plugins/dataTables/dataTables.tableTools.min.css HTTP/1.1" 200 6601 10
0:0:0:0:0:0:0:1 - - [25/Jan/2019:11:58:24 +0800] "GET /static/font-awesome/css/font-awesome.css HTTP/1.1" 200 28747 28
0:0:0:0:0:0:0:1 - - [25/Jan/2019:11:58:24 +0800] "GET /static/css/plugins/datapicker/bootstrap-datetimepicker.min.css HTTP/1.1" 200 7771 16
0:0:0:0:0:0:0:1 - - [25/Jan/2019:11:58:24 +0800] "GET /static/js/jquery-2.1.1.js HTTP/1.1" 200 84247 13
0:0:0:0:0:0:0:1 - - [25/Jan/2019:11:58:24 +0800] "GET /static/js/plugins/slimscroll/jquery.slimscroll.min.js HTTP/1.1" 200 4682 9
0:0:0:0:0:0:0:1 - - [25/Jan/2019:11:58:24 +0800] "GET /static/js/inspinia.js HTTP/1.1" 200 8107 11
0:0:0:0:0:0:0:1 - - [25/Jan/2019:11:58:24 +0800] "GET /static/js/bootstrap.min.js HTTP/1.1" 200 37045 27
0:0:0:0:0:0:0:1 - - [25/Jan/2019:11:58:24 +0800] "GET /static/js/bootstrap-switch.js HTTP/1.1" 200 26858 10
0:0:0:0:0:0:0:1 - - [25/Jan/2019:11:58:24 +0800] "GET /static/js/jquery-migrate-1.1.0.min.js HTTP/1.1" 200 6968 8
0:0:0:0:0:0:0:1 - - [25/Jan/2019:11:58:24 +0800] "GET /static/js/plugins/metisMenu/jquery.metisMenu.js HTTP/1.1" 200 3265 11
0:0:0:0:0:0:0:1 - - [25/Jan/2019:11:58:24 +0800] "GET /static/js/plugins/pace/pace.min.js HTTP/1.1" 200 12364 10
0:0:0:0:0:0:0:1 - - [25/Jan/2019:11:58:24 +0800] "GET /static/js/jquery-ui-1.10.4.min.js HTTP/1.1" 200 228539 19
0:0:0:0:0:0:0:1 - - [25/Jan/2019:11:58:24 +0800] "GET /static/js/plugins/dataTables/dataTables.bootstrap.js HTTP/1.1" 200 9614 13
0:0:0:0:0:0:0:1 - - [25/Jan/2019:11:58:24 +0800] "GET /static/ckeditor/ckeditor.js HTTP/1.1" 200 567997 39
0:0:0:0:0:0:0:1 - - [25/Jan/2019:11:58:24 +0800] "GET /static/js/plugins/dataTables/dataTables.tableTools.min.js HTTP/1.1" 200 31626 9
0:0:0:0:0:0:0:1 - - [25/Jan/2019:11:58:24 +0800] "GET /static/js/plugins/datapicker/bootstrap-datetimepicker.min.js HTTP/1.1" 200 48881 9
0:0:0:0:0:0:0:1 - - [25/Jan/2019:11:58:24 +0800] "GET /static/js/plugins/dataTables/dataTables.responsive.js HTTP/1.1" 200 32864 21
0:0:0:0:0:0:0:1 - - [25/Jan/2019:11:58:24 +0800] "GET /static/js/plugins/jsTree/jstree.min.js HTTP/1.1" 200 118089 16
0:0:0:0:0:0:0:1 - - [25/Jan/2019:11:58:24 +0800] "GET /static/js/plugins/datapicker/Moment.js HTTP/1.1" 200 387799 30
0:0:0:0:0:0:0:1 - - [25/Jan/2019:11:58:24 +0800] "GET /static/js/plugins/chosen/chosen.jquery.js HTTP/1.1" 200 51376 67
0:0:0:0:0:0:0:1 - - [25/Jan/2019:11:58:24 +0800] "GET /static/js/jquery.ajaxfileupload.js HTTP/1.1" 200 5785 60
0:0:0:0:0:0:0:1 - - [25/Jan/2019:11:58:24 +0800] "GET /static/js/sha1.js HTTP/1.1" 200 5752 63
0:0:0:0:0:0:0:1 - - [25/Jan/2019:11:58:24 +0800] "GET /static/js/layer/layer.js HTTP/1.1" 200 25196 65
127.0.0.1 - - [25/Jan/2019:11:58:24 +0800] "GET /static/css/plugins/dataTables/dataTables.bootstrap.css HTTP/1.1" 200 5178 177
0:0:0:0:0:0:0:1 - - [25/Jan/2019:11:58:24 +0800] "GET /static/images/page/baidumarker.png HTTP/1.1" 200 2877 6
0:0:0:0:0:0:0:1 - - [25/Jan/2019:11:58:24 +0800] "GET /static/js/plugins/dataTables/jquery.dataTables.js HTTP/1.1" 200 434957 139
0:0:0:0:0:0:0:1 - - [25/Jan/2019:11:58:25 +0800] "GET /static/js/layer/skin/layer.css HTTP/1.1" 200 14048 5
0:0:0:0:0:0:0:1 - - [25/Jan/2019:11:58:25 +0800] "GET /static/css/patterns/header-profile.png HTTP/1.1" 200 5877 4
0:0:0:0:0:0:0:1 - - [25/Jan/2019:11:58:25 +0800] "GET /static/font-awesome/fonts/fontawesome-webfont.woff2?v=4.3.0 HTTP/1.1" 200 56780 7
0:0:0:0:0:0:0:1 - - [25/Jan/2019:11:58:25 +0800] "POST /manage/account/getUserAccessList HTTP/1.1" 200 8121 93
0:0:0:0:0:0:0:1 - - [25/Jan/2019:11:58:26 +0800] "GET /manage/trainTest/touserDetailList HTTP/1.1" 200 29356 27
0:0:0:0:0:0:0:1 - - [25/Jan/2019:11:58:26 +0800] "GET /static/css/bootstrap-switch.css HTTP/1.1" 200 6993 3
127.0.0.1 - - [25/Jan/2019:11:58:27 +0800] "GET /static/font-awesome/css/font-awesome.css HTTP/1.1" 200 28747 9
0:0:0:0:0:0:0:1 - - [25/Jan/2019:11:58:27 +0800] "GET /static/js/plugins/gritter/jquery.gritter.css HTTP/1.1" 200 2556 4
0:0:0:0:0:0:0:1 - - [25/Jan/2019:11:58:27 +0800] "GET /static/css/plugins/toastr/toastr.min.css HTTP/1.1" 200 6882 12
127.0.0.1 - - [25/Jan/2019:11:58:27 +0800] "GET /static/css/plugins/dataTables/dataTables.responsive.css HTTP/1.1" 200 2626 4
0:0:0:0:0:0:0:1 - - [25/Jan/2019:11:58:27 +0800] "GET /static/css/plugins/dataTables/dataTables.tableTools.min.css HTTP/1.1" 200 6601 4
127.0.0.1 - - [25/Jan/2019:11:58:27 +0800] "GET /static/css/plugins/datapicker/bootstrap-datetimepicker.min.css HTTP/1.1" 200 7771 5
0:0:0:0:0:0:0:1 - - [25/Jan/2019:11:58:27 +0800] "GET /static/css/plugins/dataTables/dataTables.bootstrap.css HTTP/1.1" 200 5178 11
0:0:0:0:0:0:0:1 - - [25/Jan/2019:11:58:27 +0800] "GET /static/css/animate.css HTTP/1.1" 200 68411 21
0:0:0:0:0:0:0:1 - - [25/Jan/2019:11:58:27 +0800] "GET /static/css/style.css HTTP/1.1" 200 156956 22
0:0:0:0:0:0:0:1 - - [25/Jan/2019:11:58:27 +0800] "GET /static/css/plugins/blueimp/css/blueimp-gallery.min.css HTTP/1.1" 200 6815 4
0:0:0:0:0:0:0:1 - - [25/Jan/2019:11:58:27 +0800] "GET /static/js/plugins/metisMenu/jquery.metisMenu.js HTTP/1.1" 200 3265 3
0:0:0:0:0:0:0:1 - - [25/Jan/2019:11:58:27 +0800] "GET /static/js/bootstrap.min.js HTTP/1.1" 200 37045 14
0:0:0:0:0:0:0:1 - - [25/Jan/2019:11:58:27 +0800] "GET /static/js/inspinia.js HTTP/1.1" 200 8107 2
0:0:0:0:0:0:0:1 - - [25/Jan/2019:11:58:27 +0800] "GET /static/js/plugins/pace/pace.min.js HTTP/1.1" 200 12364 4
127.0.0.1 - - [25/Jan/2019:11:58:27 +0800] "GET /static/js/jquery-2.1.1.js HTTP/1.1" 200 84247 21
0:0:0:0:0:0:0:1 - - [25/Jan/2019:11:58:27 +0800] "GET /static/js/jquery-migrate-1.1.0.min.js HTTP/1.1" 200 6968 4
0:0:0:0:0:0:0:1 - - [25/Jan/2019:11:58:27 +0800] "GET /static/css/bootstrap.min.css HTTP/1.1" 200 117305 70
0:0:0:0:0:0:0:1 - - [25/Jan/2019:11:58:27 +0800] "GET /static/js/bootstrap-switch.js HTTP/1.1" 200 26858 30
0:0:0:0:0:0:0:1 - - [25/Jan/2019:11:58:27 +0800] "GET /static/js/plugins/slimscroll/jquery.slimscroll.min.js HTTP/1.1" 200 4682 20
0:0:0:0:0:0:0:1 - - [25/Jan/2019:11:58:27 +0800] "GET /static/js/plugins/dataTables/dataTables.bootstrap.js HTTP/1.1" 200 9614 20
0:0:0:0:0:0:0:1 - - [25/Jan/2019:11:58:27 +0800] "GET /static/js/plugins/dataTables/dataTables.responsive.js HTTP/1.1" 200 32864 15
0:0:0:0:0:0:0:1 - - [25/Jan/2019:11:58:27 +0800] "GET /static/js/plugins/datapicker/bootstrap-datetimepicker.min.js HTTP/1.1" 200 48881 10
0:0:0:0:0:0:0:1 - - [25/Jan/2019:11:58:27 +0800] "GET /static/js/jquery-ui-1.10.4.min.js HTTP/1.1" 200 228539 52
0:0:0:0:0:0:0:1 - - [25/Jan/2019:11:58:27 +0800] "GET /static/js/plugins/jsTree/jstree.min.js HTTP/1.1" 200 118089 13
0:0:0:0:0:0:0:1 - - [25/Jan/2019:11:58:27 +0800] "GET /static/js/plugins/dataTables/dataTables.tableTools.min.js HTTP/1.1" 200 31626 9
0:0:0:0:0:0:0:1 - - [25/Jan/2019:11:58:27 +0800] "GET /static/js/plugins/datapicker/Moment.js HTTP/1.1" 200 387799 30
0:0:0:0:0:0:0:1 - - [25/Jan/2019:11:58:27 +0800] "GET /static/js/plugins/dataTables/jquery.dataTables.js HTTP/1.1" 200 434957 55
0:0:0:0:0:0:0:1 - - [25/Jan/2019:11:58:27 +0800] "GET /static/js/layer/layer.js HTTP/1.1" 200 25196 6
0:0:0:0:0:0:0:1 - - [25/Jan/2019:11:58:27 +0800] "GET /static/js/plugins/chosen/chosen.jquery.js HTTP/1.1" 200 51376 11
127.0.0.1 - - [25/Jan/2019:11:58:27 +0800] "GET /static/ckeditor/ckeditor.js HTTP/1.1" 200 567997 71
0:0:0:0:0:0:0:1 - - [25/Jan/2019:11:58:27 +0800] "GET /static/js/jquery.ajaxfileupload.js HTTP/1.1" 200 5785 4
0:0:0:0:0:0:0:1 - - [25/Jan/2019:11:58:27 +0800] "GET /static/images/page/baidumarker.png HTTP/1.1" 200 2877 4
0:0:0:0:0:0:0:1 - - [25/Jan/2019:11:58:27 +0800] "GET /static/js/plugins/blueimp/jquery.blueimp-gallery.min.js HTTP/1.1" 200 31564 7
0:0:0:0:0:0:0:1 - - [25/Jan/2019:11:58:27 +0800] "GET /static/js/sha1.js HTTP/1.1" 200 5752 14
0:0:0:0:0:0:0:1 - - [25/Jan/2019:11:58:27 +0800] "GET /static/js/layer/skin/layer.css HTTP/1.1" 200 14048 4
0:0:0:0:0:0:0:1 - - [25/Jan/2019:11:58:27 +0800] "GET /static/css/patterns/header-profile.png HTTP/1.1" 200 5877 4
0:0:0:0:0:0:0:1 - - [25/Jan/2019:11:58:27 +0800] "GET /static/font-awesome/fonts/fontawesome-webfont.woff2?v=4.3.0 HTTP/1.1" 200 56780 7
0:0:0:0:0:0:0:1 - - [25/Jan/2019:11:58:27 +0800] "POST /manage/account/getUserAccessList HTTP/1.1" 200 8121 7
0:0:0:0:0:0:0:1 - - [25/Jan/2019:11:58:28 +0800] "GET /app/system/getCityList?level=1 HTTP/1.1" 200 371 1179
0:0:0:0:0:0:0:1 - - [25/Jan/2019:11:58:28 +0800] "GET /app/system/getCityList?level=2&parentId=1 HTTP/1.1" 200 370 13
0:0:0:0:0:0:0:1 - - [25/Jan/2019:11:58:28 +0800] "GET /manage/trainTest/getUserDetailList?draw=1&columns%5B0%5D%5Bdata%5D=&columns%5B0%5D%5Bname%5D=&columns%5B0%5D%5Bsearchable%5D=true&columns%5B0%5D%5Borderable%5D=false&columns%5B0%5D%5Bsearch%5D%5Bvalue%5D=&columns%5B0%5D%5Bsearch%5D%5Bregex%5D=false&columns%5B1%5D%5Bdata%5D=id&columns%5B1%5D%5Bname%5D=id&columns%5B1%5D%5Bsearchable%5D=true&columns%5B1%5D%5Borderable%5D=false&columns%5B1%5D%5Bsearch%5D%5Bvalue%5D=&columns%5B1%5D%5Bsearch%5D%5Bregex%5D=false&columns%5B2%5D%5Bdata%5D=name&columns%5B2%5D%5Bname%5D=name&columns%5B2%5D%5Bsearchable%5D=true&columns%5B2%5D%5Borderable%5D=false&columns%5B2%5D%5Bsearch%5D%5Bvalue%5D=&columns%5B2%5D%5Bsearch%5D%5Bregex%5D=false&columns%5B3%5D%5Bdata%5D=sex&columns%5B3%5D%5Bname%5D=sex&columns%5B3%5D%5Bsearchable%5D=true&columns%5B3%5D%5Borderable%5D=false&columns%5B3%5D%5Bsearch%5D%5Bvalue%5D=&columns%5B3%5D%5Bsearch%5D%5Bregex%5D=false&columns%5B4%5D%5Bdata%5D=birthdate&columns%5B4%5D%5Bname%5D=birthdate&columns%5B4%5D%5Bsearchable%5D=true&columns%5B4%5D%5Borderable%5D=false&columns%5B4%5D%5Bsearch%5D%5Bvalue%5D=&columns%5B4%5D%5Bsearch%5D%5Bregex%5D=false&columns%5B5%5D%5Bdata%5D=countiy&columns%5B5%5D%5Bname%5D=countiy&columns%5B5%5D%5Bsearchable%5D=true&columns%5B5%5D%5Borderable%5D=false&columns%5B5%5D%5Bsearch%5D%5Bvalue%5D=&columns%5B5%5D%5Bsearch%5D%5Bregex%5D=false&columns%5B6%5D%5Bdata%5D=phoneNumber&columns%5B6%5D%5Bname%5D=phoneNumber&columns%5B6%5D%5Bsearchable%5D=true&columns%5B6%5D%5Borderable%5D=false&columns%5B6%5D%5Bsearch%5D%5Bvalue%5D=&columns%5B6%5D%5Bsearch%5D%5Bregex%5D=false&columns%5B7%5D%5Bdata%5D=id&columns%5B7%5D%5Bname%5D=id&columns%5B7%5D%5Bsearchable%5D=true&columns%5B7%5D%5Borderable%5D=false&columns%5B7%5D%5Bsearch%5D%5Bvalue%5D=&columns%5B7%5D%5Bsearch%5D%5Bregex%5D=false&start=0&length=10&search%5Bvalue%5D=&search%5Bregex%5D=false&_=1548388707113 HTTP/1.1" 200 5094 1164
0:0:0:0:0:0:0:1 - - [25/Jan/2019:11:58:28 +0800] "GET /app/system/getCityList?level=3&parentId=3 HTTP/1.1" 200 160 9
0:0:0:0:0:0:0:1 - - [25/Jan/2019:11:58:30 +0800] "GET /manage/trainTest/getUserDetailList?draw=2&columns%5B0%5D%5Bdata%5D=&columns%5B0%5D%5Bname%5D=&columns%5B0%5D%5Bsearchable%5D=true&columns%5B0%5D%5Borderable%5D=false&columns%5B0%5D%5Bsearch%5D%5Bvalue%5D=&columns%5B0%5D%5Bsearch%5D%5Bregex%5D=false&columns%5B1%5D%5Bdata%5D=id&columns%5B1%5D%5Bname%5D=id&columns%5B1%5D%5Bsearchable%5D=true&columns%5B1%5D%5Borderable%5D=false&columns%5B1%5D%5Bsearch%5D%5Bvalue%5D=&columns%5B1%5D%5Bsearch%5D%5Bregex%5D=false&columns%5B2%5D%5Bdata%5D=name&columns%5B2%5D%5Bname%5D=name&columns%5B2%5D%5Bsearchable%5D=true&columns%5B2%5D%5Borderable%5D=false&columns%5B2%5D%5Bsearch%5D%5Bvalue%5D=&columns%5B2%5D%5Bsearch%5D%5Bregex%5D=false&columns%5B3%5D%5Bdata%5D=sex&columns%5B3%5D%5Bname%5D=sex&columns%5B3%5D%5Bsearchable%5D=true&columns%5B3%5D%5Borderable%5D=false&columns%5B3%5D%5Bsearch%5D%5Bvalue%5D=&columns%5B3%5D%5Bsearch%5D%5Bregex%5D=false&columns%5B4%5D%5Bdata%5D=birthdate&columns%5B4%5D%5Bname%5D=birthdate&columns%5B4%5D%5Bsearchable%5D=true&columns%5B4%5D%5Borderable%5D=false&columns%5B4%5D%5Bsearch%5D%5Bvalue%5D=&columns%5B4%5D%5Bsearch%5D%5Bregex%5D=false&columns%5B5%5D%5Bdata%5D=countiy&columns%5B5%5D%5Bname%5D=countiy&columns%5B5%5D%5Bsearchable%5D=true&columns%5B5%5D%5Borderable%5D=false&columns%5B5%5D%5Bsearch%5D%5Bvalue%5D=&columns%5B5%5D%5Bsearch%5D%5Bregex%5D=false&columns%5B6%5D%5Bdata%5D=phoneNumber&columns%5B6%5D%5Bname%5D=phoneNumber&columns%5B6%5D%5Bsearchable%5D=true&columns%5B6%5D%5Borderable%5D=false&columns%5B6%5D%5Bsearch%5D%5Bvalue%5D=&columns%5B6%5D%5Bsearch%5D%5Bregex%5D=false&columns%5B7%5D%5Bdata%5D=id&columns%5B7%5D%5Bname%5D=id&columns%5B7%5D%5Bsearchable%5D=true&columns%5B7%5D%5Borderable%5D=false&columns%5B7%5D%5Bsearch%5D%5Bvalue%5D=&columns%5B7%5D%5Bsearch%5D%5Bregex%5D=false&start=70&length=10&search%5Bvalue%5D=&search%5Bregex%5D=false&_=1548388707114 HTTP/1.1" 200 5063 30
0:0:0:0:0:0:0:1 - - [25/Jan/2019:11:58:31 +0800] "GET /manage/study/toUserStudyInfo?id=215 HTTP/1.1" 500 348 80
0:0:0:0:0:0:0:1 - - [25/Jan/2019:11:59:55 +0800] "GET /manage/study/toUserStudyInfo?id=215 HTTP/1.1" 302 - 421
0:0:0:0:0:0:0:1 - - [25/Jan/2019:11:59:55 +0800] "GET /manage/account/toLogin HTTP/1.1" 200 3153 150
0:0:0:0:0:0:0:1 - - [25/Jan/2019:11:59:55 +0800] "GET /static/js/jquery-2.1.1.js HTTP/1.1" 200 84247 46
0:0:0:0:0:0:0:1 - - [25/Jan/2019:11:59:55 +0800] "GET /static/css/login/bootstrap.css HTTP/1.1" 200 126970 39
0:0:0:0:0:0:0:1 - - [25/Jan/2019:11:59:55 +0800] "GET /static/css/login/app.css HTTP/1.1" 200 107542 26
0:0:0:0:0:0:0:1 - - [25/Jan/2019:11:59:55 +0800] "GET /static/css/login/simple-line-icons.css HTTP/1.1" 200 11717 46
0:0:0:0:0:0:0:1 - - [25/Jan/2019:11:59:55 +0800] "GET /static/images/login/yudee_bg.png HTTP/1.1" 200 841898 60
0:0:0:0:0:0:0:1 - - [25/Jan/2019:11:59:58 +0800] "POST /manage/account/login HTTP/1.1" 200 221 1073
0:0:0:0:0:0:0:1 - - [25/Jan/2019:11:59:59 +0800] "GET /static/css/bootstrap-switch.css HTTP/1.1" 200 6993 6
0:0:0:0:0:0:0:1 - - [25/Jan/2019:11:59:59 +0800] "GET /static/font-awesome/css/font-awesome.css HTTP/1.1" 200 28747 8
0:0:0:0:0:0:0:1 - - [25/Jan/2019:11:59:59 +0800] "GET /static/js/plugins/gritter/jquery.gritter.css HTTP/1.1" 200 2556 6
0:0:0:0:0:0:0:1 - - [25/Jan/2019:11:59:59 +0800] "GET /static/css/style.css HTTP/1.1" 200 156956 9
0:0:0:0:0:0:0:1 - - [25/Jan/2019:11:59:59 +0800] "GET /static/css/plugins/dataTables/dataTables.responsive.css HTTP/1.1" 200 2626 8
0:0:0:0:0:0:0:1 - - [25/Jan/2019:11:59:59 +0800] "GET /static/css/plugins/dataTables/dataTables.bootstrap.css HTTP/1.1" 200 5178 7
0:0:0:0:0:0:0:1 - - [25/Jan/2019:11:59:59 +0800] "GET /static/css/plugins/dataTables/dataTables.tableTools.min.css HTTP/1.1" 200 6601 5
0:0:0:0:0:0:0:1 - - [25/Jan/2019:11:59:59 +0800] "GET /static/css/plugins/datapicker/bootstrap-datetimepicker.min.css HTTP/1.1" 200 7771 14
0:0:0:0:0:0:0:1 - - [25/Jan/2019:11:59:59 +0800] "GET /manage/account/toindexPage HTTP/1.1" 200 19365 97
0:0:0:0:0:0:0:1 - - [25/Jan/2019:11:59:59 +0800] "GET /static/css/plugins/toastr/toastr.min.css HTTP/1.1" 200 6882 5
0:0:0:0:0:0:0:1 - - [25/Jan/2019:11:59:59 +0800] "GET /static/js/jquery-2.1.1.js HTTP/1.1" 200 84247 37
0:0:0:0:0:0:0:1 - - [25/Jan/2019:11:59:59 +0800] "GET /static/js/inspinia.js HTTP/1.1" 200 8107 6
0:0:0:0:0:0:0:1 - - [25/Jan/2019:11:59:59 +0800] "GET /static/css/bootstrap.min.css HTTP/1.1" 200 117305 89
0:0:0:0:0:0:0:1 - - [25/Jan/2019:11:59:59 +0800] "GET /static/js/bootstrap.min.js HTTP/1.1" 200 37045 14
0:0:0:0:0:0:0:1 - - [25/Jan/2019:11:59:59 +0800] "GET /static/js/jquery-migrate-1.1.0.min.js HTTP/1.1" 200 6968 7
0:0:0:0:0:0:0:1 - - [25/Jan/2019:11:59:59 +0800] "GET /static/js/jquery-ui-1.10.4.min.js HTTP/1.1" 200 228539 17
0:0:0:0:0:0:0:1 - - [25/Jan/2019:11:59:59 +0800] "GET /static/ckeditor/ckeditor.js HTTP/1.1" 200 567997 19
0:0:0:0:0:0:0:1 - - [25/Jan/2019:11:59:59 +0800] "GET /static/js/plugins/dataTables/dataTables.bootstrap.js HTTP/1.1" 200 9614 5
0:0:0:0:0:0:0:1 - - [25/Jan/2019:11:59:59 +0800] "GET /static/css/animate.css HTTP/1.1" 200 68411 84
0:0:0:0:0:0:0:1 - - [25/Jan/2019:11:59:59 +0800] "GET /static/js/bootstrap-switch.js HTTP/1.1" 200 26858 12
0:0:0:0:0:0:0:1 - - [25/Jan/2019:11:59:59 +0800] "GET /static/js/plugins/pace/pace.min.js HTTP/1.1" 200 12364 21
0:0:0:0:0:0:0:1 - - [25/Jan/2019:11:59:59 +0800] "GET /static/js/plugins/dataTables/dataTables.tableTools.min.js HTTP/1.1" 200 31626 6
0:0:0:0:0:0:0:1 - - [25/Jan/2019:11:59:59 +0800] "GET /static/js/plugins/metisMenu/jquery.metisMenu.js HTTP/1.1" 200 3265 12
0:0:0:0:0:0:0:1 - - [25/Jan/2019:11:59:59 +0800] "GET /static/js/plugins/datapicker/Moment.js HTTP/1.1" 200 387799 19
0:0:0:0:0:0:0:1 - - [25/Jan/2019:11:59:59 +0800] "GET /static/js/plugins/slimscroll/jquery.slimscroll.min.js HTTP/1.1" 200 4682 5
0:0:0:0:0:0:0:1 - - [25/Jan/2019:11:59:59 +0800] "GET /static/js/plugins/dataTables/jquery.dataTables.js HTTP/1.1" 200 434957 74
0:0:0:0:0:0:0:1 - - [25/Jan/2019:11:59:59 +0800] "GET /static/js/plugins/chosen/chosen.jquery.js HTTP/1.1" 200 51376 13
0:0:0:0:0:0:0:1 - - [25/Jan/2019:11:59:59 +0800] "GET /static/js/jquery.ajaxfileupload.js HTTP/1.1" 200 5785 7
0:0:0:0:0:0:0:1 - - [25/Jan/2019:11:59:59 +0800] "GET /static/js/plugins/dataTables/dataTables.responsive.js HTTP/1.1" 200 32864 52
0:0:0:0:0:0:0:1 - - [25/Jan/2019:11:59:59 +0800] "GET /static/js/sha1.js HTTP/1.1" 200 5752 5
0:0:0:0:0:0:0:1 - - [25/Jan/2019:11:59:59 +0800] "GET /static/images/page/baidumarker.png HTTP/1.1" 200 2877 10
0:0:0:0:0:0:0:1 - - [25/Jan/2019:11:59:59 +0800] "GET /static/js/layer/layer.js HTTP/1.1" 200 25196 14
0:0:0:0:0:0:0:1 - - [25/Jan/2019:11:59:59 +0800] "GET /static/js/plugins/datapicker/bootstrap-datetimepicker.min.js HTTP/1.1" 200 48881 19
0:0:0:0:0:0:0:1 - - [25/Jan/2019:11:59:59 +0800] "GET /static/js/plugins/jsTree/jstree.min.js HTTP/1.1" 200 118089 21
0:0:0:0:0:0:0:1 - - [25/Jan/2019:11:59:59 +0800] "GET /static/js/layer/skin/layer.css HTTP/1.1" 200 14048 5
0:0:0:0:0:0:0:1 - - [25/Jan/2019:11:59:59 +0800] "GET /static/css/patterns/header-profile.png HTTP/1.1" 200 5877 5
0:0:0:0:0:0:0:1 - - [25/Jan/2019:11:59:59 +0800] "GET /static/font-awesome/fonts/fontawesome-webfont.woff2?v=4.3.0 HTTP/1.1" 200 56780 7
0:0:0:0:0:0:0:1 - - [25/Jan/2019:11:59:59 +0800] "POST /manage/account/getUserAccessList HTTP/1.1" 200 8121 92
0:0:0:0:0:0:0:1 - - [25/Jan/2019:12:00:01 +0800] "GET /manage/trainTest/touserDetailList HTTP/1.1" 200 29356 23
0:0:0:0:0:0:0:1 - - [25/Jan/2019:12:00:01 +0800] "GET /static/css/bootstrap-switch.css HTTP/1.1" 200 6993 3
0:0:0:0:0:0:0:1 - - [25/Jan/2019:12:00:01 +0800] "GET /static/css/plugins/toastr/toastr.min.css HTTP/1.1" 200 6882 5
0:0:0:0:0:0:0:1 - - [25/Jan/2019:12:00:01 +0800] "GET /static/css/bootstrap.min.css HTTP/1.1" 200 117305 9
0:0:0:0:0:0:0:1 - - [25/Jan/2019:12:00:01 +0800] "GET /static/css/plugins/dataTables/dataTables.responsive.css HTTP/1.1" 200 2626 3
0:0:0:0:0:0:0:1 - - [25/Jan/2019:12:00:01 +0800] "GET /static/css/animate.css HTTP/1.1" 200 68411 10
0:0:0:0:0:0:0:1 - - [25/Jan/2019:12:00:01 +0800] "GET /static/js/plugins/gritter/jquery.gritter.css HTTP/1.1" 200 2556 8
0:0:0:0:0:0:0:1 - - [25/Jan/2019:12:00:01 +0800] "GET /static/font-awesome/css/font-awesome.css HTTP/1.1" 200 28747 13
0:0:0:0:0:0:0:1 - - [25/Jan/2019:12:00:01 +0800] "GET /static/css/plugins/dataTables/dataTables.bootstrap.css HTTP/1.1" 200 5178 6
0:0:0:0:0:0:0:1 - - [25/Jan/2019:12:00:01 +0800] "GET /static/css/plugins/blueimp/css/blueimp-gallery.min.css HTTP/1.1" 200 6815 6
0:0:0:0:0:0:0:1 - - [25/Jan/2019:12:00:01 +0800] "GET /static/css/plugins/dataTables/dataTables.tableTools.min.css HTTP/1.1" 200 6601 8
0:0:0:0:0:0:0:1 - - [25/Jan/2019:12:00:01 +0800] "GET /static/css/plugins/datapicker/bootstrap-datetimepicker.min.css HTTP/1.1" 200 7771 4
0:0:0:0:0:0:0:1 - - [25/Jan/2019:12:00:01 +0800] "GET /static/css/style.css HTTP/1.1" 200 156956 14
0:0:0:0:0:0:0:1 - - [25/Jan/2019:12:00:01 +0800] "GET /static/js/plugins/metisMenu/jquery.metisMenu.js HTTP/1.1" 200 3265 4
0:0:0:0:0:0:0:1 - - [25/Jan/2019:12:00:01 +0800] "GET /static/js/inspinia.js HTTP/1.1" 200 8107 5
0:0:0:0:0:0:0:1 - - [25/Jan/2019:12:00:01 +0800] "GET /static/js/jquery-2.1.1.js HTTP/1.1" 200 84247 9
0:0:0:0:0:0:0:1 - - [25/Jan/2019:12:00:01 +0800] "GET /static/js/plugins/slimscroll/jquery.slimscroll.min.js HTTP/1.1" 200 4682 5
0:0:0:0:0:0:0:1 - - [25/Jan/2019:12:00:01 +0800] "GET /static/js/bootstrap-switch.js HTTP/1.1" 200 26858 13
0:0:0:0:0:0:0:1 - - [25/Jan/2019:12:00:01 +0800] "GET /static/js/bootstrap.min.js HTTP/1.1" 200 37045 15
0:0:0:0:0:0:0:1 - - [25/Jan/2019:12:00:01 +0800] "GET /static/js/jquery-migrate-1.1.0.min.js HTTP/1.1" 200 6968 4
0:0:0:0:0:0:0:1 - - [25/Jan/2019:12:00:01 +0800] "GET /static/js/plugins/dataTables/dataTables.bootstrap.js HTTP/1.1" 200 9614 8
0:0:0:0:0:0:0:1 - - [25/Jan/2019:12:00:01 +0800] "GET /static/js/plugins/pace/pace.min.js HTTP/1.1" 200 12364 5
0:0:0:0:0:0:0:1 - - [25/Jan/2019:12:00:01 +0800] "GET /static/js/plugins/dataTables/dataTables.responsive.js HTTP/1.1" 200 32864 9
0:0:0:0:0:0:0:1 - - [25/Jan/2019:12:00:01 +0800] "GET /static/js/jquery-ui-1.10.4.min.js HTTP/1.1" 200 228539 17
0:0:0:0:0:0:0:1 - - [25/Jan/2019:12:00:01 +0800] "GET /static/js/plugins/dataTables/dataTables.tableTools.min.js HTTP/1.1" 200 31626 8
0:0:0:0:0:0:0:1 - - [25/Jan/2019:12:00:01 +0800] "GET /static/js/plugins/chosen/chosen.jquery.js HTTP/1.1" 200 51376 7
0:0:0:0:0:0:0:1 - - [25/Jan/2019:12:00:01 +0800] "GET /static/js/plugins/datapicker/bootstrap-datetimepicker.min.js HTTP/1.1" 200 48881 11
0:0:0:0:0:0:0:1 - - [25/Jan/2019:12:00:01 +0800] "GET /static/js/plugins/datapicker/Moment.js HTTP/1.1" 200 387799 24
0:0:0:0:0:0:0:1 - - [25/Jan/2019:12:00:01 +0800] "GET /static/js/sha1.js HTTP/1.1" 200 5752 4
0:0:0:0:0:0:0:1 - - [25/Jan/2019:12:00:01 +0800] "GET /static/js/plugins/jsTree/jstree.min.js HTTP/1.1" 200 118089 17
0:0:0:0:0:0:0:1 - - [25/Jan/2019:12:00:01 +0800] "GET /static/js/jquery.ajaxfileupload.js HTTP/1.1" 200 5785 3
0:0:0:0:0:0:0:1 - - [25/Jan/2019:12:00:01 +0800] "GET /static/js/layer/layer.js HTTP/1.1" 200 25196 5
0:0:0:0:0:0:0:1 - - [25/Jan/2019:12:00:01 +0800] "GET /static/js/plugins/blueimp/jquery.blueimp-gallery.min.js HTTP/1.1" 200 31564 6
0:0:0:0:0:0:0:1 - - [25/Jan/2019:12:00:01 +0800] "GET /static/js/plugins/dataTables/jquery.dataTables.js HTTP/1.1" 200 434957 45
0:0:0:0:0:0:0:1 - - [25/Jan/2019:12:00:01 +0800] "GET /static/images/page/baidumarker.png HTTP/1.1" 200 2877 4
0:0:0:0:0:0:0:1 - - [25/Jan/2019:12:00:01 +0800] "GET /static/ckeditor/ckeditor.js HTTP/1.1" 200 567997 44
0:0:0:0:0:0:0:1 - - [25/Jan/2019:12:00:01 +0800] "GET /static/js/layer/skin/layer.css HTTP/1.1" 200 14048 3
0:0:0:0:0:0:0:1 - - [25/Jan/2019:12:00:01 +0800] "GET /static/css/patterns/header-profile.png HTTP/1.1" 200 5877 3
0:0:0:0:0:0:0:1 - - [25/Jan/2019:12:00:01 +0800] "GET /static/font-awesome/fonts/fontawesome-webfont.woff2?v=4.3.0 HTTP/1.1" 200 56780 5
0:0:0:0:0:0:0:1 - - [25/Jan/2019:12:00:01 +0800] "POST /manage/account/getUserAccessList HTTP/1.1" 200 8121 6
0:0:0:0:0:0:0:1 - - [25/Jan/2019:12:00:01 +0800] "GET /app/system/getCityList?level=1 HTTP/1.1" 200 371 23
0:0:0:0:0:0:0:1 - - [25/Jan/2019:12:00:01 +0800] "GET /app/system/getCityList?level=2&parentId=1 HTTP/1.1" 200 370 18
0:0:0:0:0:0:0:1 - - [25/Jan/2019:12:00:01 +0800] "GET /manage/trainTest/getUserDetailList?draw=1&columns%5B0%5D%5Bdata%5D=&columns%5B0%5D%5Bname%5D=&columns%5B0%5D%5Bsearchable%5D=true&columns%5B0%5D%5Borderable%5D=false&columns%5B0%5D%5Bsearch%5D%5Bvalue%5D=&columns%5B0%5D%5Bsearch%5D%5Bregex%5D=false&columns%5B1%5D%5Bdata%5D=id&columns%5B1%5D%5Bname%5D=id&columns%5B1%5D%5Bsearchable%5D=true&columns%5B1%5D%5Borderable%5D=false&columns%5B1%5D%5Bsearch%5D%5Bvalue%5D=&columns%5B1%5D%5Bsearch%5D%5Bregex%5D=false&columns%5B2%5D%5Bdata%5D=name&columns%5B2%5D%5Bname%5D=name&columns%5B2%5D%5Bsearchable%5D=true&columns%5B2%5D%5Borderable%5D=false&columns%5B2%5D%5Bsearch%5D%5Bvalue%5D=&columns%5B2%5D%5Bsearch%5D%5Bregex%5D=false&columns%5B3%5D%5Bdata%5D=sex&columns%5B3%5D%5Bname%5D=sex&columns%5B3%5D%5Bsearchable%5D=true&columns%5B3%5D%5Borderable%5D=false&columns%5B3%5D%5Bsearch%5D%5Bvalue%5D=&columns%5B3%5D%5Bsearch%5D%5Bregex%5D=false&columns%5B4%5D%5Bdata%5D=birthdate&columns%5B4%5D%5Bname%5D=birthdate&columns%5B4%5D%5Bsearchable%5D=true&columns%5B4%5D%5Borderable%5D=false&columns%5B4%5D%5Bsearch%5D%5Bvalue%5D=&columns%5B4%5D%5Bsearch%5D%5Bregex%5D=false&columns%5B5%5D%5Bdata%5D=countiy&columns%5B5%5D%5Bname%5D=countiy&columns%5B5%5D%5Bsearchable%5D=true&columns%5B5%5D%5Borderable%5D=false&columns%5B5%5D%5Bsearch%5D%5Bvalue%5D=&columns%5B5%5D%5Bsearch%5D%5Bregex%5D=false&columns%5B6%5D%5Bdata%5D=phoneNumber&columns%5B6%5D%5Bname%5D=phoneNumber&columns%5B6%5D%5Bsearchable%5D=true&columns%5B6%5D%5Borderable%5D=false&columns%5B6%5D%5Bsearch%5D%5Bvalue%5D=&columns%5B6%5D%5Bsearch%5D%5Bregex%5D=false&columns%5B7%5D%5Bdata%5D=id&columns%5B7%5D%5Bname%5D=id&columns%5B7%5D%5Bsearchable%5D=true&columns%5B7%5D%5Borderable%5D=false&columns%5B7%5D%5Bsearch%5D%5Bvalue%5D=&columns%5B7%5D%5Bsearch%5D%5Bregex%5D=false&start=0&length=10&search%5Bvalue%5D=&search%5Bregex%5D=false&_=1548388801436 HTTP/1.1" 200 5094 44
0:0:0:0:0:0:0:1 - - [25/Jan/2019:12:00:01 +0800] "GET /app/system/getCityList?level=3&parentId=3 HTTP/1.1" 200 160 11
0:0:0:0:0:0:0:1 - - [25/Jan/2019:12:00:03 +0800] "GET /static/css/bootstrap.min.css HTTP/1.1" 200 117305 10
0:0:0:0:0:0:0:1 - - [25/Jan/2019:12:00:03 +0800] "GET /static/css/bootstrap-switch.css HTTP/1.1" 200 6993 4
0:0:0:0:0:0:0:1 - - [25/Jan/2019:12:00:03 +0800] "GET /static/font-awesome/css/font-awesome.css HTTP/1.1" 200 28747 3
0:0:0:0:0:0:0:1 - - [25/Jan/2019:12:00:03 +0800] "GET /static/css/plugins/toastr/toastr.min.css HTTP/1.1" 200 6882 3
0:0:0:0:0:0:0:1 - - [25/Jan/2019:12:00:03 +0800] "GET /manage/study/toUserStudyInfo?id=135 HTTP/1.1" 200 61056 104
0:0:0:0:0:0:0:1 - - [25/Jan/2019:12:00:03 +0800] "GET /static/css/style.css HTTP/1.1" 200 156956 9
0:0:0:0:0:0:0:1 - - [25/Jan/2019:12:00:03 +0800] "GET /static/css/plugins/datapicker/bootstrap-datetimepicker.min.css HTTP/1.1" 200 7771 3
0:0:0:0:0:0:0:1 - - [25/Jan/2019:12:00:03 +0800] "GET /static/css/plugins/dataTables/dataTables.responsive.css HTTP/1.1" 200 2626 3
0:0:0:0:0:0:0:1 - - [25/Jan/2019:12:00:03 +0800] "GET /static/css/plugins/dataTables/dataTables.bootstrap.css HTTP/1.1" 200 5178 4
0:0:0:0:0:0:0:1 - - [25/Jan/2019:12:00:03 +0800] "GET /static/css/plugins/dataTables/dataTables.tableTools.min.css HTTP/1.1" 200 6601 3
0:0:0:0:0:0:0:1 - - [25/Jan/2019:12:00:03 +0800] "GET /static/js/plugins/gritter/jquery.gritter.css HTTP/1.1" 200 2556 24
0:0:0:0:0:0:0:1 - - [25/Jan/2019:12:00:03 +0800] "GET /static/css/animate.css HTTP/1.1" 200 68411 31
0:0:0:0:0:0:0:1 - - [25/Jan/2019:12:00:03 +0800] "GET /static/js/plugins/metisMenu/jquery.metisMenu.js HTTP/1.1" 200 3265 3
0:0:0:0:0:0:0:1 - - [25/Jan/2019:12:00:03 +0800] "GET /static/js/jquery-2.1.1.js HTTP/1.1" 200 84247 11
0:0:0:0:0:0:0:1 - - [25/Jan/2019:12:00:03 +0800] "GET /static/js/plugins/slimscroll/jquery.slimscroll.min.js HTTP/1.1" 200 4682 2
0:0:0:0:0:0:0:1 - - [25/Jan/2019:12:00:03 +0800] "GET /static/js/bootstrap-switch.js HTTP/1.1" 200 26858 6
0:0:0:0:0:0:0:1 - - [25/Jan/2019:12:00:03 +0800] "GET /static/js/bootstrap.min.js HTTP/1.1" 200 37045 21
0:0:0:0:0:0:0:1 - - [25/Jan/2019:12:00:03 +0800] "GET /static/js/plugins/pace/pace.min.js HTTP/1.1" 200 12364 7
0:0:0:0:0:0:0:1 - - [25/Jan/2019:12:00:03 +0800] "GET /static/js/jquery-migrate-1.1.0.min.js HTTP/1.1" 200 6968 2
0:0:0:0:0:0:0:1 - - [25/Jan/2019:12:00:03 +0800] "GET /static/js/plugins/dataTables/jquery.dataTables.js HTTP/1.1" 200 434957 12
0:0:0:0:0:0:0:1 - - [25/Jan/2019:12:00:03 +0800] "GET /static/js/plugins/dataTables/dataTables.bootstrap.js HTTP/1.1" 200 9614 10
0:0:0:0:0:0:0:1 - - [25/Jan/2019:12:00:03 +0800] "GET /static/js/plugins/dataTables/dataTables.responsive.js HTTP/1.1" 200 32864 11
0:0:0:0:0:0:0:1 - - [25/Jan/2019:12:00:03 +0800] "GET /static/js/plugins/datapicker/bootstrap-datetimepicker.min.js HTTP/1.1" 200 48881 4
0:0:0:0:0:0:0:1 - - [25/Jan/2019:12:00:03 +0800] "GET /static/ckeditor/ckeditor.js HTTP/1.1" 200 567997 38
0:0:0:0:0:0:0:1 - - [25/Jan/2019:12:00:03 +0800] "GET /static/js/plugins/chosen/chosen.jquery.js HTTP/1.1" 200 51376 5
0:0:0:0:0:0:0:1 - - [25/Jan/2019:12:00:03 +0800] "GET /static/js/jquery-ui-1.10.4.min.js HTTP/1.1" 200 228539 46
0:0:0:0:0:0:0:1 - - [25/Jan/2019:12:00:03 +0800] "GET /static/js/inspinia.js HTTP/1.1" 200 8107 4
0:0:0:0:0:0:0:1 - - [25/Jan/2019:12:00:03 +0800] "GET /static/js/plugins/dataTables/dataTables.tableTools.min.js HTTP/1.1" 200 31626 6
0:0:0:0:0:0:0:1 - - [25/Jan/2019:12:00:03 +0800] "GET /static/js/plugins/jsTree/jstree.min.js HTTP/1.1" 200 118089 8
0:0:0:0:0:0:0:1 - - [25/Jan/2019:12:00:03 +0800] "GET /static/js/sha1.js HTTP/1.1" 200 5752 3
0:0:0:0:0:0:0:1 - - [25/Jan/2019:12:00:03 +0800] "GET /static/js/layer/layer.js HTTP/1.1" 200 25196 6
0:0:0:0:0:0:0:1 - - [25/Jan/2019:12:00:03 +0800] "GET /static/js/jquery.ajaxfileupload.js HTTP/1.1" 200 5785 2
0:0:0:0:0:0:0:1 - - [25/Jan/2019:12:00:03 +0800] "GET /static/js/hjs/moment.js HTTP/1.1" 200 104409 8
0:0:0:0:0:0:0:1 - - [25/Jan/2019:12:00:03 +0800] "GET /static/images/page/baidumarker.png HTTP/1.1" 200 2877 4
0:0:0:0:0:0:0:1 - - [25/Jan/2019:12:00:03 +0800] "GET /static/js/plugins/datapicker/Moment.js HTTP/1.1" 200 387799 35
0:0:0:0:0:0:0:1 - - [25/Jan/2019:12:00:03 +0800] "GET /static/js/hjs/jquery.tmpl.min.js HTTP/1.1" 200 6130 4
0:0:0:0:0:0:0:1 - - [25/Jan/2019:12:00:03 +0800] "GET /static/js/hjs/api.js HTTP/1.1" 200 2192 3
0:0:0:0:0:0:0:1 - - [25/Jan/2019:12:00:03 +0800] "GET /static/js/hjs/echarts.min.js HTTP/1.1" 200 744675 22
0:0:0:0:0:0:0:1 - - [25/Jan/2019:12:00:03 +0800] "GET /static/js/layer/skin/layer.css HTTP/1.1" 200 14048 4
0:0:0:0:0:0:0:1 - - [25/Jan/2019:12:00:03 +0800] "GET /static/css/patterns/header-profile.png HTTP/1.1" 200 5877 4
0:0:0:0:0:0:0:1 - - [25/Jan/2019:12:00:03 +0800] "GET /static/font-awesome/fonts/fontawesome-webfont.woff2?v=4.3.0 HTTP/1.1" 200 56780 7
0:0:0:0:0:0:0:1 - - [25/Jan/2019:12:00:03 +0800] "POST /manage/account/getUserAccessList HTTP/1.1" 200 8121 6
0:0:0:0:0:0:0:1 - - [25/Jan/2019:12:00:03 +0800] "GET /manage/study/getUserStudyInfo?timeType=1&id=135 HTTP/1.1" 200 127 96
0:0:0:0:0:0:0:1 - - [25/Jan/2019:12:00:03 +0800] "GET /manage/study/getUserDataInfo?id=135 HTTP/1.1" 200 2046 257
0:0:0:0:0:0:0:1 - - [25/Jan/2019:12:00:06 +0800] "GET /static/css/bootstrap-switch.css HTTP/1.1" 200 6993 4
0:0:0:0:0:0:0:1 - - [25/Jan/2019:12:00:06 +0800] "GET /static/css/plugins/toastr/toastr.min.css HTTP/1.1" 200 6882 4
0:0:0:0:0:0:0:1 - - [25/Jan/2019:12:00:06 +0800] "GET /static/font-awesome/css/font-awesome.css HTTP/1.1" 200 28747 9
0:0:0:0:0:0:0:1 - - [25/Jan/2019:12:00:06 +0800] "GET /static/css/plugins/dataTables/dataTables.responsive.css HTTP/1.1" 200 2626 4
0:0:0:0:0:0:0:1 - - [25/Jan/2019:12:00:06 +0800] "GET /static/js/plugins/gritter/jquery.gritter.css HTTP/1.1" 200 2556 6
0:0:0:0:0:0:0:1 - - [25/Jan/2019:12:00:06 +0800] "GET /static/css/animate.css HTTP/1.1" 200 68411 14
0:0:0:0:0:0:0:1 - - [25/Jan/2019:12:00:06 +0800] "GET /static/css/plugins/dataTables/dataTables.bootstrap.css HTTP/1.1" 200 5178 4
0:0:0:0:0:0:0:1 - - [25/Jan/2019:12:00:06 +0800] "GET /static/css/bootstrap.min.css HTTP/1.1" 200 117305 20
0:0:0:0:0:0:0:1 - - [25/Jan/2019:12:00:06 +0800] "GET /static/css/plugins/datapicker/bootstrap-datetimepicker.min.css HTTP/1.1" 200 7771 2
0:0:0:0:0:0:0:1 - - [25/Jan/2019:12:00:06 +0800] "GET /static/js/plugins/blueimp/jquery.blueimp-gallery.min.js HTTP/1.1" 200 31564 4
0:0:0:0:0:0:0:1 - - [25/Jan/2019:12:00:06 +0800] "GET /static/css/plugins/blueimp/css/blueimp-gallery.min.css HTTP/1.1" 200 6815 2
0:0:0:0:0:0:0:1 - - [25/Jan/2019:12:00:06 +0800] "GET /static/css/plugins/dataTables/dataTables.tableTools.min.css HTTP/1.1" 200 6601 9
0:0:0:0:0:0:0:1 - - [25/Jan/2019:12:00:06 +0800] "GET /static/css/style.css HTTP/1.1" 200 156956 21
0:0:0:0:0:0:0:1 - - [25/Jan/2019:12:00:06 +0800] "GET /static/js/layer/skin/layer.css HTTP/1.1" 200 14048 4
0:0:0:0:0:0:0:1 - - [25/Jan/2019:12:00:06 +0800] "POST /manage/account/getUserAccessList HTTP/1.1" 200 8121 5
0:0:0:0:0:0:0:1 - - [25/Jan/2019:12:00:07 +0800] "GET /manage/trainTest/getUserDetailList?draw=1&columns%5B0%5D%5Bdata%5D=&columns%5B0%5D%5Bname%5D=&columns%5B0%5D%5Bsearchable%5D=true&columns%5B0%5D%5Borderable%5D=false&columns%5B0%5D%5Bsearch%5D%5Bvalue%5D=&columns%5B0%5D%5Bsearch%5D%5Bregex%5D=false&columns%5B1%5D%5Bdata%5D=id&columns%5B1%5D%5Bname%5D=id&columns%5B1%5D%5Bsearchable%5D=true&columns%5B1%5D%5Borderable%5D=false&columns%5B1%5D%5Bsearch%5D%5Bvalue%5D=&columns%5B1%5D%5Bsearch%5D%5Bregex%5D=false&columns%5B2%5D%5Bdata%5D=name&columns%5B2%5D%5Bname%5D=name&columns%5B2%5D%5Bsearchable%5D=true&columns%5B2%5D%5Borderable%5D=false&columns%5B2%5D%5Bsearch%5D%5Bvalue%5D=&columns%5B2%5D%5Bsearch%5D%5Bregex%5D=false&columns%5B3%5D%5Bdata%5D=sex&columns%5B3%5D%5Bname%5D=sex&columns%5B3%5D%5Bsearchable%5D=true&columns%5B3%5D%5Borderable%5D=false&columns%5B3%5D%5Bsearch%5D%5Bvalue%5D=&columns%5B3%5D%5Bsearch%5D%5Bregex%5D=false&columns%5B4%5D%5Bdata%5D=birthdate&columns%5B4%5D%5Bname%5D=birthdate&columns%5B4%5D%5Bsearchable%5D=true&columns%5B4%5D%5Borderable%5D=false&columns%5B4%5D%5Bsearch%5D%5Bvalue%5D=&columns%5B4%5D%5Bsearch%5D%5Bregex%5D=false&columns%5B5%5D%5Bdata%5D=countiy&columns%5B5%5D%5Bname%5D=countiy&columns%5B5%5D%5Bsearchable%5D=true&columns%5B5%5D%5Borderable%5D=false&columns%5B5%5D%5Bsearch%5D%5Bvalue%5D=&columns%5B5%5D%5Bsearch%5D%5Bregex%5D=false&columns%5B6%5D%5Bdata%5D=phoneNumber&columns%5B6%5D%5Bname%5D=phoneNumber&columns%5B6%5D%5Bsearchable%5D=true&columns%5B6%5D%5Borderable%5D=false&columns%5B6%5D%5Bsearch%5D%5Bvalue%5D=&columns%5B6%5D%5Bsearch%5D%5Bregex%5D=false&columns%5B7%5D%5Bdata%5D=id&columns%5B7%5D%5Bname%5D=id&columns%5B7%5D%5Bsearchable%5D=true&columns%5B7%5D%5Borderable%5D=false&columns%5B7%5D%5Bsearch%5D%5Bvalue%5D=&columns%5B7%5D%5Bsearch%5D%5Bregex%5D=false&start=0&length=10&search%5Bvalue%5D=&search%5Bregex%5D=false&_=1548388806871 HTTP/1.1" 200 5094 38
0:0:0:0:0:0:0:1 - - [25/Jan/2019:12:00:09 +0800] "GET /manage/trainTest/getUserDetailList?draw=2&columns%5B0%5D%5Bdata%5D=&columns%5B0%5D%5Bname%5D=&columns%5B0%5D%5Bsearchable%5D=true&columns%5B0%5D%5Borderable%5D=false&columns%5B0%5D%5Bsearch%5D%5Bvalue%5D=&columns%5B0%5D%5Bsearch%5D%5Bregex%5D=false&columns%5B1%5D%5Bdata%5D=id&columns%5B1%5D%5Bname%5D=id&columns%5B1%5D%5Bsearchable%5D=true&columns%5B1%5D%5Borderable%5D=false&columns%5B1%5D%5Bsearch%5D%5Bvalue%5D=&columns%5B1%5D%5Bsearch%5D%5Bregex%5D=false&columns%5B2%5D%5Bdata%5D=name&columns%5B2%5D%5Bname%5D=name&columns%5B2%5D%5Bsearchable%5D=true&columns%5B2%5D%5Borderable%5D=false&columns%5B2%5D%5Bsearch%5D%5Bvalue%5D=&columns%5B2%5D%5Bsearch%5D%5Bregex%5D=false&columns%5B3%5D%5Bdata%5D=sex&columns%5B3%5D%5Bname%5D=sex&columns%5B3%5D%5Bsearchable%5D=true&columns%5B3%5D%5Borderable%5D=false&columns%5B3%5D%5Bsearch%5D%5Bvalue%5D=&columns%5B3%5D%5Bsearch%5D%5Bregex%5D=false&columns%5B4%5D%5Bdata%5D=birthdate&columns%5B4%5D%5Bname%5D=birthdate&columns%5B4%5D%5Bsearchable%5D=true&columns%5B4%5D%5Borderable%5D=false&columns%5B4%5D%5Bsearch%5D%5Bvalue%5D=&columns%5B4%5D%5Bsearch%5D%5Bregex%5D=false&columns%5B5%5D%5Bdata%5D=countiy&columns%5B5%5D%5Bname%5D=countiy&columns%5B5%5D%5Bsearchable%5D=true&columns%5B5%5D%5Borderable%5D=false&columns%5B5%5D%5Bsearch%5D%5Bvalue%5D=&columns%5B5%5D%5Bsearch%5D%5Bregex%5D=false&columns%5B6%5D%5Bdata%5D=phoneNumber&columns%5B6%5D%5Bname%5D=phoneNumber&columns%5B6%5D%5Bsearchable%5D=true&columns%5B6%5D%5Borderable%5D=false&columns%5B6%5D%5Bsearch%5D%5Bvalue%5D=&columns%5B6%5D%5Bsearch%5D%5Bregex%5D=false&columns%5B7%5D%5Bdata%5D=id&columns%5B7%5D%5Bname%5D=id&columns%5B7%5D%5Bsearchable%5D=true&columns%5B7%5D%5Borderable%5D=false&columns%5B7%5D%5Bsearch%5D%5Bvalue%5D=&columns%5B7%5D%5Bsearch%5D%5Bregex%5D=false&start=70&length=10&search%5Bvalue%5D=&search%5Bregex%5D=false&_=1548388806872 HTTP/1.1" 200 5063 17
0:0:0:0:0:0:0:1 - - [25/Jan/2019:12:00:10 +0800] "GET /manage/study/toUserStudyInfo?id=218 HTTP/1.1" 200 61029 46
0:0:0:0:0:0:0:1 - - [25/Jan/2019:12:00:10 +0800] "GET /static/css/bootstrap-switch.css HTTP/1.1" 200 6993 5
0:0:0:0:0:0:0:1 - - [25/Jan/2019:12:00:10 +0800] "GET /static/font-awesome/css/font-awesome.css HTTP/1.1" 200 28747 8
0:0:0:0:0:0:0:1 - - [25/Jan/2019:12:00:10 +0800] "GET /static/css/plugins/toastr/toastr.min.css HTTP/1.1" 200 6882 4
0:0:0:0:0:0:0:1 - - [25/Jan/2019:12:00:10 +0800] "GET /static/js/plugins/gritter/jquery.gritter.css HTTP/1.1" 200 2556 3
0:0:0:0:0:0:0:1 - - [25/Jan/2019:12:00:10 +0800] "GET /static/css/plugins/dataTables/dataTables.responsive.css HTTP/1.1" 200 2626 5
0:0:0:0:0:0:0:1 - - [25/Jan/2019:12:00:10 +0800] "GET /static/css/plugins/dataTables/dataTables.tableTools.min.css HTTP/1.1" 200 6601 3
0:0:0:0:0:0:0:1 - - [25/Jan/2019:12:00:10 +0800] "GET /static/css/animate.css HTTP/1.1" 200 68411 16
0:0:0:0:0:0:0:1 - - [25/Jan/2019:12:00:10 +0800] "GET /static/css/bootstrap.min.css HTTP/1.1" 200 117305 19
0:0:0:0:0:0:0:1 - - [25/Jan/2019:12:00:10 +0800] "GET /static/css/plugins/datapicker/bootstrap-datetimepicker.min.css HTTP/1.1" 200 7771 3
0:0:0:0:0:0:0:1 - - [25/Jan/2019:12:00:10 +0800] "GET /static/css/plugins/dataTables/dataTables.bootstrap.css HTTP/1.1" 200 5178 5
0:0:0:0:0:0:0:1 - - [25/Jan/2019:12:00:10 +0800] "GET /static/js/plugins/metisMenu/jquery.metisMenu.js HTTP/1.1" 200 3265 4
0:0:0:0:0:0:0:1 - - [25/Jan/2019:12:00:11 +0800] "GET /static/js/jquery-2.1.1.js HTTP/1.1" 200 84247 9
0:0:0:0:0:0:0:1 - - [25/Jan/2019:12:00:11 +0800] "GET /static/js/inspinia.js HTTP/1.1" 200 8107 2
0:0:0:0:0:0:0:1 - - [25/Jan/2019:12:00:11 +0800] "GET /static/js/plugins/slimscroll/jquery.slimscroll.min.js HTTP/1.1" 200 4682 3
0:0:0:0:0:0:0:1 - - [25/Jan/2019:12:00:11 +0800] "GET /static/js/plugins/pace/pace.min.js HTTP/1.1" 200 12364 3
0:0:0:0:0:0:0:1 - - [25/Jan/2019:12:00:11 +0800] "GET /static/js/bootstrap-switch.js HTTP/1.1" 200 26858 12
0:0:0:0:0:0:0:1 - - [25/Jan/2019:12:00:11 +0800] "GET /static/css/style.css HTTP/1.1" 200 156956 25
0:0:0:0:0:0:0:1 - - [25/Jan/2019:12:00:11 +0800] "GET /static/js/jquery-migrate-1.1.0.min.js HTTP/1.1" 200 6968 3
0:0:0:0:0:0:0:1 - - [25/Jan/2019:12:00:11 +0800] "GET /static/js/bootstrap.min.js HTTP/1.1" 200 37045 18
0:0:0:0:0:0:0:1 - - [25/Jan/2019:12:00:11 +0800] "GET /static/js/plugins/dataTables/dataTables.bootstrap.js HTTP/1.1" 200 9614 2
0:0:0:0:0:0:0:1 - - [25/Jan/2019:12:00:11 +0800] "GET /static/js/plugins/dataTables/dataTables.responsive.js HTTP/1.1" 200 32864 3
0:0:0:0:0:0:0:1 - - [25/Jan/2019:12:00:11 +0800] "GET /static/js/jquery-ui-1.10.4.min.js HTTP/1.1" 200 228539 17
0:0:0:0:0:0:0:1 - - [25/Jan/2019:12:00:11 +0800] "GET /static/js/plugins/datapicker/bootstrap-datetimepicker.min.js HTTP/1.1" 200 48881 4
0:0:0:0:0:0:0:1 - - [25/Jan/2019:12:00:11 +0800] "GET /static/js/plugins/chosen/chosen.jquery.js HTTP/1.1" 200 51376 4
0:0:0:0:0:0:0:1 - - [25/Jan/2019:12:00:11 +0800] "GET /static/js/layer/layer.js HTTP/1.1" 200 25196 3
0:0:0:0:0:0:0:1 - - [25/Jan/2019:12:00:11 +0800] "GET /static/js/plugins/jsTree/jstree.min.js HTTP/1.1" 200 118089 13
0:0:0:0:0:0:0:1 - - [25/Jan/2019:12:00:11 +0800] "GET /static/js/sha1.js HTTP/1.1" 200 5752 3
0:0:0:0:0:0:0:1 - - [25/Jan/2019:12:00:11 +0800] "GET /static/ckeditor/ckeditor.js HTTP/1.1" 200 567997 33
0:0:0:0:0:0:0:1 - - [25/Jan/2019:12:00:11 +0800] "GET /static/js/hjs/moment.js HTTP/1.1" 200 104409 7
0:0:0:0:0:0:0:1 - - [25/Jan/2019:12:00:11 +0800] "GET /static/images/page/baidumarker.png HTTP/1.1" 200 2877 3
0:0:0:0:0:0:0:1 - - [25/Jan/2019:12:00:11 +0800] "GET /static/js/jquery.ajaxfileupload.js HTTP/1.1" 200 5785 6
0:0:0:0:0:0:0:1 - - [25/Jan/2019:12:00:11 +0800] "GET /static/js/plugins/dataTables/dataTables.tableTools.min.js HTTP/1.1" 200 31626 4
0:0:0:0:0:0:0:1 - - [25/Jan/2019:12:00:11 +0800] "GET /static/js/plugins/dataTables/jquery.dataTables.js HTTP/1.1" 200 434957 70
0:0:0:0:0:0:0:1 - - [25/Jan/2019:12:00:11 +0800] "GET /static/js/plugins/datapicker/Moment.js HTTP/1.1" 200 387799 19
0:0:0:0:0:0:0:1 - - [25/Jan/2019:12:00:11 +0800] "GET /static/js/hjs/echarts.min.js HTTP/1.1" 200 744675 68
0:0:0:0:0:0:0:1 - - [25/Jan/2019:12:00:11 +0800] "GET /static/js/hjs/jquery.tmpl.min.js HTTP/1.1" 200 6130 7
0:0:0:0:0:0:0:1 - - [25/Jan/2019:12:00:11 +0800] "GET /static/js/hjs/api.js HTTP/1.1" 200 2192 4
0:0:0:0:0:0:0:1 - - [25/Jan/2019:12:00:11 +0800] "GET /static/js/layer/skin/layer.css HTTP/1.1" 200 14048 3
0:0:0:0:0:0:0:1 - - [25/Jan/2019:12:00:11 +0800] "GET /static/css/patterns/header-profile.png HTTP/1.1" 200 5877 4
0:0:0:0:0:0:0:1 - - [25/Jan/2019:12:00:11 +0800] "GET /static/font-awesome/fonts/fontawesome-webfont.woff2?v=4.3.0 HTTP/1.1" 200 56780 6
0:0:0:0:0:0:0:1 - - [25/Jan/2019:12:00:11 +0800] "POST /manage/account/getUserAccessList HTTP/1.1" 200 8121 4
0:0:0:0:0:0:0:1 - - [25/Jan/2019:12:00:11 +0800] "GET /manage/study/getUserStudyInfo?timeType=1&id=218 HTTP/1.1" 200 216 58
0:0:0:0:0:0:0:1 - - [25/Jan/2019:12:00:11 +0800] "GET /manage/study/getUserDataInfo?id=218 HTTP/1.1" 200 1783 68
