127.0.0.1 - - [01/Mar/2019:09:23:57 +0800] "GET / HTTP/1.1" 200 3153 562
0:0:0:0:0:0:0:1 - - [01/Mar/2019:09:23:57 +0800] "GET /static/css/login/simple-line-icons.css HTTP/1.1" 200 11717 59
0:0:0:0:0:0:0:1 - - [01/Mar/2019:09:23:57 +0800] "GET /static/css/login/app.css HTTP/1.1" 200 107542 65
127.0.0.1 - - [01/Mar/2019:09:23:57 +0800] "GET /static/css/login/bootstrap.css HTTP/1.1" 200 126970 73
127.0.0.1 - - [01/Mar/2019:09:23:57 +0800] "GET /static/js/jquery-2.1.1.js HTTP/1.1" 200 84247 69
127.0.0.1 - - [01/Mar/2019:09:23:57 +0800] "GET /static/images/login/yudee_bg.png HTTP/1.1" 200 841898 108
127.0.0.1 - - [01/Mar/2019:09:23:58 +0800] "GET / HTTP/1.1" 200 3153 0
0:0:0:0:0:0:0:1 - - [01/Mar/2019:09:23:58 +0800] "GET /static/css/login/simple-line-icons.css HTTP/1.1" 200 11717 25
0:0:0:0:0:0:0:1 - - [01/Mar/2019:09:23:58 +0800] "GET /static/css/login/app.css HTTP/1.1" 200 107542 30
127.0.0.1 - - [01/Mar/2019:09:23:58 +0800] "GET /static/js/jquery-2.1.1.js HTTP/1.1" 200 84247 38
127.0.0.1 - - [01/Mar/2019:09:23:58 +0800] "GET /static/css/login/bootstrap.css HTTP/1.1" 200 126970 43
127.0.0.1 - - [01/Mar/2019:09:23:58 +0800] "GET /static/images/login/yudee_bg.png HTTP/1.1" 200 841898 69
127.0.0.1 - - [01/Mar/2019:09:23:58 +0800] "GET /favicon.ico HTTP/1.1" 200 946 19
127.0.0.1 - - [01/Mar/2019:09:24:00 +0800] "POST /manage/account/login HTTP/1.1" 200 221 1036
127.0.0.1 - - [01/Mar/2019:09:24:01 +0800] "GET /manage/account/toindexPage HTTP/1.1" 200 19365 63
0:0:0:0:0:0:0:1 - - [01/Mar/2019:09:24:01 +0800] "GET /static/css/bootstrap-switch.css HTTP/1.1" 200 6993 7
0:0:0:0:0:0:0:1 - - [01/Mar/2019:09:24:01 +0800] "GET /static/css/plugins/toastr/toastr.min.css HTTP/1.1" 200 6882 9
0:0:0:0:0:0:0:1 - - [01/Mar/2019:09:24:01 +0800] "GET /static/font-awesome/css/font-awesome.css HTTP/1.1" 200 28747 16
127.0.0.1 - - [01/Mar/2019:09:24:01 +0800] "GET /static/css/animate.css HTTP/1.1" 200 68411 15
0:0:0:0:0:0:0:1 - - [01/Mar/2019:09:24:01 +0800] "GET /static/js/plugins/gritter/jquery.gritter.css HTTP/1.1" 200 2556 20
0:0:0:0:0:0:0:1 - - [01/Mar/2019:09:24:01 +0800] "GET /static/css/plugins/dataTables/dataTables.bootstrap.css HTTP/1.1" 200 5178 15
0:0:0:0:0:0:0:1 - - [01/Mar/2019:09:24:01 +0800] "GET /static/css/plugins/dataTables/dataTables.responsive.css HTTP/1.1" 200 2626 20
127.0.0.1 - - [01/Mar/2019:09:24:01 +0800] "GET /static/css/plugins/dataTables/dataTables.tableTools.min.css HTTP/1.1" 200 6601 5
0:0:0:0:0:0:0:1 - - [01/Mar/2019:09:24:01 +0800] "GET /static/css/plugins/datapicker/bootstrap-datetimepicker.min.css HTTP/1.1" 200 7771 18
0:0:0:0:0:0:0:1 - - [01/Mar/2019:09:24:01 +0800] "GET /static/js/jquery-2.1.1.js HTTP/1.1" 200 84247 6
0:0:0:0:0:0:0:1 - - [01/Mar/2019:09:24:01 +0800] "GET /static/js/bootstrap.min.js HTTP/1.1" 200 37045 15
0:0:0:0:0:0:0:1 - - [01/Mar/2019:09:24:01 +0800] "GET /static/js/plugins/metisMenu/jquery.metisMenu.js HTTP/1.1" 200 3265 10
0:0:0:0:0:0:0:1 - - [01/Mar/2019:09:24:01 +0800] "GET /static/js/plugins/slimscroll/jquery.slimscroll.min.js HTTP/1.1" 200 4682 6
127.0.0.1 - - [01/Mar/2019:09:24:01 +0800] "GET /static/js/bootstrap-switch.js HTTP/1.1" 200 26858 17
0:0:0:0:0:0:0:1 - - [01/Mar/2019:09:24:01 +0800] "GET /static/js/inspinia.js HTTP/1.1" 200 8107 3
0:0:0:0:0:0:0:1 - - [01/Mar/2019:09:24:01 +0800] "GET /static/css/style.css HTTP/1.1" 200 156956 57
0:0:0:0:0:0:0:1 - - [01/Mar/2019:09:24:01 +0800] "GET /static/js/plugins/pace/pace.min.js HTTP/1.1" 200 12364 6
0:0:0:0:0:0:0:1 - - [01/Mar/2019:09:24:01 +0800] "GET /static/js/jquery-migrate-1.1.0.min.js HTTP/1.1" 200 6968 7
0:0:0:0:0:0:0:1 - - [01/Mar/2019:09:24:01 +0800] "GET /static/js/jquery-ui-1.10.4.min.js HTTP/1.1" 200 228539 17
0:0:0:0:0:0:0:1 - - [01/Mar/2019:09:24:01 +0800] "GET /static/js/plugins/dataTables/dataTables.bootstrap.js HTTP/1.1" 200 9614 37
0:0:0:0:0:0:0:1 - - [01/Mar/2019:09:24:01 +0800] "GET /static/js/plugins/dataTables/dataTables.tableTools.min.js HTTP/1.1" 200 31626 48
0:0:0:0:0:0:0:1 - - [01/Mar/2019:09:24:01 +0800] "GET /static/js/plugins/dataTables/dataTables.responsive.js HTTP/1.1" 200 32864 48
127.0.0.1 - - [01/Mar/2019:09:24:01 +0800] "GET /static/css/bootstrap.min.css HTTP/1.1" 200 117305 141
127.0.0.1 - - [01/Mar/2019:09:24:01 +0800] "GET /static/ckeditor/ckeditor.js HTTP/1.1" 200 567997 70
127.0.0.1 - - [01/Mar/2019:09:24:01 +0800] "GET /static/js/plugins/chosen/chosen.jquery.js HTTP/1.1" 200 51376 14
127.0.0.1 - - [01/Mar/2019:09:24:01 +0800] "GET /static/js/layer/layer.js HTTP/1.1" 200 25196 12
0:0:0:0:0:0:0:1 - - [01/Mar/2019:09:24:01 +0800] "GET /static/js/plugins/datapicker/Moment.js HTTP/1.1" 200 387799 39
127.0.0.1 - - [01/Mar/2019:09:24:01 +0800] "GET /static/js/sha1.js HTTP/1.1" 200 5752 13
127.0.0.1 - - [01/Mar/2019:09:24:01 +0800] "GET /static/js/jquery.ajaxfileupload.js HTTP/1.1" 200 5785 10
0:0:0:0:0:0:0:1 - - [01/Mar/2019:09:24:01 +0800] "GET /static/js/plugins/jsTree/jstree.min.js HTTP/1.1" 200 118089 25
0:0:0:0:0:0:0:1 - - [01/Mar/2019:09:24:01 +0800] "GET /static/js/plugins/dataTables/jquery.dataTables.js HTTP/1.1" 200 434957 102
0:0:0:0:0:0:0:1 - - [01/Mar/2019:09:24:01 +0800] "GET /static/js/plugins/datapicker/bootstrap-datetimepicker.min.js HTTP/1.1" 200 48881 53
0:0:0:0:0:0:0:1 - - [01/Mar/2019:09:24:01 +0800] "GET /static/images/page/baidumarker.png HTTP/1.1" 200 2877 6
0:0:0:0:0:0:0:1 - - [01/Mar/2019:09:24:01 +0800] "GET /static/js/layer/skin/layer.css HTTP/1.1" 200 14048 6
0:0:0:0:0:0:0:1 - - [01/Mar/2019:09:24:01 +0800] "GET /static/css/patterns/header-profile.png HTTP/1.1" 200 5877 7
0:0:0:0:0:0:0:1 - - [01/Mar/2019:09:24:01 +0800] "GET /static/font-awesome/fonts/fontawesome-webfont.woff2?v=4.3.0 HTTP/1.1" 200 56780 8
0:0:0:0:0:0:0:1 - - [01/Mar/2019:09:24:01 +0800] "POST /manage/account/getUserAccessList HTTP/1.1" 200 8121 95
0:0:0:0:0:0:0:1 - - [01/Mar/2019:09:24:08 +0800] "GET /manage/trainTest/touserDetailList HTTP/1.1" 200 29356 39
0:0:0:0:0:0:0:1 - - [01/Mar/2019:09:24:08 +0800] "GET /static/css/bootstrap.min.css HTTP/1.1" 200 117305 14
127.0.0.1 - - [01/Mar/2019:09:24:08 +0800] "GET /static/css/plugins/toastr/toastr.min.css HTTP/1.1" 200 6882 5
0:0:0:0:0:0:0:1 - - [01/Mar/2019:09:24:08 +0800] "GET /static/css/bootstrap-switch.css HTTP/1.1" 200 6993 8
0:0:0:0:0:0:0:1 - - [01/Mar/2019:09:24:08 +0800] "GET /static/css/style.css HTTP/1.1" 200 156956 10
0:0:0:0:0:0:0:1 - - [01/Mar/2019:09:24:08 +0800] "GET /static/css/plugins/dataTables/dataTables.bootstrap.css HTTP/1.1" 200 5178 7
127.0.0.1 - - [01/Mar/2019:09:24:08 +0800] "GET /static/js/plugins/gritter/jquery.gritter.css HTTP/1.1" 200 2556 4
0:0:0:0:0:0:0:1 - - [01/Mar/2019:09:24:08 +0800] "GET /static/css/plugins/datapicker/bootstrap-datetimepicker.min.css HTTP/1.1" 200 7771 5
127.0.0.1 - - [01/Mar/2019:09:24:08 +0800] "GET /static/css/plugins/dataTables/dataTables.responsive.css HTTP/1.1" 200 2626 4
0:0:0:0:0:0:0:1 - - [01/Mar/2019:09:24:08 +0800] "GET /static/font-awesome/css/font-awesome.css HTTP/1.1" 200 28747 23
0:0:0:0:0:0:0:1 - - [01/Mar/2019:09:24:08 +0800] "GET /static/js/jquery-2.1.1.js HTTP/1.1" 200 84247 9
0:0:0:0:0:0:0:1 - - [01/Mar/2019:09:24:08 +0800] "GET /static/css/plugins/dataTables/dataTables.tableTools.min.css HTTP/1.1" 200 6601 12
127.0.0.1 - - [01/Mar/2019:09:24:08 +0800] "GET /static/css/plugins/blueimp/css/blueimp-gallery.min.css HTTP/1.1" 200 6815 10
0:0:0:0:0:0:0:1 - - [01/Mar/2019:09:24:08 +0800] "GET /static/js/plugins/metisMenu/jquery.metisMenu.js HTTP/1.1" 200 3265 6
0:0:0:0:0:0:0:1 - - [01/Mar/2019:09:24:08 +0800] "GET /static/js/bootstrap-switch.js HTTP/1.1" 200 26858 5
0:0:0:0:0:0:0:1 - - [01/Mar/2019:09:24:08 +0800] "GET /static/js/plugins/slimscroll/jquery.slimscroll.min.js HTTP/1.1" 200 4682 6
127.0.0.1 - - [01/Mar/2019:09:24:08 +0800] "GET /static/js/plugins/pace/pace.min.js HTTP/1.1" 200 12364 4
0:0:0:0:0:0:0:1 - - [01/Mar/2019:09:24:08 +0800] "GET /static/css/animate.css HTTP/1.1" 200 68411 29
0:0:0:0:0:0:0:1 - - [01/Mar/2019:09:24:08 +0800] "GET /static/js/jquery-migrate-1.1.0.min.js HTTP/1.1" 200 6968 7
127.0.0.1 - - [01/Mar/2019:09:24:08 +0800] "GET /static/js/bootstrap.min.js HTTP/1.1" 200 37045 10
0:0:0:0:0:0:0:1 - - [01/Mar/2019:09:24:08 +0800] "GET /static/js/plugins/dataTables/dataTables.bootstrap.js HTTP/1.1" 200 9614 4
127.0.0.1 - - [01/Mar/2019:09:24:08 +0800] "GET /static/js/plugins/dataTables/dataTables.responsive.js HTTP/1.1" 200 32864 7
0:0:0:0:0:0:0:1 - - [01/Mar/2019:09:24:08 +0800] "GET /static/js/inspinia.js HTTP/1.1" 200 8107 19
0:0:0:0:0:0:0:1 - - [01/Mar/2019:09:24:08 +0800] "GET /static/js/jquery-ui-1.10.4.min.js HTTP/1.1" 200 228539 29
0:0:0:0:0:0:0:1 - - [01/Mar/2019:09:24:08 +0800] "GET /static/js/plugins/dataTables/dataTables.tableTools.min.js HTTP/1.1" 200 31626 10
0:0:0:0:0:0:0:1 - - [01/Mar/2019:09:24:08 +0800] "GET /static/js/plugins/datapicker/bootstrap-datetimepicker.min.js HTTP/1.1" 200 48881 8
0:0:0:0:0:0:0:1 - - [01/Mar/2019:09:24:08 +0800] "GET /static/js/plugins/dataTables/jquery.dataTables.js HTTP/1.1" 200 434957 31
0:0:0:0:0:0:0:1 - - [01/Mar/2019:09:24:08 +0800] "GET /static/js/plugins/jsTree/jstree.min.js HTTP/1.1" 200 118089 9
0:0:0:0:0:0:0:1 - - [01/Mar/2019:09:24:08 +0800] "GET /static/js/plugins/chosen/chosen.jquery.js HTTP/1.1" 200 51376 6
0:0:0:0:0:0:0:1 - - [01/Mar/2019:09:24:08 +0800] "GET /static/js/sha1.js HTTP/1.1" 200 5752 2
0:0:0:0:0:0:0:1 - - [01/Mar/2019:09:24:08 +0800] "GET /static/js/layer/layer.js HTTP/1.1" 200 25196 5
0:0:0:0:0:0:0:1 - - [01/Mar/2019:09:24:08 +0800] "GET /static/js/jquery.ajaxfileupload.js HTTP/1.1" 200 5785 5
0:0:0:0:0:0:0:1 - - [01/Mar/2019:09:24:08 +0800] "GET /static/images/page/baidumarker.png HTTP/1.1" 200 2877 4
0:0:0:0:0:0:0:1 - - [01/Mar/2019:09:24:08 +0800] "GET /static/js/plugins/blueimp/jquery.blueimp-gallery.min.js HTTP/1.1" 200 31564 9
127.0.0.1 - - [01/Mar/2019:09:24:08 +0800] "GET /static/ckeditor/ckeditor.js HTTP/1.1" 200 567997 57
127.0.0.1 - - [01/Mar/2019:09:24:08 +0800] "GET /static/js/plugins/datapicker/Moment.js HTTP/1.1" 200 387799 40
127.0.0.1 - - [01/Mar/2019:09:24:08 +0800] "GET /static/js/layer/skin/layer.css HTTP/1.1" 200 14048 4
127.0.0.1 - - [01/Mar/2019:09:24:08 +0800] "GET /static/css/patterns/header-profile.png HTTP/1.1" 200 5877 4
127.0.0.1 - - [01/Mar/2019:09:24:08 +0800] "GET /static/font-awesome/fonts/fontawesome-webfont.woff2?v=4.3.0 HTTP/1.1" 200 56780 6
127.0.0.1 - - [01/Mar/2019:09:24:09 +0800] "POST /manage/account/getUserAccessList HTTP/1.1" 200 8121 9
127.0.0.1 - - [01/Mar/2019:09:24:09 +0800] "GET /app/system/getCityList?level=1 HTTP/1.1" 200 371 22
127.0.0.1 - - [01/Mar/2019:09:24:09 +0800] "GET /manage/trainTest/getUserDetailList?draw=1&columns%5B0%5D%5Bdata%5D=&columns%5B0%5D%5Bname%5D=&columns%5B0%5D%5Bsearchable%5D=true&columns%5B0%5D%5Borderable%5D=false&columns%5B0%5D%5Bsearch%5D%5Bvalue%5D=&columns%5B0%5D%5Bsearch%5D%5Bregex%5D=false&columns%5B1%5D%5Bdata%5D=id&columns%5B1%5D%5Bname%5D=id&columns%5B1%5D%5Bsearchable%5D=true&columns%5B1%5D%5Borderable%5D=false&columns%5B1%5D%5Bsearch%5D%5Bvalue%5D=&columns%5B1%5D%5Bsearch%5D%5Bregex%5D=false&columns%5B2%5D%5Bdata%5D=name&columns%5B2%5D%5Bname%5D=name&columns%5B2%5D%5Bsearchable%5D=true&columns%5B2%5D%5Borderable%5D=false&columns%5B2%5D%5Bsearch%5D%5Bvalue%5D=&columns%5B2%5D%5Bsearch%5D%5Bregex%5D=false&columns%5B3%5D%5Bdata%5D=sex&columns%5B3%5D%5Bname%5D=sex&columns%5B3%5D%5Bsearchable%5D=true&columns%5B3%5D%5Borderable%5D=false&columns%5B3%5D%5Bsearch%5D%5Bvalue%5D=&columns%5B3%5D%5Bsearch%5D%5Bregex%5D=false&columns%5B4%5D%5Bdata%5D=birthdate&columns%5B4%5D%5Bname%5D=birthdate&columns%5B4%5D%5Bsearchable%5D=true&columns%5B4%5D%5Borderable%5D=false&columns%5B4%5D%5Bsearch%5D%5Bvalue%5D=&columns%5B4%5D%5Bsearch%5D%5Bregex%5D=false&columns%5B5%5D%5Bdata%5D=countiy&columns%5B5%5D%5Bname%5D=countiy&columns%5B5%5D%5Bsearchable%5D=true&columns%5B5%5D%5Borderable%5D=false&columns%5B5%5D%5Bsearch%5D%5Bvalue%5D=&columns%5B5%5D%5Bsearch%5D%5Bregex%5D=false&columns%5B6%5D%5Bdata%5D=phoneNumber&columns%5B6%5D%5Bname%5D=phoneNumber&columns%5B6%5D%5Bsearchable%5D=true&columns%5B6%5D%5Borderable%5D=false&columns%5B6%5D%5Bsearch%5D%5Bvalue%5D=&columns%5B6%5D%5Bsearch%5D%5Bregex%5D=false&columns%5B7%5D%5Bdata%5D=id&columns%5B7%5D%5Bname%5D=id&columns%5B7%5D%5Bsearchable%5D=true&columns%5B7%5D%5Borderable%5D=false&columns%5B7%5D%5Bsearch%5D%5Bvalue%5D=&columns%5B7%5D%5Bsearch%5D%5Bregex%5D=false&start=0&length=10&search%5Bvalue%5D=&search%5Bregex%5D=false&_=1551403448729 HTTP/1.1" 200 5141 44
127.0.0.1 - - [01/Mar/2019:09:24:09 +0800] "GET /app/system/getCityList?level=2&parentId=1 HTTP/1.1" 200 370 21
127.0.0.1 - - [01/Mar/2019:09:24:09 +0800] "GET /app/system/getCityList?level=3&parentId=3 HTTP/1.1" 200 160 13
127.0.0.1 - - [01/Mar/2019:09:24:10 +0800] "GET /manage/trainTest/getUserDetailList?draw=2&columns%5B0%5D%5Bdata%5D=&columns%5B0%5D%5Bname%5D=&columns%5B0%5D%5Bsearchable%5D=true&columns%5B0%5D%5Borderable%5D=false&columns%5B0%5D%5Bsearch%5D%5Bvalue%5D=&columns%5B0%5D%5Bsearch%5D%5Bregex%5D=false&columns%5B1%5D%5Bdata%5D=id&columns%5B1%5D%5Bname%5D=id&columns%5B1%5D%5Bsearchable%5D=true&columns%5B1%5D%5Borderable%5D=false&columns%5B1%5D%5Bsearch%5D%5Bvalue%5D=&columns%5B1%5D%5Bsearch%5D%5Bregex%5D=false&columns%5B2%5D%5Bdata%5D=name&columns%5B2%5D%5Bname%5D=name&columns%5B2%5D%5Bsearchable%5D=true&columns%5B2%5D%5Borderable%5D=false&columns%5B2%5D%5Bsearch%5D%5Bvalue%5D=&columns%5B2%5D%5Bsearch%5D%5Bregex%5D=false&columns%5B3%5D%5Bdata%5D=sex&columns%5B3%5D%5Bname%5D=sex&columns%5B3%5D%5Bsearchable%5D=true&columns%5B3%5D%5Borderable%5D=false&columns%5B3%5D%5Bsearch%5D%5Bvalue%5D=&columns%5B3%5D%5Bsearch%5D%5Bregex%5D=false&columns%5B4%5D%5Bdata%5D=birthdate&columns%5B4%5D%5Bname%5D=birthdate&columns%5B4%5D%5Bsearchable%5D=true&columns%5B4%5D%5Borderable%5D=false&columns%5B4%5D%5Bsearch%5D%5Bvalue%5D=&columns%5B4%5D%5Bsearch%5D%5Bregex%5D=false&columns%5B5%5D%5Bdata%5D=countiy&columns%5B5%5D%5Bname%5D=countiy&columns%5B5%5D%5Bsearchable%5D=true&columns%5B5%5D%5Borderable%5D=false&columns%5B5%5D%5Bsearch%5D%5Bvalue%5D=&columns%5B5%5D%5Bsearch%5D%5Bregex%5D=false&columns%5B6%5D%5Bdata%5D=phoneNumber&columns%5B6%5D%5Bname%5D=phoneNumber&columns%5B6%5D%5Bsearchable%5D=true&columns%5B6%5D%5Borderable%5D=false&columns%5B6%5D%5Bsearch%5D%5Bvalue%5D=&columns%5B6%5D%5Bsearch%5D%5Bregex%5D=false&columns%5B7%5D%5Bdata%5D=id&columns%5B7%5D%5Bname%5D=id&columns%5B7%5D%5Bsearchable%5D=true&columns%5B7%5D%5Borderable%5D=false&columns%5B7%5D%5Bsearch%5D%5Bvalue%5D=&columns%5B7%5D%5Bsearch%5D%5Bregex%5D=false&start=130&length=10&search%5Bvalue%5D=&search%5Bregex%5D=false&_=1551403448730 HTTP/1.1" 200 1617 15
127.0.0.1 - - [01/Mar/2019:09:24:12 +0800] "GET /manage/trainTest/getUserDetailList?draw=3&columns%5B0%5D%5Bdata%5D=&columns%5B0%5D%5Bname%5D=&columns%5B0%5D%5Bsearchable%5D=true&columns%5B0%5D%5Borderable%5D=false&columns%5B0%5D%5Bsearch%5D%5Bvalue%5D=&columns%5B0%5D%5Bsearch%5D%5Bregex%5D=false&columns%5B1%5D%5Bdata%5D=id&columns%5B1%5D%5Bname%5D=id&columns%5B1%5D%5Bsearchable%5D=true&columns%5B1%5D%5Borderable%5D=false&columns%5B1%5D%5Bsearch%5D%5Bvalue%5D=&columns%5B1%5D%5Bsearch%5D%5Bregex%5D=false&columns%5B2%5D%5Bdata%5D=name&columns%5B2%5D%5Bname%5D=name&columns%5B2%5D%5Bsearchable%5D=true&columns%5B2%5D%5Borderable%5D=false&columns%5B2%5D%5Bsearch%5D%5Bvalue%5D=&columns%5B2%5D%5Bsearch%5D%5Bregex%5D=false&columns%5B3%5D%5Bdata%5D=sex&columns%5B3%5D%5Bname%5D=sex&columns%5B3%5D%5Bsearchable%5D=true&columns%5B3%5D%5Borderable%5D=false&columns%5B3%5D%5Bsearch%5D%5Bvalue%5D=&columns%5B3%5D%5Bsearch%5D%5Bregex%5D=false&columns%5B4%5D%5Bdata%5D=birthdate&columns%5B4%5D%5Bname%5D=birthdate&columns%5B4%5D%5Bsearchable%5D=true&columns%5B4%5D%5Borderable%5D=false&columns%5B4%5D%5Bsearch%5D%5Bvalue%5D=&columns%5B4%5D%5Bsearch%5D%5Bregex%5D=false&columns%5B5%5D%5Bdata%5D=countiy&columns%5B5%5D%5Bname%5D=countiy&columns%5B5%5D%5Bsearchable%5D=true&columns%5B5%5D%5Borderable%5D=false&columns%5B5%5D%5Bsearch%5D%5Bvalue%5D=&columns%5B5%5D%5Bsearch%5D%5Bregex%5D=false&columns%5B6%5D%5Bdata%5D=phoneNumber&columns%5B6%5D%5Bname%5D=phoneNumber&columns%5B6%5D%5Bsearchable%5D=true&columns%5B6%5D%5Borderable%5D=false&columns%5B6%5D%5Bsearch%5D%5Bvalue%5D=&columns%5B6%5D%5Bsearch%5D%5Bregex%5D=false&columns%5B7%5D%5Bdata%5D=id&columns%5B7%5D%5Bname%5D=id&columns%5B7%5D%5Bsearchable%5D=true&columns%5B7%5D%5Borderable%5D=false&columns%5B7%5D%5Bsearch%5D%5Bvalue%5D=&columns%5B7%5D%5Bsearch%5D%5Bregex%5D=false&start=110&length=10&search%5Bvalue%5D=&search%5Bregex%5D=false&_=1551403448731 HTTP/1.1" 200 5191 36
127.0.0.1 - - [01/Mar/2019:09:24:13 +0800] "GET /manage/trainTest/getUserDetailList?draw=4&columns%5B0%5D%5Bdata%5D=&columns%5B0%5D%5Bname%5D=&columns%5B0%5D%5Bsearchable%5D=true&columns%5B0%5D%5Borderable%5D=false&columns%5B0%5D%5Bsearch%5D%5Bvalue%5D=&columns%5B0%5D%5Bsearch%5D%5Bregex%5D=false&columns%5B1%5D%5Bdata%5D=id&columns%5B1%5D%5Bname%5D=id&columns%5B1%5D%5Bsearchable%5D=true&columns%5B1%5D%5Borderable%5D=false&columns%5B1%5D%5Bsearch%5D%5Bvalue%5D=&columns%5B1%5D%5Bsearch%5D%5Bregex%5D=false&columns%5B2%5D%5Bdata%5D=name&columns%5B2%5D%5Bname%5D=name&columns%5B2%5D%5Bsearchable%5D=true&columns%5B2%5D%5Borderable%5D=false&columns%5B2%5D%5Bsearch%5D%5Bvalue%5D=&columns%5B2%5D%5Bsearch%5D%5Bregex%5D=false&columns%5B3%5D%5Bdata%5D=sex&columns%5B3%5D%5Bname%5D=sex&columns%5B3%5D%5Bsearchable%5D=true&columns%5B3%5D%5Borderable%5D=false&columns%5B3%5D%5Bsearch%5D%5Bvalue%5D=&columns%5B3%5D%5Bsearch%5D%5Bregex%5D=false&columns%5B4%5D%5Bdata%5D=birthdate&columns%5B4%5D%5Bname%5D=birthdate&columns%5B4%5D%5Bsearchable%5D=true&columns%5B4%5D%5Borderable%5D=false&columns%5B4%5D%5Bsearch%5D%5Bvalue%5D=&columns%5B4%5D%5Bsearch%5D%5Bregex%5D=false&columns%5B5%5D%5Bdata%5D=countiy&columns%5B5%5D%5Bname%5D=countiy&columns%5B5%5D%5Bsearchable%5D=true&columns%5B5%5D%5Borderable%5D=false&columns%5B5%5D%5Bsearch%5D%5Bvalue%5D=&columns%5B5%5D%5Bsearch%5D%5Bregex%5D=false&columns%5B6%5D%5Bdata%5D=phoneNumber&columns%5B6%5D%5Bname%5D=phoneNumber&columns%5B6%5D%5Bsearchable%5D=true&columns%5B6%5D%5Borderable%5D=false&columns%5B6%5D%5Bsearch%5D%5Bvalue%5D=&columns%5B6%5D%5Bsearch%5D%5Bregex%5D=false&columns%5B7%5D%5Bdata%5D=id&columns%5B7%5D%5Bname%5D=id&columns%5B7%5D%5Bsearchable%5D=true&columns%5B7%5D%5Borderable%5D=false&columns%5B7%5D%5Bsearch%5D%5Bvalue%5D=&columns%5B7%5D%5Bsearch%5D%5Bregex%5D=false&start=120&length=10&search%5Bvalue%5D=&search%5Bregex%5D=false&_=1551403448732 HTTP/1.1" 200 5279 33
0:0:0:0:0:0:0:1 - - [01/Mar/2019:09:24:15 +0800] "GET /static/css/bootstrap-switch.css HTTP/1.1" 200 6993 4
0:0:0:0:0:0:0:1 - - [01/Mar/2019:09:24:15 +0800] "GET /static/css/animate.css HTTP/1.1" 200 68411 5
0:0:0:0:0:0:0:1 - - [01/Mar/2019:09:24:15 +0800] "GET /static/js/plugins/gritter/jquery.gritter.css HTTP/1.1" 200 2556 6
127.0.0.1 - - [01/Mar/2019:09:24:15 +0800] "GET /manage/study/toUserStudyInfo?id=285 HTTP/1.1" 200 62447 122
0:0:0:0:0:0:0:1 - - [01/Mar/2019:09:24:15 +0800] "GET /static/css/plugins/dataTables/dataTables.responsive.css HTTP/1.1" 200 2626 4
0:0:0:0:0:0:0:1 - - [01/Mar/2019:09:24:15 +0800] "GET /static/css/plugins/toastr/toastr.min.css HTTP/1.1" 200 6882 3
0:0:0:0:0:0:0:1 - - [01/Mar/2019:09:24:15 +0800] "GET /static/css/plugins/dataTables/dataTables.bootstrap.css HTTP/1.1" 200 5178 3
0:0:0:0:0:0:0:1 - - [01/Mar/2019:09:24:15 +0800] "GET /static/font-awesome/css/font-awesome.css HTTP/1.1" 200 28747 27
0:0:0:0:0:0:0:1 - - [01/Mar/2019:09:24:15 +0800] "GET /static/css/plugins/dataTables/dataTables.tableTools.min.css HTTP/1.1" 200 6601 10
127.0.0.1 - - [01/Mar/2019:09:24:15 +0800] "GET /static/css/plugins/datapicker/bootstrap-datetimepicker.min.css HTTP/1.1" 200 7771 3
0:0:0:0:0:0:0:1 - - [01/Mar/2019:09:24:15 +0800] "GET /static/js/bootstrap.min.js HTTP/1.1" 200 37045 5
127.0.0.1 - - [01/Mar/2019:09:24:15 +0800] "GET /static/js/plugins/metisMenu/jquery.metisMenu.js HTTP/1.1" 200 3265 3
0:0:0:0:0:0:0:1 - - [01/Mar/2019:09:24:15 +0800] "GET /static/js/inspinia.js HTTP/1.1" 200 8107 4
0:0:0:0:0:0:0:1 - - [01/Mar/2019:09:24:15 +0800] "GET /static/js/bootstrap-switch.js HTTP/1.1" 200 26858 9
127.0.0.1 - - [01/Mar/2019:09:24:15 +0800] "GET /static/js/plugins/slimscroll/jquery.slimscroll.min.js HTTP/1.1" 200 4682 4
127.0.0.1 - - [01/Mar/2019:09:24:15 +0800] "GET /static/css/bootstrap.min.css HTTP/1.1" 200 117305 59
0:0:0:0:0:0:0:1 - - [01/Mar/2019:09:24:15 +0800] "GET /static/js/jquery-2.1.1.js HTTP/1.1" 200 84247 19
0:0:0:0:0:0:0:1 - - [01/Mar/2019:09:24:15 +0800] "GET /static/js/plugins/pace/pace.min.js HTTP/1.1" 200 12364 4
127.0.0.1 - - [01/Mar/2019:09:24:15 +0800] "GET /static/js/jquery-migrate-1.1.0.min.js HTTP/1.1" 200 6968 5
0:0:0:0:0:0:0:1 - - [01/Mar/2019:09:24:15 +0800] "GET /static/js/plugins/dataTables/dataTables.bootstrap.js HTTP/1.1" 200 9614 5
127.0.0.1 - - [01/Mar/2019:09:24:15 +0800] "GET /static/js/plugins/dataTables/dataTables.responsive.js HTTP/1.1" 200 32864 6
0:0:0:0:0:0:0:1 - - [01/Mar/2019:09:24:15 +0800] "GET /static/js/jquery-ui-1.10.4.min.js HTTP/1.1" 200 228539 21
0:0:0:0:0:0:0:1 - - [01/Mar/2019:09:24:15 +0800] "GET /static/js/plugins/datapicker/bootstrap-datetimepicker.min.js HTTP/1.1" 200 48881 7
0:0:0:0:0:0:0:1 - - [01/Mar/2019:09:24:15 +0800] "GET /static/js/plugins/dataTables/dataTables.tableTools.min.js HTTP/1.1" 200 31626 16
0:0:0:0:0:0:0:1 - - [01/Mar/2019:09:24:15 +0800] "GET /static/js/plugins/dataTables/jquery.dataTables.js HTTP/1.1" 200 434957 30
127.0.0.1 - - [01/Mar/2019:09:24:15 +0800] "GET /static/ckeditor/ckeditor.js HTTP/1.1" 200 567997 39
0:0:0:0:0:0:0:1 - - [01/Mar/2019:09:24:15 +0800] "GET /static/js/layer/layer.js HTTP/1.1" 200 25196 4
127.0.0.1 - - [01/Mar/2019:09:24:15 +0800] "GET /static/js/sha1.js HTTP/1.1" 200 5752 3
0:0:0:0:0:0:0:1 - - [01/Mar/2019:09:24:15 +0800] "GET /static/js/plugins/chosen/chosen.jquery.js HTTP/1.1" 200 51376 8
0:0:0:0:0:0:0:1 - - [01/Mar/2019:09:24:15 +0800] "GET /static/js/jquery.ajaxfileupload.js HTTP/1.1" 200 5785 4
0:0:0:0:0:0:0:1 - - [01/Mar/2019:09:24:15 +0800] "GET /static/js/plugins/jsTree/jstree.min.js HTTP/1.1" 200 118089 21
127.0.0.1 - - [01/Mar/2019:09:24:15 +0800] "GET /static/images/page/baidumarker.png HTTP/1.1" 200 2877 3
127.0.0.1 - - [01/Mar/2019:09:24:15 +0800] "GET /static/js/plugins/datapicker/Moment.js HTTP/1.1" 200 387799 38
0:0:0:0:0:0:0:1 - - [01/Mar/2019:09:24:15 +0800] "GET /static/js/hjs/moment.js HTTP/1.1" 200 104409 12
0:0:0:0:0:0:0:1 - - [01/Mar/2019:09:24:15 +0800] "GET /static/css/style.css HTTP/1.1" 200 156956 94
0:0:0:0:0:0:0:1 - - [01/Mar/2019:09:24:15 +0800] "GET /static/js/hjs/jquery.tmpl.min.js HTTP/1.1" 200 6130 10
0:0:0:0:0:0:0:1 - - [01/Mar/2019:09:24:15 +0800] "GET /static/js/hjs/api.js HTTP/1.1" 200 2192 4
0:0:0:0:0:0:0:1 - - [01/Mar/2019:09:24:15 +0800] "GET /static/js/layer/skin/layer.css HTTP/1.1" 200 14048 5
0:0:0:0:0:0:0:1 - - [01/Mar/2019:09:24:15 +0800] "GET /static/css/patterns/header-profile.png HTTP/1.1" 200 5877 4
127.0.0.1 - - [01/Mar/2019:09:24:15 +0800] "GET /static/js/hjs/echarts.min.js HTTP/1.1" 200 744675 136
127.0.0.1 - - [01/Mar/2019:09:24:15 +0800] "GET /static/font-awesome/fonts/fontawesome-webfont.woff2?v=4.3.0 HTTP/1.1" 200 56780 7
127.0.0.1 - - [01/Mar/2019:09:24:16 +0800] "POST /manage/account/getUserAccessList HTTP/1.1" 200 8121 5
0:0:0:0:0:0:0:1 - - [01/Mar/2019:09:24:16 +0800] "GET /manage/study/getUserDataInfo?id=285 HTTP/1.1" 200 2017 252
0:0:0:0:0:0:0:1 - - [01/Mar/2019:09:24:16 +0800] "GET /manage/study/getUserStudyInfo?timeType=1&id=285 HTTP/1.1" 200 127 293
0:0:0:0:0:0:0:1 - - [01/Mar/2019:09:24:18 +0800] "GET /manage/study/getUserStudyInfo?timeType=3&id=285 HTTP/1.1" 200 852 305
0:0:0:0:0:0:0:1 - - [01/Mar/2019:09:24:22 +0800] "GET /manage/study/getUserStudyInfo?month=2019-02&timeType=3&id=285 HTTP/1.1" 200 1227 989
0:0:0:0:0:0:0:1 - - [01/Mar/2019:09:27:16 +0800] "GET /manage/study/toUserStudyInfo?id=285 HTTP/1.1" 200 62538 1326
0:0:0:0:0:0:0:1 - - [01/Mar/2019:09:27:16 +0800] "GET /static/css/bootstrap-switch.css HTTP/1.1" 200 6993 6
0:0:0:0:0:0:0:1 - - [01/Mar/2019:09:27:16 +0800] "GET /static/css/plugins/toastr/toastr.min.css HTTP/1.1" 200 6882 6
0:0:0:0:0:0:0:1 - - [01/Mar/2019:09:27:16 +0800] "GET /static/js/plugins/gritter/jquery.gritter.css HTTP/1.1" 200 2556 8
0:0:0:0:0:0:0:1 - - [01/Mar/2019:09:27:16 +0800] "GET /static/css/animate.css HTTP/1.1" 200 68411 13
0:0:0:0:0:0:0:1 - - [01/Mar/2019:09:27:16 +0800] "GET /static/font-awesome/css/font-awesome.css HTTP/1.1" 200 28747 21
0:0:0:0:0:0:0:1 - - [01/Mar/2019:09:27:16 +0800] "GET /static/css/plugins/dataTables/dataTables.tableTools.min.css HTTP/1.1" 200 6601 5
0:0:0:0:0:0:0:1 - - [01/Mar/2019:09:27:16 +0800] "GET /static/css/plugins/datapicker/bootstrap-datetimepicker.min.css HTTP/1.1" 200 7771 5
0:0:0:0:0:0:0:1 - - [01/Mar/2019:09:27:16 +0800] "GET /static/css/plugins/dataTables/dataTables.responsive.css HTTP/1.1" 200 2626 10
0:0:0:0:0:0:0:1 - - [01/Mar/2019:09:27:16 +0800] "GET /static/css/plugins/dataTables/dataTables.bootstrap.css HTTP/1.1" 200 5178 11
0:0:0:0:0:0:0:1 - - [01/Mar/2019:09:27:16 +0800] "GET /static/css/style.css HTTP/1.1" 200 156956 22
0:0:0:0:0:0:0:1 - - [01/Mar/2019:09:27:16 +0800] "GET /static/js/plugins/metisMenu/jquery.metisMenu.js HTTP/1.1" 200 3265 5
0:0:0:0:0:0:0:1 - - [01/Mar/2019:09:27:16 +0800] "GET /static/js/bootstrap-switch.js HTTP/1.1" 200 26858 8
0:0:0:0:0:0:0:1 - - [01/Mar/2019:09:27:16 +0800] "GET /static/js/bootstrap.min.js HTTP/1.1" 200 37045 6
0:0:0:0:0:0:0:1 - - [01/Mar/2019:09:27:16 +0800] "GET /static/js/inspinia.js HTTP/1.1" 200 8107 5
0:0:0:0:0:0:0:1 - - [01/Mar/2019:09:27:16 +0800] "GET /static/css/bootstrap.min.css HTTP/1.1" 200 117305 48
0:0:0:0:0:0:0:1 - - [01/Mar/2019:09:27:16 +0800] "GET /static/js/plugins/slimscroll/jquery.slimscroll.min.js HTTP/1.1" 200 4682 5
0:0:0:0:0:0:0:1 - - [01/Mar/2019:09:27:16 +0800] "GET /static/js/plugins/pace/pace.min.js HTTP/1.1" 200 12364 6
0:0:0:0:0:0:0:1 - - [01/Mar/2019:09:27:16 +0800] "GET /static/js/jquery-migrate-1.1.0.min.js HTTP/1.1" 200 6968 4
0:0:0:0:0:0:0:1 - - [01/Mar/2019:09:27:16 +0800] "GET /static/js/jquery-2.1.1.js HTTP/1.1" 200 84247 27
0:0:0:0:0:0:0:1 - - [01/Mar/2019:09:27:16 +0800] "GET /static/js/jquery-ui-1.10.4.min.js HTTP/1.1" 200 228539 17
0:0:0:0:0:0:0:1 - - [01/Mar/2019:09:27:16 +0800] "GET /static/js/plugins/dataTables/dataTables.tableTools.min.js HTTP/1.1" 200 31626 9
0:0:0:0:0:0:0:1 - - [01/Mar/2019:09:27:16 +0800] "GET /static/js/plugins/dataTables/dataTables.responsive.js HTTP/1.1" 200 32864 11
0:0:0:0:0:0:0:1 - - [01/Mar/2019:09:27:16 +0800] "GET /static/js/plugins/datapicker/bootstrap-datetimepicker.min.js HTTP/1.1" 200 48881 9
0:0:0:0:0:0:0:1 - - [01/Mar/2019:09:27:16 +0800] "GET /static/js/plugins/datapicker/Moment.js HTTP/1.1" 200 387799 25
0:0:0:0:0:0:0:1 - - [01/Mar/2019:09:27:16 +0800] "GET /static/js/plugins/jsTree/jstree.min.js HTTP/1.1" 200 118089 13
0:0:0:0:0:0:0:1 - - [01/Mar/2019:09:27:16 +0800] "GET /static/js/plugins/dataTables/jquery.dataTables.js HTTP/1.1" 200 434957 30
0:0:0:0:0:0:0:1 - - [01/Mar/2019:09:27:16 +0800] "GET /static/js/sha1.js HTTP/1.1" 200 5752 4
0:0:0:0:0:0:0:1 - - [01/Mar/2019:09:27:17 +0800] "GET /static/js/plugins/chosen/chosen.jquery.js HTTP/1.1" 200 51376 15
0:0:0:0:0:0:0:1 - - [01/Mar/2019:09:27:17 +0800] "GET /static/js/layer/layer.js HTTP/1.1" 200 25196 11
0:0:0:0:0:0:0:1 - - [01/Mar/2019:09:27:17 +0800] "GET /static/ckeditor/ckeditor.js HTTP/1.1" 200 567997 45
0:0:0:0:0:0:0:1 - - [01/Mar/2019:09:27:17 +0800] "GET /static/js/plugins/dataTables/dataTables.bootstrap.js HTTP/1.1" 200 9614 41
0:0:0:0:0:0:0:1 - - [01/Mar/2019:09:27:17 +0800] "GET /static/js/jquery.ajaxfileupload.js HTTP/1.1" 200 5785 10
0:0:0:0:0:0:0:1 - - [01/Mar/2019:09:27:17 +0800] "GET /static/js/hjs/moment.js HTTP/1.1" 200 104409 9
0:0:0:0:0:0:0:1 - - [01/Mar/2019:09:27:17 +0800] "GET /static/images/page/baidumarker.png HTTP/1.1" 200 2877 7
0:0:0:0:0:0:0:1 - - [01/Mar/2019:09:27:17 +0800] "GET /static/js/hjs/jquery.tmpl.min.js HTTP/1.1" 200 6130 3
0:0:0:0:0:0:0:1 - - [01/Mar/2019:09:27:17 +0800] "GET /static/js/hjs/api.js HTTP/1.1" 200 2192 4
0:0:0:0:0:0:0:1 - - [01/Mar/2019:09:27:17 +0800] "GET /static/js/hjs/echarts.min.js HTTP/1.1" 200 744675 23
0:0:0:0:0:0:0:1 - - [01/Mar/2019:09:27:17 +0800] "GET /static/js/layer/skin/layer.css HTTP/1.1" 200 14048 5
0:0:0:0:0:0:0:1 - - [01/Mar/2019:09:27:17 +0800] "GET /static/css/patterns/header-profile.png HTTP/1.1" 200 5877 5
0:0:0:0:0:0:0:1 - - [01/Mar/2019:09:27:17 +0800] "GET /static/font-awesome/fonts/fontawesome-webfont.woff2?v=4.3.0 HTTP/1.1" 200 56780 5
0:0:0:0:0:0:0:1 - - [01/Mar/2019:09:27:17 +0800] "POST /manage/account/getUserAccessList HTTP/1.1" 200 8121 5
0:0:0:0:0:0:0:1 - - [01/Mar/2019:09:27:17 +0800] "GET /manage/study/getUserStudyInfo?timeType=1&id=285 HTTP/1.1" 200 127 67
0:0:0:0:0:0:0:1 - - [01/Mar/2019:09:27:17 +0800] "GET /manage/study/getUserDataInfo?id=285 HTTP/1.1" 200 2017 74
0:0:0:0:0:0:0:1 - - [01/Mar/2019:09:27:17 +0800] "GET /favicon.ico HTTP/1.1" 200 946 6
0:0:0:0:0:0:0:1 - - [01/Mar/2019:09:27:20 +0800] "GET /manage/study/getUserStudyInfo?timeType=3&id=285 HTTP/1.1" 200 852 398
0:0:0:0:0:0:0:1 - - [01/Mar/2019:09:27:23 +0800] "GET /manage/study/getUserStudyInfo?month=2019-02&timeType=3&id=285 HTTP/1.1" 200 1227 353
0:0:0:0:0:0:0:1 - - [01/Mar/2019:15:54:38 +0800] "GET /app/parents/toAssess?token=WFr6IqOStwtoomB5kehPNw== HTTP/1.1" 200 75 3029
0:0:0:0:0:0:0:1 - - [01/Mar/2019:15:54:38 +0800] "GET /favicon.ico HTTP/1.1" 200 946 32
0:0:0:0:0:0:0:1 - - [01/Mar/2019:15:56:00 +0800] "GET /app/parents/toAssess?token=WFr6IqOStwtoomB5kehPNw== HTTP/1.1" 200 75 59046
0:0:0:0:0:0:0:1 - - [01/Mar/2019:15:56:01 +0800] "GET /favicon.ico HTTP/1.1" 200 946 8
0:0:0:0:0:0:0:1 - - [01/Mar/2019:15:56:50 +0800] "GET /app/parents/toAssess?token=WFr6IqOStwtoomB5kehPNw== HTTP/1.1" 200 128 8081
0:0:0:0:0:0:0:1 - - [01/Mar/2019:15:56:51 +0800] "GET /favicon.ico HTTP/1.1" 200 946 17
0:0:0:0:0:0:0:1 - - [01/Mar/2019:16:11:35 +0800] "GET / HTTP/1.1" 200 3153 576
0:0:0:0:0:0:0:1 - - [01/Mar/2019:16:11:35 +0800] "GET /static/js/jquery-2.1.1.js HTTP/1.1" 200 84247 68
0:0:0:0:0:0:0:1 - - [01/Mar/2019:16:11:35 +0800] "GET /static/css/login/simple-line-icons.css HTTP/1.1" 200 11717 68
0:0:0:0:0:0:0:1 - - [01/Mar/2019:16:11:35 +0800] "GET /static/css/login/app.css HTTP/1.1" 200 107542 69
0:0:0:0:0:0:0:1 - - [01/Mar/2019:16:11:35 +0800] "GET /static/css/login/bootstrap.css HTTP/1.1" 200 126970 83
0:0:0:0:0:0:0:1 - - [01/Mar/2019:16:11:35 +0800] "GET /static/js/jquery-2.1.1.js HTTP/1.1" 200 84247 37
0:0:0:0:0:0:0:1 - - [01/Mar/2019:16:11:35 +0800] "GET /static/css/login/app.css HTTP/1.1" 200 107542 39
0:0:0:0:0:0:0:1 - - [01/Mar/2019:16:11:35 +0800] "GET /static/css/login/simple-line-icons.css HTTP/1.1" 200 11717 40
0:0:0:0:0:0:0:1 - - [01/Mar/2019:16:11:35 +0800] "GET /static/css/login/bootstrap.css HTTP/1.1" 200 126970 41
0:0:0:0:0:0:0:1 - - [01/Mar/2019:16:11:35 +0800] "GET /static/images/login/yudee_bg.png HTTP/1.1" 200 841898 57
0:0:0:0:0:0:0:1 - - [01/Mar/2019:16:11:38 +0800] "POST /manage/account/login HTTP/1.1" 200 221 1709
0:0:0:0:0:0:0:1 - - [01/Mar/2019:16:11:39 +0800] "GET /manage/account/toindexPage HTTP/1.1" 200 19365 48
0:0:0:0:0:0:0:1 - - [01/Mar/2019:16:11:39 +0800] "GET /static/css/bootstrap-switch.css HTTP/1.1" 200 6993 7
0:0:0:0:0:0:0:1 - - [01/Mar/2019:16:11:39 +0800] "GET /static/js/plugins/gritter/jquery.gritter.css HTTP/1.1" 200 2556 16
0:0:0:0:0:0:0:1 - - [01/Mar/2019:16:11:39 +0800] "GET /static/css/plugins/toastr/toastr.min.css HTTP/1.1" 200 6882 17
0:0:0:0:0:0:0:1 - - [01/Mar/2019:16:11:39 +0800] "GET /static/css/bootstrap.min.css HTTP/1.1" 200 117305 29
0:0:0:0:0:0:0:1 - - [01/Mar/2019:16:11:39 +0800] "GET /static/css/plugins/dataTables/dataTables.tableTools.min.css HTTP/1.1" 200 6601 7
0:0:0:0:0:0:0:1 - - [01/Mar/2019:16:11:39 +0800] "GET /static/css/plugins/dataTables/dataTables.bootstrap.css HTTP/1.1" 200 5178 9
0:0:0:0:0:0:0:1 - - [01/Mar/2019:16:11:39 +0800] "GET /static/css/plugins/datapicker/bootstrap-datetimepicker.min.css HTTP/1.1" 200 7771 6
0:0:0:0:0:0:0:1 - - [01/Mar/2019:16:11:39 +0800] "GET /static/js/jquery-2.1.1.js HTTP/1.1" 200 84247 10
0:0:0:0:0:0:0:1 - - [01/Mar/2019:16:11:40 +0800] "GET /static/css/style.css HTTP/1.1" 200 156956 39
0:0:0:0:0:0:0:1 - - [01/Mar/2019:16:11:40 +0800] "GET /static/js/plugins/metisMenu/jquery.metisMenu.js HTTP/1.1" 200 3265 5
0:0:0:0:0:0:0:1 - - [01/Mar/2019:16:11:40 +0800] "GET /static/js/bootstrap-switch.js HTTP/1.1" 200 26858 7
0:0:0:0:0:0:0:1 - - [01/Mar/2019:16:11:40 +0800] "GET /static/css/plugins/dataTables/dataTables.responsive.css HTTP/1.1" 200 2626 26
0:0:0:0:0:0:0:1 - - [01/Mar/2019:16:11:40 +0800] "GET /static/js/inspinia.js HTTP/1.1" 200 8107 6
0:0:0:0:0:0:0:1 - - [01/Mar/2019:16:11:40 +0800] "GET /static/js/bootstrap.min.js HTTP/1.1" 200 37045 18
0:0:0:0:0:0:0:1 - - [01/Mar/2019:16:11:40 +0800] "GET /static/js/plugins/slimscroll/jquery.slimscroll.min.js HTTP/1.1" 200 4682 12
0:0:0:0:0:0:0:1 - - [01/Mar/2019:16:11:40 +0800] "GET /static/js/plugins/pace/pace.min.js HTTP/1.1" 200 12364 8
0:0:0:0:0:0:0:1 - - [01/Mar/2019:16:11:40 +0800] "GET /static/js/jquery-migrate-1.1.0.min.js HTTP/1.1" 200 6968 6
0:0:0:0:0:0:0:1 - - [01/Mar/2019:16:11:40 +0800] "GET /static/font-awesome/css/font-awesome.css HTTP/1.1" 200 28747 89
0:0:0:0:0:0:0:1 - - [01/Mar/2019:16:11:40 +0800] "GET /static/js/jquery-ui-1.10.4.min.js HTTP/1.1" 200 228539 18
0:0:0:0:0:0:0:1 - - [01/Mar/2019:16:11:40 +0800] "GET /static/js/plugins/dataTables/dataTables.bootstrap.js HTTP/1.1" 200 9614 8
0:0:0:0:0:0:0:1 - - [01/Mar/2019:16:11:40 +0800] "GET /static/js/plugins/dataTables/dataTables.tableTools.min.js HTTP/1.1" 200 31626 7
0:0:0:0:0:0:0:1 - - [01/Mar/2019:16:11:40 +0800] "GET /static/js/plugins/dataTables/dataTables.responsive.js HTTP/1.1" 200 32864 10
0:0:0:0:0:0:0:1 - - [01/Mar/2019:16:11:40 +0800] "GET /static/js/plugins/datapicker/bootstrap-datetimepicker.min.js HTTP/1.1" 200 48881 15
0:0:0:0:0:0:0:1 - - [01/Mar/2019:16:11:40 +0800] "GET /static/js/plugins/jsTree/jstree.min.js HTTP/1.1" 200 118089 20
0:0:0:0:0:0:0:1 - - [01/Mar/2019:16:11:40 +0800] "GET /static/css/animate.css HTTP/1.1" 200 68411 121
0:0:0:0:0:0:0:1 - - [01/Mar/2019:16:11:40 +0800] "GET /static/js/layer/layer.js HTTP/1.1" 200 25196 9
0:0:0:0:0:0:0:1 - - [01/Mar/2019:16:11:40 +0800] "GET /static/js/plugins/chosen/chosen.jquery.js HTTP/1.1" 200 51376 16
0:0:0:0:0:0:0:1 - - [01/Mar/2019:16:11:40 +0800] "GET /static/js/plugins/datapicker/Moment.js HTTP/1.1" 200 387799 43
0:0:0:0:0:0:0:1 - - [01/Mar/2019:16:11:40 +0800] "GET /static/js/jquery.ajaxfileupload.js HTTP/1.1" 200 5785 5
0:0:0:0:0:0:0:1 - - [01/Mar/2019:16:11:40 +0800] "GET /static/images/page/baidumarker.png HTTP/1.1" 200 2877 8
0:0:0:0:0:0:0:1 - - [01/Mar/2019:16:11:40 +0800] "GET /static/js/plugins/dataTables/jquery.dataTables.js HTTP/1.1" 200 434957 80
0:0:0:0:0:0:0:1 - - [01/Mar/2019:16:11:40 +0800] "GET /static/js/sha1.js HTTP/1.1" 200 5752 9
0:0:0:0:0:0:0:1 - - [01/Mar/2019:16:11:40 +0800] "GET /static/ckeditor/ckeditor.js HTTP/1.1" 200 567997 94
0:0:0:0:0:0:0:1 - - [01/Mar/2019:16:11:40 +0800] "GET /static/js/layer/skin/layer.css HTTP/1.1" 200 14048 6
0:0:0:0:0:0:0:1 - - [01/Mar/2019:16:11:40 +0800] "GET /static/css/patterns/header-profile.png HTTP/1.1" 200 5877 7
0:0:0:0:0:0:0:1 - - [01/Mar/2019:16:11:40 +0800] "GET /static/font-awesome/fonts/fontawesome-webfont.woff2?v=4.3.0 HTTP/1.1" 200 56780 8
0:0:0:0:0:0:0:1 - - [01/Mar/2019:16:11:40 +0800] "POST /manage/account/getUserAccessList HTTP/1.1" 200 8121 121
0:0:0:0:0:0:0:1 - - [01/Mar/2019:16:11:42 +0800] "GET /manage/roll/topcdiAndabc/resultPage HTTP/1.1" 200 29966 28
0:0:0:0:0:0:0:1 - - [01/Mar/2019:16:11:42 +0800] "GET /static/css/bootstrap-switch.css HTTP/1.1" 200 6993 4
0:0:0:0:0:0:0:1 - - [01/Mar/2019:16:11:42 +0800] "GET /static/font-awesome/css/font-awesome.css HTTP/1.1" 200 28747 4
0:0:0:0:0:0:0:1 - - [01/Mar/2019:16:11:42 +0800] "GET /static/js/plugins/gritter/jquery.gritter.css HTTP/1.1" 200 2556 3
0:0:0:0:0:0:0:1 - - [01/Mar/2019:16:11:42 +0800] "GET /static/css/plugins/toastr/toastr.min.css HTTP/1.1" 200 6882 5
0:0:0:0:0:0:0:1 - - [01/Mar/2019:16:11:42 +0800] "GET /static/css/plugins/dataTables/dataTables.responsive.css HTTP/1.1" 200 2626 3
0:0:0:0:0:0:0:1 - - [01/Mar/2019:16:11:42 +0800] "GET /static/css/bootstrap.min.css HTTP/1.1" 200 117305 16
0:0:0:0:0:0:0:1 - - [01/Mar/2019:16:11:42 +0800] "GET /static/css/plugins/dataTables/dataTables.bootstrap.css HTTP/1.1" 200 5178 4
0:0:0:0:0:0:0:1 - - [01/Mar/2019:16:11:42 +0800] "GET /static/css/plugins/dataTables/dataTables.tableTools.min.css HTTP/1.1" 200 6601 3
0:0:0:0:0:0:0:1 - - [01/Mar/2019:16:11:42 +0800] "GET /static/js/jquery-2.1.1.js HTTP/1.1" 200 84247 5
0:0:0:0:0:0:0:1 - - [01/Mar/2019:16:11:42 +0800] "GET /static/css/plugins/datapicker/bootstrap-datetimepicker.min.css HTTP/1.1" 200 7771 3
0:0:0:0:0:0:0:1 - - [01/Mar/2019:16:11:42 +0800] "GET /static/js/bootstrap.min.js HTTP/1.1" 200 37045 4
0:0:0:0:0:0:0:1 - - [01/Mar/2019:16:11:42 +0800] "GET /static/js/plugins/metisMenu/jquery.metisMenu.js HTTP/1.1" 200 3265 4
0:0:0:0:0:0:0:1 - - [01/Mar/2019:16:11:42 +0800] "GET /static/js/plugins/slimscroll/jquery.slimscroll.min.js HTTP/1.1" 200 4682 4
0:0:0:0:0:0:0:1 - - [01/Mar/2019:16:11:42 +0800] "GET /static/js/inspinia.js HTTP/1.1" 200 8107 2
0:0:0:0:0:0:0:1 - - [01/Mar/2019:16:11:42 +0800] "GET /static/js/plugins/pace/pace.min.js HTTP/1.1" 200 12364 3
0:0:0:0:0:0:0:1 - - [01/Mar/2019:16:11:42 +0800] "GET /static/css/animate.css HTTP/1.1" 200 68411 24
0:0:0:0:0:0:0:1 - - [01/Mar/2019:16:11:42 +0800] "GET /static/js/jquery-migrate-1.1.0.min.js HTTP/1.1" 200 6968 3
0:0:0:0:0:0:0:1 - - [01/Mar/2019:16:11:42 +0800] "GET /static/js/bootstrap-switch.js HTTP/1.1" 200 26858 13
0:0:0:0:0:0:0:1 - - [01/Mar/2019:16:11:42 +0800] "GET /static/js/plugins/dataTables/dataTables.bootstrap.js HTTP/1.1" 200 9614 4
0:0:0:0:0:0:0:1 - - [01/Mar/2019:16:11:42 +0800] "GET /static/js/plugins/dataTables/dataTables.responsive.js HTTP/1.1" 200 32864 5
0:0:0:0:0:0:0:1 - - [01/Mar/2019:16:11:42 +0800] "GET /static/js/jquery-ui-1.10.4.min.js HTTP/1.1" 200 228539 18
0:0:0:0:0:0:0:1 - - [01/Mar/2019:16:11:42 +0800] "GET /static/css/style.css HTTP/1.1" 200 156956 42
0:0:0:0:0:0:0:1 - - [01/Mar/2019:16:11:42 +0800] "GET /static/js/plugins/dataTables/dataTables.tableTools.min.js HTTP/1.1" 200 31626 4
0:0:0:0:0:0:0:1 - - [01/Mar/2019:16:11:42 +0800] "GET /static/js/plugins/chosen/chosen.jquery.js HTTP/1.1" 200 51376 5
0:0:0:0:0:0:0:1 - - [01/Mar/2019:16:11:42 +0800] "GET /static/js/plugins/jsTree/jstree.min.js HTTP/1.1" 200 118089 9
0:0:0:0:0:0:0:1 - - [01/Mar/2019:16:11:42 +0800] "GET /static/js/layer/layer.js HTTP/1.1" 200 25196 6
0:0:0:0:0:0:0:1 - - [01/Mar/2019:16:11:42 +0800] "GET /static/js/sha1.js HTTP/1.1" 200 5752 4
0:0:0:0:0:0:0:1 - - [01/Mar/2019:16:11:42 +0800] "GET /static/js/plugins/dataTables/jquery.dataTables.js HTTP/1.1" 200 434957 31
0:0:0:0:0:0:0:1 - - [01/Mar/2019:16:11:42 +0800] "GET /static/js/jquery.ajaxfileupload.js HTTP/1.1" 200 5785 5
0:0:0:0:0:0:0:1 - - [01/Mar/2019:16:11:42 +0800] "GET /static/js/plugins/datapicker/bootstrap-datetimepicker.min.js HTTP/1.1" 200 48881 4
0:0:0:0:0:0:0:1 - - [01/Mar/2019:16:11:42 +0800] "GET /static/js/plugins/datapicker/Moment.js HTTP/1.1" 200 387799 13
0:0:0:0:0:0:0:1 - - [01/Mar/2019:16:11:42 +0800] "GET /static/images/page/baidumarker.png HTTP/1.1" 200 2877 6
0:0:0:0:0:0:0:1 - - [01/Mar/2019:16:11:42 +0800] "GET /static/ckeditor/ckeditor.js HTTP/1.1" 200 567997 63
0:0:0:0:0:0:0:1 - - [01/Mar/2019:16:11:42 +0800] "GET /static/js/layer/skin/layer.css HTTP/1.1" 200 14048 4
0:0:0:0:0:0:0:1 - - [01/Mar/2019:16:11:42 +0800] "GET /static/css/patterns/header-profile.png HTTP/1.1" 200 5877 4
0:0:0:0:0:0:0:1 - - [01/Mar/2019:16:11:42 +0800] "GET /static/font-awesome/fonts/fontawesome-webfont.woff2?v=4.3.0 HTTP/1.1" 200 56780 6
0:0:0:0:0:0:0:1 - - [01/Mar/2019:16:11:42 +0800] "GET /static/fonts/glyphicons-halflings-regular.woff2 HTTP/1.1" 200 18028 6
0:0:0:0:0:0:0:1 - - [01/Mar/2019:16:11:42 +0800] "POST /manage/account/getUserAccessList HTTP/1.1" 200 8121 5
0:0:0:0:0:0:0:1 - - [01/Mar/2019:16:11:42 +0800] "GET /manage/roll/getresultList.ajax?draw=1&columns%5B0%5D%5Bdata%5D=id&columns%5B0%5D%5Bname%5D=id&columns%5B0%5D%5Bsearchable%5D=true&columns%5B0%5D%5Borderable%5D=false&columns%5B0%5D%5Bsearch%5D%5Bvalue%5D=&columns%5B0%5D%5Bsearch%5D%5Bregex%5D=false&columns%5B1%5D%5Bdata%5D=name&columns%5B1%5D%5Bname%5D=name&columns%5B1%5D%5Bsearchable%5D=true&columns%5B1%5D%5Borderable%5D=false&columns%5B1%5D%5Bsearch%5D%5Bvalue%5D=&columns%5B1%5D%5Bsearch%5D%5Bregex%5D=false&columns%5B2%5D%5Bdata%5D=sex&columns%5B2%5D%5Bname%5D=sex&columns%5B2%5D%5Bsearchable%5D=true&columns%5B2%5D%5Borderable%5D=false&columns%5B2%5D%5Bsearch%5D%5Bvalue%5D=&columns%5B2%5D%5Bsearch%5D%5Bregex%5D=false&columns%5B3%5D%5Bdata%5D=birthDate&columns%5B3%5D%5Bname%5D=birthDate&columns%5B3%5D%5Bsearchable%5D=true&columns%5B3%5D%5Borderable%5D=false&columns%5B3%5D%5Bsearch%5D%5Bvalue%5D=&columns%5B3%5D%5Bsearch%5D%5Bregex%5D=false&columns%5B4%5D%5Bdata%5D=phone&columns%5B4%5D%5Bname%5D=phone&columns%5B4%5D%5Bsearchable%5D=true&columns%5B4%5D%5Borderable%5D=false&columns%5B4%5D%5Bsearch%5D%5Bvalue%5D=&columns%5B4%5D%5Bsearch%5D%5Bregex%5D=false&columns%5B5%5D%5Bdata%5D=type&columns%5B5%5D%5Bname%5D=type&columns%5B5%5D%5Bsearchable%5D=true&columns%5B5%5D%5Borderable%5D=false&columns%5B5%5D%5Bsearch%5D%5Bvalue%5D=&columns%5B5%5D%5Bsearch%5D%5Bregex%5D=false&columns%5B6%5D%5Bdata%5D=isValid&columns%5B6%5D%5Bname%5D=isValid&columns%5B6%5D%5Bsearchable%5D=true&columns%5B6%5D%5Borderable%5D=false&columns%5B6%5D%5Bsearch%5D%5Bvalue%5D=&columns%5B6%5D%5Bsearch%5D%5Bregex%5D=false&columns%5B7%5D%5Bdata%5D=score&columns%5B7%5D%5Bname%5D=score&columns%5B7%5D%5Bsearchable%5D=true&columns%5B7%5D%5Borderable%5D=false&columns%5B7%5D%5Bsearch%5D%5Bvalue%5D=&columns%5B7%5D%5Bsearch%5D%5Bregex%5D=false&columns%5B8%5D%5Bdata%5D=createTime&columns%5B8%5D%5Bname%5D=createTime&columns%5B8%5D%5Bsearchable%5D=true&columns%5B8%5D%5Borderable%5D=false&columns%5B8%5D%5Bsearch%5D%5Bvalue%5D=&columns%5B8%5D%5Bsearch%5D%5Bregex%5D=false&columns%5B9%5D%5Bdata%5D=id&columns%5B9%5D%5Bname%5D=id&columns%5B9%5D%5Bsearchable%5D=true&columns%5B9%5D%5Borderable%5D=false&columns%5B9%5D%5Bsearch%5D%5Bvalue%5D=&columns%5B9%5D%5Bsearch%5D%5Bregex%5D=false&start=0&length=10&search%5Bvalue%5D=&search%5Bregex%5D=false&_=1551427902361 HTTP/1.1" 200 4523 93
0:0:0:0:0:0:0:1 - - [01/Mar/2019:16:11:52 +0800] "GET /manage/roll/getresultList.ajax?draw=2&columns%5B0%5D%5Bdata%5D=id&columns%5B0%5D%5Bname%5D=id&columns%5B0%5D%5Bsearchable%5D=true&columns%5B0%5D%5Borderable%5D=false&columns%5B0%5D%5Bsearch%5D%5Bvalue%5D=&columns%5B0%5D%5Bsearch%5D%5Bregex%5D=false&columns%5B1%5D%5Bdata%5D=name&columns%5B1%5D%5Bname%5D=name&columns%5B1%5D%5Bsearchable%5D=true&columns%5B1%5D%5Borderable%5D=false&columns%5B1%5D%5Bsearch%5D%5Bvalue%5D=&columns%5B1%5D%5Bsearch%5D%5Bregex%5D=false&columns%5B2%5D%5Bdata%5D=sex&columns%5B2%5D%5Bname%5D=sex&columns%5B2%5D%5Bsearchable%5D=true&columns%5B2%5D%5Borderable%5D=false&columns%5B2%5D%5Bsearch%5D%5Bvalue%5D=&columns%5B2%5D%5Bsearch%5D%5Bregex%5D=false&columns%5B3%5D%5Bdata%5D=birthDate&columns%5B3%5D%5Bname%5D=birthDate&columns%5B3%5D%5Bsearchable%5D=true&columns%5B3%5D%5Borderable%5D=false&columns%5B3%5D%5Bsearch%5D%5Bvalue%5D=&columns%5B3%5D%5Bsearch%5D%5Bregex%5D=false&columns%5B4%5D%5Bdata%5D=phone&columns%5B4%5D%5Bname%5D=phone&columns%5B4%5D%5Bsearchable%5D=true&columns%5B4%5D%5Borderable%5D=false&columns%5B4%5D%5Bsearch%5D%5Bvalue%5D=&columns%5B4%5D%5Bsearch%5D%5Bregex%5D=false&columns%5B5%5D%5Bdata%5D=type&columns%5B5%5D%5Bname%5D=type&columns%5B5%5D%5Bsearchable%5D=true&columns%5B5%5D%5Borderable%5D=false&columns%5B5%5D%5Bsearch%5D%5Bvalue%5D=&columns%5B5%5D%5Bsearch%5D%5Bregex%5D=false&columns%5B6%5D%5Bdata%5D=isValid&columns%5B6%5D%5Bname%5D=isValid&columns%5B6%5D%5Bsearchable%5D=true&columns%5B6%5D%5Borderable%5D=false&columns%5B6%5D%5Bsearch%5D%5Bvalue%5D=&columns%5B6%5D%5Bsearch%5D%5Bregex%5D=false&columns%5B7%5D%5Bdata%5D=score&columns%5B7%5D%5Bname%5D=score&columns%5B7%5D%5Bsearchable%5D=true&columns%5B7%5D%5Borderable%5D=false&columns%5B7%5D%5Bsearch%5D%5Bvalue%5D=&columns%5B7%5D%5Bsearch%5D%5Bregex%5D=false&columns%5B8%5D%5Bdata%5D=createTime&columns%5B8%5D%5Bname%5D=createTime&columns%5B8%5D%5Bsearchable%5D=true&columns%5B8%5D%5Borderable%5D=false&columns%5B8%5D%5Bsearch%5D%5Bvalue%5D=&columns%5B8%5D%5Bsearch%5D%5Bregex%5D=false&columns%5B9%5D%5Bdata%5D=id&columns%5B9%5D%5Bname%5D=id&columns%5B9%5D%5Bsearchable%5D=true&columns%5B9%5D%5Borderable%5D=false&columns%5B9%5D%5Bsearch%5D%5Bvalue%5D=&columns%5B9%5D%5Bsearch%5D%5Bregex%5D=false&start=0&length=10&search%5Bvalue%5D=&search%5Bregex%5D=false&type=&name=%E4%B8%80%E4%BA%8C%E4%B8%89&phone=&sex=&valid=&birthdate=&_=1551427902362 HTTP/1.1" 200 1677 31
0:0:0:0:0:0:0:1 - - [01/Mar/2019:16:11:56 +0800] "GET /static/css/bootstrap-switch.css HTTP/1.1" 200 6993 4
0:0:0:0:0:0:0:1 - - [01/Mar/2019:16:11:56 +0800] "GET /static/css/plugins/toastr/toastr.min.css HTTP/1.1" 200 6882 4
0:0:0:0:0:0:0:1 - - [01/Mar/2019:16:11:56 +0800] "GET /static/js/plugins/gritter/jquery.gritter.css HTTP/1.1" 200 2556 4
0:0:0:0:0:0:0:1 - - [01/Mar/2019:16:11:56 +0800] "GET /static/font-awesome/css/font-awesome.css HTTP/1.1" 200 28747 8
0:0:0:0:0:0:0:1 - - [01/Mar/2019:16:11:56 +0800] "GET /static/css/plugins/dataTables/dataTables.responsive.css HTTP/1.1" 200 2626 3
0:0:0:0:0:0:0:1 - - [01/Mar/2019:16:11:56 +0800] "GET /static/css/plugins/dataTables/dataTables.bootstrap.css HTTP/1.1" 200 5178 5
0:0:0:0:0:0:0:1 - - [01/Mar/2019:16:11:56 +0800] "GET /static/css/plugins/dataTables/dataTables.tableTools.min.css HTTP/1.1" 200 6601 5
0:0:0:0:0:0:0:1 - - [01/Mar/2019:16:11:56 +0800] "GET /static/css/plugins/datapicker/bootstrap-datetimepicker.min.css HTTP/1.1" 200 7771 6
0:0:0:0:0:0:0:1 - - [01/Mar/2019:16:11:56 +0800] "GET /static/css/style.css HTTP/1.1" 200 156956 16
0:0:0:0:0:0:0:1 - - [01/Mar/2019:16:11:56 +0800] "GET /static/js/bootstrap-switch.js HTTP/1.1" 200 26858 4
0:0:0:0:0:0:0:1 - - [01/Mar/2019:16:11:56 +0800] "GET /static/js/bootstrap.min.js HTTP/1.1" 200 37045 6
0:0:0:0:0:0:0:1 - - [01/Mar/2019:16:11:56 +0800] "GET /static/js/plugins/metisMenu/jquery.metisMenu.js HTTP/1.1" 200 3265 3
0:0:0:0:0:0:0:1 - - [01/Mar/2019:16:11:56 +0800] "GET /static/css/bootstrap.min.css HTTP/1.1" 200 117305 54
0:0:0:0:0:0:0:1 - - [01/Mar/2019:16:11:56 +0800] "GET /static/js/jquery-2.1.1.js HTTP/1.1" 200 84247 15
0:0:0:0:0:0:0:1 - - [01/Mar/2019:16:11:56 +0800] "GET /static/js/inspinia.js HTTP/1.1" 200 8107 17
0:0:0:0:0:0:0:1 - - [01/Mar/2019:16:11:56 +0800] "GET /static/js/jquery-migrate-1.1.0.min.js HTTP/1.1" 200 6968 6
0:0:0:0:0:0:0:1 - - [01/Mar/2019:16:11:56 +0800] "GET /static/js/jquery-ui-1.10.4.min.js HTTP/1.1" 200 228539 11
0:0:0:0:0:0:0:1 - - [01/Mar/2019:16:11:56 +0800] "GET /static/js/plugins/slimscroll/jquery.slimscroll.min.js HTTP/1.1" 200 4682 4
0:0:0:0:0:0:0:1 - - [01/Mar/2019:16:11:56 +0800] "GET /manage/roll/topcdiAndabc/resultInfo?id=812 HTTP/1.1" 200 69413 281
0:0:0:0:0:0:0:1 - - [01/Mar/2019:16:11:56 +0800] "GET /static/js/plugins/dataTables/jquery.dataTables.js HTTP/1.1" 200 434957 21
0:0:0:0:0:0:0:1 - - [01/Mar/2019:16:11:56 +0800] "GET /static/ckeditor/ckeditor.js HTTP/1.1" 200 567997 27
0:0:0:0:0:0:0:1 - - [01/Mar/2019:16:11:56 +0800] "GET /static/js/plugins/dataTables/dataTables.bootstrap.js HTTP/1.1" 200 9614 6
0:0:0:0:0:0:0:1 - - [01/Mar/2019:16:11:56 +0800] "GET /static/js/plugins/dataTables/dataTables.responsive.js HTTP/1.1" 200 32864 8
0:0:0:0:0:0:0:1 - - [01/Mar/2019:16:11:56 +0800] "GET /static/js/plugins/dataTables/dataTables.tableTools.min.js HTTP/1.1" 200 31626 8
0:0:0:0:0:0:0:1 - - [01/Mar/2019:16:11:56 +0800] "GET /static/js/plugins/pace/pace.min.js HTTP/1.1" 200 12364 23
0:0:0:0:0:0:0:1 - - [01/Mar/2019:16:11:56 +0800] "GET /static/js/plugins/datapicker/bootstrap-datetimepicker.min.js HTTP/1.1" 200 48881 7
0:0:0:0:0:0:0:1 - - [01/Mar/2019:16:11:56 +0800] "GET /static/js/plugins/datapicker/Moment.js HTTP/1.1" 200 387799 18
0:0:0:0:0:0:0:1 - - [01/Mar/2019:16:11:56 +0800] "GET /static/css/animate.css HTTP/1.1" 200 68411 93
0:0:0:0:0:0:0:1 - - [01/Mar/2019:16:11:56 +0800] "GET /static/js/layer/layer.js HTTP/1.1" 200 25196 7
0:0:0:0:0:0:0:1 - - [01/Mar/2019:16:11:56 +0800] "GET /static/js/jquery.ajaxfileupload.js HTTP/1.1" 200 5785 7
0:0:0:0:0:0:0:1 - - [01/Mar/2019:16:11:56 +0800] "GET /static/js/sha1.js HTTP/1.1" 200 5752 3
0:0:0:0:0:0:0:1 - - [01/Mar/2019:16:11:56 +0800] "GET /static/images/img/select.png HTTP/1.1" 200 3293 4
0:0:0:0:0:0:0:1 - - [01/Mar/2019:16:11:56 +0800] "GET /static/js/plugins/jsTree/jstree.min.js HTTP/1.1" 200 118089 13
0:0:0:0:0:0:0:1 - - [01/Mar/2019:16:11:56 +0800] "GET /static/js/plugins/chosen/chosen.jquery.js HTTP/1.1" 200 51376 9
0:0:0:0:0:0:0:1 - - [01/Mar/2019:16:11:56 +0800] "GET /static/images/page/baidumarker.png HTTP/1.1" 200 2877 9
0:0:0:0:0:0:0:1 - - [01/Mar/2019:16:11:56 +0800] "GET /static/images/img/no_select.png HTTP/1.1" 200 2798 4
0:0:0:0:0:0:0:1 - - [01/Mar/2019:16:11:56 +0800] "GET /static/js/layer/skin/layer.css HTTP/1.1" 200 14048 4
0:0:0:0:0:0:0:1 - - [01/Mar/2019:16:11:57 +0800] "GET /static/css/patterns/header-profile.png HTTP/1.1" 200 5877 6
0:0:0:0:0:0:0:1 - - [01/Mar/2019:16:11:57 +0800] "GET /static/images/img/no_select.png HTTP/1.1" 200 2798 3
0:0:0:0:0:0:0:1 - - [01/Mar/2019:16:11:57 +0800] "GET /static/images/img/select.png HTTP/1.1" 200 3293 4
0:0:0:0:0:0:0:1 - - [01/Mar/2019:16:11:57 +0800] "GET /static/font-awesome/fonts/fontawesome-webfont.woff2?v=4.3.0 HTTP/1.1" 200 56780 6
0:0:0:0:0:0:0:1 - - [01/Mar/2019:16:11:57 +0800] "POST /manage/account/getUserAccessList HTTP/1.1" 200 8121 6
0:0:0:0:0:0:0:1 - - [01/Mar/2019:16:11:58 +0800] "GET /static/css/bootstrap-switch.css HTTP/1.1" 200 6993 3
0:0:0:0:0:0:0:1 - - [01/Mar/2019:16:11:58 +0800] "GET /static/js/plugins/gritter/jquery.gritter.css HTTP/1.1" 200 2556 3
0:0:0:0:0:0:0:1 - - [01/Mar/2019:16:11:58 +0800] "GET /static/font-awesome/css/font-awesome.css HTTP/1.1" 200 28747 7
0:0:0:0:0:0:0:1 - - [01/Mar/2019:16:11:58 +0800] "GET /static/css/plugins/toastr/toastr.min.css HTTP/1.1" 200 6882 5
0:0:0:0:0:0:0:1 - - [01/Mar/2019:16:11:58 +0800] "GET /static/css/plugins/dataTables/dataTables.responsive.css HTTP/1.1" 200 2626 4
0:0:0:0:0:0:0:1 - - [01/Mar/2019:16:11:59 +0800] "GET /static/css/bootstrap.min.css HTTP/1.1" 200 117305 16
0:0:0:0:0:0:0:1 - - [01/Mar/2019:16:11:59 +0800] "GET /static/css/plugins/dataTables/dataTables.bootstrap.css HTTP/1.1" 200 5178 4
0:0:0:0:0:0:0:1 - - [01/Mar/2019:16:11:59 +0800] "GET /static/css/plugins/datapicker/bootstrap-datetimepicker.min.css HTTP/1.1" 200 7771 4
0:0:0:0:0:0:0:1 - - [01/Mar/2019:16:11:59 +0800] "GET /static/css/plugins/dataTables/dataTables.tableTools.min.css HTTP/1.1" 200 6601 2
0:0:0:0:0:0:0:1 - - [01/Mar/2019:16:11:59 +0800] "GET /static/css/style.css HTTP/1.1" 200 156956 18
0:0:0:0:0:0:0:1 - - [01/Mar/2019:16:11:59 +0800] "GET /static/css/animate.css HTTP/1.1" 200 68411 27
0:0:0:0:0:0:0:1 - - [01/Mar/2019:16:11:59 +0800] "GET /static/js/layer/skin/layer.css HTTP/1.1" 200 14048 3
0:0:0:0:0:0:0:1 - - [01/Mar/2019:16:11:59 +0800] "GET /static/fonts/glyphicons-halflings-regular.woff2 HTTP/1.1" 200 18028 5
0:0:0:0:0:0:0:1 - - [01/Mar/2019:16:11:59 +0800] "POST /manage/account/getUserAccessList HTTP/1.1" 200 8121 5
0:0:0:0:0:0:0:1 - - [01/Mar/2019:16:11:59 +0800] "GET /manage/roll/getresultList.ajax?draw=1&columns%5B0%5D%5Bdata%5D=id&columns%5B0%5D%5Bname%5D=id&columns%5B0%5D%5Bsearchable%5D=true&columns%5B0%5D%5Borderable%5D=false&columns%5B0%5D%5Bsearch%5D%5Bvalue%5D=&columns%5B0%5D%5Bsearch%5D%5Bregex%5D=false&columns%5B1%5D%5Bdata%5D=name&columns%5B1%5D%5Bname%5D=name&columns%5B1%5D%5Bsearchable%5D=true&columns%5B1%5D%5Borderable%5D=false&columns%5B1%5D%5Bsearch%5D%5Bvalue%5D=&columns%5B1%5D%5Bsearch%5D%5Bregex%5D=false&columns%5B2%5D%5Bdata%5D=sex&columns%5B2%5D%5Bname%5D=sex&columns%5B2%5D%5Bsearchable%5D=true&columns%5B2%5D%5Borderable%5D=false&columns%5B2%5D%5Bsearch%5D%5Bvalue%5D=&columns%5B2%5D%5Bsearch%5D%5Bregex%5D=false&columns%5B3%5D%5Bdata%5D=birthDate&columns%5B3%5D%5Bname%5D=birthDate&columns%5B3%5D%5Bsearchable%5D=true&columns%5B3%5D%5Borderable%5D=false&columns%5B3%5D%5Bsearch%5D%5Bvalue%5D=&columns%5B3%5D%5Bsearch%5D%5Bregex%5D=false&columns%5B4%5D%5Bdata%5D=phone&columns%5B4%5D%5Bname%5D=phone&columns%5B4%5D%5Bsearchable%5D=true&columns%5B4%5D%5Borderable%5D=false&columns%5B4%5D%5Bsearch%5D%5Bvalue%5D=&columns%5B4%5D%5Bsearch%5D%5Bregex%5D=false&columns%5B5%5D%5Bdata%5D=type&columns%5B5%5D%5Bname%5D=type&columns%5B5%5D%5Bsearchable%5D=true&columns%5B5%5D%5Borderable%5D=false&columns%5B5%5D%5Bsearch%5D%5Bvalue%5D=&columns%5B5%5D%5Bsearch%5D%5Bregex%5D=false&columns%5B6%5D%5Bdata%5D=isValid&columns%5B6%5D%5Bname%5D=isValid&columns%5B6%5D%5Bsearchable%5D=true&columns%5B6%5D%5Borderable%5D=false&columns%5B6%5D%5Bsearch%5D%5Bvalue%5D=&columns%5B6%5D%5Bsearch%5D%5Bregex%5D=false&columns%5B7%5D%5Bdata%5D=score&columns%5B7%5D%5Bname%5D=score&columns%5B7%5D%5Bsearchable%5D=true&columns%5B7%5D%5Borderable%5D=false&columns%5B7%5D%5Bsearch%5D%5Bvalue%5D=&columns%5B7%5D%5Bsearch%5D%5Bregex%5D=false&columns%5B8%5D%5Bdata%5D=createTime&columns%5B8%5D%5Bname%5D=createTime&columns%5B8%5D%5Bsearchable%5D=true&columns%5B8%5D%5Borderable%5D=false&columns%5B8%5D%5Bsearch%5D%5Bvalue%5D=&columns%5B8%5D%5Bsearch%5D%5Bregex%5D=false&columns%5B9%5D%5Bdata%5D=id&columns%5B9%5D%5Bname%5D=id&columns%5B9%5D%5Bsearchable%5D=true&columns%5B9%5D%5Borderable%5D=false&columns%5B9%5D%5Bsearch%5D%5Bvalue%5D=&columns%5B9%5D%5Bsearch%5D%5Bregex%5D=false&start=0&length=10&search%5Bvalue%5D=&search%5Bregex%5D=false&_=1551427919040 HTTP/1.1" 200 4523 29
0:0:0:0:0:0:0:1 - - [01/Mar/2019:16:12:42 +0800] "GET /manage/workbench/toWorkBenchPage HTTP/1.1" 302 - 362
0:0:0:0:0:0:0:1 - - [01/Mar/2019:16:12:42 +0800] "GET /manage/account/toLogin HTTP/1.1" 200 3153 125
0:0:0:0:0:0:0:1 - - [01/Mar/2019:16:12:42 +0800] "GET /static/css/login/simple-line-icons.css HTTP/1.1" 200 11717 50
0:0:0:0:0:0:0:1 - - [01/Mar/2019:16:12:42 +0800] "GET /static/js/jquery-2.1.1.js HTTP/1.1" 200 84247 65
0:0:0:0:0:0:0:1 - - [01/Mar/2019:16:12:42 +0800] "GET /static/css/login/app.css HTTP/1.1" 200 107542 61
0:0:0:0:0:0:0:1 - - [01/Mar/2019:16:12:42 +0800] "GET /static/css/login/bootstrap.css HTTP/1.1" 200 126970 70
0:0:0:0:0:0:0:1 - - [01/Mar/2019:16:12:42 +0800] "GET /static/images/login/yudee_bg.png HTTP/1.1" 200 841898 51
0:0:0:0:0:0:0:1 - - [01/Mar/2019:16:12:44 +0800] "POST /manage/account/login HTTP/1.1" 200 221 890
0:0:0:0:0:0:0:1 - - [01/Mar/2019:16:12:45 +0800] "GET /manage/account/toindexPage HTTP/1.1" 200 19365 48
0:0:0:0:0:0:0:1 - - [01/Mar/2019:16:12:45 +0800] "GET /static/css/bootstrap-switch.css HTTP/1.1" 200 6993 13
0:0:0:0:0:0:0:1 - - [01/Mar/2019:16:12:45 +0800] "GET /static/js/plugins/gritter/jquery.gritter.css HTTP/1.1" 200 2556 6
0:0:0:0:0:0:0:1 - - [01/Mar/2019:16:12:45 +0800] "GET /static/css/animate.css HTTP/1.1" 200 68411 8
0:0:0:0:0:0:0:1 - - [01/Mar/2019:16:12:45 +0800] "GET /static/css/plugins/toastr/toastr.min.css HTTP/1.1" 200 6882 25
0:0:0:0:0:0:0:1 - - [01/Mar/2019:16:12:45 +0800] "GET /static/css/plugins/dataTables/dataTables.bootstrap.css HTTP/1.1" 200 5178 6
0:0:0:0:0:0:0:1 - - [01/Mar/2019:16:12:45 +0800] "GET /static/css/plugins/dataTables/dataTables.responsive.css HTTP/1.1" 200 2626 6
0:0:0:0:0:0:0:1 - - [01/Mar/2019:16:12:45 +0800] "GET /static/css/plugins/datapicker/bootstrap-datetimepicker.min.css HTTP/1.1" 200 7771 6
0:0:0:0:0:0:0:1 - - [01/Mar/2019:16:12:45 +0800] "GET /static/font-awesome/css/font-awesome.css HTTP/1.1" 200 28747 41
0:0:0:0:0:0:0:1 - - [01/Mar/2019:16:12:45 +0800] "GET /static/css/plugins/dataTables/dataTables.tableTools.min.css HTTP/1.1" 200 6601 27
0:0:0:0:0:0:0:1 - - [01/Mar/2019:16:12:45 +0800] "GET /static/js/bootstrap.min.js HTTP/1.1" 200 37045 25
0:0:0:0:0:0:0:1 - - [01/Mar/2019:16:12:45 +0800] "GET /static/js/jquery-2.1.1.js HTTP/1.1" 200 84247 21
0:0:0:0:0:0:0:1 - - [01/Mar/2019:16:12:45 +0800] "GET /static/js/bootstrap-switch.js HTTP/1.1" 200 26858 18
0:0:0:0:0:0:0:1 - - [01/Mar/2019:16:12:45 +0800] "GET /static/js/plugins/metisMenu/jquery.metisMenu.js HTTP/1.1" 200 3265 7
0:0:0:0:0:0:0:1 - - [01/Mar/2019:16:12:45 +0800] "GET /static/js/inspinia.js HTTP/1.1" 200 8107 5
0:0:0:0:0:0:0:1 - - [01/Mar/2019:16:12:45 +0800] "GET /static/js/plugins/slimscroll/jquery.slimscroll.min.js HTTP/1.1" 200 4682 25
0:0:0:0:0:0:0:1 - - [01/Mar/2019:16:12:45 +0800] "GET /static/css/style.css HTTP/1.1" 200 156956 83
0:0:0:0:0:0:0:1 - - [01/Mar/2019:16:12:45 +0800] "GET /static/css/bootstrap.min.css HTTP/1.1" 200 117305 97
0:0:0:0:0:0:0:1 - - [01/Mar/2019:16:12:45 +0800] "GET /static/js/plugins/pace/pace.min.js HTTP/1.1" 200 12364 10
0:0:0:0:0:0:0:1 - - [01/Mar/2019:16:12:45 +0800] "GET /static/js/plugins/dataTables/dataTables.bootstrap.js HTTP/1.1" 200 9614 7
0:0:0:0:0:0:0:1 - - [01/Mar/2019:16:12:45 +0800] "GET /static/js/jquery-migrate-1.1.0.min.js HTTP/1.1" 200 6968 4
0:0:0:0:0:0:0:1 - - [01/Mar/2019:16:12:45 +0800] "GET /static/js/jquery-ui-1.10.4.min.js HTTP/1.1" 200 228539 40
0:0:0:0:0:0:0:1 - - [01/Mar/2019:16:12:45 +0800] "GET /static/js/plugins/dataTables/dataTables.tableTools.min.js HTTP/1.1" 200 31626 51
0:0:0:0:0:0:0:1 - - [01/Mar/2019:16:12:45 +0800] "GET /static/js/plugins/datapicker/bootstrap-datetimepicker.min.js HTTP/1.1" 200 48881 7
0:0:0:0:0:0:0:1 - - [01/Mar/2019:16:12:45 +0800] "GET /static/js/plugins/jsTree/jstree.min.js HTTP/1.1" 200 118089 10
0:0:0:0:0:0:0:1 - - [01/Mar/2019:16:12:45 +0800] "GET /static/js/layer/layer.js HTTP/1.1" 200 25196 13
0:0:0:0:0:0:0:1 - - [01/Mar/2019:16:12:45 +0800] "GET /static/js/plugins/dataTables/dataTables.responsive.js HTTP/1.1" 200 32864 79
0:0:0:0:0:0:0:1 - - [01/Mar/2019:16:12:45 +0800] "GET /static/js/plugins/chosen/chosen.jquery.js HTTP/1.1" 200 51376 15
0:0:0:0:0:0:0:1 - - [01/Mar/2019:16:12:45 +0800] "GET /static/js/plugins/datapicker/Moment.js HTTP/1.1" 200 387799 84
0:0:0:0:0:0:0:1 - - [01/Mar/2019:16:12:45 +0800] "GET /static/js/sha1.js HTTP/1.1" 200 5752 9
0:0:0:0:0:0:0:1 - - [01/Mar/2019:16:12:45 +0800] "GET /static/js/plugins/dataTables/jquery.dataTables.js HTTP/1.1" 200 434957 105
0:0:0:0:0:0:0:1 - - [01/Mar/2019:16:12:45 +0800] "GET /static/images/page/baidumarker.png HTTP/1.1" 200 2877 6
0:0:0:0:0:0:0:1 - - [01/Mar/2019:16:12:45 +0800] "GET /static/js/jquery.ajaxfileupload.js HTTP/1.1" 200 5785 4
0:0:0:0:0:0:0:1 - - [01/Mar/2019:16:12:45 +0800] "GET /static/ckeditor/ckeditor.js HTTP/1.1" 200 567997 110
0:0:0:0:0:0:0:1 - - [01/Mar/2019:16:12:45 +0800] "GET /static/js/layer/skin/layer.css HTTP/1.1" 200 14048 5
0:0:0:0:0:0:0:1 - - [01/Mar/2019:16:12:45 +0800] "GET /static/css/patterns/header-profile.png HTTP/1.1" 200 5877 4
0:0:0:0:0:0:0:1 - - [01/Mar/2019:16:12:45 +0800] "GET /static/font-awesome/fonts/fontawesome-webfont.woff2?v=4.3.0 HTTP/1.1" 200 56780 6
0:0:0:0:0:0:0:1 - - [01/Mar/2019:16:12:45 +0800] "POST /manage/account/getUserAccessList HTTP/1.1" 200 8121 99
0:0:0:0:0:0:0:1 - - [01/Mar/2019:16:12:47 +0800] "GET /manage/workbench/toWorkBenchPage HTTP/1.1" 200 32072 220
0:0:0:0:0:0:0:1 - - [01/Mar/2019:16:12:47 +0800] "GET /static/css/bootstrap-switch.css HTTP/1.1" 200 6993 4
0:0:0:0:0:0:0:1 - - [01/Mar/2019:16:12:47 +0800] "GET /static/font-awesome/css/font-awesome.css HTTP/1.1" 200 28747 8
0:0:0:0:0:0:0:1 - - [01/Mar/2019:16:12:47 +0800] "GET /static/css/plugins/toastr/toastr.min.css HTTP/1.1" 200 6882 5
0:0:0:0:0:0:0:1 - - [01/Mar/2019:16:12:47 +0800] "GET /static/js/plugins/gritter/jquery.gritter.css HTTP/1.1" 200 2556 5
0:0:0:0:0:0:0:1 - - [01/Mar/2019:16:12:47 +0800] "GET /static/css/bootstrap.min.css HTTP/1.1" 200 117305 19
0:0:0:0:0:0:0:1 - - [01/Mar/2019:16:12:47 +0800] "GET /static/css/plugins/dataTables/dataTables.responsive.css HTTP/1.1" 200 2626 5
0:0:0:0:0:0:0:1 - - [01/Mar/2019:16:12:47 +0800] "GET /static/css/plugins/datapicker/bootstrap-datetimepicker.min.css HTTP/1.1" 200 7771 4
0:0:0:0:0:0:0:1 - - [01/Mar/2019:16:12:47 +0800] "GET /static/css/animate.css HTTP/1.1" 200 68411 13
0:0:0:0:0:0:0:1 - - [01/Mar/2019:16:12:47 +0800] "GET /static/css/plugins/dataTables/dataTables.bootstrap.css HTTP/1.1" 200 5178 5
0:0:0:0:0:0:0:1 - - [01/Mar/2019:16:12:47 +0800] "GET /static/css/plugins/dataTables/dataTables.tableTools.min.css HTTP/1.1" 200 6601 6
0:0:0:0:0:0:0:1 - - [01/Mar/2019:16:12:47 +0800] "GET /static/js/bootstrap-switch.js HTTP/1.1" 200 26858 4
0:0:0:0:0:0:0:1 - - [01/Mar/2019:16:12:47 +0800] "GET /static/js/inspinia.js HTTP/1.1" 200 8107 3
0:0:0:0:0:0:0:1 - - [01/Mar/2019:16:12:47 +0800] "GET /static/js/bootstrap.min.js HTTP/1.1" 200 37045 6
0:0:0:0:0:0:0:1 - - [01/Mar/2019:16:12:47 +0800] "GET /static/js/plugins/metisMenu/jquery.metisMenu.js HTTP/1.1" 200 3265 6
0:0:0:0:0:0:0:1 - - [01/Mar/2019:16:12:47 +0800] "GET /static/js/plugins/pace/pace.min.js HTTP/1.1" 200 12364 4
0:0:0:0:0:0:0:1 - - [01/Mar/2019:16:12:47 +0800] "GET /static/js/plugins/slimscroll/jquery.slimscroll.min.js HTTP/1.1" 200 4682 6
0:0:0:0:0:0:0:1 - - [01/Mar/2019:16:12:47 +0800] "GET /static/js/jquery-migrate-1.1.0.min.js HTTP/1.1" 200 6968 11
0:0:0:0:0:0:0:1 - - [01/Mar/2019:16:12:47 +0800] "GET /static/js/jquery-2.1.1.js HTTP/1.1" 200 84247 23
0:0:0:0:0:0:0:1 - - [01/Mar/2019:16:12:47 +0800] "GET /static/js/jquery-ui-1.10.4.min.js HTTP/1.1" 200 228539 18
0:0:0:0:0:0:0:1 - - [01/Mar/2019:16:12:47 +0800] "GET /static/js/plugins/dataTables/dataTables.responsive.js HTTP/1.1" 200 32864 6
0:0:0:0:0:0:0:1 - - [01/Mar/2019:16:12:47 +0800] "GET /static/js/plugins/dataTables/jquery.dataTables.js HTTP/1.1" 200 434957 18
0:0:0:0:0:0:0:1 - - [01/Mar/2019:16:12:47 +0800] "GET /static/js/plugins/dataTables/dataTables.tableTools.min.js HTTP/1.1" 200 31626 6
0:0:0:0:0:0:0:1 - - [01/Mar/2019:16:12:47 +0800] "GET /static/js/plugins/datapicker/bootstrap-datetimepicker.min.js HTTP/1.1" 200 48881 7
0:0:0:0:0:0:0:1 - - [01/Mar/2019:16:12:47 +0800] "GET /static/js/plugins/dataTables/dataTables.bootstrap.js HTTP/1.1" 200 9614 25
0:0:0:0:0:0:0:1 - - [01/Mar/2019:16:12:47 +0800] "GET /static/js/plugins/jsTree/jstree.min.js HTTP/1.1" 200 118089 11
0:0:0:0:0:0:0:1 - - [01/Mar/2019:16:12:47 +0800] "GET /static/ckeditor/ckeditor.js HTTP/1.1" 200 567997 35
0:0:0:0:0:0:0:1 - - [01/Mar/2019:16:12:47 +0800] "GET /static/css/style.css HTTP/1.1" 200 156956 61
0:0:0:0:0:0:0:1 - - [01/Mar/2019:16:12:47 +0800] "GET /static/js/layer/layer.js HTTP/1.1" 200 25196 5
0:0:0:0:0:0:0:1 - - [01/Mar/2019:16:12:47 +0800] "GET /static/js/jquery.ajaxfileupload.js HTTP/1.1" 200 5785 4
0:0:0:0:0:0:0:1 - - [01/Mar/2019:16:12:47 +0800] "GET /static/images/page/baidumarker.png HTTP/1.1" 200 2877 3
0:0:0:0:0:0:0:1 - - [01/Mar/2019:16:12:47 +0800] "GET /static/js/plugins/datapicker/Moment.js HTTP/1.1" 200 387799 28
0:0:0:0:0:0:0:1 - - [01/Mar/2019:16:12:47 +0800] "GET /static/js/sha1.js HTTP/1.1" 200 5752 8
0:0:0:0:0:0:0:1 - - [01/Mar/2019:16:12:47 +0800] "GET /static/js/plugins/chosen/chosen.jquery.js HTTP/1.1" 200 51376 16
0:0:0:0:0:0:0:1 - - [01/Mar/2019:16:12:47 +0800] "GET /static/js/hjs/jquery.tmpl.min.js HTTP/1.1" 200 6130 5
0:0:0:0:0:0:0:1 - - [01/Mar/2019:16:12:47 +0800] "GET /static/js/hjs/echarts.min.js HTTP/1.1" 200 744675 95
0:0:0:0:0:0:0:1 - - [01/Mar/2019:16:12:47 +0800] "GET /static/js/hjs/api.js HTTP/1.1" 200 2212 4
0:0:0:0:0:0:0:1 - - [01/Mar/2019:16:12:47 +0800] "GET /static/js/layer/skin/layer.css HTTP/1.1" 200 14048 3
0:0:0:0:0:0:0:1 - - [01/Mar/2019:16:12:47 +0800] "GET /static/css/patterns/header-profile.png HTTP/1.1" 200 5877 3
0:0:0:0:0:0:0:1 - - [01/Mar/2019:16:12:47 +0800] "GET /static/font-awesome/fonts/fontawesome-webfont.woff2?v=4.3.0 HTTP/1.1" 200 56780 5
0:0:0:0:0:0:0:1 - - [01/Mar/2019:16:12:47 +0800] "POST /manage/account/getUserAccessList HTTP/1.1" 200 8121 4
0:0:0:0:0:0:0:1 - - [01/Mar/2019:16:12:47 +0800] "GET /XiaoyudiApplication/manage/workbench/getWorkSum HTTP/1.1" 404 162 13
0:0:0:0:0:0:0:1 - - [01/Mar/2019:16:12:47 +0800] "GET /XiaoyudiApplication/manage/workbench/getWorkModule HTTP/1.1" 404 165 12
0:0:0:0:0:0:0:1 - - [01/Mar/2019:16:12:47 +0800] "GET /XiaoyudiApplication/manage/workbench/getWorkday HTTP/1.1" 404 162 27
0:0:0:0:0:0:0:1 - - [01/Mar/2019:16:12:49 +0800] "GET /manage/trainTest/touserDetailList HTTP/1.1" 200 29356 22
0:0:0:0:0:0:0:1 - - [01/Mar/2019:16:12:49 +0800] "GET /static/js/plugins/gritter/jquery.gritter.css HTTP/1.1" 200 2556 4
0:0:0:0:0:0:0:1 - - [01/Mar/2019:16:12:49 +0800] "GET /static/css/plugins/toastr/toastr.min.css HTTP/1.1" 200 6882 5
0:0:0:0:0:0:0:1 - - [01/Mar/2019:16:12:49 +0800] "GET /static/css/animate.css HTTP/1.1" 200 68411 8
0:0:0:0:0:0:0:1 - - [01/Mar/2019:16:12:49 +0800] "GET /static/css/plugins/dataTables/dataTables.bootstrap.css HTTP/1.1" 200 5178 5
0:0:0:0:0:0:0:1 - - [01/Mar/2019:16:12:49 +0800] "GET /static/font-awesome/css/font-awesome.css HTTP/1.1" 200 28747 24
0:0:0:0:0:0:0:1 - - [01/Mar/2019:16:12:49 +0800] "GET /static/css/plugins/dataTables/dataTables.responsive.css HTTP/1.1" 200 2626 4
0:0:0:0:0:0:0:1 - - [01/Mar/2019:16:12:49 +0800] "GET /static/css/bootstrap.min.css HTTP/1.1" 200 117305 36
0:0:0:0:0:0:0:1 - - [01/Mar/2019:16:12:49 +0800] "GET /static/css/style.css HTTP/1.1" 200 156956 12
0:0:0:0:0:0:0:1 - - [01/Mar/2019:16:12:49 +0800] "GET /static/js/bootstrap.min.js HTTP/1.1" 200 37045 6
0:0:0:0:0:0:0:1 - - [01/Mar/2019:16:12:49 +0800] "GET /static/css/plugins/datapicker/bootstrap-datetimepicker.min.css HTTP/1.1" 200 7771 5
0:0:0:0:0:0:0:1 - - [01/Mar/2019:16:12:49 +0800] "GET /static/js/plugins/metisMenu/jquery.metisMenu.js HTTP/1.1" 200 3265 5
0:0:0:0:0:0:0:1 - - [01/Mar/2019:16:12:49 +0800] "GET /static/js/inspinia.js HTTP/1.1" 200 8107 3
0:0:0:0:0:0:0:1 - - [01/Mar/2019:16:12:49 +0800] "GET /static/js/bootstrap-switch.js HTTP/1.1" 200 26858 5
0:0:0:0:0:0:0:1 - - [01/Mar/2019:16:12:49 +0800] "GET /static/js/jquery-2.1.1.js HTTP/1.1" 200 84247 8
0:0:0:0:0:0:0:1 - - [01/Mar/2019:16:12:49 +0800] "GET /static/js/jquery-ui-1.10.4.min.js HTTP/1.1" 200 228539 9
0:0:0:0:0:0:0:1 - - [01/Mar/2019:16:12:49 +0800] "GET /static/css/bootstrap-switch.css HTTP/1.1" 200 6993 99
0:0:0:0:0:0:0:1 - - [01/Mar/2019:16:12:49 +0800] "GET /static/css/plugins/dataTables/dataTables.tableTools.min.css HTTP/1.1" 200 6601 4
0:0:0:0:0:0:0:1 - - [01/Mar/2019:16:12:49 +0800] "GET /static/css/plugins/blueimp/css/blueimp-gallery.min.css HTTP/1.1" 200 6815 7
0:0:0:0:0:0:0:1 - - [01/Mar/2019:16:12:49 +0800] "GET /static/js/plugins/pace/pace.min.js HTTP/1.1" 200 12364 4
0:0:0:0:0:0:0:1 - - [01/Mar/2019:16:12:49 +0800] "GET /static/js/plugins/slimscroll/jquery.slimscroll.min.js HTTP/1.1" 200 4682 4
0:0:0:0:0:0:0:1 - - [01/Mar/2019:16:12:49 +0800] "GET /static/js/jquery-migrate-1.1.0.min.js HTTP/1.1" 200 6968 4
0:0:0:0:0:0:0:1 - - [01/Mar/2019:16:12:49 +0800] "GET /static/js/plugins/dataTables/dataTables.tableTools.min.js HTTP/1.1" 200 31626 6
0:0:0:0:0:0:0:1 - - [01/Mar/2019:16:12:49 +0800] "GET /static/js/plugins/dataTables/dataTables.responsive.js HTTP/1.1" 200 32864 9
0:0:0:0:0:0:0:1 - - [01/Mar/2019:16:12:49 +0800] "GET /static/js/plugins/jsTree/jstree.min.js HTTP/1.1" 200 118089 9
0:0:0:0:0:0:0:1 - - [01/Mar/2019:16:12:49 +0800] "GET /static/js/plugins/datapicker/Moment.js HTTP/1.1" 200 387799 14
0:0:0:0:0:0:0:1 - - [01/Mar/2019:16:12:49 +0800] "GET /static/js/plugins/datapicker/bootstrap-datetimepicker.min.js HTTP/1.1" 200 48881 7
0:0:0:0:0:0:0:1 - - [01/Mar/2019:16:12:49 +0800] "GET /static/js/sha1.js HTTP/1.1" 200 5752 4
0:0:0:0:0:0:0:1 - - [01/Mar/2019:16:12:49 +0800] "GET /static/js/plugins/dataTables/dataTables.bootstrap.js HTTP/1.1" 200 9614 32
0:0:0:0:0:0:0:1 - - [01/Mar/2019:16:12:49 +0800] "GET /static/js/layer/layer.js HTTP/1.1" 200 25196 6
0:0:0:0:0:0:0:1 - - [01/Mar/2019:16:12:49 +0800] "GET /static/js/jquery.ajaxfileupload.js HTTP/1.1" 200 5785 5
0:0:0:0:0:0:0:1 - - [01/Mar/2019:16:12:49 +0800] "GET /static/images/page/baidumarker.png HTTP/1.1" 200 2877 5
0:0:0:0:0:0:0:1 - - [01/Mar/2019:16:12:49 +0800] "GET /static/js/plugins/chosen/chosen.jquery.js HTTP/1.1" 200 51376 18
0:0:0:0:0:0:0:1 - - [01/Mar/2019:16:12:49 +0800] "GET /static/js/plugins/dataTables/jquery.dataTables.js HTTP/1.1" 200 434957 46
0:0:0:0:0:0:0:1 - - [01/Mar/2019:16:12:49 +0800] "GET /static/js/plugins/blueimp/jquery.blueimp-gallery.min.js HTTP/1.1" 200 31564 9
0:0:0:0:0:0:0:1 - - [01/Mar/2019:16:12:49 +0800] "GET /static/ckeditor/ckeditor.js HTTP/1.1" 200 567997 82
0:0:0:0:0:0:0:1 - - [01/Mar/2019:16:12:49 +0800] "GET /static/js/layer/skin/layer.css HTTP/1.1" 200 14048 4
0:0:0:0:0:0:0:1 - - [01/Mar/2019:16:12:49 +0800] "GET /static/css/patterns/header-profile.png HTTP/1.1" 200 5877 4
0:0:0:0:0:0:0:1 - - [01/Mar/2019:16:12:49 +0800] "GET /static/font-awesome/fonts/fontawesome-webfont.woff2?v=4.3.0 HTTP/1.1" 200 56780 5
0:0:0:0:0:0:0:1 - - [01/Mar/2019:16:12:49 +0800] "POST /manage/account/getUserAccessList HTTP/1.1" 200 8121 5
0:0:0:0:0:0:0:1 - - [01/Mar/2019:16:12:49 +0800] "GET /app/system/getCityList?level=1 HTTP/1.1" 200 371 16
0:0:0:0:0:0:0:1 - - [01/Mar/2019:16:12:49 +0800] "GET /app/system/getCityList?level=2&parentId=1 HTTP/1.1" 200 370 20
0:0:0:0:0:0:0:1 - - [01/Mar/2019:16:12:49 +0800] "GET /manage/trainTest/getUserDetailList?draw=1&columns%5B0%5D%5Bdata%5D=&columns%5B0%5D%5Bname%5D=&columns%5B0%5D%5Bsearchable%5D=true&columns%5B0%5D%5Borderable%5D=false&columns%5B0%5D%5Bsearch%5D%5Bvalue%5D=&columns%5B0%5D%5Bsearch%5D%5Bregex%5D=false&columns%5B1%5D%5Bdata%5D=id&columns%5B1%5D%5Bname%5D=id&columns%5B1%5D%5Bsearchable%5D=true&columns%5B1%5D%5Borderable%5D=false&columns%5B1%5D%5Bsearch%5D%5Bvalue%5D=&columns%5B1%5D%5Bsearch%5D%5Bregex%5D=false&columns%5B2%5D%5Bdata%5D=name&columns%5B2%5D%5Bname%5D=name&columns%5B2%5D%5Bsearchable%5D=true&columns%5B2%5D%5Borderable%5D=false&columns%5B2%5D%5Bsearch%5D%5Bvalue%5D=&columns%5B2%5D%5Bsearch%5D%5Bregex%5D=false&columns%5B3%5D%5Bdata%5D=sex&columns%5B3%5D%5Bname%5D=sex&columns%5B3%5D%5Bsearchable%5D=true&columns%5B3%5D%5Borderable%5D=false&columns%5B3%5D%5Bsearch%5D%5Bvalue%5D=&columns%5B3%5D%5Bsearch%5D%5Bregex%5D=false&columns%5B4%5D%5Bdata%5D=birthdate&columns%5B4%5D%5Bname%5D=birthdate&columns%5B4%5D%5Bsearchable%5D=true&columns%5B4%5D%5Borderable%5D=false&columns%5B4%5D%5Bsearch%5D%5Bvalue%5D=&columns%5B4%5D%5Bsearch%5D%5Bregex%5D=false&columns%5B5%5D%5Bdata%5D=countiy&columns%5B5%5D%5Bname%5D=countiy&columns%5B5%5D%5Bsearchable%5D=true&columns%5B5%5D%5Borderable%5D=false&columns%5B5%5D%5Bsearch%5D%5Bvalue%5D=&columns%5B5%5D%5Bsearch%5D%5Bregex%5D=false&columns%5B6%5D%5Bdata%5D=phoneNumber&columns%5B6%5D%5Bname%5D=phoneNumber&columns%5B6%5D%5Bsearchable%5D=true&columns%5B6%5D%5Borderable%5D=false&columns%5B6%5D%5Bsearch%5D%5Bvalue%5D=&columns%5B6%5D%5Bsearch%5D%5Bregex%5D=false&columns%5B7%5D%5Bdata%5D=id&columns%5B7%5D%5Bname%5D=id&columns%5B7%5D%5Bsearchable%5D=true&columns%5B7%5D%5Borderable%5D=false&columns%5B7%5D%5Bsearch%5D%5Bvalue%5D=&columns%5B7%5D%5Bsearch%5D%5Bregex%5D=false&start=0&length=10&search%5Bvalue%5D=&search%5Bregex%5D=false&_=1551427969662 HTTP/1.1" 200 5141 42
0:0:0:0:0:0:0:1 - - [01/Mar/2019:16:12:49 +0800] "GET /app/system/getCityList?level=3&parentId=3 HTTP/1.1" 200 160 14
0:0:0:0:0:0:0:1 - - [01/Mar/2019:16:12:52 +0800] "GET /static/css/bootstrap-switch.css HTTP/1.1" 200 6993 3
0:0:0:0:0:0:0:1 - - [01/Mar/2019:16:12:52 +0800] "GET /manage/study/toUserStudyInfo?id=127 HTTP/1.1" 200 62511 118
0:0:0:0:0:0:0:1 - - [01/Mar/2019:16:12:52 +0800] "GET /static/css/plugins/toastr/toastr.min.css HTTP/1.1" 200 6882 3
0:0:0:0:0:0:0:1 - - [01/Mar/2019:16:12:52 +0800] "GET /static/font-awesome/css/font-awesome.css HTTP/1.1" 200 28747 6
0:0:0:0:0:0:0:1 - - [01/Mar/2019:16:12:52 +0800] "GET /static/css/animate.css HTTP/1.1" 200 68411 6
0:0:0:0:0:0:0:1 - - [01/Mar/2019:16:12:52 +0800] "GET /static/css/plugins/dataTables/dataTables.bootstrap.css HTTP/1.1" 200 5178 3
0:0:0:0:0:0:0:1 - - [01/Mar/2019:16:12:52 +0800] "GET /static/js/plugins/gritter/jquery.gritter.css HTTP/1.1" 200 2556 9
0:0:0:0:0:0:0:1 - - [01/Mar/2019:16:12:52 +0800] "GET /static/css/plugins/dataTables/dataTables.tableTools.min.css HTTP/1.1" 200 6601 4
0:0:0:0:0:0:0:1 - - [01/Mar/2019:16:12:52 +0800] "GET /static/css/style.css HTTP/1.1" 200 156956 10
0:0:0:0:0:0:0:1 - - [01/Mar/2019:16:12:52 +0800] "GET /static/css/plugins/dataTables/dataTables.responsive.css HTTP/1.1" 200 2626 8
0:0:0:0:0:0:0:1 - - [01/Mar/2019:16:12:52 +0800] "GET /static/css/plugins/datapicker/bootstrap-datetimepicker.min.css HTTP/1.1" 200 7771 7
0:0:0:0:0:0:0:1 - - [01/Mar/2019:16:12:52 +0800] "GET /static/js/plugins/metisMenu/jquery.metisMenu.js HTTP/1.1" 200 3265 4
0:0:0:0:0:0:0:1 - - [01/Mar/2019:16:12:52 +0800] "GET /static/js/bootstrap-switch.js HTTP/1.1" 200 26858 6
0:0:0:0:0:0:0:1 - - [01/Mar/2019:16:12:52 +0800] "GET /static/js/inspinia.js HTTP/1.1" 200 8107 3
0:0:0:0:0:0:0:1 - - [01/Mar/2019:16:12:52 +0800] "GET /static/js/plugins/slimscroll/jquery.slimscroll.min.js HTTP/1.1" 200 4682 3
0:0:0:0:0:0:0:1 - - [01/Mar/2019:16:12:52 +0800] "GET /static/js/jquery-2.1.1.js HTTP/1.1" 200 84247 13
0:0:0:0:0:0:0:1 - - [01/Mar/2019:16:12:52 +0800] "GET /static/js/bootstrap.min.js HTTP/1.1" 200 37045 13
0:0:0:0:0:0:0:1 - - [01/Mar/2019:16:12:52 +0800] "GET /static/js/jquery-migrate-1.1.0.min.js HTTP/1.1" 200 6968 4
0:0:0:0:0:0:0:1 - - [01/Mar/2019:16:12:52 +0800] "GET /static/js/plugins/pace/pace.min.js HTTP/1.1" 200 12364 11
0:0:0:0:0:0:0:1 - - [01/Mar/2019:16:12:52 +0800] "GET /static/js/plugins/dataTables/dataTables.bootstrap.js HTTP/1.1" 200 9614 3
0:0:0:0:0:0:0:1 - - [01/Mar/2019:16:12:52 +0800] "GET /static/css/bootstrap.min.css HTTP/1.1" 200 117305 50
0:0:0:0:0:0:0:1 - - [01/Mar/2019:16:12:52 +0800] "GET /static/js/plugins/dataTables/dataTables.responsive.js HTTP/1.1" 200 32864 8
0:0:0:0:0:0:0:1 - - [01/Mar/2019:16:12:52 +0800] "GET /static/js/plugins/dataTables/dataTables.tableTools.min.js HTTP/1.1" 200 31626 4
0:0:0:0:0:0:0:1 - - [01/Mar/2019:16:12:52 +0800] "GET /static/js/plugins/datapicker/bootstrap-datetimepicker.min.js HTTP/1.1" 200 48881 6
0:0:0:0:0:0:0:1 - - [01/Mar/2019:16:12:52 +0800] "GET /static/js/plugins/jsTree/jstree.min.js HTTP/1.1" 200 118089 8
0:0:0:0:0:0:0:1 - - [01/Mar/2019:16:12:52 +0800] "GET /static/js/jquery-ui-1.10.4.min.js HTTP/1.1" 200 228539 34
0:0:0:0:0:0:0:1 - - [01/Mar/2019:16:12:52 +0800] "GET /static/js/plugins/dataTables/jquery.dataTables.js HTTP/1.1" 200 434957 30
0:0:0:0:0:0:0:1 - - [01/Mar/2019:16:12:52 +0800] "GET /static/js/sha1.js HTTP/1.1" 200 5752 5
0:0:0:0:0:0:0:1 - - [01/Mar/2019:16:12:52 +0800] "GET /static/js/layer/layer.js HTTP/1.1" 200 25196 5
0:0:0:0:0:0:0:1 - - [01/Mar/2019:16:12:52 +0800] "GET /static/js/jquery.ajaxfileupload.js HTTP/1.1" 200 5785 4
0:0:0:0:0:0:0:1 - - [01/Mar/2019:16:12:52 +0800] "GET /static/js/plugins/chosen/chosen.jquery.js HTTP/1.1" 200 51376 12
0:0:0:0:0:0:0:1 - - [01/Mar/2019:16:12:52 +0800] "GET /static/js/plugins/datapicker/Moment.js HTTP/1.1" 200 387799 21
0:0:0:0:0:0:0:1 - - [01/Mar/2019:16:12:52 +0800] "GET /static/ckeditor/ckeditor.js HTTP/1.1" 200 567997 39
0:0:0:0:0:0:0:1 - - [01/Mar/2019:16:12:52 +0800] "GET /static/images/page/baidumarker.png HTTP/1.1" 200 2877 4
0:0:0:0:0:0:0:1 - - [01/Mar/2019:16:12:52 +0800] "GET /static/js/hjs/moment.js HTTP/1.1" 200 104409 8
0:0:0:0:0:0:0:1 - - [01/Mar/2019:16:12:52 +0800] "GET /static/js/hjs/jquery.tmpl.min.js HTTP/1.1" 200 6130 4
0:0:0:0:0:0:0:1 - - [01/Mar/2019:16:12:52 +0800] "GET /static/js/layer/skin/layer.css HTTP/1.1" 200 14048 5
0:0:0:0:0:0:0:1 - - [01/Mar/2019:16:12:52 +0800] "GET /static/js/hjs/api.js HTTP/1.1" 200 2212 2
0:0:0:0:0:0:0:1 - - [01/Mar/2019:16:12:52 +0800] "GET /static/css/patterns/header-profile.png HTTP/1.1" 200 5877 6
0:0:0:0:0:0:0:1 - - [01/Mar/2019:16:12:52 +0800] "GET /static/font-awesome/fonts/fontawesome-webfont.woff2?v=4.3.0 HTTP/1.1" 200 56780 7
0:0:0:0:0:0:0:1 - - [01/Mar/2019:16:12:52 +0800] "GET /static/js/hjs/echarts.min.js HTTP/1.1" 200 744675 106
0:0:0:0:0:0:0:1 - - [01/Mar/2019:16:12:52 +0800] "POST /manage/account/getUserAccessList HTTP/1.1" 200 8121 6
0:0:0:0:0:0:0:1 - - [01/Mar/2019:16:12:52 +0800] "GET /XiaoyudiApplication/manage/study/getUserDataInfo?id=127 HTTP/1.1" 404 163 7
0:0:0:0:0:0:0:1 - - [01/Mar/2019:16:12:52 +0800] "GET /XiaoyudiApplication/manage/study/getUserStudyInfo?timeType=1&id=127 HTTP/1.1" 404 164 6
0:0:0:0:0:0:0:1 - - [01/Mar/2019:16:14:19 +0800] "GET /manage/study/toUserStudyInfo?id=127 HTTP/1.1" 200 62511 611
0:0:0:0:0:0:0:1 - - [01/Mar/2019:16:14:19 +0800] "GET /static/css/bootstrap.min.css HTTP/1.1" 200 117305 15
0:0:0:0:0:0:0:1 - - [01/Mar/2019:16:14:19 +0800] "GET /static/css/bootstrap-switch.css HTTP/1.1" 200 6993 15
0:0:0:0:0:0:0:1 - - [01/Mar/2019:16:14:19 +0800] "GET /static/css/plugins/dataTables/dataTables.responsive.css HTTP/1.1" 200 2626 6
0:0:0:0:0:0:0:1 - - [01/Mar/2019:16:14:19 +0800] "GET /static/font-awesome/css/font-awesome.css HTTP/1.1" 200 28747 22
0:0:0:0:0:0:0:1 - - [01/Mar/2019:16:14:19 +0800] "GET /static/js/plugins/gritter/jquery.gritter.css HTTP/1.1" 200 2556 5
0:0:0:0:0:0:0:1 - - [01/Mar/2019:16:14:19 +0800] "GET /static/css/plugins/toastr/toastr.min.css HTTP/1.1" 200 6882 31
0:0:0:0:0:0:0:1 - - [01/Mar/2019:16:14:19 +0800] "GET /static/css/style.css HTTP/1.1" 200 156956 27
0:0:0:0:0:0:0:1 - - [01/Mar/2019:16:14:20 +0800] "GET /static/css/plugins/dataTables/dataTables.bootstrap.css HTTP/1.1" 200 5178 8
0:0:0:0:0:0:0:1 - - [01/Mar/2019:16:14:20 +0800] "GET /static/css/plugins/dataTables/dataTables.tableTools.min.css HTTP/1.1" 200 6601 6
0:0:0:0:0:0:0:1 - - [01/Mar/2019:16:14:20 +0800] "GET /static/css/animate.css HTTP/1.1" 200 68411 57
0:0:0:0:0:0:0:1 - - [01/Mar/2019:16:14:20 +0800] "GET /static/js/bootstrap.min.js HTTP/1.1" 200 37045 20
0:0:0:0:0:0:0:1 - - [01/Mar/2019:16:14:20 +0800] "GET /static/js/plugins/metisMenu/jquery.metisMenu.js HTTP/1.1" 200 3265 10
0:0:0:0:0:0:0:1 - - [01/Mar/2019:16:14:20 +0800] "GET /static/js/inspinia.js HTTP/1.1" 200 8107 8
0:0:0:0:0:0:0:1 - - [01/Mar/2019:16:14:20 +0800] "GET /static/js/plugins/slimscroll/jquery.slimscroll.min.js HTTP/1.1" 200 4682 5
0:0:0:0:0:0:0:1 - - [01/Mar/2019:16:14:20 +0800] "GET /static/css/plugins/datapicker/bootstrap-datetimepicker.min.css HTTP/1.1" 200 7771 6
0:0:0:0:0:0:0:1 - - [01/Mar/2019:16:14:20 +0800] "GET /static/js/plugins/pace/pace.min.js HTTP/1.1" 200 12364 12
0:0:0:0:0:0:0:1 - - [01/Mar/2019:16:14:20 +0800] "GET /static/js/jquery-ui-1.10.4.min.js HTTP/1.1" 200 228539 19
0:0:0:0:0:0:0:1 - - [01/Mar/2019:16:14:20 +0800] "GET /static/js/jquery-migrate-1.1.0.min.js HTTP/1.1" 200 6968 20
0:0:0:0:0:0:0:1 - - [01/Mar/2019:16:14:20 +0800] "GET /static/js/jquery-2.1.1.js HTTP/1.1" 200 84247 19
0:0:0:0:0:0:0:1 - - [01/Mar/2019:16:14:20 +0800] "GET /static/js/bootstrap-switch.js HTTP/1.1" 200 26858 32
0:0:0:0:0:0:0:1 - - [01/Mar/2019:16:14:20 +0800] "GET /static/js/plugins/dataTables/jquery.dataTables.js HTTP/1.1" 200 434957 33
0:0:0:0:0:0:0:1 - - [01/Mar/2019:16:14:20 +0800] "GET /static/js/plugins/datapicker/bootstrap-datetimepicker.min.js HTTP/1.1" 200 48881 7
0:0:0:0:0:0:0:1 - - [01/Mar/2019:16:14:20 +0800] "GET /static/js/plugins/dataTables/dataTables.bootstrap.js HTTP/1.1" 200 9614 13
0:0:0:0:0:0:0:1 - - [01/Mar/2019:16:14:20 +0800] "GET /static/js/plugins/dataTables/dataTables.tableTools.min.js HTTP/1.1" 200 31626 12
0:0:0:0:0:0:0:1 - - [01/Mar/2019:16:14:20 +0800] "GET /static/js/plugins/dataTables/dataTables.responsive.js HTTP/1.1" 200 32864 9
0:0:0:0:0:0:0:1 - - [01/Mar/2019:16:14:20 +0800] "GET /static/js/layer/layer.js HTTP/1.1" 200 25196 17
0:0:0:0:0:0:0:1 - - [01/Mar/2019:16:14:20 +0800] "GET /static/js/plugins/chosen/chosen.jquery.js HTTP/1.1" 200 51376 13
0:0:0:0:0:0:0:1 - - [01/Mar/2019:16:14:20 +0800] "GET /static/js/plugins/jsTree/jstree.min.js HTTP/1.1" 200 118089 20
0:0:0:0:0:0:0:1 - - [01/Mar/2019:16:14:20 +0800] "GET /static/js/jquery.ajaxfileupload.js HTTP/1.1" 200 5785 4
0:0:0:0:0:0:0:1 - - [01/Mar/2019:16:14:20 +0800] "GET /static/js/sha1.js HTTP/1.1" 200 5752 6
0:0:0:0:0:0:0:1 - - [01/Mar/2019:16:14:20 +0800] "GET /static/js/plugins/datapicker/Moment.js HTTP/1.1" 200 387799 55
0:0:0:0:0:0:0:1 - - [01/Mar/2019:16:14:20 +0800] "GET /static/js/hjs/moment.js HTTP/1.1" 200 104409 12
0:0:0:0:0:0:0:1 - - [01/Mar/2019:16:14:20 +0800] "GET /static/images/page/baidumarker.png HTTP/1.1" 200 2877 9
0:0:0:0:0:0:0:1 - - [01/Mar/2019:16:14:20 +0800] "GET /static/ckeditor/ckeditor.js HTTP/1.1" 200 567997 113
0:0:0:0:0:0:0:1 - - [01/Mar/2019:16:14:20 +0800] "GET /static/js/hjs/jquery.tmpl.min.js HTTP/1.1" 200 6130 4
0:0:0:0:0:0:0:1 - - [01/Mar/2019:16:14:20 +0800] "GET /static/js/hjs/api.js HTTP/1.1" 200 2192 5
0:0:0:0:0:0:0:1 - - [01/Mar/2019:16:14:20 +0800] "GET /static/js/hjs/echarts.min.js HTTP/1.1" 200 744675 30
0:0:0:0:0:0:0:1 - - [01/Mar/2019:16:14:20 +0800] "GET /static/js/layer/skin/layer.css HTTP/1.1" 200 14048 7
0:0:0:0:0:0:0:1 - - [01/Mar/2019:16:14:20 +0800] "GET /static/css/patterns/header-profile.png HTTP/1.1" 200 5877 5
0:0:0:0:0:0:0:1 - - [01/Mar/2019:16:14:20 +0800] "GET /static/font-awesome/fonts/fontawesome-webfont.woff2?v=4.3.0 HTTP/1.1" 200 56780 7
0:0:0:0:0:0:0:1 - - [01/Mar/2019:16:14:20 +0800] "GET /manage/study/getUserStudyInfo?timeType=1&id=127 HTTP/1.1" 200 127 85
0:0:0:0:0:0:0:1 - - [01/Mar/2019:16:14:20 +0800] "POST /manage/account/getUserAccessList HTTP/1.1" 200 8121 94
0:0:0:0:0:0:0:1 - - [01/Mar/2019:16:14:20 +0800] "GET /favicon.ico HTTP/1.1" 200 946 25
0:0:0:0:0:0:0:1 - - [01/Mar/2019:16:14:20 +0800] "GET /manage/study/getUserDataInfo?id=127 HTTP/1.1" 200 1755 131
0:0:0:0:0:0:0:1 - - [01/Mar/2019:16:14:24 +0800] "GET /static/css/bootstrap-switch.css HTTP/1.1" 200 6993 2
0:0:0:0:0:0:0:1 - - [01/Mar/2019:16:14:24 +0800] "GET /static/js/plugins/gritter/jquery.gritter.css HTTP/1.1" 200 2556 3
0:0:0:0:0:0:0:1 - - [01/Mar/2019:16:14:24 +0800] "GET /static/css/plugins/toastr/toastr.min.css HTTP/1.1" 200 6882 2
0:0:0:0:0:0:0:1 - - [01/Mar/2019:16:14:24 +0800] "GET /static/css/animate.css HTTP/1.1" 200 68411 10
0:0:0:0:0:0:0:1 - - [01/Mar/2019:16:14:24 +0800] "GET /static/font-awesome/css/font-awesome.css HTTP/1.1" 200 28747 15
0:0:0:0:0:0:0:1 - - [01/Mar/2019:16:14:24 +0800] "GET /static/css/plugins/dataTables/dataTables.bootstrap.css HTTP/1.1" 200 5178 10
0:0:0:0:0:0:0:1 - - [01/Mar/2019:16:14:24 +0800] "GET /static/css/plugins/dataTables/dataTables.responsive.css HTTP/1.1" 200 2626 3
0:0:0:0:0:0:0:1 - - [01/Mar/2019:16:14:24 +0800] "GET /static/css/plugins/dataTables/dataTables.tableTools.min.css HTTP/1.1" 200 6601 10
0:0:0:0:0:0:0:1 - - [01/Mar/2019:16:14:24 +0800] "GET /static/css/plugins/datapicker/bootstrap-datetimepicker.min.css HTTP/1.1" 200 7771 3
0:0:0:0:0:0:0:1 - - [01/Mar/2019:16:14:24 +0800] "GET /static/js/plugins/blueimp/jquery.blueimp-gallery.min.js HTTP/1.1" 200 31564 7
0:0:0:0:0:0:0:1 - - [01/Mar/2019:16:14:24 +0800] "GET /static/css/plugins/blueimp/css/blueimp-gallery.min.css HTTP/1.1" 200 6815 3
0:0:0:0:0:0:0:1 - - [01/Mar/2019:16:14:24 +0800] "GET /static/css/bootstrap.min.css HTTP/1.1" 200 117305 33
0:0:0:0:0:0:0:1 - - [01/Mar/2019:16:14:24 +0800] "GET /static/css/style.css HTTP/1.1" 200 156956 22
0:0:0:0:0:0:0:1 - - [01/Mar/2019:16:14:24 +0800] "GET /static/js/layer/skin/layer.css HTTP/1.1" 200 14048 3
0:0:0:0:0:0:0:1 - - [01/Mar/2019:16:14:24 +0800] "POST /manage/account/getUserAccessList HTTP/1.1" 200 8121 4
0:0:0:0:0:0:0:1 - - [01/Mar/2019:16:14:24 +0800] "GET /manage/trainTest/getUserDetailList?draw=1&columns%5B0%5D%5Bdata%5D=&columns%5B0%5D%5Bname%5D=&columns%5B0%5D%5Bsearchable%5D=true&columns%5B0%5D%5Borderable%5D=false&columns%5B0%5D%5Bsearch%5D%5Bvalue%5D=&columns%5B0%5D%5Bsearch%5D%5Bregex%5D=false&columns%5B1%5D%5Bdata%5D=id&columns%5B1%5D%5Bname%5D=id&columns%5B1%5D%5Bsearchable%5D=true&columns%5B1%5D%5Borderable%5D=false&columns%5B1%5D%5Bsearch%5D%5Bvalue%5D=&columns%5B1%5D%5Bsearch%5D%5Bregex%5D=false&columns%5B2%5D%5Bdata%5D=name&columns%5B2%5D%5Bname%5D=name&columns%5B2%5D%5Bsearchable%5D=true&columns%5B2%5D%5Borderable%5D=false&columns%5B2%5D%5Bsearch%5D%5Bvalue%5D=&columns%5B2%5D%5Bsearch%5D%5Bregex%5D=false&columns%5B3%5D%5Bdata%5D=sex&columns%5B3%5D%5Bname%5D=sex&columns%5B3%5D%5Bsearchable%5D=true&columns%5B3%5D%5Borderable%5D=false&columns%5B3%5D%5Bsearch%5D%5Bvalue%5D=&columns%5B3%5D%5Bsearch%5D%5Bregex%5D=false&columns%5B4%5D%5Bdata%5D=birthdate&columns%5B4%5D%5Bname%5D=birthdate&columns%5B4%5D%5Bsearchable%5D=true&columns%5B4%5D%5Borderable%5D=false&columns%5B4%5D%5Bsearch%5D%5Bvalue%5D=&columns%5B4%5D%5Bsearch%5D%5Bregex%5D=false&columns%5B5%5D%5Bdata%5D=countiy&columns%5B5%5D%5Bname%5D=countiy&columns%5B5%5D%5Bsearchable%5D=true&columns%5B5%5D%5Borderable%5D=false&columns%5B5%5D%5Bsearch%5D%5Bvalue%5D=&columns%5B5%5D%5Bsearch%5D%5Bregex%5D=false&columns%5B6%5D%5Bdata%5D=phoneNumber&columns%5B6%5D%5Bname%5D=phoneNumber&columns%5B6%5D%5Bsearchable%5D=true&columns%5B6%5D%5Borderable%5D=false&columns%5B6%5D%5Bsearch%5D%5Bvalue%5D=&columns%5B6%5D%5Bsearch%5D%5Bregex%5D=false&columns%5B7%5D%5Bdata%5D=id&columns%5B7%5D%5Bname%5D=id&columns%5B7%5D%5Bsearchable%5D=true&columns%5B7%5D%5Borderable%5D=false&columns%5B7%5D%5Bsearch%5D%5Bvalue%5D=&columns%5B7%5D%5Bsearch%5D%5Bregex%5D=false&start=0&length=10&search%5Bvalue%5D=&search%5Bregex%5D=false&_=1551428064178 HTTP/1.1" 200 5141 56
0:0:0:0:0:0:0:1 - - [01/Mar/2019:16:14:26 +0800] "GET /manage/trainTest/getUserDetailList?draw=2&columns%5B0%5D%5Bdata%5D=&columns%5B0%5D%5Bname%5D=&columns%5B0%5D%5Bsearchable%5D=true&columns%5B0%5D%5Borderable%5D=false&columns%5B0%5D%5Bsearch%5D%5Bvalue%5D=&columns%5B0%5D%5Bsearch%5D%5Bregex%5D=false&columns%5B1%5D%5Bdata%5D=id&columns%5B1%5D%5Bname%5D=id&columns%5B1%5D%5Bsearchable%5D=true&columns%5B1%5D%5Borderable%5D=false&columns%5B1%5D%5Bsearch%5D%5Bvalue%5D=&columns%5B1%5D%5Bsearch%5D%5Bregex%5D=false&columns%5B2%5D%5Bdata%5D=name&columns%5B2%5D%5Bname%5D=name&columns%5B2%5D%5Bsearchable%5D=true&columns%5B2%5D%5Borderable%5D=false&columns%5B2%5D%5Bsearch%5D%5Bvalue%5D=&columns%5B2%5D%5Bsearch%5D%5Bregex%5D=false&columns%5B3%5D%5Bdata%5D=sex&columns%5B3%5D%5Bname%5D=sex&columns%5B3%5D%5Bsearchable%5D=true&columns%5B3%5D%5Borderable%5D=false&columns%5B3%5D%5Bsearch%5D%5Bvalue%5D=&columns%5B3%5D%5Bsearch%5D%5Bregex%5D=false&columns%5B4%5D%5Bdata%5D=birthdate&columns%5B4%5D%5Bname%5D=birthdate&columns%5B4%5D%5Bsearchable%5D=true&columns%5B4%5D%5Borderable%5D=false&columns%5B4%5D%5Bsearch%5D%5Bvalue%5D=&columns%5B4%5D%5Bsearch%5D%5Bregex%5D=false&columns%5B5%5D%5Bdata%5D=countiy&columns%5B5%5D%5Bname%5D=countiy&columns%5B5%5D%5Bsearchable%5D=true&columns%5B5%5D%5Borderable%5D=false&columns%5B5%5D%5Bsearch%5D%5Bvalue%5D=&columns%5B5%5D%5Bsearch%5D%5Bregex%5D=false&columns%5B6%5D%5Bdata%5D=phoneNumber&columns%5B6%5D%5Bname%5D=phoneNumber&columns%5B6%5D%5Bsearchable%5D=true&columns%5B6%5D%5Borderable%5D=false&columns%5B6%5D%5Bsearch%5D%5Bvalue%5D=&columns%5B6%5D%5Bsearch%5D%5Bregex%5D=false&columns%5B7%5D%5Bdata%5D=id&columns%5B7%5D%5Bname%5D=id&columns%5B7%5D%5Bsearchable%5D=true&columns%5B7%5D%5Borderable%5D=false&columns%5B7%5D%5Bsearch%5D%5Bvalue%5D=&columns%5B7%5D%5Bsearch%5D%5Bregex%5D=false&start=130&length=10&search%5Bvalue%5D=&search%5Bregex%5D=false&_=1551428064179 HTTP/1.1" 200 2133 55
0:0:0:0:0:0:0:1 - - [01/Mar/2019:16:14:27 +0800] "GET /manage/trainTest/getUserDetailList?draw=3&columns%5B0%5D%5Bdata%5D=&columns%5B0%5D%5Bname%5D=&columns%5B0%5D%5Bsearchable%5D=true&columns%5B0%5D%5Borderable%5D=false&columns%5B0%5D%5Bsearch%5D%5Bvalue%5D=&columns%5B0%5D%5Bsearch%5D%5Bregex%5D=false&columns%5B1%5D%5Bdata%5D=id&columns%5B1%5D%5Bname%5D=id&columns%5B1%5D%5Bsearchable%5D=true&columns%5B1%5D%5Borderable%5D=false&columns%5B1%5D%5Bsearch%5D%5Bvalue%5D=&columns%5B1%5D%5Bsearch%5D%5Bregex%5D=false&columns%5B2%5D%5Bdata%5D=name&columns%5B2%5D%5Bname%5D=name&columns%5B2%5D%5Bsearchable%5D=true&columns%5B2%5D%5Borderable%5D=false&columns%5B2%5D%5Bsearch%5D%5Bvalue%5D=&columns%5B2%5D%5Bsearch%5D%5Bregex%5D=false&columns%5B3%5D%5Bdata%5D=sex&columns%5B3%5D%5Bname%5D=sex&columns%5B3%5D%5Bsearchable%5D=true&columns%5B3%5D%5Borderable%5D=false&columns%5B3%5D%5Bsearch%5D%5Bvalue%5D=&columns%5B3%5D%5Bsearch%5D%5Bregex%5D=false&columns%5B4%5D%5Bdata%5D=birthdate&columns%5B4%5D%5Bname%5D=birthdate&columns%5B4%5D%5Bsearchable%5D=true&columns%5B4%5D%5Borderable%5D=false&columns%5B4%5D%5Bsearch%5D%5Bvalue%5D=&columns%5B4%5D%5Bsearch%5D%5Bregex%5D=false&columns%5B5%5D%5Bdata%5D=countiy&columns%5B5%5D%5Bname%5D=countiy&columns%5B5%5D%5Bsearchable%5D=true&columns%5B5%5D%5Borderable%5D=false&columns%5B5%5D%5Bsearch%5D%5Bvalue%5D=&columns%5B5%5D%5Bsearch%5D%5Bregex%5D=false&columns%5B6%5D%5Bdata%5D=phoneNumber&columns%5B6%5D%5Bname%5D=phoneNumber&columns%5B6%5D%5Bsearchable%5D=true&columns%5B6%5D%5Borderable%5D=false&columns%5B6%5D%5Bsearch%5D%5Bvalue%5D=&columns%5B6%5D%5Bsearch%5D%5Bregex%5D=false&columns%5B7%5D%5Bdata%5D=id&columns%5B7%5D%5Bname%5D=id&columns%5B7%5D%5Bsearchable%5D=true&columns%5B7%5D%5Borderable%5D=false&columns%5B7%5D%5Bsearch%5D%5Bvalue%5D=&columns%5B7%5D%5Bsearch%5D%5Bregex%5D=false&start=120&length=10&search%5Bvalue%5D=&search%5Bregex%5D=false&_=1551428064180 HTTP/1.1" 200 5251 37
0:0:0:0:0:0:0:1 - - [01/Mar/2019:16:14:29 +0800] "GET /manage/study/toUserStudyInfo?id=279 HTTP/1.1" 200 62512 42
0:0:0:0:0:0:0:1 - - [01/Mar/2019:16:14:29 +0800] "GET /static/css/bootstrap-switch.css HTTP/1.1" 200 6993 7
0:0:0:0:0:0:0:1 - - [01/Mar/2019:16:14:29 +0800] "GET /static/font-awesome/css/font-awesome.css HTTP/1.1" 200 28747 11
0:0:0:0:0:0:0:1 - - [01/Mar/2019:16:14:29 +0800] "GET /static/js/plugins/gritter/jquery.gritter.css HTTP/1.1" 200 2556 5
0:0:0:0:0:0:0:1 - - [01/Mar/2019:16:14:29 +0800] "GET /static/css/animate.css HTTP/1.1" 200 68411 7
0:0:0:0:0:0:0:1 - - [01/Mar/2019:16:14:29 +0800] "GET /static/css/plugins/toastr/toastr.min.css HTTP/1.1" 200 6882 12
0:0:0:0:0:0:0:1 - - [01/Mar/2019:16:14:29 +0800] "GET /static/css/plugins/dataTables/dataTables.tableTools.min.css HTTP/1.1" 200 6601 4
0:0:0:0:0:0:0:1 - - [01/Mar/2019:16:14:29 +0800] "GET /static/css/plugins/datapicker/bootstrap-datetimepicker.min.css HTTP/1.1" 200 7771 4
0:0:0:0:0:0:0:1 - - [01/Mar/2019:16:14:29 +0800] "GET /static/js/jquery-2.1.1.js HTTP/1.1" 200 84247 5
0:0:0:0:0:0:0:1 - - [01/Mar/2019:16:14:29 +0800] "GET /static/css/bootstrap.min.css HTTP/1.1" 200 117305 23
0:0:0:0:0:0:0:1 - - [01/Mar/2019:16:14:29 +0800] "GET /static/css/plugins/dataTables/dataTables.responsive.css HTTP/1.1" 200 2626 2
0:0:0:0:0:0:0:1 - - [01/Mar/2019:16:14:29 +0800] "GET /static/css/plugins/dataTables/dataTables.bootstrap.css HTTP/1.1" 200 5178 3
0:0:0:0:0:0:0:1 - - [01/Mar/2019:16:14:29 +0800] "GET /static/js/inspinia.js HTTP/1.1" 200 8107 3
0:0:0:0:0:0:0:1 - - [01/Mar/2019:16:14:29 +0800] "GET /static/js/bootstrap.min.js HTTP/1.1" 200 37045 19
0:0:0:0:0:0:0:1 - - [01/Mar/2019:16:14:29 +0800] "GET /static/js/plugins/slimscroll/jquery.slimscroll.min.js HTTP/1.1" 200 4682 3
0:0:0:0:0:0:0:1 - - [01/Mar/2019:16:14:29 +0800] "GET /static/js/plugins/metisMenu/jquery.metisMenu.js HTTP/1.1" 200 3265 4
0:0:0:0:0:0:0:1 - - [01/Mar/2019:16:14:29 +0800] "GET /static/js/bootstrap-switch.js HTTP/1.1" 200 26858 21
0:0:0:0:0:0:0:1 - - [01/Mar/2019:16:14:29 +0800] "GET /static/js/plugins/pace/pace.min.js HTTP/1.1" 200 12364 5
0:0:0:0:0:0:0:1 - - [01/Mar/2019:16:14:29 +0800] "GET /static/js/jquery-migrate-1.1.0.min.js HTTP/1.1" 200 6968 3
0:0:0:0:0:0:0:1 - - [01/Mar/2019:16:14:29 +0800] "GET /static/js/plugins/dataTables/dataTables.bootstrap.js HTTP/1.1" 200 9614 4
0:0:0:0:0:0:0:1 - - [01/Mar/2019:16:14:29 +0800] "GET /static/js/plugins/dataTables/dataTables.responsive.js HTTP/1.1" 200 32864 5
0:0:0:0:0:0:0:1 - - [01/Mar/2019:16:14:29 +0800] "GET /static/css/style.css HTTP/1.1" 200 156956 32
0:0:0:0:0:0:0:1 - - [01/Mar/2019:16:14:29 +0800] "GET /static/js/plugins/dataTables/dataTables.tableTools.min.js HTTP/1.1" 200 31626 6
0:0:0:0:0:0:0:1 - - [01/Mar/2019:16:14:29 +0800] "GET /static/js/plugins/dataTables/jquery.dataTables.js HTTP/1.1" 200 434957 24
0:0:0:0:0:0:0:1 - - [01/Mar/2019:16:14:29 +0800] "GET /static/js/plugins/datapicker/bootstrap-datetimepicker.min.js HTTP/1.1" 200 48881 8
0:0:0:0:0:0:0:1 - - [01/Mar/2019:16:14:29 +0800] "GET /static/js/jquery-ui-1.10.4.min.js HTTP/1.1" 200 228539 31
0:0:0:0:0:0:0:1 - - [01/Mar/2019:16:14:29 +0800] "GET /static/js/plugins/chosen/chosen.jquery.js HTTP/1.1" 200 51376 6
0:0:0:0:0:0:0:1 - - [01/Mar/2019:16:14:29 +0800] "GET /static/js/plugins/datapicker/Moment.js HTTP/1.1" 200 387799 21
0:0:0:0:0:0:0:1 - - [01/Mar/2019:16:14:29 +0800] "GET /static/js/layer/layer.js HTTP/1.1" 200 25196 12
0:0:0:0:0:0:0:1 - - [01/Mar/2019:16:14:29 +0800] "GET /static/js/jquery.ajaxfileupload.js HTTP/1.1" 200 5785 4
0:0:0:0:0:0:0:1 - - [01/Mar/2019:16:14:29 +0800] "GET /static/js/sha1.js HTTP/1.1" 200 5752 9
0:0:0:0:0:0:0:1 - - [01/Mar/2019:16:14:29 +0800] "GET /static/images/page/baidumarker.png HTTP/1.1" 200 2877 4
0:0:0:0:0:0:0:1 - - [01/Mar/2019:16:14:29 +0800] "GET /static/js/hjs/moment.js HTTP/1.1" 200 104409 10
0:0:0:0:0:0:0:1 - - [01/Mar/2019:16:14:29 +0800] "GET /static/js/plugins/jsTree/jstree.min.js HTTP/1.1" 200 118089 29
0:0:0:0:0:0:0:1 - - [01/Mar/2019:16:14:29 +0800] "GET /static/ckeditor/ckeditor.js HTTP/1.1" 200 567997 56
0:0:0:0:0:0:0:1 - - [01/Mar/2019:16:14:29 +0800] "GET /static/js/hjs/jquery.tmpl.min.js HTTP/1.1" 200 6130 4
0:0:0:0:0:0:0:1 - - [01/Mar/2019:16:14:29 +0800] "GET /static/js/hjs/api.js HTTP/1.1" 200 2192 4
0:0:0:0:0:0:0:1 - - [01/Mar/2019:16:14:29 +0800] "GET /static/js/hjs/echarts.min.js HTTP/1.1" 200 744675 22
0:0:0:0:0:0:0:1 - - [01/Mar/2019:16:14:29 +0800] "GET /static/js/layer/skin/layer.css HTTP/1.1" 200 14048 4
0:0:0:0:0:0:0:1 - - [01/Mar/2019:16:14:29 +0800] "GET /static/css/patterns/header-profile.png HTTP/1.1" 200 5877 5
0:0:0:0:0:0:0:1 - - [01/Mar/2019:16:14:29 +0800] "GET /static/font-awesome/fonts/fontawesome-webfont.woff2?v=4.3.0 HTTP/1.1" 200 56780 6
0:0:0:0:0:0:0:1 - - [01/Mar/2019:16:14:29 +0800] "POST /manage/account/getUserAccessList HTTP/1.1" 200 8121 4
0:0:0:0:0:0:0:1 - - [01/Mar/2019:16:14:29 +0800] "GET /manage/study/getUserStudyInfo?timeType=1&id=279 HTTP/1.1" 200 336 54
0:0:0:0:0:0:0:1 - - [01/Mar/2019:16:14:29 +0800] "GET /manage/study/getUserDataInfo?id=279 HTTP/1.1" 200 2175 106
