0:0:0:0:0:0:0:1 - - [20/Mar/2019:15:57:10 +0800] "GET / HTTP/1.1" 200 3153 637
0:0:0:0:0:0:0:1 - - [20/Mar/2019:15:57:10 +0800] "GET /static/css/login/simple-line-icons.css HTTP/1.1" 200 11717 67
0:0:0:0:0:0:0:1 - - [20/Mar/2019:15:57:10 +0800] "GET /static/js/jquery-2.1.1.js HTTP/1.1" 200 84247 78
0:0:0:0:0:0:0:1 - - [20/Mar/2019:15:57:10 +0800] "GET /static/css/login/app.css HTTP/1.1" 200 107542 77
0:0:0:0:0:0:0:1 - - [20/Mar/2019:15:57:10 +0800] "GET /static/css/login/bootstrap.css HTTP/1.1" 200 126970 78
0:0:0:0:0:0:0:1 - - [20/Mar/2019:15:57:10 +0800] "GET /static/images/login/yudee_bg.png HTTP/1.1" 200 841898 95
0:0:0:0:0:0:0:1 - - [20/Mar/2019:15:57:14 +0800] "POST /manage/account/login HTTP/1.1" 200 221 918
0:0:0:0:0:0:0:1 - - [20/Mar/2019:15:57:16 +0800] "GET /static/css/plugins/toastr/toastr.min.css HTTP/1.1" 200 6882 11
0:0:0:0:0:0:0:1 - - [20/Mar/2019:15:57:16 +0800] "GET /static/css/bootstrap-switch.css HTTP/1.1" 200 6993 14
0:0:0:0:0:0:0:1 - - [20/Mar/2019:15:57:16 +0800] "GET /static/js/plugins/gritter/jquery.gritter.css HTTP/1.1" 200 2556 14
0:0:0:0:0:0:0:1 - - [20/Mar/2019:15:57:16 +0800] "GET /static/css/plugins/dataTables/dataTables.responsive.css HTTP/1.1" 200 2626 9
0:0:0:0:0:0:0:1 - - [20/Mar/2019:15:57:16 +0800] "GET /static/css/style.css HTTP/1.1" 200 156956 17
0:0:0:0:0:0:0:1 - - [20/Mar/2019:15:57:16 +0800] "GET /static/css/plugins/dataTables/dataTables.bootstrap.css HTTP/1.1" 200 5178 10
0:0:0:0:0:0:0:1 - - [20/Mar/2019:15:57:16 +0800] "GET /static/css/plugins/dataTables/dataTables.tableTools.min.css HTTP/1.1" 200 6601 7
0:0:0:0:0:0:0:1 - - [20/Mar/2019:15:57:16 +0800] "GET /static/css/plugins/datapicker/bootstrap-datetimepicker.min.css HTTP/1.1" 200 7771 9
0:0:0:0:0:0:0:1 - - [20/Mar/2019:15:57:16 +0800] "GET /static/css/animate.css HTTP/1.1" 200 68411 39
0:0:0:0:0:0:0:1 - - [20/Mar/2019:15:57:16 +0800] "GET /static/css/bootstrap.min.css HTTP/1.1" 200 117305 61
0:0:0:0:0:0:0:1 - - [20/Mar/2019:15:57:16 +0800] "GET /static/js/bootstrap.min.js HTTP/1.1" 200 37045 12
0:0:0:0:0:0:0:1 - - [20/Mar/2019:15:57:16 +0800] "GET /static/js/bootstrap-switch.js HTTP/1.1" 200 26858 13
0:0:0:0:0:0:0:1 - - [20/Mar/2019:15:57:16 +0800] "GET /static/js/inspinia.js HTTP/1.1" 200 8107 8
0:0:0:0:0:0:0:1 - - [20/Mar/2019:15:57:16 +0800] "GET /static/js/plugins/slimscroll/jquery.slimscroll.min.js HTTP/1.1" 200 4682 7
0:0:0:0:0:0:0:1 - - [20/Mar/2019:15:57:16 +0800] "GET /static/js/jquery-2.1.1.js HTTP/1.1" 200 84247 39
0:0:0:0:0:0:0:1 - - [20/Mar/2019:15:57:16 +0800] "GET /static/js/plugins/metisMenu/jquery.metisMenu.js HTTP/1.1" 200 3265 26
0:0:0:0:0:0:0:1 - - [20/Mar/2019:15:57:16 +0800] "GET /static/js/jquery-migrate-1.1.0.min.js HTTP/1.1" 200 6968 18
0:0:0:0:0:0:0:1 - - [20/Mar/2019:15:57:16 +0800] "GET /static/js/plugins/pace/pace.min.js HTTP/1.1" 200 12364 24
0:0:0:0:0:0:0:1 - - [20/Mar/2019:15:57:16 +0800] "GET /static/js/plugins/dataTables/dataTables.bootstrap.js HTTP/1.1" 200 9614 11
0:0:0:0:0:0:0:1 - - [20/Mar/2019:15:57:16 +0800] "GET /static/font-awesome/css/font-awesome.css HTTP/1.1" 200 28747 87
0:0:0:0:0:0:0:1 - - [20/Mar/2019:15:57:16 +0800] "GET /manage/account/toindexPage HTTP/1.1" 200 19468 178
0:0:0:0:0:0:0:1 - - [20/Mar/2019:15:57:16 +0800] "GET /static/js/plugins/dataTables/dataTables.responsive.js HTTP/1.1" 200 32864 13
0:0:0:0:0:0:0:1 - - [20/Mar/2019:15:57:16 +0800] "GET /static/js/jquery-ui-1.10.4.min.js HTTP/1.1" 200 228539 116
0:0:0:0:0:0:0:1 - - [20/Mar/2019:15:57:16 +0800] "GET /static/js/plugins/dataTables/dataTables.tableTools.min.js HTTP/1.1" 200 31626 24
0:0:0:0:0:0:0:1 - - [20/Mar/2019:15:57:16 +0800] "GET /static/ckeditor/ckeditor.js HTTP/1.1" 200 567997 119
0:0:0:0:0:0:0:1 - - [20/Mar/2019:15:57:16 +0800] "GET /static/js/plugins/datapicker/bootstrap-datetimepicker.min.js HTTP/1.1" 200 48881 21
0:0:0:0:0:0:0:1 - - [20/Mar/2019:15:57:16 +0800] "GET /static/js/plugins/jsTree/jstree.min.js HTTP/1.1" 200 118089 26
0:0:0:0:0:0:0:1 - - [20/Mar/2019:15:57:16 +0800] "GET /static/js/sha1.js HTTP/1.1" 200 5752 10
0:0:0:0:0:0:0:1 - - [20/Mar/2019:15:57:16 +0800] "GET /static/js/plugins/dataTables/jquery.dataTables.js HTTP/1.1" 200 434957 128
0:0:0:0:0:0:0:1 - - [20/Mar/2019:15:57:16 +0800] "GET /static/js/plugins/chosen/chosen.jquery.js HTTP/1.1" 200 51376 25
0:0:0:0:0:0:0:1 - - [20/Mar/2019:15:57:16 +0800] "GET /static/js/jquery.ajaxfileupload.js HTTP/1.1" 200 5785 6
0:0:0:0:0:0:0:1 - - [20/Mar/2019:15:57:16 +0800] "GET /static/js/plugins/datapicker/Moment.js HTTP/1.1" 200 387799 55
0:0:0:0:0:0:0:1 - - [20/Mar/2019:15:57:16 +0800] "GET /static/js/layer/layer.js HTTP/1.1" 200 25196 26
0:0:0:0:0:0:0:1 - - [20/Mar/2019:15:57:16 +0800] "GET /static/images/page/baidumarker.png HTTP/1.1" 200 2877 7
0:0:0:0:0:0:0:1 - - [20/Mar/2019:15:57:16 +0800] "GET /static/js/layer/skin/layer.css HTTP/1.1" 200 14048 5
0:0:0:0:0:0:0:1 - - [20/Mar/2019:15:57:16 +0800] "GET /static/css/patterns/header-profile.png HTTP/1.1" 200 5877 5
0:0:0:0:0:0:0:1 - - [20/Mar/2019:15:57:16 +0800] "GET /static/font-awesome/fonts/fontawesome-webfont.woff2?v=4.3.0 HTTP/1.1" 200 56780 9
0:0:0:0:0:0:0:1 - - [20/Mar/2019:15:57:16 +0800] "POST /manage/account/getUserAccessList HTTP/1.1" 200 8361 96
0:0:0:0:0:0:0:1 - - [20/Mar/2019:15:57:18 +0800] "GET /manage/workbench/toWorkBenchPage HTTP/1.1" 200 32177 170
0:0:0:0:0:0:0:1 - - [20/Mar/2019:15:57:18 +0800] "GET /static/css/bootstrap-switch.css HTTP/1.1" 200 6993 3
0:0:0:0:0:0:0:1 - - [20/Mar/2019:15:57:18 +0800] "GET /static/font-awesome/css/font-awesome.css HTTP/1.1" 200 28747 5
0:0:0:0:0:0:0:1 - - [20/Mar/2019:15:57:18 +0800] "GET /static/css/plugins/toastr/toastr.min.css HTTP/1.1" 200 6882 4
0:0:0:0:0:0:0:1 - - [20/Mar/2019:15:57:18 +0800] "GET /static/js/plugins/gritter/jquery.gritter.css HTTP/1.1" 200 2556 6
0:0:0:0:0:0:0:1 - - [20/Mar/2019:15:57:18 +0800] "GET /static/css/bootstrap.min.css HTTP/1.1" 200 117305 36
0:0:0:0:0:0:0:1 - - [20/Mar/2019:15:57:18 +0800] "GET /static/css/animate.css HTTP/1.1" 200 68411 32
0:0:0:0:0:0:0:1 - - [20/Mar/2019:15:57:18 +0800] "GET /static/css/plugins/dataTables/dataTables.responsive.css HTTP/1.1" 200 2626 5
0:0:0:0:0:0:0:1 - - [20/Mar/2019:15:57:18 +0800] "GET /static/css/style.css HTTP/1.1" 200 156956 40
0:0:0:0:0:0:0:1 - - [20/Mar/2019:15:57:18 +0800] "GET /static/css/plugins/dataTables/dataTables.tableTools.min.css HTTP/1.1" 200 6601 6
0:0:0:0:0:0:0:1 - - [20/Mar/2019:15:57:18 +0800] "GET /static/css/plugins/datapicker/bootstrap-datetimepicker.min.css HTTP/1.1" 200 7771 4
0:0:0:0:0:0:0:1 - - [20/Mar/2019:15:57:18 +0800] "GET /static/js/jquery-2.1.1.js HTTP/1.1" 200 84247 38
0:0:0:0:0:0:0:1 - - [20/Mar/2019:15:57:18 +0800] "GET /static/css/plugins/dataTables/dataTables.bootstrap.css HTTP/1.1" 200 5178 24
0:0:0:0:0:0:0:1 - - [20/Mar/2019:15:57:18 +0800] "GET /static/js/inspinia.js HTTP/1.1" 200 8107 2
0:0:0:0:0:0:0:1 - - [20/Mar/2019:15:57:18 +0800] "GET /static/js/plugins/metisMenu/jquery.metisMenu.js HTTP/1.1" 200 3265 2
0:0:0:0:0:0:0:1 - - [20/Mar/2019:15:57:18 +0800] "GET /static/js/bootstrap.min.js HTTP/1.1" 200 37045 13
0:0:0:0:0:0:0:1 - - [20/Mar/2019:15:57:18 +0800] "GET /static/js/plugins/pace/pace.min.js HTTP/1.1" 200 12364 3
0:0:0:0:0:0:0:1 - - [20/Mar/2019:15:57:18 +0800] "GET /static/js/bootstrap-switch.js HTTP/1.1" 200 26858 13
0:0:0:0:0:0:0:1 - - [20/Mar/2019:15:57:18 +0800] "GET /static/js/jquery-ui-1.10.4.min.js HTTP/1.1" 200 228539 7
0:0:0:0:0:0:0:1 - - [20/Mar/2019:15:57:18 +0800] "GET /static/js/jquery-migrate-1.1.0.min.js HTTP/1.1" 200 6968 4
0:0:0:0:0:0:0:1 - - [20/Mar/2019:15:57:18 +0800] "GET /static/js/plugins/dataTables/dataTables.bootstrap.js HTTP/1.1" 200 9614 6
0:0:0:0:0:0:0:1 - - [20/Mar/2019:15:57:18 +0800] "GET /static/js/plugins/slimscroll/jquery.slimscroll.min.js HTTP/1.1" 200 4682 23
0:0:0:0:0:0:0:1 - - [20/Mar/2019:15:57:18 +0800] "GET /static/js/plugins/dataTables/dataTables.tableTools.min.js HTTP/1.1" 200 31626 6
0:0:0:0:0:0:0:1 - - [20/Mar/2019:15:57:18 +0800] "GET /static/js/plugins/dataTables/dataTables.responsive.js HTTP/1.1" 200 32864 14
0:0:0:0:0:0:0:1 - - [20/Mar/2019:15:57:18 +0800] "GET /static/js/plugins/datapicker/bootstrap-datetimepicker.min.js HTTP/1.1" 200 48881 8
0:0:0:0:0:0:0:1 - - [20/Mar/2019:15:57:18 +0800] "GET /static/js/plugins/datapicker/Moment.js HTTP/1.1" 200 387799 19
0:0:0:0:0:0:0:1 - - [20/Mar/2019:15:57:18 +0800] "GET /static/ckeditor/ckeditor.js HTTP/1.1" 200 567997 30
0:0:0:0:0:0:0:1 - - [20/Mar/2019:15:57:18 +0800] "GET /static/js/plugins/chosen/chosen.jquery.js HTTP/1.1" 200 51376 11
0:0:0:0:0:0:0:1 - - [20/Mar/2019:15:57:18 +0800] "GET /static/js/layer/layer.js HTTP/1.1" 200 25196 7
0:0:0:0:0:0:0:1 - - [20/Mar/2019:15:57:18 +0800] "GET /static/js/plugins/jsTree/jstree.min.js HTTP/1.1" 200 118089 19
0:0:0:0:0:0:0:1 - - [20/Mar/2019:15:57:18 +0800] "GET /static/js/sha1.js HTTP/1.1" 200 5752 5
0:0:0:0:0:0:0:1 - - [20/Mar/2019:15:57:18 +0800] "GET /static/js/jquery.ajaxfileupload.js HTTP/1.1" 200 5785 4
0:0:0:0:0:0:0:1 - - [20/Mar/2019:15:57:18 +0800] "GET /static/js/plugins/dataTables/jquery.dataTables.js HTTP/1.1" 200 434957 40
0:0:0:0:0:0:0:1 - - [20/Mar/2019:15:57:18 +0800] "GET /static/images/page/baidumarker.png HTTP/1.1" 200 2877 4
0:0:0:0:0:0:0:1 - - [20/Mar/2019:15:57:18 +0800] "GET /static/js/hjs/echarts.min.js HTTP/1.1" 200 744675 44
0:0:0:0:0:0:0:1 - - [20/Mar/2019:15:57:18 +0800] "GET /static/js/hjs/jquery.tmpl.min.js HTTP/1.1" 200 6130 6
0:0:0:0:0:0:0:1 - - [20/Mar/2019:15:57:18 +0800] "GET /static/js/hjs/api.js HTTP/1.1" 200 2618 4
0:0:0:0:0:0:0:1 - - [20/Mar/2019:15:57:18 +0800] "GET /static/js/layer/skin/layer.css HTTP/1.1" 200 14048 2
0:0:0:0:0:0:0:1 - - [20/Mar/2019:15:57:18 +0800] "GET /static/css/patterns/header-profile.png HTTP/1.1" 200 5877 3
0:0:0:0:0:0:0:1 - - [20/Mar/2019:15:57:18 +0800] "GET /static/font-awesome/fonts/fontawesome-webfont.woff2?v=4.3.0 HTTP/1.1" 200 56780 5
0:0:0:0:0:0:0:1 - - [20/Mar/2019:15:57:19 +0800] "POST /manage/account/getUserAccessList HTTP/1.1" 200 8361 6
0:0:0:0:0:0:0:1 - - [20/Mar/2019:15:57:19 +0800] "GET /manage/manage/workbench/getWorkModule HTTP/1.1" 404 152 13
0:0:0:0:0:0:0:1 - - [20/Mar/2019:15:57:19 +0800] "GET /manage/manage/workbench/getWorkSum HTTP/1.1" 404 149 16
0:0:0:0:0:0:0:1 - - [20/Mar/2019:15:57:19 +0800] "GET /manage/manage/workbench/getWorkday HTTP/1.1" 404 149 25
0:0:0:0:0:0:0:1 - - [20/Mar/2019:15:57:24 +0800] "GET /static/css/bootstrap-switch.css HTTP/1.1" 200 6993 6
0:0:0:0:0:0:0:1 - - [20/Mar/2019:15:57:24 +0800] "GET /static/css/plugins/toastr/toastr.min.css HTTP/1.1" 200 6882 5
0:0:0:0:0:0:0:1 - - [20/Mar/2019:15:57:24 +0800] "GET /static/js/plugins/gritter/jquery.gritter.css HTTP/1.1" 200 2556 4
0:0:0:0:0:0:0:1 - - [20/Mar/2019:15:57:24 +0800] "GET /static/css/plugins/dataTables/dataTables.responsive.css HTTP/1.1" 200 2626 5
0:0:0:0:0:0:0:1 - - [20/Mar/2019:15:57:24 +0800] "GET /static/css/plugins/dataTables/dataTables.bootstrap.css HTTP/1.1" 200 5178 5
0:0:0:0:0:0:0:1 - - [20/Mar/2019:15:57:24 +0800] "GET /static/font-awesome/css/font-awesome.css HTTP/1.1" 200 28747 25
0:0:0:0:0:0:0:1 - - [20/Mar/2019:15:57:24 +0800] "GET /static/css/plugins/dataTables/dataTables.tableTools.min.css HTTP/1.1" 200 6601 4
0:0:0:0:0:0:0:1 - - [20/Mar/2019:15:57:24 +0800] "GET /static/css/plugins/datapicker/bootstrap-datetimepicker.min.css HTTP/1.1" 200 7771 4
0:0:0:0:0:0:0:1 - - [20/Mar/2019:15:57:24 +0800] "GET /static/js/layer/skin/layer.css HTTP/1.1" 200 14048 4
0:0:0:0:0:0:0:1 - - [20/Mar/2019:15:57:24 +0800] "GET /static/css/animate.css HTTP/1.1" 200 68411 29
0:0:0:0:0:0:0:1 - - [20/Mar/2019:15:57:24 +0800] "GET /static/css/style.css HTTP/1.1" 200 156956 31
0:0:0:0:0:0:0:1 - - [20/Mar/2019:15:57:24 +0800] "GET /static/css/bootstrap.min.css HTTP/1.1" 200 117305 42
0:0:0:0:0:0:0:1 - - [20/Mar/2019:15:57:24 +0800] "GET /static/js/dist/jquery-migrate.min.map HTTP/1.1" 404 152 13
0:0:0:0:0:0:0:1 - - [20/Mar/2019:15:58:31 +0800] "GET /manage/workbench/toWorkBenchPage HTTP/1.1" 200 32177 128
0:0:0:0:0:0:0:1 - - [20/Mar/2019:15:58:31 +0800] "GET /static/css/bootstrap-switch.css HTTP/1.1" 200 6993 5
0:0:0:0:0:0:0:1 - - [20/Mar/2019:15:58:31 +0800] "GET /static/css/bootstrap.min.css HTTP/1.1" 200 117305 18
0:0:0:0:0:0:0:1 - - [20/Mar/2019:15:58:31 +0800] "GET /static/css/plugins/dataTables/dataTables.responsive.css HTTP/1.1" 200 2626 5
0:0:0:0:0:0:0:1 - - [20/Mar/2019:15:58:31 +0800] "GET /static/css/plugins/toastr/toastr.min.css HTTP/1.1" 200 6882 3
0:0:0:0:0:0:0:1 - - [20/Mar/2019:15:58:31 +0800] "GET /static/font-awesome/css/font-awesome.css HTTP/1.1" 200 28747 18
0:0:0:0:0:0:0:1 - - [20/Mar/2019:15:58:31 +0800] "GET /static/js/plugins/gritter/jquery.gritter.css HTTP/1.1" 200 2556 6
0:0:0:0:0:0:0:1 - - [20/Mar/2019:15:58:31 +0800] "GET /static/css/plugins/dataTables/dataTables.bootstrap.css HTTP/1.1" 200 5178 4
0:0:0:0:0:0:0:1 - - [20/Mar/2019:15:58:31 +0800] "GET /static/css/plugins/dataTables/dataTables.tableTools.min.css HTTP/1.1" 200 6601 3
0:0:0:0:0:0:0:1 - - [20/Mar/2019:15:58:31 +0800] "GET /static/css/plugins/datapicker/bootstrap-datetimepicker.min.css HTTP/1.1" 200 7771 4
0:0:0:0:0:0:0:1 - - [20/Mar/2019:15:58:31 +0800] "GET /static/js/bootstrap-switch.js HTTP/1.1" 200 26858 10
0:0:0:0:0:0:0:1 - - [20/Mar/2019:15:58:31 +0800] "GET /static/js/plugins/metisMenu/jquery.metisMenu.js HTTP/1.1" 200 3265 4
0:0:0:0:0:0:0:1 - - [20/Mar/2019:15:58:31 +0800] "GET /static/js/plugins/slimscroll/jquery.slimscroll.min.js HTTP/1.1" 200 4682 4
0:0:0:0:0:0:0:1 - - [20/Mar/2019:15:58:31 +0800] "GET /static/js/plugins/pace/pace.min.js HTTP/1.1" 200 12364 5
0:0:0:0:0:0:0:1 - - [20/Mar/2019:15:58:31 +0800] "GET /static/js/inspinia.js HTTP/1.1" 200 8107 30
0:0:0:0:0:0:0:1 - - [20/Mar/2019:15:58:31 +0800] "GET /static/js/bootstrap.min.js HTTP/1.1" 200 37045 44
0:0:0:0:0:0:0:1 - - [20/Mar/2019:15:58:31 +0800] "GET /static/css/animate.css HTTP/1.1" 200 68411 75
0:0:0:0:0:0:0:1 - - [20/Mar/2019:15:58:31 +0800] "GET /static/js/jquery-migrate-1.1.0.min.js HTTP/1.1" 200 6968 4
0:0:0:0:0:0:0:1 - - [20/Mar/2019:15:58:31 +0800] "GET /static/js/jquery-2.1.1.js HTTP/1.1" 200 84247 67
0:0:0:0:0:0:0:1 - - [20/Mar/2019:15:58:31 +0800] "GET /static/js/plugins/dataTables/dataTables.bootstrap.js HTTP/1.1" 200 9614 9
0:0:0:0:0:0:0:1 - - [20/Mar/2019:15:58:31 +0800] "GET /static/css/style.css HTTP/1.1" 200 156956 115
0:0:0:0:0:0:0:1 - - [20/Mar/2019:15:58:31 +0800] "GET /static/ckeditor/ckeditor.js HTTP/1.1" 200 567997 30
0:0:0:0:0:0:0:1 - - [20/Mar/2019:15:58:31 +0800] "GET /static/js/jquery-ui-1.10.4.min.js HTTP/1.1" 200 228539 55
0:0:0:0:0:0:0:1 - - [20/Mar/2019:15:58:31 +0800] "GET /static/js/plugins/dataTables/jquery.dataTables.js HTTP/1.1" 200 434957 47
0:0:0:0:0:0:0:1 - - [20/Mar/2019:15:58:31 +0800] "GET /static/js/plugins/dataTables/dataTables.responsive.js HTTP/1.1" 200 32864 31
0:0:0:0:0:0:0:1 - - [20/Mar/2019:15:58:31 +0800] "GET /static/js/plugins/chosen/chosen.jquery.js HTTP/1.1" 200 51376 9
0:0:0:0:0:0:0:1 - - [20/Mar/2019:15:58:31 +0800] "GET /static/js/plugins/datapicker/bootstrap-datetimepicker.min.js HTTP/1.1" 200 48881 18
0:0:0:0:0:0:0:1 - - [20/Mar/2019:15:58:31 +0800] "GET /static/js/layer/layer.js HTTP/1.1" 200 25196 7
0:0:0:0:0:0:0:1 - - [20/Mar/2019:15:58:31 +0800] "GET /static/js/plugins/datapicker/Moment.js HTTP/1.1" 200 387799 32
0:0:0:0:0:0:0:1 - - [20/Mar/2019:15:58:31 +0800] "GET /static/js/sha1.js HTTP/1.1" 200 5752 6
0:0:0:0:0:0:0:1 - - [20/Mar/2019:15:58:31 +0800] "GET /static/js/plugins/dataTables/dataTables.tableTools.min.js HTTP/1.1" 200 31626 44
0:0:0:0:0:0:0:1 - - [20/Mar/2019:15:58:31 +0800] "GET /static/js/jquery.ajaxfileupload.js HTTP/1.1" 200 5785 7
0:0:0:0:0:0:0:1 - - [20/Mar/2019:15:58:31 +0800] "GET /static/images/page/baidumarker.png HTTP/1.1" 200 2877 7
0:0:0:0:0:0:0:1 - - [20/Mar/2019:15:58:31 +0800] "GET /static/js/plugins/jsTree/jstree.min.js HTTP/1.1" 200 118089 38
0:0:0:0:0:0:0:1 - - [20/Mar/2019:15:58:31 +0800] "GET /static/js/hjs/jquery.tmpl.min.js HTTP/1.1" 200 6130 5
0:0:0:0:0:0:0:1 - - [20/Mar/2019:15:58:31 +0800] "GET /static/js/dist/jquery-migrate.min.map HTTP/1.1" 404 152 8
0:0:0:0:0:0:0:1 - - [20/Mar/2019:15:58:31 +0800] "GET /static/js/layer/skin/layer.css HTTP/1.1" 200 14048 3
0:0:0:0:0:0:0:1 - - [20/Mar/2019:15:58:31 +0800] "GET /static/js/hjs/api.js HTTP/1.1" 200 2618 3
0:0:0:0:0:0:0:1 - - [20/Mar/2019:15:58:31 +0800] "GET /static/css/patterns/header-profile.png HTTP/1.1" 200 5877 4
0:0:0:0:0:0:0:1 - - [20/Mar/2019:15:58:31 +0800] "GET /static/js/hjs/echarts.min.js HTTP/1.1" 200 744675 354
0:0:0:0:0:0:0:1 - - [20/Mar/2019:15:58:31 +0800] "GET /static/font-awesome/fonts/fontawesome-webfont.woff2?v=4.3.0 HTTP/1.1" 200 56780 13
0:0:0:0:0:0:0:1 - - [20/Mar/2019:15:58:31 +0800] "POST /manage/account/getUserAccessList HTTP/1.1" 200 8361 4
0:0:0:0:0:0:0:1 - - [20/Mar/2019:15:58:32 +0800] "GET /manage/workbench/getWorkSum HTTP/1.1" 200 3230 58
0:0:0:0:0:0:0:1 - - [20/Mar/2019:15:58:32 +0800] "GET /manage/workbench/getWorkday HTTP/1.1" 200 2982 58
0:0:0:0:0:0:0:1 - - [20/Mar/2019:15:58:32 +0800] "GET /manage/workbench/getWorkModule HTTP/1.1" 200 3960 79
