0:0:0:0:0:0:0:1 - - [31/Jan/2019:10:00:10 +0800] "GET /app/code HTTP/1.1" 200 54 202735
0:0:0:0:0:0:0:1 - - [31/Jan/2019:10:16:43 +0800] "GET /app/code HTTP/1.1" 200 75 19436
0:0:0:0:0:0:0:1 - - [31/Jan/2019:10:20:25 +0800] "GET /app/code HTTP/1.1" 200 75 163858
0:0:0:0:0:0:0:1 - - [31/Jan/2019:10:21:28 +0800] "GET /app/code HTTP/1.1" 200 75 56495
0:0:0:0:0:0:0:1 - - [31/Jan/2019:10:22:43 +0800] "GET /app/code HTTP/1.1" 200 54 44080
0:0:0:0:0:0:0:1 - - [31/Jan/2019:10:31:31 +0800] "GET /app/code HTTP/1.1" 200 44 24679
0:0:0:0:0:0:0:1 - - [31/Jan/2019:10:33:54 +0800] "GET /app/code HTTP/1.1" 200 44 34773
0:0:0:0:0:0:0:1 - - [31/Jan/2019:10:35:02 +0800] "GET /app/code HTTP/1.1" 200 65 2395
0:0:0:0:0:0:0:1 - - [31/Jan/2019:10:35:32 +0800] "GET /app/code HTTP/1.1" 200 65 1909
0:0:0:0:0:0:0:1 - - [31/Jan/2019:12:12:11 +0800] "GET / HTTP/1.1" 200 3153 605
0:0:0:0:0:0:0:1 - - [31/Jan/2019:12:12:11 +0800] "GET /static/css/login/simple-line-icons.css HTTP/1.1" 200 11717 64
0:0:0:0:0:0:0:1 - - [31/Jan/2019:12:12:11 +0800] "GET /static/js/jquery-2.1.1.js HTTP/1.1" 200 84247 74
0:0:0:0:0:0:0:1 - - [31/Jan/2019:12:12:11 +0800] "GET /static/css/login/app.css HTTP/1.1" 200 107542 71
0:0:0:0:0:0:0:1 - - [31/Jan/2019:12:12:11 +0800] "GET /static/css/login/bootstrap.css HTTP/1.1" 200 126970 74
0:0:0:0:0:0:0:1 - - [31/Jan/2019:12:12:11 +0800] "GET /static/images/login/yudee_bg.png HTTP/1.1" 200 841898 104
0:0:0:0:0:0:0:1 - - [31/Jan/2019:12:12:14 +0800] "POST /manage/account/login HTTP/1.1" 200 221 976
0:0:0:0:0:0:0:1 - - [31/Jan/2019:12:12:15 +0800] "GET /static/js/plugins/gritter/jquery.gritter.css HTTP/1.1" 200 2556 7
0:0:0:0:0:0:0:1 - - [31/Jan/2019:12:12:15 +0800] "GET /static/css/bootstrap-switch.css HTTP/1.1" 200 6993 16
0:0:0:0:0:0:0:1 - - [31/Jan/2019:12:12:15 +0800] "GET /static/css/plugins/toastr/toastr.min.css HTTP/1.1" 200 6882 6
0:0:0:0:0:0:0:1 - - [31/Jan/2019:12:12:15 +0800] "GET /manage/account/toindexPage HTTP/1.1" 200 19365 76
0:0:0:0:0:0:0:1 - - [31/Jan/2019:12:12:15 +0800] "GET /static/font-awesome/css/font-awesome.css HTTP/1.1" 200 28747 28
0:0:0:0:0:0:0:1 - - [31/Jan/2019:12:12:15 +0800] "GET /static/css/bootstrap.min.css HTTP/1.1" 200 117305 34
0:0:0:0:0:0:0:1 - - [31/Jan/2019:12:12:15 +0800] "GET /static/css/plugins/dataTables/dataTables.tableTools.min.css HTTP/1.1" 200 6601 8
0:0:0:0:0:0:0:1 - - [31/Jan/2019:12:12:15 +0800] "GET /static/css/plugins/dataTables/dataTables.responsive.css HTTP/1.1" 200 2626 7
0:0:0:0:0:0:0:1 - - [31/Jan/2019:12:12:15 +0800] "GET /static/css/plugins/datapicker/bootstrap-datetimepicker.min.css HTTP/1.1" 200 7771 11
0:0:0:0:0:0:0:1 - - [31/Jan/2019:12:12:15 +0800] "GET /static/js/bootstrap.min.js HTTP/1.1" 200 37045 10
0:0:0:0:0:0:0:1 - - [31/Jan/2019:12:12:15 +0800] "GET /static/css/plugins/dataTables/dataTables.bootstrap.css HTTP/1.1" 200 5178 10
0:0:0:0:0:0:0:1 - - [31/Jan/2019:12:12:15 +0800] "GET /static/js/plugins/metisMenu/jquery.metisMenu.js HTTP/1.1" 200 3265 12
0:0:0:0:0:0:0:1 - - [31/Jan/2019:12:12:15 +0800] "GET /static/js/bootstrap-switch.js HTTP/1.1" 200 26858 9
0:0:0:0:0:0:0:1 - - [31/Jan/2019:12:12:15 +0800] "GET /static/js/plugins/slimscroll/jquery.slimscroll.min.js HTTP/1.1" 200 4682 6
0:0:0:0:0:0:0:1 - - [31/Jan/2019:12:12:15 +0800] "GET /static/js/inspinia.js HTTP/1.1" 200 8107 8
0:0:0:0:0:0:0:1 - - [31/Jan/2019:12:12:15 +0800] "GET /static/js/jquery-2.1.1.js HTTP/1.1" 200 84247 35
0:0:0:0:0:0:0:1 - - [31/Jan/2019:12:12:15 +0800] "GET /static/js/plugins/pace/pace.min.js HTTP/1.1" 200 12364 10
0:0:0:0:0:0:0:1 - - [31/Jan/2019:12:12:15 +0800] "GET /static/js/jquery-migrate-1.1.0.min.js HTTP/1.1" 200 6968 12
0:0:0:0:0:0:0:1 - - [31/Jan/2019:12:12:15 +0800] "GET /static/js/plugins/dataTables/dataTables.bootstrap.js HTTP/1.1" 200 9614 6
0:0:0:0:0:0:0:1 - - [31/Jan/2019:12:12:15 +0800] "GET /static/js/jquery-ui-1.10.4.min.js HTTP/1.1" 200 228539 17
0:0:0:0:0:0:0:1 - - [31/Jan/2019:12:12:15 +0800] "GET /static/js/plugins/dataTables/dataTables.tableTools.min.js HTTP/1.1" 200 31626 6
0:0:0:0:0:0:0:1 - - [31/Jan/2019:12:12:15 +0800] "GET /static/js/plugins/dataTables/jquery.dataTables.js HTTP/1.1" 200 434957 23
0:0:0:0:0:0:0:1 - - [31/Jan/2019:12:12:15 +0800] "GET /static/js/plugins/datapicker/bootstrap-datetimepicker.min.js HTTP/1.1" 200 48881 10
0:0:0:0:0:0:0:1 - - [31/Jan/2019:12:12:15 +0800] "GET /static/ckeditor/ckeditor.js HTTP/1.1" 200 567997 32
0:0:0:0:0:0:0:1 - - [31/Jan/2019:12:12:15 +0800] "GET /static/css/animate.css HTTP/1.1" 200 68411 91
0:0:0:0:0:0:0:1 - - [31/Jan/2019:12:12:15 +0800] "GET /static/js/plugins/datapicker/Moment.js HTTP/1.1" 200 387799 20
0:0:0:0:0:0:0:1 - - [31/Jan/2019:12:12:15 +0800] "GET /static/js/sha1.js HTTP/1.1" 200 5752 5
0:0:0:0:0:0:0:1 - - [31/Jan/2019:12:12:15 +0800] "GET /static/js/layer/layer.js HTTP/1.1" 200 25196 13
0:0:0:0:0:0:0:1 - - [31/Jan/2019:12:12:15 +0800] "GET /static/js/plugins/dataTables/dataTables.responsive.js HTTP/1.1" 200 32864 28
0:0:0:0:0:0:0:1 - - [31/Jan/2019:12:12:15 +0800] "GET /static/css/style.css HTTP/1.1" 200 156956 120
0:0:0:0:0:0:0:1 - - [31/Jan/2019:12:12:15 +0800] "GET /static/js/plugins/chosen/chosen.jquery.js HTTP/1.1" 200 51376 23
0:0:0:0:0:0:0:1 - - [31/Jan/2019:12:12:15 +0800] "GET /static/js/jquery.ajaxfileupload.js HTTP/1.1" 200 5785 7
0:0:0:0:0:0:0:1 - - [31/Jan/2019:12:12:15 +0800] "GET /static/js/plugins/jsTree/jstree.min.js HTTP/1.1" 200 118089 46
0:0:0:0:0:0:0:1 - - [31/Jan/2019:12:12:15 +0800] "GET /static/images/page/baidumarker.png HTTP/1.1" 200 2877 8
0:0:0:0:0:0:0:1 - - [31/Jan/2019:12:12:15 +0800] "GET /static/js/layer/skin/layer.css HTTP/1.1" 200 14048 6
0:0:0:0:0:0:0:1 - - [31/Jan/2019:12:12:15 +0800] "GET /static/css/patterns/header-profile.png HTTP/1.1" 200 5877 5
0:0:0:0:0:0:0:1 - - [31/Jan/2019:12:12:15 +0800] "GET /static/font-awesome/fonts/fontawesome-webfont.woff2?v=4.3.0 HTTP/1.1" 200 56780 7
0:0:0:0:0:0:0:1 - - [31/Jan/2019:12:12:15 +0800] "POST /manage/account/getUserAccessList HTTP/1.1" 200 8121 88
0:0:0:0:0:0:0:1 - - [31/Jan/2019:12:12:21 +0800] "GET /manage/roll/toPcdiList HTTP/1.1" 200 27456 35
0:0:0:0:0:0:0:1 - - [31/Jan/2019:12:12:21 +0800] "GET /static/css/bootstrap-switch.css HTTP/1.1" 200 6993 7
0:0:0:0:0:0:0:1 - - [31/Jan/2019:12:12:21 +0800] "GET /static/js/plugins/gritter/jquery.gritter.css HTTP/1.1" 200 2556 6
0:0:0:0:0:0:0:1 - - [31/Jan/2019:12:12:21 +0800] "GET /static/css/plugins/toastr/toastr.min.css HTTP/1.1" 200 6882 6
0:0:0:0:0:0:0:1 - - [31/Jan/2019:12:12:21 +0800] "GET /static/css/bootstrap.min.css HTTP/1.1" 200 117305 28
0:0:0:0:0:0:0:1 - - [31/Jan/2019:12:12:21 +0800] "GET /static/css/plugins/dataTables/dataTables.tableTools.min.css HTTP/1.1" 200 6601 5
0:0:0:0:0:0:0:1 - - [31/Jan/2019:12:12:21 +0800] "GET /static/css/plugins/dataTables/dataTables.bootstrap.css HTTP/1.1" 200 5178 12
0:0:0:0:0:0:0:1 - - [31/Jan/2019:12:12:21 +0800] "GET /static/css/animate.css HTTP/1.1" 200 68411 30
0:0:0:0:0:0:0:1 - - [31/Jan/2019:12:12:21 +0800] "GET /static/js/bootstrap.min.js HTTP/1.1" 200 37045 5
0:0:0:0:0:0:0:1 - - [31/Jan/2019:12:12:21 +0800] "GET /static/css/plugins/dataTables/dataTables.responsive.css HTTP/1.1" 200 2626 3
0:0:0:0:0:0:0:1 - - [31/Jan/2019:12:12:21 +0800] "GET /static/font-awesome/css/font-awesome.css HTTP/1.1" 200 28747 48
0:0:0:0:0:0:0:1 - - [31/Jan/2019:12:12:21 +0800] "GET /static/js/plugins/metisMenu/jquery.metisMenu.js HTTP/1.1" 200 3265 5
0:0:0:0:0:0:0:1 - - [31/Jan/2019:12:12:21 +0800] "GET /static/js/jquery-2.1.1.js HTTP/1.1" 200 84247 7
0:0:0:0:0:0:0:1 - - [31/Jan/2019:12:12:21 +0800] "GET /static/css/plugins/datapicker/bootstrap-datetimepicker.min.css HTTP/1.1" 200 7771 23
0:0:0:0:0:0:0:1 - - [31/Jan/2019:12:12:21 +0800] "GET /static/js/bootstrap-switch.js HTTP/1.1" 200 26858 7
0:0:0:0:0:0:0:1 - - [31/Jan/2019:12:12:21 +0800] "GET /static/css/style.css HTTP/1.1" 200 156956 49
0:0:0:0:0:0:0:1 - - [31/Jan/2019:12:12:21 +0800] "GET /static/js/plugins/slimscroll/jquery.slimscroll.min.js HTTP/1.1" 200 4682 3
0:0:0:0:0:0:0:1 - - [31/Jan/2019:12:12:21 +0800] "GET /static/js/inspinia.js HTTP/1.1" 200 8107 15
0:0:0:0:0:0:0:1 - - [31/Jan/2019:12:12:21 +0800] "GET /static/js/plugins/pace/pace.min.js HTTP/1.1" 200 12364 5
0:0:0:0:0:0:0:1 - - [31/Jan/2019:12:12:21 +0800] "GET /static/js/jquery-migrate-1.1.0.min.js HTTP/1.1" 200 6968 5
0:0:0:0:0:0:0:1 - - [31/Jan/2019:12:12:21 +0800] "GET /static/js/jquery-ui-1.10.4.min.js HTTP/1.1" 200 228539 11
0:0:0:0:0:0:0:1 - - [31/Jan/2019:12:12:21 +0800] "GET /static/js/plugins/dataTables/dataTables.bootstrap.js HTTP/1.1" 200 9614 4
0:0:0:0:0:0:0:1 - - [31/Jan/2019:12:12:21 +0800] "GET /static/js/plugins/dataTables/dataTables.tableTools.min.js HTTP/1.1" 200 31626 9
0:0:0:0:0:0:0:1 - - [31/Jan/2019:12:12:21 +0800] "GET /static/js/plugins/dataTables/dataTables.responsive.js HTTP/1.1" 200 32864 12
0:0:0:0:0:0:0:1 - - [31/Jan/2019:12:12:21 +0800] "GET /static/js/plugins/datapicker/bootstrap-datetimepicker.min.js HTTP/1.1" 200 48881 9
0:0:0:0:0:0:0:1 - - [31/Jan/2019:12:12:21 +0800] "GET /static/js/plugins/chosen/chosen.jquery.js HTTP/1.1" 200 51376 7
0:0:0:0:0:0:0:1 - - [31/Jan/2019:12:12:21 +0800] "GET /static/js/layer/layer.js HTTP/1.1" 200 25196 7
0:0:0:0:0:0:0:1 - - [31/Jan/2019:12:12:21 +0800] "GET /static/js/sha1.js HTTP/1.1" 200 5752 6
0:0:0:0:0:0:0:1 - - [31/Jan/2019:12:12:21 +0800] "GET /static/js/plugins/jsTree/jstree.min.js HTTP/1.1" 200 118089 17
0:0:0:0:0:0:0:1 - - [31/Jan/2019:12:12:21 +0800] "GET /static/ckeditor/ckeditor.js HTTP/1.1" 200 567997 37
0:0:0:0:0:0:0:1 - - [31/Jan/2019:12:12:21 +0800] "GET /static/js/jquery.ajaxfileupload.js HTTP/1.1" 200 5785 5
0:0:0:0:0:0:0:1 - - [31/Jan/2019:12:12:21 +0800] "GET /static/images/page/baidumarker.png HTTP/1.1" 200 2877 4
0:0:0:0:0:0:0:1 - - [31/Jan/2019:12:12:21 +0800] "GET /static/js/plugins/datapicker/Moment.js HTTP/1.1" 200 387799 34
0:0:0:0:0:0:0:1 - - [31/Jan/2019:12:12:21 +0800] "GET /static/js/plugins/dataTables/jquery.dataTables.js HTTP/1.1" 200 434957 36
0:0:0:0:0:0:0:1 - - [31/Jan/2019:12:12:21 +0800] "GET /static/js/layer/skin/layer.css HTTP/1.1" 200 14048 5
0:0:0:0:0:0:0:1 - - [31/Jan/2019:12:12:21 +0800] "GET /static/css/patterns/header-profile.png HTTP/1.1" 200 5877 5
0:0:0:0:0:0:0:1 - - [31/Jan/2019:12:12:21 +0800] "GET /static/font-awesome/fonts/fontawesome-webfont.woff2?v=4.3.0 HTTP/1.1" 200 56780 6
0:0:0:0:0:0:0:1 - - [31/Jan/2019:12:12:21 +0800] "POST /manage/account/getUserAccessList HTTP/1.1" 200 8121 5
0:0:0:0:0:0:0:1 - - [31/Jan/2019:12:12:22 +0800] "GET /manage/roll/getpcdiMustList.ajax?draw=1&columns%5B0%5D%5Bdata%5D=id&columns%5B0%5D%5Bname%5D=id&columns%5B0%5D%5Bsearchable%5D=true&columns%5B0%5D%5Borderable%5D=false&columns%5B0%5D%5Bsearch%5D%5Bvalue%5D=&columns%5B0%5D%5Bsearch%5D%5Bregex%5D=false&columns%5B1%5D%5Bdata%5D=describes&columns%5B1%5D%5Bname%5D=describes&columns%5B1%5D%5Bsearchable%5D=true&columns%5B1%5D%5Borderable%5D=false&columns%5B1%5D%5Bsearch%5D%5Bvalue%5D=&columns%5B1%5D%5Bsearch%5D%5Bregex%5D=false&columns%5B2%5D%5Bdata%5D=name&columns%5B2%5D%5Bname%5D=name&columns%5B2%5D%5Bsearchable%5D=true&columns%5B2%5D%5Borderable%5D=false&columns%5B2%5D%5Bsearch%5D%5Bvalue%5D=&columns%5B2%5D%5Bsearch%5D%5Bregex%5D=false&columns%5B3%5D%5Bdata%5D=topicTitle&columns%5B3%5D%5Bname%5D=topicTitle&columns%5B3%5D%5Bsearchable%5D=true&columns%5B3%5D%5Borderable%5D=false&columns%5B3%5D%5Bsearch%5D%5Bvalue%5D=&columns%5B3%5D%5Bsearch%5D%5Bregex%5D=false&columns%5B4%5D%5Bdata%5D=createTime&columns%5B4%5D%5Bname%5D=createTime&columns%5B4%5D%5Bsearchable%5D=true&columns%5B4%5D%5Borderable%5D=false&columns%5B4%5D%5Bsearch%5D%5Bvalue%5D=&columns%5B4%5D%5Bsearch%5D%5Bregex%5D=false&columns%5B5%5D%5Bdata%5D=id&columns%5B5%5D%5Bname%5D=id&columns%5B5%5D%5Bsearchable%5D=true&columns%5B5%5D%5Borderable%5D=false&columns%5B5%5D%5Bsearch%5D%5Bvalue%5D=&columns%5B5%5D%5Bsearch%5D%5Bregex%5D=false&start=0&length=10&search%5Bvalue%5D=&search%5Bregex%5D=false&_=1548907941655 HTTP/1.1" 500 1588 231
0:0:0:0:0:0:0:1 - - [31/Jan/2019:12:13:30 +0800] "GET /manage/roll/toPcdiList HTTP/1.1" 302 - 429
0:0:0:0:0:0:0:1 - - [31/Jan/2019:12:13:31 +0800] "GET /manage/account/toLogin HTTP/1.1" 200 3153 132
0:0:0:0:0:0:0:1 - - [31/Jan/2019:12:13:31 +0800] "GET /static/css/login/simple-line-icons.css HTTP/1.1" 200 11717 51
0:0:0:0:0:0:0:1 - - [31/Jan/2019:12:13:31 +0800] "GET /static/css/login/bootstrap.css HTTP/1.1" 200 126970 58
0:0:0:0:0:0:0:1 - - [31/Jan/2019:12:13:31 +0800] "GET /static/js/jquery-2.1.1.js HTTP/1.1" 200 84247 66
0:0:0:0:0:0:0:1 - - [31/Jan/2019:12:13:31 +0800] "GET /static/css/login/app.css HTTP/1.1" 200 107542 37
0:0:0:0:0:0:0:1 - - [31/Jan/2019:12:13:31 +0800] "GET /static/images/login/yudee_bg.png HTTP/1.1" 200 841898 75
0:0:0:0:0:0:0:1 - - [31/Jan/2019:12:13:31 +0800] "GET /favicon.ico HTTP/1.1" 200 946 23
0:0:0:0:0:0:0:1 - - [31/Jan/2019:12:13:33 +0800] "POST /manage/account/login HTTP/1.1" 200 221 990
0:0:0:0:0:0:0:1 - - [31/Jan/2019:12:13:34 +0800] "GET /static/css/bootstrap-switch.css HTTP/1.1" 200 6993 12
0:0:0:0:0:0:0:1 - - [31/Jan/2019:12:13:34 +0800] "GET /static/js/plugins/gritter/jquery.gritter.css HTTP/1.1" 200 2556 8
0:0:0:0:0:0:0:1 - - [31/Jan/2019:12:13:34 +0800] "GET /static/font-awesome/css/font-awesome.css HTTP/1.1" 200 28747 24
0:0:0:0:0:0:0:1 - - [31/Jan/2019:12:13:34 +0800] "GET /manage/account/toindexPage HTTP/1.1" 200 19365 73
0:0:0:0:0:0:0:1 - - [31/Jan/2019:12:13:34 +0800] "GET /static/css/plugins/dataTables/dataTables.responsive.css HTTP/1.1" 200 2626 7
0:0:0:0:0:0:0:1 - - [31/Jan/2019:12:13:34 +0800] "GET /static/css/plugins/dataTables/dataTables.bootstrap.css HTTP/1.1" 200 5178 15
0:0:0:0:0:0:0:1 - - [31/Jan/2019:12:13:34 +0800] "GET /static/css/plugins/toastr/toastr.min.css HTTP/1.1" 200 6882 71
0:0:0:0:0:0:0:1 - - [31/Jan/2019:12:13:34 +0800] "GET /static/css/plugins/datapicker/bootstrap-datetimepicker.min.css HTTP/1.1" 200 7771 7
0:0:0:0:0:0:0:1 - - [31/Jan/2019:12:13:34 +0800] "GET /static/css/bootstrap.min.css HTTP/1.1" 200 117305 77
0:0:0:0:0:0:0:1 - - [31/Jan/2019:12:13:34 +0800] "GET /static/css/animate.css HTTP/1.1" 200 68411 47
0:0:0:0:0:0:0:1 - - [31/Jan/2019:12:13:34 +0800] "GET /static/js/plugins/metisMenu/jquery.metisMenu.js HTTP/1.1" 200 3265 6
0:0:0:0:0:0:0:1 - - [31/Jan/2019:12:13:34 +0800] "GET /static/css/plugins/dataTables/dataTables.tableTools.min.css HTTP/1.1" 200 6601 14
0:0:0:0:0:0:0:1 - - [31/Jan/2019:12:13:34 +0800] "GET /static/css/style.css HTTP/1.1" 200 156956 58
0:0:0:0:0:0:0:1 - - [31/Jan/2019:12:13:34 +0800] "GET /static/js/inspinia.js HTTP/1.1" 200 8107 13
0:0:0:0:0:0:0:1 - - [31/Jan/2019:12:13:34 +0800] "GET /static/js/bootstrap-switch.js HTTP/1.1" 200 26858 13
0:0:0:0:0:0:0:1 - - [31/Jan/2019:12:13:34 +0800] "GET /static/js/jquery-2.1.1.js HTTP/1.1" 200 84247 20
0:0:0:0:0:0:0:1 - - [31/Jan/2019:12:13:34 +0800] "GET /static/js/bootstrap.min.js HTTP/1.1" 200 37045 33
0:0:0:0:0:0:0:1 - - [31/Jan/2019:12:13:34 +0800] "GET /static/js/jquery-migrate-1.1.0.min.js HTTP/1.1" 200 6968 7
0:0:0:0:0:0:0:1 - - [31/Jan/2019:12:13:34 +0800] "GET /static/js/plugins/slimscroll/jquery.slimscroll.min.js HTTP/1.1" 200 4682 12
0:0:0:0:0:0:0:1 - - [31/Jan/2019:12:13:34 +0800] "GET /static/js/jquery-ui-1.10.4.min.js HTTP/1.1" 200 228539 16
0:0:0:0:0:0:0:1 - - [31/Jan/2019:12:13:34 +0800] "GET /static/js/plugins/pace/pace.min.js HTTP/1.1" 200 12364 32
0:0:0:0:0:0:0:1 - - [31/Jan/2019:12:13:34 +0800] "GET /static/js/plugins/dataTables/dataTables.bootstrap.js HTTP/1.1" 200 9614 9
0:0:0:0:0:0:0:1 - - [31/Jan/2019:12:13:34 +0800] "GET /static/js/plugins/dataTables/jquery.dataTables.js HTTP/1.1" 200 434957 30
0:0:0:0:0:0:0:1 - - [31/Jan/2019:12:13:34 +0800] "GET /static/js/plugins/dataTables/dataTables.tableTools.min.js HTTP/1.1" 200 31626 8
0:0:0:0:0:0:0:1 - - [31/Jan/2019:12:13:34 +0800] "GET /static/ckeditor/ckeditor.js HTTP/1.1" 200 567997 51
0:0:0:0:0:0:0:1 - - [31/Jan/2019:12:13:34 +0800] "GET /static/js/plugins/datapicker/bootstrap-datetimepicker.min.js HTTP/1.1" 200 48881 13
0:0:0:0:0:0:0:1 - - [31/Jan/2019:12:13:34 +0800] "GET /static/js/plugins/jsTree/jstree.min.js HTTP/1.1" 200 118089 12
0:0:0:0:0:0:0:1 - - [31/Jan/2019:12:13:34 +0800] "GET /static/js/layer/layer.js HTTP/1.1" 200 25196 17
0:0:0:0:0:0:0:1 - - [31/Jan/2019:12:13:34 +0800] "GET /static/js/sha1.js HTTP/1.1" 200 5752 7
0:0:0:0:0:0:0:1 - - [31/Jan/2019:12:13:34 +0800] "GET /static/js/plugins/chosen/chosen.jquery.js HTTP/1.1" 200 51376 12
0:0:0:0:0:0:0:1 - - [31/Jan/2019:12:13:34 +0800] "GET /static/js/plugins/datapicker/Moment.js HTTP/1.1" 200 387799 43
0:0:0:0:0:0:0:1 - - [31/Jan/2019:12:13:34 +0800] "GET /static/js/jquery.ajaxfileupload.js HTTP/1.1" 200 5785 12
0:0:0:0:0:0:0:1 - - [31/Jan/2019:12:13:34 +0800] "GET /static/images/page/baidumarker.png HTTP/1.1" 200 2877 7
0:0:0:0:0:0:0:1 - - [31/Jan/2019:12:13:34 +0800] "GET /static/js/plugins/dataTables/dataTables.responsive.js HTTP/1.1" 200 32864 60
0:0:0:0:0:0:0:1 - - [31/Jan/2019:12:13:34 +0800] "GET /static/js/layer/skin/layer.css HTTP/1.1" 200 14048 9
0:0:0:0:0:0:0:1 - - [31/Jan/2019:12:13:34 +0800] "GET /static/css/patterns/header-profile.png HTTP/1.1" 200 5877 6
0:0:0:0:0:0:0:1 - - [31/Jan/2019:12:13:34 +0800] "GET /static/font-awesome/fonts/fontawesome-webfont.woff2?v=4.3.0 HTTP/1.1" 200 56780 9
0:0:0:0:0:0:0:1 - - [31/Jan/2019:12:13:35 +0800] "POST /manage/account/getUserAccessList HTTP/1.1" 200 8121 102
0:0:0:0:0:0:0:1 - - [31/Jan/2019:12:13:38 +0800] "GET /manage/roll/toPcdiList HTTP/1.1" 200 27456 28
0:0:0:0:0:0:0:1 - - [31/Jan/2019:12:13:38 +0800] "GET /static/css/plugins/toastr/toastr.min.css HTTP/1.1" 200 6882 3
0:0:0:0:0:0:0:1 - - [31/Jan/2019:12:13:38 +0800] "GET /static/font-awesome/css/font-awesome.css HTTP/1.1" 200 28747 5
0:0:0:0:0:0:0:1 - - [31/Jan/2019:12:13:38 +0800] "GET /static/js/plugins/gritter/jquery.gritter.css HTTP/1.1" 200 2556 5
0:0:0:0:0:0:0:1 - - [31/Jan/2019:12:13:38 +0800] "GET /static/css/bootstrap-switch.css HTTP/1.1" 200 6993 8
0:0:0:0:0:0:0:1 - - [31/Jan/2019:12:13:38 +0800] "GET /static/css/style.css HTTP/1.1" 200 156956 6
0:0:0:0:0:0:0:1 - - [31/Jan/2019:12:13:38 +0800] "GET /static/css/plugins/dataTables/dataTables.bootstrap.css HTTP/1.1" 200 5178 4
0:0:0:0:0:0:0:1 - - [31/Jan/2019:12:13:38 +0800] "GET /static/css/plugins/dataTables/dataTables.responsive.css HTTP/1.1" 200 2626 7
0:0:0:0:0:0:0:1 - - [31/Jan/2019:12:13:38 +0800] "GET /static/css/plugins/dataTables/dataTables.tableTools.min.css HTTP/1.1" 200 6601 3
0:0:0:0:0:0:0:1 - - [31/Jan/2019:12:13:38 +0800] "GET /static/css/animate.css HTTP/1.1" 200 68411 18
0:0:0:0:0:0:0:1 - - [31/Jan/2019:12:13:38 +0800] "GET /static/css/plugins/datapicker/bootstrap-datetimepicker.min.css HTTP/1.1" 200 7771 4
0:0:0:0:0:0:0:1 - - [31/Jan/2019:12:13:38 +0800] "GET /static/js/plugins/metisMenu/jquery.metisMenu.js HTTP/1.1" 200 3265 4
0:0:0:0:0:0:0:1 - - [31/Jan/2019:12:13:38 +0800] "GET /static/js/bootstrap.min.js HTTP/1.1" 200 37045 7
0:0:0:0:0:0:0:1 - - [31/Jan/2019:12:13:38 +0800] "GET /static/css/bootstrap.min.css HTTP/1.1" 200 117305 35
0:0:0:0:0:0:0:1 - - [31/Jan/2019:12:13:38 +0800] "GET /static/js/jquery-2.1.1.js HTTP/1.1" 200 84247 13
0:0:0:0:0:0:0:1 - - [31/Jan/2019:12:13:38 +0800] "GET /static/js/plugins/pace/pace.min.js HTTP/1.1" 200 12364 4
0:0:0:0:0:0:0:1 - - [31/Jan/2019:12:13:38 +0800] "GET /static/js/bootstrap-switch.js HTTP/1.1" 200 26858 7
0:0:0:0:0:0:0:1 - - [31/Jan/2019:12:13:38 +0800] "GET /static/js/inspinia.js HTTP/1.1" 200 8107 7
0:0:0:0:0:0:0:1 - - [31/Jan/2019:12:13:38 +0800] "GET /static/js/plugins/slimscroll/jquery.slimscroll.min.js HTTP/1.1" 200 4682 3
0:0:0:0:0:0:0:1 - - [31/Jan/2019:12:13:38 +0800] "GET /static/js/jquery-migrate-1.1.0.min.js HTTP/1.1" 200 6968 4
0:0:0:0:0:0:0:1 - - [31/Jan/2019:12:13:38 +0800] "GET /static/js/plugins/dataTables/dataTables.responsive.js HTTP/1.1" 200 32864 6
0:0:0:0:0:0:0:1 - - [31/Jan/2019:12:13:38 +0800] "GET /static/js/plugins/dataTables/dataTables.bootstrap.js HTTP/1.1" 200 9614 4
0:0:0:0:0:0:0:1 - - [31/Jan/2019:12:13:38 +0800] "GET /static/js/plugins/datapicker/bootstrap-datetimepicker.min.js HTTP/1.1" 200 48881 8
0:0:0:0:0:0:0:1 - - [31/Jan/2019:12:13:38 +0800] "GET /static/js/jquery-ui-1.10.4.min.js HTTP/1.1" 200 228539 26
0:0:0:0:0:0:0:1 - - [31/Jan/2019:12:13:38 +0800] "GET /static/js/plugins/dataTables/dataTables.tableTools.min.js HTTP/1.1" 200 31626 6
0:0:0:0:0:0:0:1 - - [31/Jan/2019:12:13:38 +0800] "GET /static/js/plugins/chosen/chosen.jquery.js HTTP/1.1" 200 51376 4
0:0:0:0:0:0:0:1 - - [31/Jan/2019:12:13:38 +0800] "GET /static/js/plugins/dataTables/jquery.dataTables.js HTTP/1.1" 200 434957 24
0:0:0:0:0:0:0:1 - - [31/Jan/2019:12:13:38 +0800] "GET /static/js/plugins/jsTree/jstree.min.js HTTP/1.1" 200 118089 7
0:0:0:0:0:0:0:1 - - [31/Jan/2019:12:13:38 +0800] "GET /static/js/layer/layer.js HTTP/1.1" 200 25196 5
0:0:0:0:0:0:0:1 - - [31/Jan/2019:12:13:38 +0800] "GET /static/js/jquery.ajaxfileupload.js HTTP/1.1" 200 5785 3
0:0:0:0:0:0:0:1 - - [31/Jan/2019:12:13:38 +0800] "GET /static/js/plugins/datapicker/Moment.js HTTP/1.1" 200 387799 28
0:0:0:0:0:0:0:1 - - [31/Jan/2019:12:13:38 +0800] "GET /static/js/sha1.js HTTP/1.1" 200 5752 5
0:0:0:0:0:0:0:1 - - [31/Jan/2019:12:13:38 +0800] "GET /static/images/page/baidumarker.png HTTP/1.1" 200 2877 4
0:0:0:0:0:0:0:1 - - [31/Jan/2019:12:13:38 +0800] "GET /static/ckeditor/ckeditor.js HTTP/1.1" 200 567997 46
0:0:0:0:0:0:0:1 - - [31/Jan/2019:12:13:38 +0800] "GET /static/js/layer/skin/layer.css HTTP/1.1" 200 14048 5
0:0:0:0:0:0:0:1 - - [31/Jan/2019:12:13:38 +0800] "GET /static/css/patterns/header-profile.png HTTP/1.1" 200 5877 4
0:0:0:0:0:0:0:1 - - [31/Jan/2019:12:13:38 +0800] "GET /static/font-awesome/fonts/fontawesome-webfont.woff2?v=4.3.0 HTTP/1.1" 200 56780 5
0:0:0:0:0:0:0:1 - - [31/Jan/2019:12:13:38 +0800] "POST /manage/account/getUserAccessList HTTP/1.1" 200 8121 5
0:0:0:0:0:0:0:1 - - [31/Jan/2019:12:13:38 +0800] "GET /manage/roll/getpcdiMustList.ajax?draw=1&columns%5B0%5D%5Bdata%5D=id&columns%5B0%5D%5Bname%5D=id&columns%5B0%5D%5Bsearchable%5D=true&columns%5B0%5D%5Borderable%5D=false&columns%5B0%5D%5Bsearch%5D%5Bvalue%5D=&columns%5B0%5D%5Bsearch%5D%5Bregex%5D=false&columns%5B1%5D%5Bdata%5D=describes&columns%5B1%5D%5Bname%5D=describes&columns%5B1%5D%5Bsearchable%5D=true&columns%5B1%5D%5Borderable%5D=false&columns%5B1%5D%5Bsearch%5D%5Bvalue%5D=&columns%5B1%5D%5Bsearch%5D%5Bregex%5D=false&columns%5B2%5D%5Bdata%5D=name&columns%5B2%5D%5Bname%5D=name&columns%5B2%5D%5Bsearchable%5D=true&columns%5B2%5D%5Borderable%5D=false&columns%5B2%5D%5Bsearch%5D%5Bvalue%5D=&columns%5B2%5D%5Bsearch%5D%5Bregex%5D=false&columns%5B3%5D%5Bdata%5D=topicTitle&columns%5B3%5D%5Bname%5D=topicTitle&columns%5B3%5D%5Bsearchable%5D=true&columns%5B3%5D%5Borderable%5D=false&columns%5B3%5D%5Bsearch%5D%5Bvalue%5D=&columns%5B3%5D%5Bsearch%5D%5Bregex%5D=false&columns%5B4%5D%5Bdata%5D=createTime&columns%5B4%5D%5Bname%5D=createTime&columns%5B4%5D%5Bsearchable%5D=true&columns%5B4%5D%5Borderable%5D=false&columns%5B4%5D%5Bsearch%5D%5Bvalue%5D=&columns%5B4%5D%5Bsearch%5D%5Bregex%5D=false&columns%5B5%5D%5Bdata%5D=id&columns%5B5%5D%5Bname%5D=id&columns%5B5%5D%5Bsearchable%5D=true&columns%5B5%5D%5Borderable%5D=false&columns%5B5%5D%5Bsearch%5D%5Bvalue%5D=&columns%5B5%5D%5Bsearch%5D%5Bregex%5D=false&start=0&length=10&search%5Bvalue%5D=&search%5Bregex%5D=false&_=1548908018505 HTTP/1.1" 500 1593 146
0:0:0:0:0:0:0:1 - - [31/Jan/2019:12:15:39 +0800] "GET /manage/roll/toPcdiList HTTP/1.1" 302 - 428
0:0:0:0:0:0:0:1 - - [31/Jan/2019:12:15:39 +0800] "GET /manage/account/toLogin HTTP/1.1" 200 3153 126
0:0:0:0:0:0:0:1 - - [31/Jan/2019:12:15:39 +0800] "GET /static/css/login/simple-line-icons.css HTTP/1.1" 200 11717 57
0:0:0:0:0:0:0:1 - - [31/Jan/2019:12:15:39 +0800] "GET /static/css/login/app.css HTTP/1.1" 200 107542 62
0:0:0:0:0:0:0:1 - - [31/Jan/2019:12:15:39 +0800] "GET /static/js/jquery-2.1.1.js HTTP/1.1" 200 84247 69
0:0:0:0:0:0:0:1 - - [31/Jan/2019:12:15:39 +0800] "GET /static/css/login/bootstrap.css HTTP/1.1" 200 126970 69
0:0:0:0:0:0:0:1 - - [31/Jan/2019:12:15:39 +0800] "GET /static/images/login/yudee_bg.png HTTP/1.1" 200 841898 50
0:0:0:0:0:0:0:1 - - [31/Jan/2019:12:15:41 +0800] "POST /manage/account/login HTTP/1.1" 200 221 927
0:0:0:0:0:0:0:1 - - [31/Jan/2019:12:15:42 +0800] "GET /manage/account/toindexPage HTTP/1.1" 200 19365 53
0:0:0:0:0:0:0:1 - - [31/Jan/2019:12:15:42 +0800] "GET /static/css/bootstrap-switch.css HTTP/1.1" 200 6993 15
0:0:0:0:0:0:0:1 - - [31/Jan/2019:12:15:42 +0800] "GET /static/font-awesome/css/font-awesome.css HTTP/1.1" 200 28747 19
0:0:0:0:0:0:0:1 - - [31/Jan/2019:12:15:42 +0800] "GET /static/css/style.css HTTP/1.1" 200 156956 10
0:0:0:0:0:0:0:1 - - [31/Jan/2019:12:15:42 +0800] "GET /static/css/plugins/dataTables/dataTables.responsive.css HTTP/1.1" 200 2626 10
0:0:0:0:0:0:0:1 - - [31/Jan/2019:12:15:42 +0800] "GET /static/css/plugins/dataTables/dataTables.bootstrap.css HTTP/1.1" 200 5178 8
0:0:0:0:0:0:0:1 - - [31/Jan/2019:12:15:42 +0800] "GET /static/js/plugins/gritter/jquery.gritter.css HTTP/1.1" 200 2556 6
0:0:0:0:0:0:0:1 - - [31/Jan/2019:12:15:42 +0800] "GET /static/css/plugins/toastr/toastr.min.css HTTP/1.1" 200 6882 5
0:0:0:0:0:0:0:1 - - [31/Jan/2019:12:15:42 +0800] "GET /static/css/plugins/dataTables/dataTables.tableTools.min.css HTTP/1.1" 200 6601 8
0:0:0:0:0:0:0:1 - - [31/Jan/2019:12:15:42 +0800] "GET /static/css/plugins/datapicker/bootstrap-datetimepicker.min.css HTTP/1.1" 200 7771 12
0:0:0:0:0:0:0:1 - - [31/Jan/2019:12:15:42 +0800] "GET /static/css/animate.css HTTP/1.1" 200 68411 35
0:0:0:0:0:0:0:1 - - [31/Jan/2019:12:15:42 +0800] "GET /static/js/bootstrap-switch.js HTTP/1.1" 200 26858 9
0:0:0:0:0:0:0:1 - - [31/Jan/2019:12:15:42 +0800] "GET /static/js/plugins/metisMenu/jquery.metisMenu.js HTTP/1.1" 200 3265 5
0:0:0:0:0:0:0:1 - - [31/Jan/2019:12:15:42 +0800] "GET /static/js/jquery-2.1.1.js HTTP/1.1" 200 84247 19
0:0:0:0:0:0:0:1 - - [31/Jan/2019:12:15:42 +0800] "GET /static/js/inspinia.js HTTP/1.1" 200 8107 6
0:0:0:0:0:0:0:1 - - [31/Jan/2019:12:15:42 +0800] "GET /static/js/bootstrap.min.js HTTP/1.1" 200 37045 8
0:0:0:0:0:0:0:1 - - [31/Jan/2019:12:15:42 +0800] "GET /static/js/plugins/pace/pace.min.js HTTP/1.1" 200 12364 10
0:0:0:0:0:0:0:1 - - [31/Jan/2019:12:15:42 +0800] "GET /static/js/plugins/slimscroll/jquery.slimscroll.min.js HTTP/1.1" 200 4682 9
0:0:0:0:0:0:0:1 - - [31/Jan/2019:12:15:42 +0800] "GET /static/js/jquery-migrate-1.1.0.min.js HTTP/1.1" 200 6968 7
0:0:0:0:0:0:0:1 - - [31/Jan/2019:12:15:42 +0800] "GET /static/js/plugins/dataTables/dataTables.bootstrap.js HTTP/1.1" 200 9614 6
0:0:0:0:0:0:0:1 - - [31/Jan/2019:12:15:42 +0800] "GET /static/js/plugins/dataTables/dataTables.responsive.js HTTP/1.1" 200 32864 10
0:0:0:0:0:0:0:1 - - [31/Jan/2019:12:15:42 +0800] "GET /static/css/bootstrap.min.css HTTP/1.1" 200 117305 132
0:0:0:0:0:0:0:1 - - [31/Jan/2019:12:15:42 +0800] "GET /static/js/plugins/dataTables/dataTables.tableTools.min.js HTTP/1.1" 200 31626 7
0:0:0:0:0:0:0:1 - - [31/Jan/2019:12:15:42 +0800] "GET /static/js/plugins/datapicker/bootstrap-datetimepicker.min.js HTTP/1.1" 200 48881 16
0:0:0:0:0:0:0:1 - - [31/Jan/2019:12:15:42 +0800] "GET /static/ckeditor/ckeditor.js HTTP/1.1" 200 567997 39
0:0:0:0:0:0:0:1 - - [31/Jan/2019:12:15:42 +0800] "GET /static/js/jquery-ui-1.10.4.min.js HTTP/1.1" 200 228539 54
0:0:0:0:0:0:0:1 - - [31/Jan/2019:12:15:42 +0800] "GET /static/js/layer/layer.js HTTP/1.1" 200 25196 12
0:0:0:0:0:0:0:1 - - [31/Jan/2019:12:15:42 +0800] "GET /static/js/plugins/datapicker/Moment.js HTTP/1.1" 200 387799 28
0:0:0:0:0:0:0:1 - - [31/Jan/2019:12:15:42 +0800] "GET /static/js/plugins/jsTree/jstree.min.js HTTP/1.1" 200 118089 22
0:0:0:0:0:0:0:1 - - [31/Jan/2019:12:15:42 +0800] "GET /static/js/jquery.ajaxfileupload.js HTTP/1.1" 200 5785 8
0:0:0:0:0:0:0:1 - - [31/Jan/2019:12:15:42 +0800] "GET /static/js/sha1.js HTTP/1.1" 200 5752 5
0:0:0:0:0:0:0:1 - - [31/Jan/2019:12:15:42 +0800] "GET /static/js/plugins/chosen/chosen.jquery.js HTTP/1.1" 200 51376 29
0:0:0:0:0:0:0:1 - - [31/Jan/2019:12:15:42 +0800] "GET /static/js/plugins/dataTables/jquery.dataTables.js HTTP/1.1" 200 434957 69
0:0:0:0:0:0:0:1 - - [31/Jan/2019:12:15:42 +0800] "GET /static/images/page/baidumarker.png HTTP/1.1" 200 2877 8
0:0:0:0:0:0:0:1 - - [31/Jan/2019:12:15:42 +0800] "GET /static/js/layer/skin/layer.css HTTP/1.1" 200 14048 6
0:0:0:0:0:0:0:1 - - [31/Jan/2019:12:15:42 +0800] "GET /static/css/patterns/header-profile.png HTTP/1.1" 200 5877 6
0:0:0:0:0:0:0:1 - - [31/Jan/2019:12:15:42 +0800] "GET /static/font-awesome/fonts/fontawesome-webfont.woff2?v=4.3.0 HTTP/1.1" 200 56780 11
0:0:0:0:0:0:0:1 - - [31/Jan/2019:12:15:42 +0800] "POST /manage/account/getUserAccessList HTTP/1.1" 200 8121 90
0:0:0:0:0:0:0:1 - - [31/Jan/2019:12:15:46 +0800] "GET /manage/roll/toPcdiList HTTP/1.1" 200 27456 38
0:0:0:0:0:0:0:1 - - [31/Jan/2019:12:15:46 +0800] "GET /static/css/bootstrap-switch.css HTTP/1.1" 200 6993 6
0:0:0:0:0:0:0:1 - - [31/Jan/2019:12:15:46 +0800] "GET /static/font-awesome/css/font-awesome.css HTTP/1.1" 200 28747 9
0:0:0:0:0:0:0:1 - - [31/Jan/2019:12:15:46 +0800] "GET /static/css/plugins/toastr/toastr.min.css HTTP/1.1" 200 6882 4
0:0:0:0:0:0:0:1 - - [31/Jan/2019:12:15:46 +0800] "GET /static/js/plugins/gritter/jquery.gritter.css HTTP/1.1" 200 2556 4
0:0:0:0:0:0:0:1 - - [31/Jan/2019:12:15:46 +0800] "GET /static/css/bootstrap.min.css HTTP/1.1" 200 117305 17
0:0:0:0:0:0:0:1 - - [31/Jan/2019:12:15:46 +0800] "GET /static/css/animate.css HTTP/1.1" 200 68411 7
0:0:0:0:0:0:0:1 - - [31/Jan/2019:12:15:46 +0800] "GET /static/css/style.css HTTP/1.1" 200 156956 8
0:0:0:0:0:0:0:1 - - [31/Jan/2019:12:15:46 +0800] "GET /static/css/plugins/dataTables/dataTables.tableTools.min.css HTTP/1.1" 200 6601 5
0:0:0:0:0:0:0:1 - - [31/Jan/2019:12:15:46 +0800] "GET /static/css/plugins/datapicker/bootstrap-datetimepicker.min.css HTTP/1.1" 200 7771 8
0:0:0:0:0:0:0:1 - - [31/Jan/2019:12:15:46 +0800] "GET /static/js/bootstrap.min.js HTTP/1.1" 200 37045 8
0:0:0:0:0:0:0:1 - - [31/Jan/2019:12:15:46 +0800] "GET /static/js/bootstrap-switch.js HTTP/1.1" 200 26858 6
0:0:0:0:0:0:0:1 - - [31/Jan/2019:12:15:46 +0800] "GET /static/js/inspinia.js HTTP/1.1" 200 8107 5
0:0:0:0:0:0:0:1 - - [31/Jan/2019:12:15:46 +0800] "GET /static/js/plugins/slimscroll/jquery.slimscroll.min.js HTTP/1.1" 200 4682 7
0:0:0:0:0:0:0:1 - - [31/Jan/2019:12:15:46 +0800] "GET /static/css/plugins/dataTables/dataTables.responsive.css HTTP/1.1" 200 2626 5
0:0:0:0:0:0:0:1 - - [31/Jan/2019:12:15:46 +0800] "GET /static/css/plugins/dataTables/dataTables.bootstrap.css HTTP/1.1" 200 5178 5
0:0:0:0:0:0:0:1 - - [31/Jan/2019:12:15:46 +0800] "GET /static/js/jquery-2.1.1.js HTTP/1.1" 200 84247 6
0:0:0:0:0:0:0:1 - - [31/Jan/2019:12:15:46 +0800] "GET /static/js/plugins/pace/pace.min.js HTTP/1.1" 200 12364 4
0:0:0:0:0:0:0:1 - - [31/Jan/2019:12:15:46 +0800] "GET /static/js/jquery-migrate-1.1.0.min.js HTTP/1.1" 200 6968 3
0:0:0:0:0:0:0:1 - - [31/Jan/2019:12:15:46 +0800] "GET /static/js/plugins/dataTables/dataTables.bootstrap.js HTTP/1.1" 200 9614 5
0:0:0:0:0:0:0:1 - - [31/Jan/2019:12:15:46 +0800] "GET /static/js/plugins/metisMenu/jquery.metisMenu.js HTTP/1.1" 200 3265 14
0:0:0:0:0:0:0:1 - - [31/Jan/2019:12:15:46 +0800] "GET /static/js/plugins/dataTables/dataTables.tableTools.min.js HTTP/1.1" 200 31626 11
0:0:0:0:0:0:0:1 - - [31/Jan/2019:12:15:46 +0800] "GET /static/js/plugins/dataTables/dataTables.responsive.js HTTP/1.1" 200 32864 11
0:0:0:0:0:0:0:1 - - [31/Jan/2019:12:15:46 +0800] "GET /static/js/plugins/datapicker/Moment.js HTTP/1.1" 200 387799 17
0:0:0:0:0:0:0:1 - - [31/Jan/2019:12:15:46 +0800] "GET /static/js/plugins/datapicker/bootstrap-datetimepicker.min.js HTTP/1.1" 200 48881 13
0:0:0:0:0:0:0:1 - - [31/Jan/2019:12:15:46 +0800] "GET /static/js/plugins/dataTables/jquery.dataTables.js HTTP/1.1" 200 434957 41
0:0:0:0:0:0:0:1 - - [31/Jan/2019:12:15:46 +0800] "GET /static/js/plugins/chosen/chosen.jquery.js HTTP/1.1" 200 51376 11
0:0:0:0:0:0:0:1 - - [31/Jan/2019:12:15:46 +0800] "GET /static/js/layer/layer.js HTTP/1.1" 200 25196 8
0:0:0:0:0:0:0:1 - - [31/Jan/2019:12:15:46 +0800] "GET /static/js/jquery.ajaxfileupload.js HTTP/1.1" 200 5785 6
0:0:0:0:0:0:0:1 - - [31/Jan/2019:12:15:46 +0800] "GET /static/js/sha1.js HTTP/1.1" 200 5752 8
0:0:0:0:0:0:0:1 - - [31/Jan/2019:12:15:46 +0800] "GET /static/js/plugins/jsTree/jstree.min.js HTTP/1.1" 200 118089 22
0:0:0:0:0:0:0:1 - - [31/Jan/2019:12:15:46 +0800] "GET /static/images/page/baidumarker.png HTTP/1.1" 200 2877 6
0:0:0:0:0:0:0:1 - - [31/Jan/2019:12:15:46 +0800] "GET /static/js/jquery-ui-1.10.4.min.js HTTP/1.1" 200 228539 55
0:0:0:0:0:0:0:1 - - [31/Jan/2019:12:15:46 +0800] "GET /static/ckeditor/ckeditor.js HTTP/1.1" 200 567997 58
0:0:0:0:0:0:0:1 - - [31/Jan/2019:12:15:46 +0800] "GET /static/js/layer/skin/layer.css HTTP/1.1" 200 14048 5
0:0:0:0:0:0:0:1 - - [31/Jan/2019:12:15:46 +0800] "GET /static/css/patterns/header-profile.png HTTP/1.1" 200 5877 6
0:0:0:0:0:0:0:1 - - [31/Jan/2019:12:15:46 +0800] "GET /static/font-awesome/fonts/fontawesome-webfont.woff2?v=4.3.0 HTTP/1.1" 200 56780 6
0:0:0:0:0:0:0:1 - - [31/Jan/2019:12:15:46 +0800] "POST /manage/account/getUserAccessList HTTP/1.1" 200 8121 6
0:0:0:0:0:0:0:1 - - [31/Jan/2019:12:15:46 +0800] "GET /manage/roll/getpcdiMustList.ajax?draw=1&columns%5B0%5D%5Bdata%5D=id&columns%5B0%5D%5Bname%5D=id&columns%5B0%5D%5Bsearchable%5D=true&columns%5B0%5D%5Borderable%5D=false&columns%5B0%5D%5Bsearch%5D%5Bvalue%5D=&columns%5B0%5D%5Bsearch%5D%5Bregex%5D=false&columns%5B1%5D%5Bdata%5D=describes&columns%5B1%5D%5Bname%5D=describes&columns%5B1%5D%5Bsearchable%5D=true&columns%5B1%5D%5Borderable%5D=false&columns%5B1%5D%5Bsearch%5D%5Bvalue%5D=&columns%5B1%5D%5Bsearch%5D%5Bregex%5D=false&columns%5B2%5D%5Bdata%5D=name&columns%5B2%5D%5Bname%5D=name&columns%5B2%5D%5Bsearchable%5D=true&columns%5B2%5D%5Borderable%5D=false&columns%5B2%5D%5Bsearch%5D%5Bvalue%5D=&columns%5B2%5D%5Bsearch%5D%5Bregex%5D=false&columns%5B3%5D%5Bdata%5D=topicTitle&columns%5B3%5D%5Bname%5D=topicTitle&columns%5B3%5D%5Bsearchable%5D=true&columns%5B3%5D%5Borderable%5D=false&columns%5B3%5D%5Bsearch%5D%5Bvalue%5D=&columns%5B3%5D%5Bsearch%5D%5Bregex%5D=false&columns%5B4%5D%5Bdata%5D=createTime&columns%5B4%5D%5Bname%5D=createTime&columns%5B4%5D%5Bsearchable%5D=true&columns%5B4%5D%5Borderable%5D=false&columns%5B4%5D%5Bsearch%5D%5Bvalue%5D=&columns%5B4%5D%5Bsearch%5D%5Bregex%5D=false&columns%5B5%5D%5Bdata%5D=id&columns%5B5%5D%5Bname%5D=id&columns%5B5%5D%5Bsearchable%5D=true&columns%5B5%5D%5Borderable%5D=false&columns%5B5%5D%5Bsearch%5D%5Bvalue%5D=&columns%5B5%5D%5Bsearch%5D%5Bregex%5D=false&start=0&length=10&search%5Bvalue%5D=&search%5Bregex%5D=false&_=1548908146407 HTTP/1.1" 500 1625 143
0:0:0:0:0:0:0:1 - - [31/Jan/2019:12:16:38 +0800] "GET /manage/roll/toPcdiList HTTP/1.1" 302 - 409
0:0:0:0:0:0:0:1 - - [31/Jan/2019:12:16:38 +0800] "GET /manage/account/toLogin HTTP/1.1" 200 3153 140
0:0:0:0:0:0:0:1 - - [31/Jan/2019:12:16:38 +0800] "GET /static/js/jquery-2.1.1.js HTTP/1.1" 200 84247 51
0:0:0:0:0:0:0:1 - - [31/Jan/2019:12:16:38 +0800] "GET /static/css/login/bootstrap.css HTTP/1.1" 200 126970 40
0:0:0:0:0:0:0:1 - - [31/Jan/2019:12:16:39 +0800] "GET /static/css/login/simple-line-icons.css HTTP/1.1" 200 11717 45
0:0:0:0:0:0:0:1 - - [31/Jan/2019:12:16:39 +0800] "GET /static/css/login/app.css HTTP/1.1" 200 107542 45
0:0:0:0:0:0:0:1 - - [31/Jan/2019:12:16:39 +0800] "GET /static/images/login/yudee_bg.png HTTP/1.1" 200 841898 40
0:0:0:0:0:0:0:1 - - [31/Jan/2019:12:16:40 +0800] "POST /manage/account/login HTTP/1.1" 200 221 874
0:0:0:0:0:0:0:1 - - [31/Jan/2019:12:16:41 +0800] "GET /static/css/bootstrap.min.css HTTP/1.1" 200 117305 24
0:0:0:0:0:0:0:1 - - [31/Jan/2019:12:16:41 +0800] "GET /manage/account/toindexPage HTTP/1.1" 200 19365 68
0:0:0:0:0:0:0:1 - - [31/Jan/2019:12:16:41 +0800] "GET /static/js/plugins/gritter/jquery.gritter.css HTTP/1.1" 200 2556 10
0:0:0:0:0:0:0:1 - - [31/Jan/2019:12:16:41 +0800] "GET /static/font-awesome/css/font-awesome.css HTTP/1.1" 200 28747 22
0:0:0:0:0:0:0:1 - - [31/Jan/2019:12:16:41 +0800] "GET /static/css/plugins/toastr/toastr.min.css HTTP/1.1" 200 6882 16
0:0:0:0:0:0:0:1 - - [31/Jan/2019:12:16:41 +0800] "GET /static/css/animate.css HTTP/1.1" 200 68411 20
0:0:0:0:0:0:0:1 - - [31/Jan/2019:12:16:41 +0800] "GET /static/css/bootstrap-switch.css HTTP/1.1" 200 6993 32
0:0:0:0:0:0:0:1 - - [31/Jan/2019:12:16:41 +0800] "GET /static/css/plugins/datapicker/bootstrap-datetimepicker.min.css HTTP/1.1" 200 7771 8
0:0:0:0:0:0:0:1 - - [31/Jan/2019:12:16:41 +0800] "GET /static/css/plugins/dataTables/dataTables.responsive.css HTTP/1.1" 200 2626 11
0:0:0:0:0:0:0:1 - - [31/Jan/2019:12:16:41 +0800] "GET /static/css/plugins/dataTables/dataTables.bootstrap.css HTTP/1.1" 200 5178 6
0:0:0:0:0:0:0:1 - - [31/Jan/2019:12:16:41 +0800] "GET /static/css/plugins/dataTables/dataTables.tableTools.min.css HTTP/1.1" 200 6601 5
0:0:0:0:0:0:0:1 - - [31/Jan/2019:12:16:41 +0800] "GET /static/css/style.css HTTP/1.1" 200 156956 35
0:0:0:0:0:0:0:1 - - [31/Jan/2019:12:16:41 +0800] "GET /static/js/inspinia.js HTTP/1.1" 200 8107 6
0:0:0:0:0:0:0:1 - - [31/Jan/2019:12:16:41 +0800] "GET /static/js/bootstrap-switch.js HTTP/1.1" 200 26858 14
0:0:0:0:0:0:0:1 - - [31/Jan/2019:12:16:41 +0800] "GET /static/js/plugins/slimscroll/jquery.slimscroll.min.js HTTP/1.1" 200 4682 9
0:0:0:0:0:0:0:1 - - [31/Jan/2019:12:16:41 +0800] "GET /static/js/plugins/pace/pace.min.js HTTP/1.1" 200 12364 8
0:0:0:0:0:0:0:1 - - [31/Jan/2019:12:16:41 +0800] "GET /static/js/jquery-2.1.1.js HTTP/1.1" 200 84247 70
0:0:0:0:0:0:0:1 - - [31/Jan/2019:12:16:41 +0800] "GET /static/js/plugins/metisMenu/jquery.metisMenu.js HTTP/1.1" 200 3265 24
0:0:0:0:0:0:0:1 - - [31/Jan/2019:12:16:41 +0800] "GET /static/js/jquery-migrate-1.1.0.min.js HTTP/1.1" 200 6968 8
0:0:0:0:0:0:0:1 - - [31/Jan/2019:12:16:41 +0800] "GET /static/js/jquery-ui-1.10.4.min.js HTTP/1.1" 200 228539 17
0:0:0:0:0:0:0:1 - - [31/Jan/2019:12:16:41 +0800] "GET /static/js/plugins/dataTables/dataTables.bootstrap.js HTTP/1.1" 200 9614 9
0:0:0:0:0:0:0:1 - - [31/Jan/2019:12:16:41 +0800] "GET /static/js/plugins/dataTables/dataTables.responsive.js HTTP/1.1" 200 32864 15
0:0:0:0:0:0:0:1 - - [31/Jan/2019:12:16:41 +0800] "GET /static/ckeditor/ckeditor.js HTTP/1.1" 200 567997 36
0:0:0:0:0:0:0:1 - - [31/Jan/2019:12:16:41 +0800] "GET /static/js/plugins/dataTables/jquery.dataTables.js HTTP/1.1" 200 434957 39
0:0:0:0:0:0:0:1 - - [31/Jan/2019:12:16:41 +0800] "GET /static/js/plugins/datapicker/bootstrap-datetimepicker.min.js HTTP/1.1" 200 48881 20
0:0:0:0:0:0:0:1 - - [31/Jan/2019:12:16:41 +0800] "GET /static/js/plugins/chosen/chosen.jquery.js HTTP/1.1" 200 51376 11
0:0:0:0:0:0:0:1 - - [31/Jan/2019:12:16:41 +0800] "GET /static/js/plugins/jsTree/jstree.min.js HTTP/1.1" 200 118089 14
0:0:0:0:0:0:0:1 - - [31/Jan/2019:12:16:41 +0800] "GET /static/js/layer/layer.js HTTP/1.1" 200 25196 8
0:0:0:0:0:0:0:1 - - [31/Jan/2019:12:16:41 +0800] "GET /static/js/sha1.js HTTP/1.1" 200 5752 6
0:0:0:0:0:0:0:1 - - [31/Jan/2019:12:16:42 +0800] "GET /static/js/plugins/dataTables/dataTables.tableTools.min.js HTTP/1.1" 200 31626 50
0:0:0:0:0:0:0:1 - - [31/Jan/2019:12:16:42 +0800] "GET /static/js/jquery.ajaxfileupload.js HTTP/1.1" 200 5785 8
0:0:0:0:0:0:0:1 - - [31/Jan/2019:12:16:42 +0800] "GET /static/js/bootstrap.min.js HTTP/1.1" 200 37045 111
0:0:0:0:0:0:0:1 - - [31/Jan/2019:12:16:42 +0800] "GET /static/images/page/baidumarker.png HTTP/1.1" 200 2877 9
0:0:0:0:0:0:0:1 - - [31/Jan/2019:12:16:42 +0800] "GET /static/js/plugins/datapicker/Moment.js HTTP/1.1" 200 387799 53
0:0:0:0:0:0:0:1 - - [31/Jan/2019:12:16:42 +0800] "GET /static/js/layer/skin/layer.css HTTP/1.1" 200 14048 7
0:0:0:0:0:0:0:1 - - [31/Jan/2019:12:16:42 +0800] "GET /static/css/patterns/header-profile.png HTTP/1.1" 200 5877 7
0:0:0:0:0:0:0:1 - - [31/Jan/2019:12:16:42 +0800] "GET /static/font-awesome/fonts/fontawesome-webfont.woff2?v=4.3.0 HTTP/1.1" 200 56780 9
0:0:0:0:0:0:0:1 - - [31/Jan/2019:12:16:43 +0800] "POST /manage/account/getUserAccessList HTTP/1.1" 200 8121 1125
0:0:0:0:0:0:0:1 - - [31/Jan/2019:12:16:46 +0800] "GET /manage/roll/toPcdiList HTTP/1.1" 200 27456 32
0:0:0:0:0:0:0:1 - - [31/Jan/2019:12:16:46 +0800] "GET /static/font-awesome/css/font-awesome.css HTTP/1.1" 200 28747 5
0:0:0:0:0:0:0:1 - - [31/Jan/2019:12:16:46 +0800] "GET /static/css/plugins/toastr/toastr.min.css HTTP/1.1" 200 6882 3
0:0:0:0:0:0:0:1 - - [31/Jan/2019:12:16:46 +0800] "GET /static/css/bootstrap-switch.css HTTP/1.1" 200 6993 18
0:0:0:0:0:0:0:1 - - [31/Jan/2019:12:16:46 +0800] "GET /static/css/style.css HTTP/1.1" 200 156956 11
0:0:0:0:0:0:0:1 - - [31/Jan/2019:12:16:46 +0800] "GET /static/css/plugins/dataTables/dataTables.responsive.css HTTP/1.1" 200 2626 4
0:0:0:0:0:0:0:1 - - [31/Jan/2019:12:16:46 +0800] "GET /static/js/plugins/gritter/jquery.gritter.css HTTP/1.1" 200 2556 3
0:0:0:0:0:0:0:1 - - [31/Jan/2019:12:16:46 +0800] "GET /static/css/animate.css HTTP/1.1" 200 68411 6
0:0:0:0:0:0:0:1 - - [31/Jan/2019:12:16:46 +0800] "GET /static/js/bootstrap.min.js HTTP/1.1" 200 37045 6
0:0:0:0:0:0:0:1 - - [31/Jan/2019:12:16:46 +0800] "GET /static/js/bootstrap-switch.js HTTP/1.1" 200 26858 6
0:0:0:0:0:0:0:1 - - [31/Jan/2019:12:16:46 +0800] "GET /static/css/plugins/dataTables/dataTables.bootstrap.css HTTP/1.1" 200 5178 4
0:0:0:0:0:0:0:1 - - [31/Jan/2019:12:16:46 +0800] "GET /static/js/plugins/metisMenu/jquery.metisMenu.js HTTP/1.1" 200 3265 3
0:0:0:0:0:0:0:1 - - [31/Jan/2019:12:16:46 +0800] "GET /static/css/plugins/datapicker/bootstrap-datetimepicker.min.css HTTP/1.1" 200 7771 4
0:0:0:0:0:0:0:1 - - [31/Jan/2019:12:16:46 +0800] "GET /static/css/plugins/dataTables/dataTables.tableTools.min.css HTTP/1.1" 200 6601 7
0:0:0:0:0:0:0:1 - - [31/Jan/2019:12:16:46 +0800] "GET /static/js/inspinia.js HTTP/1.1" 200 8107 2
0:0:0:0:0:0:0:1 - - [31/Jan/2019:12:16:46 +0800] "GET /static/js/plugins/slimscroll/jquery.slimscroll.min.js HTTP/1.1" 200 4682 6
0:0:0:0:0:0:0:1 - - [31/Jan/2019:12:16:46 +0800] "GET /static/css/bootstrap.min.css HTTP/1.1" 200 117305 80
0:0:0:0:0:0:0:1 - - [31/Jan/2019:12:16:46 +0800] "GET /static/js/plugins/pace/pace.min.js HTTP/1.1" 200 12364 3
0:0:0:0:0:0:0:1 - - [31/Jan/2019:12:16:46 +0800] "GET /static/js/jquery-migrate-1.1.0.min.js HTTP/1.1" 200 6968 6
0:0:0:0:0:0:0:1 - - [31/Jan/2019:12:16:46 +0800] "GET /static/js/jquery-2.1.1.js HTTP/1.1" 200 84247 23
0:0:0:0:0:0:0:1 - - [31/Jan/2019:12:16:46 +0800] "GET /static/js/plugins/dataTables/dataTables.bootstrap.js HTTP/1.1" 200 9614 5
0:0:0:0:0:0:0:1 - - [31/Jan/2019:12:16:46 +0800] "GET /static/js/jquery-ui-1.10.4.min.js HTTP/1.1" 200 228539 12
0:0:0:0:0:0:0:1 - - [31/Jan/2019:12:16:46 +0800] "GET /static/js/plugins/dataTables/dataTables.tableTools.min.js HTTP/1.1" 200 31626 6
0:0:0:0:0:0:0:1 - - [31/Jan/2019:12:16:46 +0800] "GET /static/js/plugins/dataTables/dataTables.responsive.js HTTP/1.1" 200 32864 10
0:0:0:0:0:0:0:1 - - [31/Jan/2019:12:16:46 +0800] "GET /static/js/plugins/dataTables/jquery.dataTables.js HTTP/1.1" 200 434957 17
0:0:0:0:0:0:0:1 - - [31/Jan/2019:12:16:46 +0800] "GET /static/js/plugins/datapicker/bootstrap-datetimepicker.min.js HTTP/1.1" 200 48881 8
0:0:0:0:0:0:0:1 - - [31/Jan/2019:12:16:46 +0800] "GET /static/js/plugins/datapicker/Moment.js HTTP/1.1" 200 387799 13
0:0:0:0:0:0:0:1 - - [31/Jan/2019:12:16:46 +0800] "GET /static/js/sha1.js HTTP/1.1" 200 5752 3
0:0:0:0:0:0:0:1 - - [31/Jan/2019:12:16:46 +0800] "GET /static/js/layer/layer.js HTTP/1.1" 200 25196 5
0:0:0:0:0:0:0:1 - - [31/Jan/2019:12:16:46 +0800] "GET /static/js/plugins/jsTree/jstree.min.js HTTP/1.1" 200 118089 9
0:0:0:0:0:0:0:1 - - [31/Jan/2019:12:16:46 +0800] "GET /static/js/jquery.ajaxfileupload.js HTTP/1.1" 200 5785 2
0:0:0:0:0:0:0:1 - - [31/Jan/2019:12:16:46 +0800] "GET /static/js/plugins/chosen/chosen.jquery.js HTTP/1.1" 200 51376 9
0:0:0:0:0:0:0:1 - - [31/Jan/2019:12:16:46 +0800] "GET /static/images/page/baidumarker.png HTTP/1.1" 200 2877 2
0:0:0:0:0:0:0:1 - - [31/Jan/2019:12:16:46 +0800] "GET /static/ckeditor/ckeditor.js HTTP/1.1" 200 567997 44
0:0:0:0:0:0:0:1 - - [31/Jan/2019:12:16:46 +0800] "GET /static/js/layer/skin/layer.css HTTP/1.1" 200 14048 3
0:0:0:0:0:0:0:1 - - [31/Jan/2019:12:16:46 +0800] "GET /static/css/patterns/header-profile.png HTTP/1.1" 200 5877 4
0:0:0:0:0:0:0:1 - - [31/Jan/2019:12:16:46 +0800] "GET /static/font-awesome/fonts/fontawesome-webfont.woff2?v=4.3.0 HTTP/1.1" 200 56780 4
0:0:0:0:0:0:0:1 - - [31/Jan/2019:12:16:46 +0800] "POST /manage/account/getUserAccessList HTTP/1.1" 200 8121 5
0:0:0:0:0:0:0:1 - - [31/Jan/2019:12:16:46 +0800] "GET /manage/roll/getpcdiMustList.ajax?draw=1&columns%5B0%5D%5Bdata%5D=id&columns%5B0%5D%5Bname%5D=id&columns%5B0%5D%5Bsearchable%5D=true&columns%5B0%5D%5Borderable%5D=false&columns%5B0%5D%5Bsearch%5D%5Bvalue%5D=&columns%5B0%5D%5Bsearch%5D%5Bregex%5D=false&columns%5B1%5D%5Bdata%5D=describes&columns%5B1%5D%5Bname%5D=describes&columns%5B1%5D%5Bsearchable%5D=true&columns%5B1%5D%5Borderable%5D=false&columns%5B1%5D%5Bsearch%5D%5Bvalue%5D=&columns%5B1%5D%5Bsearch%5D%5Bregex%5D=false&columns%5B2%5D%5Bdata%5D=name&columns%5B2%5D%5Bname%5D=name&columns%5B2%5D%5Bsearchable%5D=true&columns%5B2%5D%5Borderable%5D=false&columns%5B2%5D%5Bsearch%5D%5Bvalue%5D=&columns%5B2%5D%5Bsearch%5D%5Bregex%5D=false&columns%5B3%5D%5Bdata%5D=topicTitle&columns%5B3%5D%5Bname%5D=topicTitle&columns%5B3%5D%5Bsearchable%5D=true&columns%5B3%5D%5Borderable%5D=false&columns%5B3%5D%5Bsearch%5D%5Bvalue%5D=&columns%5B3%5D%5Bsearch%5D%5Bregex%5D=false&columns%5B4%5D%5Bdata%5D=createTime&columns%5B4%5D%5Bname%5D=createTime&columns%5B4%5D%5Bsearchable%5D=true&columns%5B4%5D%5Borderable%5D=false&columns%5B4%5D%5Bsearch%5D%5Bvalue%5D=&columns%5B4%5D%5Bsearch%5D%5Bregex%5D=false&columns%5B5%5D%5Bdata%5D=id&columns%5B5%5D%5Bname%5D=id&columns%5B5%5D%5Bsearchable%5D=true&columns%5B5%5D%5Borderable%5D=false&columns%5B5%5D%5Bsearch%5D%5Bvalue%5D=&columns%5B5%5D%5Bsearch%5D%5Bregex%5D=false&start=0&length=10&search%5Bvalue%5D=&search%5Bregex%5D=false&_=1548908206211 HTTP/1.1" 500 1622 124
0:0:0:0:0:0:0:1 - - [31/Jan/2019:12:20:21 +0800] "GET /manage/roll/toPcdiList HTTP/1.1" 302 - 405
0:0:0:0:0:0:0:1 - - [31/Jan/2019:12:20:21 +0800] "GET /manage/account/toLogin HTTP/1.1" 200 3153 129
0:0:0:0:0:0:0:1 - - [31/Jan/2019:12:20:21 +0800] "GET /static/css/login/simple-line-icons.css HTTP/1.1" 200 11717 16
0:0:0:0:0:0:0:1 - - [31/Jan/2019:12:20:21 +0800] "GET /static/css/login/app.css HTTP/1.1" 200 107542 78
0:0:0:0:0:0:0:1 - - [31/Jan/2019:12:20:21 +0800] "GET /static/css/login/bootstrap.css HTTP/1.1" 200 126970 87
0:0:0:0:0:0:0:1 - - [31/Jan/2019:12:20:21 +0800] "GET /static/js/jquery-2.1.1.js HTTP/1.1" 200 84247 47
0:0:0:0:0:0:0:1 - - [31/Jan/2019:12:20:22 +0800] "GET /static/images/login/yudee_bg.png HTTP/1.1" 200 841898 63
0:0:0:0:0:0:0:1 - - [31/Jan/2019:12:20:24 +0800] "POST /manage/account/login HTTP/1.1" 200 221 1012
0:0:0:0:0:0:0:1 - - [31/Jan/2019:12:20:25 +0800] "GET /manage/account/toindexPage HTTP/1.1" 200 19365 44
0:0:0:0:0:0:0:1 - - [31/Jan/2019:12:20:25 +0800] "GET /static/css/bootstrap-switch.css HTTP/1.1" 200 6993 18
0:0:0:0:0:0:0:1 - - [31/Jan/2019:12:20:25 +0800] "GET /static/css/plugins/toastr/toastr.min.css HTTP/1.1" 200 6882 9
0:0:0:0:0:0:0:1 - - [31/Jan/2019:12:20:25 +0800] "GET /static/css/plugins/dataTables/dataTables.responsive.css HTTP/1.1" 200 2626 10
0:0:0:0:0:0:0:1 - - [31/Jan/2019:12:20:25 +0800] "GET /static/css/animate.css HTTP/1.1" 200 68411 13
0:0:0:0:0:0:0:1 - - [31/Jan/2019:12:20:25 +0800] "GET /static/css/plugins/dataTables/dataTables.bootstrap.css HTTP/1.1" 200 5178 8
0:0:0:0:0:0:0:1 - - [31/Jan/2019:12:20:25 +0800] "GET /static/font-awesome/css/font-awesome.css HTTP/1.1" 200 28747 45
0:0:0:0:0:0:0:1 - - [31/Jan/2019:12:20:25 +0800] "GET /static/js/plugins/gritter/jquery.gritter.css HTTP/1.1" 200 2556 44
0:0:0:0:0:0:0:1 - - [31/Jan/2019:12:20:25 +0800] "GET /static/css/plugins/dataTables/dataTables.tableTools.min.css HTTP/1.1" 200 6601 11
0:0:0:0:0:0:0:1 - - [31/Jan/2019:12:20:25 +0800] "GET /static/css/style.css HTTP/1.1" 200 156956 40
0:0:0:0:0:0:0:1 - - [31/Jan/2019:12:20:25 +0800] "GET /static/css/plugins/datapicker/bootstrap-datetimepicker.min.css HTTP/1.1" 200 7771 8
0:0:0:0:0:0:0:1 - - [31/Jan/2019:12:20:25 +0800] "GET /static/js/inspinia.js HTTP/1.1" 200 8107 10
0:0:0:0:0:0:0:1 - - [31/Jan/2019:12:20:25 +0800] "GET /static/js/plugins/metisMenu/jquery.metisMenu.js HTTP/1.1" 200 3265 17
0:0:0:0:0:0:0:1 - - [31/Jan/2019:12:20:25 +0800] "GET /static/js/jquery-2.1.1.js HTTP/1.1" 200 84247 32
0:0:0:0:0:0:0:1 - - [31/Jan/2019:12:20:25 +0800] "GET /static/js/bootstrap.min.js HTTP/1.1" 200 37045 29
0:0:0:0:0:0:0:1 - - [31/Jan/2019:12:20:25 +0800] "GET /static/js/plugins/pace/pace.min.js HTTP/1.1" 200 12364 7
0:0:0:0:0:0:0:1 - - [31/Jan/2019:12:20:25 +0800] "GET /static/js/jquery-migrate-1.1.0.min.js HTTP/1.1" 200 6968 6
0:0:0:0:0:0:0:1 - - [31/Jan/2019:12:20:25 +0800] "GET /static/js/jquery-ui-1.10.4.min.js HTTP/1.1" 200 228539 31
0:0:0:0:0:0:0:1 - - [31/Jan/2019:12:20:25 +0800] "GET /static/css/bootstrap.min.css HTTP/1.1" 200 117305 67
0:0:0:0:0:0:0:1 - - [31/Jan/2019:12:20:25 +0800] "GET /static/js/plugins/slimscroll/jquery.slimscroll.min.js HTTP/1.1" 200 4682 7
0:0:0:0:0:0:0:1 - - [31/Jan/2019:12:20:25 +0800] "GET /static/js/bootstrap-switch.js HTTP/1.1" 200 26858 11
0:0:0:0:0:0:0:1 - - [31/Jan/2019:12:20:25 +0800] "GET /static/js/plugins/dataTables/dataTables.tableTools.min.js HTTP/1.1" 200 31626 11
0:0:0:0:0:0:0:1 - - [31/Jan/2019:12:20:25 +0800] "GET /static/js/plugins/dataTables/dataTables.bootstrap.js HTTP/1.1" 200 9614 11
0:0:0:0:0:0:0:1 - - [31/Jan/2019:12:20:25 +0800] "GET /static/js/plugins/datapicker/bootstrap-datetimepicker.min.js HTTP/1.1" 200 48881 13
0:0:0:0:0:0:0:1 - - [31/Jan/2019:12:20:25 +0800] "GET /static/js/plugins/dataTables/dataTables.responsive.js HTTP/1.1" 200 32864 20
0:0:0:0:0:0:0:1 - - [31/Jan/2019:12:20:25 +0800] "GET /static/js/plugins/jsTree/jstree.min.js HTTP/1.1" 200 118089 24
0:0:0:0:0:0:0:1 - - [31/Jan/2019:12:20:25 +0800] "GET /static/js/plugins/chosen/chosen.jquery.js HTTP/1.1" 200 51376 16
0:0:0:0:0:0:0:1 - - [31/Jan/2019:12:20:25 +0800] "GET /static/js/layer/layer.js HTTP/1.1" 200 25196 13
0:0:0:0:0:0:0:1 - - [31/Jan/2019:12:20:25 +0800] "GET /static/ckeditor/ckeditor.js HTTP/1.1" 200 567997 91
0:0:0:0:0:0:0:1 - - [31/Jan/2019:12:20:25 +0800] "GET /static/js/plugins/datapicker/Moment.js HTTP/1.1" 200 387799 31
0:0:0:0:0:0:0:1 - - [31/Jan/2019:12:20:25 +0800] "GET /static/js/sha1.js HTTP/1.1" 200 5752 7
0:0:0:0:0:0:0:1 - - [31/Jan/2019:12:20:25 +0800] "GET /static/js/jquery.ajaxfileupload.js HTTP/1.1" 200 5785 9
0:0:0:0:0:0:0:1 - - [31/Jan/2019:12:20:25 +0800] "GET /static/js/plugins/dataTables/jquery.dataTables.js HTTP/1.1" 200 434957 104
0:0:0:0:0:0:0:1 - - [31/Jan/2019:12:20:25 +0800] "GET /static/images/page/baidumarker.png HTTP/1.1" 200 2877 14
0:0:0:0:0:0:0:1 - - [31/Jan/2019:12:20:25 +0800] "GET /static/js/layer/skin/layer.css HTTP/1.1" 200 14048 9
0:0:0:0:0:0:0:1 - - [31/Jan/2019:12:20:25 +0800] "GET /static/css/patterns/header-profile.png HTTP/1.1" 200 5877 5
0:0:0:0:0:0:0:1 - - [31/Jan/2019:12:20:25 +0800] "GET /static/font-awesome/fonts/fontawesome-webfont.woff2?v=4.3.0 HTTP/1.1" 200 56780 12
0:0:0:0:0:0:0:1 - - [31/Jan/2019:12:20:25 +0800] "POST /manage/account/getUserAccessList HTTP/1.1" 200 8121 103
0:0:0:0:0:0:0:1 - - [31/Jan/2019:12:20:31 +0800] "GET /manage/roll/toPcdiList HTTP/1.1" 200 27456 34
0:0:0:0:0:0:0:1 - - [31/Jan/2019:12:20:31 +0800] "GET /static/css/bootstrap-switch.css HTTP/1.1" 200 6993 5
0:0:0:0:0:0:0:1 - - [31/Jan/2019:12:20:31 +0800] "GET /static/css/plugins/toastr/toastr.min.css HTTP/1.1" 200 6882 6
0:0:0:0:0:0:0:1 - - [31/Jan/2019:12:20:31 +0800] "GET /static/font-awesome/css/font-awesome.css HTTP/1.1" 200 28747 8
0:0:0:0:0:0:0:1 - - [31/Jan/2019:12:20:31 +0800] "GET /static/js/plugins/gritter/jquery.gritter.css HTTP/1.1" 200 2556 4
0:0:0:0:0:0:0:1 - - [31/Jan/2019:12:20:31 +0800] "GET /static/css/plugins/dataTables/dataTables.tableTools.min.css HTTP/1.1" 200 6601 4
0:0:0:0:0:0:0:1 - - [31/Jan/2019:12:20:31 +0800] "GET /static/css/style.css HTTP/1.1" 200 156956 11
0:0:0:0:0:0:0:1 - - [31/Jan/2019:12:20:31 +0800] "GET /static/css/plugins/dataTables/dataTables.bootstrap.css HTTP/1.1" 200 5178 6
0:0:0:0:0:0:0:1 - - [31/Jan/2019:12:20:31 +0800] "GET /static/css/plugins/dataTables/dataTables.responsive.css HTTP/1.1" 200 2626 5
0:0:0:0:0:0:0:1 - - [31/Jan/2019:12:20:31 +0800] "GET /static/css/plugins/datapicker/bootstrap-datetimepicker.min.css HTTP/1.1" 200 7771 5
0:0:0:0:0:0:0:1 - - [31/Jan/2019:12:20:31 +0800] "GET /static/js/bootstrap.min.js HTTP/1.1" 200 37045 5
0:0:0:0:0:0:0:1 - - [31/Jan/2019:12:20:31 +0800] "GET /static/js/plugins/metisMenu/jquery.metisMenu.js HTTP/1.1" 200 3265 3
0:0:0:0:0:0:0:1 - - [31/Jan/2019:12:20:31 +0800] "GET /static/js/bootstrap-switch.js HTTP/1.1" 200 26858 8
0:0:0:0:0:0:0:1 - - [31/Jan/2019:12:20:31 +0800] "GET /static/js/inspinia.js HTTP/1.1" 200 8107 6
0:0:0:0:0:0:0:1 - - [31/Jan/2019:12:20:31 +0800] "GET /static/js/plugins/slimscroll/jquery.slimscroll.min.js HTTP/1.1" 200 4682 3
0:0:0:0:0:0:0:1 - - [31/Jan/2019:12:20:31 +0800] "GET /static/js/plugins/pace/pace.min.js HTTP/1.1" 200 12364 3
0:0:0:0:0:0:0:1 - - [31/Jan/2019:12:20:31 +0800] "GET /static/js/jquery-2.1.1.js HTTP/1.1" 200 84247 17
0:0:0:0:0:0:0:1 - - [31/Jan/2019:12:20:31 +0800] "GET /static/js/jquery-migrate-1.1.0.min.js HTTP/1.1" 200 6968 5
0:0:0:0:0:0:0:1 - - [31/Jan/2019:12:20:31 +0800] "GET /static/js/plugins/dataTables/dataTables.bootstrap.js HTTP/1.1" 200 9614 4
0:0:0:0:0:0:0:1 - - [31/Jan/2019:12:20:31 +0800] "GET /static/css/bootstrap.min.css HTTP/1.1" 200 117305 54
0:0:0:0:0:0:0:1 - - [31/Jan/2019:12:20:31 +0800] "GET /static/js/plugins/dataTables/dataTables.responsive.js HTTP/1.1" 200 32864 8
0:0:0:0:0:0:0:1 - - [31/Jan/2019:12:20:31 +0800] "GET /static/js/jquery-ui-1.10.4.min.js HTTP/1.1" 200 228539 23
0:0:0:0:0:0:0:1 - - [31/Jan/2019:12:20:31 +0800] "GET /static/js/plugins/dataTables/dataTables.tableTools.min.js HTTP/1.1" 200 31626 9
0:0:0:0:0:0:0:1 - - [31/Jan/2019:12:20:31 +0800] "GET /static/js/plugins/datapicker/bootstrap-datetimepicker.min.js HTTP/1.1" 200 48881 50
0:0:0:0:0:0:0:1 - - [31/Jan/2019:12:20:31 +0800] "GET /static/css/animate.css HTTP/1.1" 200 68411 104
0:0:0:0:0:0:0:1 - - [31/Jan/2019:12:20:31 +0800] "GET /static/ckeditor/ckeditor.js HTTP/1.1" 200 567997 78
0:0:0:0:0:0:0:1 - - [31/Jan/2019:12:20:31 +0800] "GET /static/js/plugins/dataTables/jquery.dataTables.js HTTP/1.1" 200 434957 80
0:0:0:0:0:0:0:1 - - [31/Jan/2019:12:20:31 +0800] "GET /static/js/sha1.js HTTP/1.1" 200 5752 4
0:0:0:0:0:0:0:1 - - [31/Jan/2019:12:20:31 +0800] "GET /static/js/layer/layer.js HTTP/1.1" 200 25196 6
0:0:0:0:0:0:0:1 - - [31/Jan/2019:12:20:31 +0800] "GET /static/js/plugins/jsTree/jstree.min.js HTTP/1.1" 200 118089 17
0:0:0:0:0:0:0:1 - - [31/Jan/2019:12:20:31 +0800] "GET /static/js/plugins/datapicker/Moment.js HTTP/1.1" 200 387799 61
0:0:0:0:0:0:0:1 - - [31/Jan/2019:12:20:31 +0800] "GET /static/js/jquery.ajaxfileupload.js HTTP/1.1" 200 5785 3
0:0:0:0:0:0:0:1 - - [31/Jan/2019:12:20:31 +0800] "GET /static/js/plugins/chosen/chosen.jquery.js HTTP/1.1" 200 51376 11
0:0:0:0:0:0:0:1 - - [31/Jan/2019:12:20:31 +0800] "GET /static/images/page/baidumarker.png HTTP/1.1" 200 2877 4
0:0:0:0:0:0:0:1 - - [31/Jan/2019:12:20:31 +0800] "GET /static/js/layer/skin/layer.css HTTP/1.1" 200 14048 4
0:0:0:0:0:0:0:1 - - [31/Jan/2019:12:20:31 +0800] "GET /static/css/patterns/header-profile.png HTTP/1.1" 200 5877 4
0:0:0:0:0:0:0:1 - - [31/Jan/2019:12:20:31 +0800] "GET /static/font-awesome/fonts/fontawesome-webfont.woff2?v=4.3.0 HTTP/1.1" 200 56780 7
0:0:0:0:0:0:0:1 - - [31/Jan/2019:12:20:31 +0800] "POST /manage/account/getUserAccessList HTTP/1.1" 200 8121 4
0:0:0:0:0:0:0:1 - - [31/Jan/2019:12:20:31 +0800] "GET /manage/roll/getpcdiMustList.ajax?draw=1&columns%5B0%5D%5Bdata%5D=id&columns%5B0%5D%5Bname%5D=id&columns%5B0%5D%5Bsearchable%5D=true&columns%5B0%5D%5Borderable%5D=false&columns%5B0%5D%5Bsearch%5D%5Bvalue%5D=&columns%5B0%5D%5Bsearch%5D%5Bregex%5D=false&columns%5B1%5D%5Bdata%5D=describes&columns%5B1%5D%5Bname%5D=describes&columns%5B1%5D%5Bsearchable%5D=true&columns%5B1%5D%5Borderable%5D=false&columns%5B1%5D%5Bsearch%5D%5Bvalue%5D=&columns%5B1%5D%5Bsearch%5D%5Bregex%5D=false&columns%5B2%5D%5Bdata%5D=name&columns%5B2%5D%5Bname%5D=name&columns%5B2%5D%5Bsearchable%5D=true&columns%5B2%5D%5Borderable%5D=false&columns%5B2%5D%5Bsearch%5D%5Bvalue%5D=&columns%5B2%5D%5Bsearch%5D%5Bregex%5D=false&columns%5B3%5D%5Bdata%5D=topicTitle&columns%5B3%5D%5Bname%5D=topicTitle&columns%5B3%5D%5Bsearchable%5D=true&columns%5B3%5D%5Borderable%5D=false&columns%5B3%5D%5Bsearch%5D%5Bvalue%5D=&columns%5B3%5D%5Bsearch%5D%5Bregex%5D=false&columns%5B4%5D%5Bdata%5D=createTime&columns%5B4%5D%5Bname%5D=createTime&columns%5B4%5D%5Bsearchable%5D=true&columns%5B4%5D%5Borderable%5D=false&columns%5B4%5D%5Bsearch%5D%5Bvalue%5D=&columns%5B4%5D%5Bsearch%5D%5Bregex%5D=false&columns%5B5%5D%5Bdata%5D=id&columns%5B5%5D%5Bname%5D=id&columns%5B5%5D%5Bsearchable%5D=true&columns%5B5%5D%5Borderable%5D=false&columns%5B5%5D%5Bsearch%5D%5Bvalue%5D=&columns%5B5%5D%5Bsearch%5D%5Bregex%5D=false&start=0&length=10&search%5Bvalue%5D=&search%5Bregex%5D=false&_=1548908431436 HTTP/1.1" 200 5694 69
0:0:0:0:0:0:0:1 - - [31/Jan/2019:12:20:41 +0800] "GET /manage/roll/getpcdiMustList.ajax?draw=2&columns%5B0%5D%5Bdata%5D=id&columns%5B0%5D%5Bname%5D=id&columns%5B0%5D%5Bsearchable%5D=true&columns%5B0%5D%5Borderable%5D=false&columns%5B0%5D%5Bsearch%5D%5Bvalue%5D=&columns%5B0%5D%5Bsearch%5D%5Bregex%5D=false&columns%5B1%5D%5Bdata%5D=describes&columns%5B1%5D%5Bname%5D=describes&columns%5B1%5D%5Bsearchable%5D=true&columns%5B1%5D%5Borderable%5D=false&columns%5B1%5D%5Bsearch%5D%5Bvalue%5D=&columns%5B1%5D%5Bsearch%5D%5Bregex%5D=false&columns%5B2%5D%5Bdata%5D=name&columns%5B2%5D%5Bname%5D=name&columns%5B2%5D%5Bsearchable%5D=true&columns%5B2%5D%5Borderable%5D=false&columns%5B2%5D%5Bsearch%5D%5Bvalue%5D=&columns%5B2%5D%5Bsearch%5D%5Bregex%5D=false&columns%5B3%5D%5Bdata%5D=topicTitle&columns%5B3%5D%5Bname%5D=topicTitle&columns%5B3%5D%5Bsearchable%5D=true&columns%5B3%5D%5Borderable%5D=false&columns%5B3%5D%5Bsearch%5D%5Bvalue%5D=&columns%5B3%5D%5Bsearch%5D%5Bregex%5D=false&columns%5B4%5D%5Bdata%5D=createTime&columns%5B4%5D%5Bname%5D=createTime&columns%5B4%5D%5Bsearchable%5D=true&columns%5B4%5D%5Borderable%5D=false&columns%5B4%5D%5Bsearch%5D%5Bvalue%5D=&columns%5B4%5D%5Bsearch%5D%5Bregex%5D=false&columns%5B5%5D%5Bdata%5D=id&columns%5B5%5D%5Bname%5D=id&columns%5B5%5D%5Bsearchable%5D=true&columns%5B5%5D%5Borderable%5D=false&columns%5B5%5D%5Bsearch%5D%5Bvalue%5D=&columns%5B5%5D%5Bsearch%5D%5Bregex%5D=false&start=0&length=10&search%5Bvalue%5D=&search%5Bregex%5D=false&type=1&topictitle=&_=1548908431437 HTTP/1.1" 200 3307 64
0:0:0:0:0:0:0:1 - - [31/Jan/2019:12:21:05 +0800] "GET /manage/roll/getpcdiMustList.ajax?draw=3&columns%5B0%5D%5Bdata%5D=id&columns%5B0%5D%5Bname%5D=id&columns%5B0%5D%5Bsearchable%5D=true&columns%5B0%5D%5Borderable%5D=false&columns%5B0%5D%5Bsearch%5D%5Bvalue%5D=&columns%5B0%5D%5Bsearch%5D%5Bregex%5D=false&columns%5B1%5D%5Bdata%5D=describes&columns%5B1%5D%5Bname%5D=describes&columns%5B1%5D%5Bsearchable%5D=true&columns%5B1%5D%5Borderable%5D=false&columns%5B1%5D%5Bsearch%5D%5Bvalue%5D=&columns%5B1%5D%5Bsearch%5D%5Bregex%5D=false&columns%5B2%5D%5Bdata%5D=name&columns%5B2%5D%5Bname%5D=name&columns%5B2%5D%5Bsearchable%5D=true&columns%5B2%5D%5Borderable%5D=false&columns%5B2%5D%5Bsearch%5D%5Bvalue%5D=&columns%5B2%5D%5Bsearch%5D%5Bregex%5D=false&columns%5B3%5D%5Bdata%5D=topicTitle&columns%5B3%5D%5Bname%5D=topicTitle&columns%5B3%5D%5Bsearchable%5D=true&columns%5B3%5D%5Borderable%5D=false&columns%5B3%5D%5Bsearch%5D%5Bvalue%5D=&columns%5B3%5D%5Bsearch%5D%5Bregex%5D=false&columns%5B4%5D%5Bdata%5D=createTime&columns%5B4%5D%5Bname%5D=createTime&columns%5B4%5D%5Bsearchable%5D=true&columns%5B4%5D%5Borderable%5D=false&columns%5B4%5D%5Bsearch%5D%5Bvalue%5D=&columns%5B4%5D%5Bsearch%5D%5Bregex%5D=false&columns%5B5%5D%5Bdata%5D=id&columns%5B5%5D%5Bname%5D=id&columns%5B5%5D%5Bsearchable%5D=true&columns%5B5%5D%5Borderable%5D=false&columns%5B5%5D%5Bsearch%5D%5Bvalue%5D=&columns%5B5%5D%5Bsearch%5D%5Bregex%5D=false&start=0&length=10&search%5Bvalue%5D=&search%5Bregex%5D=false&type=5&topictitle=&_=1548908431438 HTTP/1.1" 200 4801 29
0:0:0:0:0:0:0:1 - - [31/Jan/2019:12:21:09 +0800] "GET /manage/roll/getpcdiMustList.ajax?draw=4&columns%5B0%5D%5Bdata%5D=id&columns%5B0%5D%5Bname%5D=id&columns%5B0%5D%5Bsearchable%5D=true&columns%5B0%5D%5Borderable%5D=false&columns%5B0%5D%5Bsearch%5D%5Bvalue%5D=&columns%5B0%5D%5Bsearch%5D%5Bregex%5D=false&columns%5B1%5D%5Bdata%5D=describes&columns%5B1%5D%5Bname%5D=describes&columns%5B1%5D%5Bsearchable%5D=true&columns%5B1%5D%5Borderable%5D=false&columns%5B1%5D%5Bsearch%5D%5Bvalue%5D=&columns%5B1%5D%5Bsearch%5D%5Bregex%5D=false&columns%5B2%5D%5Bdata%5D=name&columns%5B2%5D%5Bname%5D=name&columns%5B2%5D%5Bsearchable%5D=true&columns%5B2%5D%5Borderable%5D=false&columns%5B2%5D%5Bsearch%5D%5Bvalue%5D=&columns%5B2%5D%5Bsearch%5D%5Bregex%5D=false&columns%5B3%5D%5Bdata%5D=topicTitle&columns%5B3%5D%5Bname%5D=topicTitle&columns%5B3%5D%5Bsearchable%5D=true&columns%5B3%5D%5Borderable%5D=false&columns%5B3%5D%5Bsearch%5D%5Bvalue%5D=&columns%5B3%5D%5Bsearch%5D%5Bregex%5D=false&columns%5B4%5D%5Bdata%5D=createTime&columns%5B4%5D%5Bname%5D=createTime&columns%5B4%5D%5Bsearchable%5D=true&columns%5B4%5D%5Borderable%5D=false&columns%5B4%5D%5Bsearch%5D%5Bvalue%5D=&columns%5B4%5D%5Bsearch%5D%5Bregex%5D=false&columns%5B5%5D%5Bdata%5D=id&columns%5B5%5D%5Bname%5D=id&columns%5B5%5D%5Bsearchable%5D=true&columns%5B5%5D%5Borderable%5D=false&columns%5B5%5D%5Bsearch%5D%5Bvalue%5D=&columns%5B5%5D%5Bsearch%5D%5Bregex%5D=false&start=10&length=10&search%5Bvalue%5D=&search%5Bregex%5D=false&type=5&topictitle=&_=1548908431439 HTTP/1.1" 200 4828 26
0:0:0:0:0:0:0:1 - - [31/Jan/2019:12:21:10 +0800] "GET /manage/roll/getpcdiMustList.ajax?draw=5&columns%5B0%5D%5Bdata%5D=id&columns%5B0%5D%5Bname%5D=id&columns%5B0%5D%5Bsearchable%5D=true&columns%5B0%5D%5Borderable%5D=false&columns%5B0%5D%5Bsearch%5D%5Bvalue%5D=&columns%5B0%5D%5Bsearch%5D%5Bregex%5D=false&columns%5B1%5D%5Bdata%5D=describes&columns%5B1%5D%5Bname%5D=describes&columns%5B1%5D%5Bsearchable%5D=true&columns%5B1%5D%5Borderable%5D=false&columns%5B1%5D%5Bsearch%5D%5Bvalue%5D=&columns%5B1%5D%5Bsearch%5D%5Bregex%5D=false&columns%5B2%5D%5Bdata%5D=name&columns%5B2%5D%5Bname%5D=name&columns%5B2%5D%5Bsearchable%5D=true&columns%5B2%5D%5Borderable%5D=false&columns%5B2%5D%5Bsearch%5D%5Bvalue%5D=&columns%5B2%5D%5Bsearch%5D%5Bregex%5D=false&columns%5B3%5D%5Bdata%5D=topicTitle&columns%5B3%5D%5Bname%5D=topicTitle&columns%5B3%5D%5Bsearchable%5D=true&columns%5B3%5D%5Borderable%5D=false&columns%5B3%5D%5Bsearch%5D%5Bvalue%5D=&columns%5B3%5D%5Bsearch%5D%5Bregex%5D=false&columns%5B4%5D%5Bdata%5D=createTime&columns%5B4%5D%5Bname%5D=createTime&columns%5B4%5D%5Bsearchable%5D=true&columns%5B4%5D%5Borderable%5D=false&columns%5B4%5D%5Bsearch%5D%5Bvalue%5D=&columns%5B4%5D%5Bsearch%5D%5Bregex%5D=false&columns%5B5%5D%5Bdata%5D=id&columns%5B5%5D%5Bname%5D=id&columns%5B5%5D%5Bsearchable%5D=true&columns%5B5%5D%5Borderable%5D=false&columns%5B5%5D%5Bsearch%5D%5Bvalue%5D=&columns%5B5%5D%5Bsearch%5D%5Bregex%5D=false&start=20&length=10&search%5Bvalue%5D=&search%5Bregex%5D=false&type=5&topictitle=&_=1548908431440 HTTP/1.1" 200 4822 26
0:0:0:0:0:0:0:1 - - [31/Jan/2019:12:21:11 +0800] "GET /manage/roll/getpcdiMustList.ajax?draw=6&columns%5B0%5D%5Bdata%5D=id&columns%5B0%5D%5Bname%5D=id&columns%5B0%5D%5Bsearchable%5D=true&columns%5B0%5D%5Borderable%5D=false&columns%5B0%5D%5Bsearch%5D%5Bvalue%5D=&columns%5B0%5D%5Bsearch%5D%5Bregex%5D=false&columns%5B1%5D%5Bdata%5D=describes&columns%5B1%5D%5Bname%5D=describes&columns%5B1%5D%5Bsearchable%5D=true&columns%5B1%5D%5Borderable%5D=false&columns%5B1%5D%5Bsearch%5D%5Bvalue%5D=&columns%5B1%5D%5Bsearch%5D%5Bregex%5D=false&columns%5B2%5D%5Bdata%5D=name&columns%5B2%5D%5Bname%5D=name&columns%5B2%5D%5Bsearchable%5D=true&columns%5B2%5D%5Borderable%5D=false&columns%5B2%5D%5Bsearch%5D%5Bvalue%5D=&columns%5B2%5D%5Bsearch%5D%5Bregex%5D=false&columns%5B3%5D%5Bdata%5D=topicTitle&columns%5B3%5D%5Bname%5D=topicTitle&columns%5B3%5D%5Bsearchable%5D=true&columns%5B3%5D%5Borderable%5D=false&columns%5B3%5D%5Bsearch%5D%5Bvalue%5D=&columns%5B3%5D%5Bsearch%5D%5Bregex%5D=false&columns%5B4%5D%5Bdata%5D=createTime&columns%5B4%5D%5Bname%5D=createTime&columns%5B4%5D%5Bsearchable%5D=true&columns%5B4%5D%5Borderable%5D=false&columns%5B4%5D%5Bsearch%5D%5Bvalue%5D=&columns%5B4%5D%5Bsearch%5D%5Bregex%5D=false&columns%5B5%5D%5Bdata%5D=id&columns%5B5%5D%5Bname%5D=id&columns%5B5%5D%5Bsearchable%5D=true&columns%5B5%5D%5Borderable%5D=false&columns%5B5%5D%5Bsearch%5D%5Bvalue%5D=&columns%5B5%5D%5Bsearch%5D%5Bregex%5D=false&start=30&length=10&search%5Bvalue%5D=&search%5Bregex%5D=false&type=5&topictitle=&_=1548908431441 HTTP/1.1" 200 576 24
0:0:0:0:0:0:0:1 - - [31/Jan/2019:12:21:13 +0800] "GET /manage/roll/getpcdiMustList.ajax?draw=7&columns%5B0%5D%5Bdata%5D=id&columns%5B0%5D%5Bname%5D=id&columns%5B0%5D%5Bsearchable%5D=true&columns%5B0%5D%5Borderable%5D=false&columns%5B0%5D%5Bsearch%5D%5Bvalue%5D=&columns%5B0%5D%5Bsearch%5D%5Bregex%5D=false&columns%5B1%5D%5Bdata%5D=describes&columns%5B1%5D%5Bname%5D=describes&columns%5B1%5D%5Bsearchable%5D=true&columns%5B1%5D%5Borderable%5D=false&columns%5B1%5D%5Bsearch%5D%5Bvalue%5D=&columns%5B1%5D%5Bsearch%5D%5Bregex%5D=false&columns%5B2%5D%5Bdata%5D=name&columns%5B2%5D%5Bname%5D=name&columns%5B2%5D%5Bsearchable%5D=true&columns%5B2%5D%5Borderable%5D=false&columns%5B2%5D%5Bsearch%5D%5Bvalue%5D=&columns%5B2%5D%5Bsearch%5D%5Bregex%5D=false&columns%5B3%5D%5Bdata%5D=topicTitle&columns%5B3%5D%5Bname%5D=topicTitle&columns%5B3%5D%5Bsearchable%5D=true&columns%5B3%5D%5Borderable%5D=false&columns%5B3%5D%5Bsearch%5D%5Bvalue%5D=&columns%5B3%5D%5Bsearch%5D%5Bregex%5D=false&columns%5B4%5D%5Bdata%5D=createTime&columns%5B4%5D%5Bname%5D=createTime&columns%5B4%5D%5Bsearchable%5D=true&columns%5B4%5D%5Borderable%5D=false&columns%5B4%5D%5Bsearch%5D%5Bvalue%5D=&columns%5B4%5D%5Bsearch%5D%5Bregex%5D=false&columns%5B5%5D%5Bdata%5D=id&columns%5B5%5D%5Bname%5D=id&columns%5B5%5D%5Bsearchable%5D=true&columns%5B5%5D%5Borderable%5D=false&columns%5B5%5D%5Bsearch%5D%5Bvalue%5D=&columns%5B5%5D%5Bsearch%5D%5Bregex%5D=false&start=20&length=10&search%5Bvalue%5D=&search%5Bregex%5D=false&type=5&topictitle=&_=1548908431442 HTTP/1.1" 200 4822 26
0:0:0:0:0:0:0:1 - - [31/Jan/2019:12:21:24 +0800] "GET /manage/roll/getpcdiMustList.ajax?draw=8&columns%5B0%5D%5Bdata%5D=id&columns%5B0%5D%5Bname%5D=id&columns%5B0%5D%5Bsearchable%5D=true&columns%5B0%5D%5Borderable%5D=false&columns%5B0%5D%5Bsearch%5D%5Bvalue%5D=&columns%5B0%5D%5Bsearch%5D%5Bregex%5D=false&columns%5B1%5D%5Bdata%5D=describes&columns%5B1%5D%5Bname%5D=describes&columns%5B1%5D%5Bsearchable%5D=true&columns%5B1%5D%5Borderable%5D=false&columns%5B1%5D%5Bsearch%5D%5Bvalue%5D=&columns%5B1%5D%5Bsearch%5D%5Bregex%5D=false&columns%5B2%5D%5Bdata%5D=name&columns%5B2%5D%5Bname%5D=name&columns%5B2%5D%5Bsearchable%5D=true&columns%5B2%5D%5Borderable%5D=false&columns%5B2%5D%5Bsearch%5D%5Bvalue%5D=&columns%5B2%5D%5Bsearch%5D%5Bregex%5D=false&columns%5B3%5D%5Bdata%5D=topicTitle&columns%5B3%5D%5Bname%5D=topicTitle&columns%5B3%5D%5Bsearchable%5D=true&columns%5B3%5D%5Borderable%5D=false&columns%5B3%5D%5Bsearch%5D%5Bvalue%5D=&columns%5B3%5D%5Bsearch%5D%5Bregex%5D=false&columns%5B4%5D%5Bdata%5D=createTime&columns%5B4%5D%5Bname%5D=createTime&columns%5B4%5D%5Bsearchable%5D=true&columns%5B4%5D%5Borderable%5D=false&columns%5B4%5D%5Bsearch%5D%5Bvalue%5D=&columns%5B4%5D%5Bsearch%5D%5Bregex%5D=false&columns%5B5%5D%5Bdata%5D=id&columns%5B5%5D%5Bname%5D=id&columns%5B5%5D%5Bsearchable%5D=true&columns%5B5%5D%5Borderable%5D=false&columns%5B5%5D%5Bsearch%5D%5Bvalue%5D=&columns%5B5%5D%5Bsearch%5D%5Bregex%5D=false&start=30&length=10&search%5Bvalue%5D=&search%5Bregex%5D=false&type=5&topictitle=&_=1548908431443 HTTP/1.1" 200 576 25
0:0:0:0:0:0:0:1 - - [31/Jan/2019:12:21:26 +0800] "GET /manage/roll/getpcdiMustList.ajax?draw=9&columns%5B0%5D%5Bdata%5D=id&columns%5B0%5D%5Bname%5D=id&columns%5B0%5D%5Bsearchable%5D=true&columns%5B0%5D%5Borderable%5D=false&columns%5B0%5D%5Bsearch%5D%5Bvalue%5D=&columns%5B0%5D%5Bsearch%5D%5Bregex%5D=false&columns%5B1%5D%5Bdata%5D=describes&columns%5B1%5D%5Bname%5D=describes&columns%5B1%5D%5Bsearchable%5D=true&columns%5B1%5D%5Borderable%5D=false&columns%5B1%5D%5Bsearch%5D%5Bvalue%5D=&columns%5B1%5D%5Bsearch%5D%5Bregex%5D=false&columns%5B2%5D%5Bdata%5D=name&columns%5B2%5D%5Bname%5D=name&columns%5B2%5D%5Bsearchable%5D=true&columns%5B2%5D%5Borderable%5D=false&columns%5B2%5D%5Bsearch%5D%5Bvalue%5D=&columns%5B2%5D%5Bsearch%5D%5Bregex%5D=false&columns%5B3%5D%5Bdata%5D=topicTitle&columns%5B3%5D%5Bname%5D=topicTitle&columns%5B3%5D%5Bsearchable%5D=true&columns%5B3%5D%5Borderable%5D=false&columns%5B3%5D%5Bsearch%5D%5Bvalue%5D=&columns%5B3%5D%5Bsearch%5D%5Bregex%5D=false&columns%5B4%5D%5Bdata%5D=createTime&columns%5B4%5D%5Bname%5D=createTime&columns%5B4%5D%5Bsearchable%5D=true&columns%5B4%5D%5Borderable%5D=false&columns%5B4%5D%5Bsearch%5D%5Bvalue%5D=&columns%5B4%5D%5Bsearch%5D%5Bregex%5D=false&columns%5B5%5D%5Bdata%5D=id&columns%5B5%5D%5Bname%5D=id&columns%5B5%5D%5Bsearchable%5D=true&columns%5B5%5D%5Borderable%5D=false&columns%5B5%5D%5Bsearch%5D%5Bvalue%5D=&columns%5B5%5D%5Bsearch%5D%5Bregex%5D=false&start=20&length=10&search%5Bvalue%5D=&search%5Bregex%5D=false&type=5&topictitle=&_=1548908431444 HTTP/1.1" 200 4822 20
0:0:0:0:0:0:0:1 - - [31/Jan/2019:12:21:27 +0800] "GET /manage/roll/getpcdiMustList.ajax?draw=10&columns%5B0%5D%5Bdata%5D=id&columns%5B0%5D%5Bname%5D=id&columns%5B0%5D%5Bsearchable%5D=true&columns%5B0%5D%5Borderable%5D=false&columns%5B0%5D%5Bsearch%5D%5Bvalue%5D=&columns%5B0%5D%5Bsearch%5D%5Bregex%5D=false&columns%5B1%5D%5Bdata%5D=describes&columns%5B1%5D%5Bname%5D=describes&columns%5B1%5D%5Bsearchable%5D=true&columns%5B1%5D%5Borderable%5D=false&columns%5B1%5D%5Bsearch%5D%5Bvalue%5D=&columns%5B1%5D%5Bsearch%5D%5Bregex%5D=false&columns%5B2%5D%5Bdata%5D=name&columns%5B2%5D%5Bname%5D=name&columns%5B2%5D%5Bsearchable%5D=true&columns%5B2%5D%5Borderable%5D=false&columns%5B2%5D%5Bsearch%5D%5Bvalue%5D=&columns%5B2%5D%5Bsearch%5D%5Bregex%5D=false&columns%5B3%5D%5Bdata%5D=topicTitle&columns%5B3%5D%5Bname%5D=topicTitle&columns%5B3%5D%5Bsearchable%5D=true&columns%5B3%5D%5Borderable%5D=false&columns%5B3%5D%5Bsearch%5D%5Bvalue%5D=&columns%5B3%5D%5Bsearch%5D%5Bregex%5D=false&columns%5B4%5D%5Bdata%5D=createTime&columns%5B4%5D%5Bname%5D=createTime&columns%5B4%5D%5Bsearchable%5D=true&columns%5B4%5D%5Borderable%5D=false&columns%5B4%5D%5Bsearch%5D%5Bvalue%5D=&columns%5B4%5D%5Bsearch%5D%5Bregex%5D=false&columns%5B5%5D%5Bdata%5D=id&columns%5B5%5D%5Bname%5D=id&columns%5B5%5D%5Bsearchable%5D=true&columns%5B5%5D%5Borderable%5D=false&columns%5B5%5D%5Bsearch%5D%5Bvalue%5D=&columns%5B5%5D%5Bsearch%5D%5Bregex%5D=false&start=10&length=10&search%5Bvalue%5D=&search%5Bregex%5D=false&type=5&topictitle=&_=1548908431445 HTTP/1.1" 200 4829 20
0:0:0:0:0:0:0:1 - - [31/Jan/2019:12:21:27 +0800] "GET /manage/roll/getpcdiMustList.ajax?draw=11&columns%5B0%5D%5Bdata%5D=id&columns%5B0%5D%5Bname%5D=id&columns%5B0%5D%5Bsearchable%5D=true&columns%5B0%5D%5Borderable%5D=false&columns%5B0%5D%5Bsearch%5D%5Bvalue%5D=&columns%5B0%5D%5Bsearch%5D%5Bregex%5D=false&columns%5B1%5D%5Bdata%5D=describes&columns%5B1%5D%5Bname%5D=describes&columns%5B1%5D%5Bsearchable%5D=true&columns%5B1%5D%5Borderable%5D=false&columns%5B1%5D%5Bsearch%5D%5Bvalue%5D=&columns%5B1%5D%5Bsearch%5D%5Bregex%5D=false&columns%5B2%5D%5Bdata%5D=name&columns%5B2%5D%5Bname%5D=name&columns%5B2%5D%5Bsearchable%5D=true&columns%5B2%5D%5Borderable%5D=false&columns%5B2%5D%5Bsearch%5D%5Bvalue%5D=&columns%5B2%5D%5Bsearch%5D%5Bregex%5D=false&columns%5B3%5D%5Bdata%5D=topicTitle&columns%5B3%5D%5Bname%5D=topicTitle&columns%5B3%5D%5Bsearchable%5D=true&columns%5B3%5D%5Borderable%5D=false&columns%5B3%5D%5Bsearch%5D%5Bvalue%5D=&columns%5B3%5D%5Bsearch%5D%5Bregex%5D=false&columns%5B4%5D%5Bdata%5D=createTime&columns%5B4%5D%5Bname%5D=createTime&columns%5B4%5D%5Bsearchable%5D=true&columns%5B4%5D%5Borderable%5D=false&columns%5B4%5D%5Bsearch%5D%5Bvalue%5D=&columns%5B4%5D%5Bsearch%5D%5Bregex%5D=false&columns%5B5%5D%5Bdata%5D=id&columns%5B5%5D%5Bname%5D=id&columns%5B5%5D%5Bsearchable%5D=true&columns%5B5%5D%5Borderable%5D=false&columns%5B5%5D%5Bsearch%5D%5Bvalue%5D=&columns%5B5%5D%5Bsearch%5D%5Bregex%5D=false&start=0&length=10&search%5Bvalue%5D=&search%5Bregex%5D=false&type=5&topictitle=&_=1548908431446 HTTP/1.1" 200 4802 25
0:0:0:0:0:0:0:1 - - [31/Jan/2019:12:21:30 +0800] "GET /manage/roll/toPcdiList HTTP/1.1" 200 27456 22
0:0:0:0:0:0:0:1 - - [31/Jan/2019:12:21:30 +0800] "GET /static/js/plugins/gritter/jquery.gritter.css HTTP/1.1" 200 2556 7
0:0:0:0:0:0:0:1 - - [31/Jan/2019:12:21:30 +0800] "GET /static/css/bootstrap.min.css HTTP/1.1" 200 117305 24
0:0:0:0:0:0:0:1 - - [31/Jan/2019:12:21:30 +0800] "GET /static/css/plugins/dataTables/dataTables.responsive.css HTTP/1.1" 200 2626 5
0:0:0:0:0:0:0:1 - - [31/Jan/2019:12:21:30 +0800] "GET /static/css/bootstrap-switch.css HTTP/1.1" 200 6993 3
0:0:0:0:0:0:0:1 - - [31/Jan/2019:12:21:30 +0800] "GET /static/css/plugins/toastr/toastr.min.css HTTP/1.1" 200 6882 5
0:0:0:0:0:0:0:1 - - [31/Jan/2019:12:21:30 +0800] "GET /static/font-awesome/css/font-awesome.css HTTP/1.1" 200 28747 31
0:0:0:0:0:0:0:1 - - [31/Jan/2019:12:21:30 +0800] "GET /static/css/plugins/dataTables/dataTables.bootstrap.css HTTP/1.1" 200 5178 7
0:0:0:0:0:0:0:1 - - [31/Jan/2019:12:21:30 +0800] "GET /static/js/jquery-2.1.1.js HTTP/1.1" 200 84247 16
0:0:0:0:0:0:0:1 - - [31/Jan/2019:12:21:30 +0800] "GET /static/js/plugins/metisMenu/jquery.metisMenu.js HTTP/1.1" 200 3265 4
0:0:0:0:0:0:0:1 - - [31/Jan/2019:12:21:30 +0800] "GET /static/css/plugins/dataTables/dataTables.tableTools.min.css HTTP/1.1" 200 6601 3
0:0:0:0:0:0:0:1 - - [31/Jan/2019:12:21:30 +0800] "GET /static/css/animate.css HTTP/1.1" 200 68411 11
0:0:0:0:0:0:0:1 - - [31/Jan/2019:12:21:30 +0800] "GET /static/js/inspinia.js HTTP/1.1" 200 8107 6
0:0:0:0:0:0:0:1 - - [31/Jan/2019:12:21:30 +0800] "GET /static/css/plugins/datapicker/bootstrap-datetimepicker.min.css HTTP/1.1" 200 7771 5
0:0:0:0:0:0:0:1 - - [31/Jan/2019:12:21:30 +0800] "GET /static/js/plugins/slimscroll/jquery.slimscroll.min.js HTTP/1.1" 200 4682 5
0:0:0:0:0:0:0:1 - - [31/Jan/2019:12:21:30 +0800] "GET /static/js/bootstrap.min.js HTTP/1.1" 200 37045 9
0:0:0:0:0:0:0:1 - - [31/Jan/2019:12:21:30 +0800] "GET /static/js/plugins/pace/pace.min.js HTTP/1.1" 200 12364 5
0:0:0:0:0:0:0:1 - - [31/Jan/2019:12:21:30 +0800] "GET /static/css/style.css HTTP/1.1" 200 156956 33
0:0:0:0:0:0:0:1 - - [31/Jan/2019:12:21:30 +0800] "GET /static/js/jquery-ui-1.10.4.min.js HTTP/1.1" 200 228539 11
0:0:0:0:0:0:0:1 - - [31/Jan/2019:12:21:30 +0800] "GET /static/js/jquery-migrate-1.1.0.min.js HTTP/1.1" 200 6968 3
0:0:0:0:0:0:0:1 - - [31/Jan/2019:12:21:30 +0800] "GET /static/js/plugins/dataTables/dataTables.responsive.js HTTP/1.1" 200 32864 5
0:0:0:0:0:0:0:1 - - [31/Jan/2019:12:21:30 +0800] "GET /static/js/plugins/dataTables/dataTables.tableTools.min.js HTTP/1.1" 200 31626 3
0:0:0:0:0:0:0:1 - - [31/Jan/2019:12:21:30 +0800] "GET /static/js/plugins/dataTables/jquery.dataTables.js HTTP/1.1" 200 434957 21
0:0:0:0:0:0:0:1 - - [31/Jan/2019:12:21:30 +0800] "GET /static/js/plugins/dataTables/dataTables.bootstrap.js HTTP/1.1" 200 9614 4
0:0:0:0:0:0:0:1 - - [31/Jan/2019:12:21:30 +0800] "GET /static/js/plugins/datapicker/bootstrap-datetimepicker.min.js HTTP/1.1" 200 48881 5
0:0:0:0:0:0:0:1 - - [31/Jan/2019:12:21:30 +0800] "GET /static/js/plugins/jsTree/jstree.min.js HTTP/1.1" 200 118089 7
0:0:0:0:0:0:0:1 - - [31/Jan/2019:12:21:30 +0800] "GET /static/js/bootstrap-switch.js HTTP/1.1" 200 26858 61
0:0:0:0:0:0:0:1 - - [31/Jan/2019:12:21:30 +0800] "GET /static/js/jquery.ajaxfileupload.js HTTP/1.1" 200 5785 4
0:0:0:0:0:0:0:1 - - [31/Jan/2019:12:21:30 +0800] "GET /static/js/plugins/datapicker/Moment.js HTTP/1.1" 200 387799 22
0:0:0:0:0:0:0:1 - - [31/Jan/2019:12:21:30 +0800] "GET /static/js/plugins/chosen/chosen.jquery.js HTTP/1.1" 200 51376 10
0:0:0:0:0:0:0:1 - - [31/Jan/2019:12:21:30 +0800] "GET /static/js/sha1.js HTTP/1.1" 200 5752 5
0:0:0:0:0:0:0:1 - - [31/Jan/2019:12:21:30 +0800] "GET /static/images/page/baidumarker.png HTTP/1.1" 200 2877 4
0:0:0:0:0:0:0:1 - - [31/Jan/2019:12:21:30 +0800] "GET /static/js/layer/layer.js HTTP/1.1" 200 25196 12
0:0:0:0:0:0:0:1 - - [31/Jan/2019:12:21:30 +0800] "GET /static/ckeditor/ckeditor.js HTTP/1.1" 200 567997 46
0:0:0:0:0:0:0:1 - - [31/Jan/2019:12:21:30 +0800] "GET /static/js/layer/skin/layer.css HTTP/1.1" 200 14048 4
0:0:0:0:0:0:0:1 - - [31/Jan/2019:12:21:30 +0800] "GET /static/css/patterns/header-profile.png HTTP/1.1" 200 5877 4
0:0:0:0:0:0:0:1 - - [31/Jan/2019:12:21:30 +0800] "GET /static/font-awesome/fonts/fontawesome-webfont.woff2?v=4.3.0 HTTP/1.1" 200 56780 7
0:0:0:0:0:0:0:1 - - [31/Jan/2019:12:21:30 +0800] "POST /manage/account/getUserAccessList HTTP/1.1" 200 8121 5
0:0:0:0:0:0:0:1 - - [31/Jan/2019:12:21:30 +0800] "GET /manage/roll/getpcdiMustList.ajax?draw=1&columns%5B0%5D%5Bdata%5D=id&columns%5B0%5D%5Bname%5D=id&columns%5B0%5D%5Bsearchable%5D=true&columns%5B0%5D%5Borderable%5D=false&columns%5B0%5D%5Bsearch%5D%5Bvalue%5D=&columns%5B0%5D%5Bsearch%5D%5Bregex%5D=false&columns%5B1%5D%5Bdata%5D=describes&columns%5B1%5D%5Bname%5D=describes&columns%5B1%5D%5Bsearchable%5D=true&columns%5B1%5D%5Borderable%5D=false&columns%5B1%5D%5Bsearch%5D%5Bvalue%5D=&columns%5B1%5D%5Bsearch%5D%5Bregex%5D=false&columns%5B2%5D%5Bdata%5D=name&columns%5B2%5D%5Bname%5D=name&columns%5B2%5D%5Bsearchable%5D=true&columns%5B2%5D%5Borderable%5D=false&columns%5B2%5D%5Bsearch%5D%5Bvalue%5D=&columns%5B2%5D%5Bsearch%5D%5Bregex%5D=false&columns%5B3%5D%5Bdata%5D=topicTitle&columns%5B3%5D%5Bname%5D=topicTitle&columns%5B3%5D%5Bsearchable%5D=true&columns%5B3%5D%5Borderable%5D=false&columns%5B3%5D%5Bsearch%5D%5Bvalue%5D=&columns%5B3%5D%5Bsearch%5D%5Bregex%5D=false&columns%5B4%5D%5Bdata%5D=createTime&columns%5B4%5D%5Bname%5D=createTime&columns%5B4%5D%5Bsearchable%5D=true&columns%5B4%5D%5Borderable%5D=false&columns%5B4%5D%5Bsearch%5D%5Bvalue%5D=&columns%5B4%5D%5Bsearch%5D%5Bregex%5D=false&columns%5B5%5D%5Bdata%5D=id&columns%5B5%5D%5Bname%5D=id&columns%5B5%5D%5Bsearchable%5D=true&columns%5B5%5D%5Borderable%5D=false&columns%5B5%5D%5Bsearch%5D%5Bvalue%5D=&columns%5B5%5D%5Bsearch%5D%5Bregex%5D=false&start=0&length=10&search%5Bvalue%5D=&search%5Bregex%5D=false&_=1548908490327 HTTP/1.1" 200 5694 22
0:0:0:0:0:0:0:1 - - [31/Jan/2019:12:21:30 +0800] "GET /favicon.ico HTTP/1.1" 200 946 12
0:0:0:0:0:0:0:1 - - [31/Jan/2019:12:21:48 +0800] "GET /manage/roll/getpcdiMustList.ajax?draw=2&columns%5B0%5D%5Bdata%5D=id&columns%5B0%5D%5Bname%5D=id&columns%5B0%5D%5Bsearchable%5D=true&columns%5B0%5D%5Borderable%5D=false&columns%5B0%5D%5Bsearch%5D%5Bvalue%5D=&columns%5B0%5D%5Bsearch%5D%5Bregex%5D=false&columns%5B1%5D%5Bdata%5D=describes&columns%5B1%5D%5Bname%5D=describes&columns%5B1%5D%5Bsearchable%5D=true&columns%5B1%5D%5Borderable%5D=false&columns%5B1%5D%5Bsearch%5D%5Bvalue%5D=&columns%5B1%5D%5Bsearch%5D%5Bregex%5D=false&columns%5B2%5D%5Bdata%5D=name&columns%5B2%5D%5Bname%5D=name&columns%5B2%5D%5Bsearchable%5D=true&columns%5B2%5D%5Borderable%5D=false&columns%5B2%5D%5Bsearch%5D%5Bvalue%5D=&columns%5B2%5D%5Bsearch%5D%5Bregex%5D=false&columns%5B3%5D%5Bdata%5D=topicTitle&columns%5B3%5D%5Bname%5D=topicTitle&columns%5B3%5D%5Bsearchable%5D=true&columns%5B3%5D%5Borderable%5D=false&columns%5B3%5D%5Bsearch%5D%5Bvalue%5D=&columns%5B3%5D%5Bsearch%5D%5Bregex%5D=false&columns%5B4%5D%5Bdata%5D=createTime&columns%5B4%5D%5Bname%5D=createTime&columns%5B4%5D%5Bsearchable%5D=true&columns%5B4%5D%5Borderable%5D=false&columns%5B4%5D%5Bsearch%5D%5Bvalue%5D=&columns%5B4%5D%5Bsearch%5D%5Bregex%5D=false&columns%5B5%5D%5Bdata%5D=id&columns%5B5%5D%5Bname%5D=id&columns%5B5%5D%5Bsearchable%5D=true&columns%5B5%5D%5Borderable%5D=false&columns%5B5%5D%5Bsearch%5D%5Bvalue%5D=&columns%5B5%5D%5Bsearch%5D%5Bregex%5D=false&start=20&length=10&search%5Bvalue%5D=&search%5Bregex%5D=false&_=1548908490328 HTTP/1.1" 200 4822 32
0:0:0:0:0:0:0:1 - - [31/Jan/2019:12:21:50 +0800] "GET /manage/roll/getpcdiMustList.ajax?draw=3&columns%5B0%5D%5Bdata%5D=id&columns%5B0%5D%5Bname%5D=id&columns%5B0%5D%5Bsearchable%5D=true&columns%5B0%5D%5Borderable%5D=false&columns%5B0%5D%5Bsearch%5D%5Bvalue%5D=&columns%5B0%5D%5Bsearch%5D%5Bregex%5D=false&columns%5B1%5D%5Bdata%5D=describes&columns%5B1%5D%5Bname%5D=describes&columns%5B1%5D%5Bsearchable%5D=true&columns%5B1%5D%5Borderable%5D=false&columns%5B1%5D%5Bsearch%5D%5Bvalue%5D=&columns%5B1%5D%5Bsearch%5D%5Bregex%5D=false&columns%5B2%5D%5Bdata%5D=name&columns%5B2%5D%5Bname%5D=name&columns%5B2%5D%5Bsearchable%5D=true&columns%5B2%5D%5Borderable%5D=false&columns%5B2%5D%5Bsearch%5D%5Bvalue%5D=&columns%5B2%5D%5Bsearch%5D%5Bregex%5D=false&columns%5B3%5D%5Bdata%5D=topicTitle&columns%5B3%5D%5Bname%5D=topicTitle&columns%5B3%5D%5Bsearchable%5D=true&columns%5B3%5D%5Borderable%5D=false&columns%5B3%5D%5Bsearch%5D%5Bvalue%5D=&columns%5B3%5D%5Bsearch%5D%5Bregex%5D=false&columns%5B4%5D%5Bdata%5D=createTime&columns%5B4%5D%5Bname%5D=createTime&columns%5B4%5D%5Bsearchable%5D=true&columns%5B4%5D%5Borderable%5D=false&columns%5B4%5D%5Bsearch%5D%5Bvalue%5D=&columns%5B4%5D%5Bsearch%5D%5Bregex%5D=false&columns%5B5%5D%5Bdata%5D=id&columns%5B5%5D%5Bname%5D=id&columns%5B5%5D%5Bsearchable%5D=true&columns%5B5%5D%5Borderable%5D=false&columns%5B5%5D%5Bsearch%5D%5Bvalue%5D=&columns%5B5%5D%5Bsearch%5D%5Bregex%5D=false&start=30&length=10&search%5Bvalue%5D=&search%5Bregex%5D=false&_=1548908490329 HTTP/1.1" 200 4881 23
0:0:0:0:0:0:0:1 - - [31/Jan/2019:12:21:51 +0800] "GET /manage/roll/getpcdiMustList.ajax?draw=4&columns%5B0%5D%5Bdata%5D=id&columns%5B0%5D%5Bname%5D=id&columns%5B0%5D%5Bsearchable%5D=true&columns%5B0%5D%5Borderable%5D=false&columns%5B0%5D%5Bsearch%5D%5Bvalue%5D=&columns%5B0%5D%5Bsearch%5D%5Bregex%5D=false&columns%5B1%5D%5Bdata%5D=describes&columns%5B1%5D%5Bname%5D=describes&columns%5B1%5D%5Bsearchable%5D=true&columns%5B1%5D%5Borderable%5D=false&columns%5B1%5D%5Bsearch%5D%5Bvalue%5D=&columns%5B1%5D%5Bsearch%5D%5Bregex%5D=false&columns%5B2%5D%5Bdata%5D=name&columns%5B2%5D%5Bname%5D=name&columns%5B2%5D%5Bsearchable%5D=true&columns%5B2%5D%5Borderable%5D=false&columns%5B2%5D%5Bsearch%5D%5Bvalue%5D=&columns%5B2%5D%5Bsearch%5D%5Bregex%5D=false&columns%5B3%5D%5Bdata%5D=topicTitle&columns%5B3%5D%5Bname%5D=topicTitle&columns%5B3%5D%5Bsearchable%5D=true&columns%5B3%5D%5Borderable%5D=false&columns%5B3%5D%5Bsearch%5D%5Bvalue%5D=&columns%5B3%5D%5Bsearch%5D%5Bregex%5D=false&columns%5B4%5D%5Bdata%5D=createTime&columns%5B4%5D%5Bname%5D=createTime&columns%5B4%5D%5Bsearchable%5D=true&columns%5B4%5D%5Borderable%5D=false&columns%5B4%5D%5Bsearch%5D%5Bvalue%5D=&columns%5B4%5D%5Bsearch%5D%5Bregex%5D=false&columns%5B5%5D%5Bdata%5D=id&columns%5B5%5D%5Bname%5D=id&columns%5B5%5D%5Bsearchable%5D=true&columns%5B5%5D%5Borderable%5D=false&columns%5B5%5D%5Bsearch%5D%5Bvalue%5D=&columns%5B5%5D%5Bsearch%5D%5Bregex%5D=false&start=0&length=10&search%5Bvalue%5D=&search%5Bregex%5D=false&_=1548908490330 HTTP/1.1" 200 5694 21
0:0:0:0:0:0:0:1 - - [31/Jan/2019:12:21:57 +0800] "GET /manage/roll/getpcdiMustList.ajax?draw=5&columns%5B0%5D%5Bdata%5D=id&columns%5B0%5D%5Bname%5D=id&columns%5B0%5D%5Bsearchable%5D=true&columns%5B0%5D%5Borderable%5D=false&columns%5B0%5D%5Bsearch%5D%5Bvalue%5D=&columns%5B0%5D%5Bsearch%5D%5Bregex%5D=false&columns%5B1%5D%5Bdata%5D=describes&columns%5B1%5D%5Bname%5D=describes&columns%5B1%5D%5Bsearchable%5D=true&columns%5B1%5D%5Borderable%5D=false&columns%5B1%5D%5Bsearch%5D%5Bvalue%5D=&columns%5B1%5D%5Bsearch%5D%5Bregex%5D=false&columns%5B2%5D%5Bdata%5D=name&columns%5B2%5D%5Bname%5D=name&columns%5B2%5D%5Bsearchable%5D=true&columns%5B2%5D%5Borderable%5D=false&columns%5B2%5D%5Bsearch%5D%5Bvalue%5D=&columns%5B2%5D%5Bsearch%5D%5Bregex%5D=false&columns%5B3%5D%5Bdata%5D=topicTitle&columns%5B3%5D%5Bname%5D=topicTitle&columns%5B3%5D%5Bsearchable%5D=true&columns%5B3%5D%5Borderable%5D=false&columns%5B3%5D%5Bsearch%5D%5Bvalue%5D=&columns%5B3%5D%5Bsearch%5D%5Bregex%5D=false&columns%5B4%5D%5Bdata%5D=createTime&columns%5B4%5D%5Bname%5D=createTime&columns%5B4%5D%5Bsearchable%5D=true&columns%5B4%5D%5Borderable%5D=false&columns%5B4%5D%5Bsearch%5D%5Bvalue%5D=&columns%5B4%5D%5Bsearch%5D%5Bregex%5D=false&columns%5B5%5D%5Bdata%5D=id&columns%5B5%5D%5Bname%5D=id&columns%5B5%5D%5Bsearchable%5D=true&columns%5B5%5D%5Borderable%5D=false&columns%5B5%5D%5Bsearch%5D%5Bvalue%5D=&columns%5B5%5D%5Bsearch%5D%5Bregex%5D=false&start=10&length=10&search%5Bvalue%5D=&search%5Bregex%5D=false&_=1548908490331 HTTP/1.1" 200 4903 32
0:0:0:0:0:0:0:1 - - [31/Jan/2019:12:21:58 +0800] "GET /manage/roll/getpcdiMustList.ajax?draw=6&columns%5B0%5D%5Bdata%5D=id&columns%5B0%5D%5Bname%5D=id&columns%5B0%5D%5Bsearchable%5D=true&columns%5B0%5D%5Borderable%5D=false&columns%5B0%5D%5Bsearch%5D%5Bvalue%5D=&columns%5B0%5D%5Bsearch%5D%5Bregex%5D=false&columns%5B1%5D%5Bdata%5D=describes&columns%5B1%5D%5Bname%5D=describes&columns%5B1%5D%5Bsearchable%5D=true&columns%5B1%5D%5Borderable%5D=false&columns%5B1%5D%5Bsearch%5D%5Bvalue%5D=&columns%5B1%5D%5Bsearch%5D%5Bregex%5D=false&columns%5B2%5D%5Bdata%5D=name&columns%5B2%5D%5Bname%5D=name&columns%5B2%5D%5Bsearchable%5D=true&columns%5B2%5D%5Borderable%5D=false&columns%5B2%5D%5Bsearch%5D%5Bvalue%5D=&columns%5B2%5D%5Bsearch%5D%5Bregex%5D=false&columns%5B3%5D%5Bdata%5D=topicTitle&columns%5B3%5D%5Bname%5D=topicTitle&columns%5B3%5D%5Bsearchable%5D=true&columns%5B3%5D%5Borderable%5D=false&columns%5B3%5D%5Bsearch%5D%5Bvalue%5D=&columns%5B3%5D%5Bsearch%5D%5Bregex%5D=false&columns%5B4%5D%5Bdata%5D=createTime&columns%5B4%5D%5Bname%5D=createTime&columns%5B4%5D%5Bsearchable%5D=true&columns%5B4%5D%5Borderable%5D=false&columns%5B4%5D%5Bsearch%5D%5Bvalue%5D=&columns%5B4%5D%5Bsearch%5D%5Bregex%5D=false&columns%5B5%5D%5Bdata%5D=id&columns%5B5%5D%5Bname%5D=id&columns%5B5%5D%5Bsearchable%5D=true&columns%5B5%5D%5Borderable%5D=false&columns%5B5%5D%5Bsearch%5D%5Bvalue%5D=&columns%5B5%5D%5Bsearch%5D%5Bregex%5D=false&start=20&length=10&search%5Bvalue%5D=&search%5Bregex%5D=false&_=1548908490332 HTTP/1.1" 200 4822 18
0:0:0:0:0:0:0:1 - - [31/Jan/2019:12:21:58 +0800] "GET /manage/roll/getpcdiMustList.ajax?draw=7&columns%5B0%5D%5Bdata%5D=id&columns%5B0%5D%5Bname%5D=id&columns%5B0%5D%5Bsearchable%5D=true&columns%5B0%5D%5Borderable%5D=false&columns%5B0%5D%5Bsearch%5D%5Bvalue%5D=&columns%5B0%5D%5Bsearch%5D%5Bregex%5D=false&columns%5B1%5D%5Bdata%5D=describes&columns%5B1%5D%5Bname%5D=describes&columns%5B1%5D%5Bsearchable%5D=true&columns%5B1%5D%5Borderable%5D=false&columns%5B1%5D%5Bsearch%5D%5Bvalue%5D=&columns%5B1%5D%5Bsearch%5D%5Bregex%5D=false&columns%5B2%5D%5Bdata%5D=name&columns%5B2%5D%5Bname%5D=name&columns%5B2%5D%5Bsearchable%5D=true&columns%5B2%5D%5Borderable%5D=false&columns%5B2%5D%5Bsearch%5D%5Bvalue%5D=&columns%5B2%5D%5Bsearch%5D%5Bregex%5D=false&columns%5B3%5D%5Bdata%5D=topicTitle&columns%5B3%5D%5Bname%5D=topicTitle&columns%5B3%5D%5Bsearchable%5D=true&columns%5B3%5D%5Borderable%5D=false&columns%5B3%5D%5Bsearch%5D%5Bvalue%5D=&columns%5B3%5D%5Bsearch%5D%5Bregex%5D=false&columns%5B4%5D%5Bdata%5D=createTime&columns%5B4%5D%5Bname%5D=createTime&columns%5B4%5D%5Bsearchable%5D=true&columns%5B4%5D%5Borderable%5D=false&columns%5B4%5D%5Bsearch%5D%5Bvalue%5D=&columns%5B4%5D%5Bsearch%5D%5Bregex%5D=false&columns%5B5%5D%5Bdata%5D=id&columns%5B5%5D%5Bname%5D=id&columns%5B5%5D%5Bsearchable%5D=true&columns%5B5%5D%5Borderable%5D=false&columns%5B5%5D%5Bsearch%5D%5Bvalue%5D=&columns%5B5%5D%5Bsearch%5D%5Bregex%5D=false&start=30&length=10&search%5Bvalue%5D=&search%5Bregex%5D=false&_=1548908490333 HTTP/1.1" 200 4881 66
0:0:0:0:0:0:0:1 - - [31/Jan/2019:12:22:00 +0800] "GET /manage/roll/getpcdiMustList.ajax?draw=8&columns%5B0%5D%5Bdata%5D=id&columns%5B0%5D%5Bname%5D=id&columns%5B0%5D%5Bsearchable%5D=true&columns%5B0%5D%5Borderable%5D=false&columns%5B0%5D%5Bsearch%5D%5Bvalue%5D=&columns%5B0%5D%5Bsearch%5D%5Bregex%5D=false&columns%5B1%5D%5Bdata%5D=describes&columns%5B1%5D%5Bname%5D=describes&columns%5B1%5D%5Bsearchable%5D=true&columns%5B1%5D%5Borderable%5D=false&columns%5B1%5D%5Bsearch%5D%5Bvalue%5D=&columns%5B1%5D%5Bsearch%5D%5Bregex%5D=false&columns%5B2%5D%5Bdata%5D=name&columns%5B2%5D%5Bname%5D=name&columns%5B2%5D%5Bsearchable%5D=true&columns%5B2%5D%5Borderable%5D=false&columns%5B2%5D%5Bsearch%5D%5Bvalue%5D=&columns%5B2%5D%5Bsearch%5D%5Bregex%5D=false&columns%5B3%5D%5Bdata%5D=topicTitle&columns%5B3%5D%5Bname%5D=topicTitle&columns%5B3%5D%5Bsearchable%5D=true&columns%5B3%5D%5Borderable%5D=false&columns%5B3%5D%5Bsearch%5D%5Bvalue%5D=&columns%5B3%5D%5Bsearch%5D%5Bregex%5D=false&columns%5B4%5D%5Bdata%5D=createTime&columns%5B4%5D%5Bname%5D=createTime&columns%5B4%5D%5Bsearchable%5D=true&columns%5B4%5D%5Borderable%5D=false&columns%5B4%5D%5Bsearch%5D%5Bvalue%5D=&columns%5B4%5D%5Bsearch%5D%5Bregex%5D=false&columns%5B5%5D%5Bdata%5D=id&columns%5B5%5D%5Bname%5D=id&columns%5B5%5D%5Bsearchable%5D=true&columns%5B5%5D%5Borderable%5D=false&columns%5B5%5D%5Bsearch%5D%5Bvalue%5D=&columns%5B5%5D%5Bsearch%5D%5Bregex%5D=false&start=40&length=10&search%5Bvalue%5D=&search%5Bregex%5D=false&_=1548908490334 HTTP/1.1" 200 4340 19
