0:0:0:0:0:0:0:1 - - [28/Jan/2019:18:41:13 +0800] "GET / HTTP/1.1" 200 3153 916
0:0:0:0:0:0:0:1 - - [28/Jan/2019:18:41:14 +0800] "GET /static/css/login/simple-line-icons.css HTTP/1.1" 200 11717 53
0:0:0:0:0:0:0:1 - - [28/Jan/2019:18:41:14 +0800] "GET /static/js/jquery-2.1.1.js HTTP/1.1" 200 84247 64
0:0:0:0:0:0:0:1 - - [28/Jan/2019:18:41:14 +0800] "GET /static/css/login/bootstrap.css HTTP/1.1" 200 126970 71
0:0:0:0:0:0:0:1 - - [28/Jan/2019:18:41:14 +0800] "GET /static/css/login/app.css HTTP/1.1" 200 107542 73
0:0:0:0:0:0:0:1 - - [28/Jan/2019:18:41:14 +0800] "GET /static/images/login/yudee_bg.png HTTP/1.1" 200 841898 72
0:0:0:0:0:0:0:1 - - [28/Jan/2019:18:41:17 +0800] "POST /manage/account/login HTTP/1.1" 200 221 2381
0:0:0:0:0:0:0:1 - - [28/Jan/2019:18:41:19 +0800] "GET /manage/account/toindexPage HTTP/1.1" 200 19365 60
0:0:0:0:0:0:0:1 - - [28/Jan/2019:18:41:19 +0800] "GET /static/css/bootstrap.min.css HTTP/1.1" 200 117305 17
0:0:0:0:0:0:0:1 - - [28/Jan/2019:18:41:19 +0800] "GET /static/css/bootstrap-switch.css HTTP/1.1" 200 6993 9
0:0:0:0:0:0:0:1 - - [28/Jan/2019:18:41:19 +0800] "GET /static/js/plugins/gritter/jquery.gritter.css HTTP/1.1" 200 2556 15
0:0:0:0:0:0:0:1 - - [28/Jan/2019:18:41:19 +0800] "GET /static/css/plugins/dataTables/dataTables.responsive.css HTTP/1.1" 200 2626 9
0:0:0:0:0:0:0:1 - - [28/Jan/2019:18:41:19 +0800] "GET /static/font-awesome/css/font-awesome.css HTTP/1.1" 200 28747 27
0:0:0:0:0:0:0:1 - - [28/Jan/2019:18:41:19 +0800] "GET /static/css/plugins/dataTables/dataTables.tableTools.min.css HTTP/1.1" 200 6601 11
0:0:0:0:0:0:0:1 - - [28/Jan/2019:18:41:19 +0800] "GET /static/js/jquery-2.1.1.js HTTP/1.1" 200 84247 7
0:0:0:0:0:0:0:1 - - [28/Jan/2019:18:41:19 +0800] "GET /static/css/plugins/toastr/toastr.min.css HTTP/1.1" 200 6882 36
0:0:0:0:0:0:0:1 - - [28/Jan/2019:18:41:19 +0800] "GET /static/css/plugins/datapicker/bootstrap-datetimepicker.min.css HTTP/1.1" 200 7771 18
0:0:0:0:0:0:0:1 - - [28/Jan/2019:18:41:19 +0800] "GET /static/css/animate.css HTTP/1.1" 200 68411 59
0:0:0:0:0:0:0:1 - - [28/Jan/2019:18:41:19 +0800] "GET /static/css/plugins/dataTables/dataTables.bootstrap.css HTTP/1.1" 200 5178 8
0:0:0:0:0:0:0:1 - - [28/Jan/2019:18:41:19 +0800] "GET /static/css/style.css HTTP/1.1" 200 156956 25
0:0:0:0:0:0:0:1 - - [28/Jan/2019:18:41:19 +0800] "GET /static/js/bootstrap.min.js HTTP/1.1" 200 37045 27
0:0:0:0:0:0:0:1 - - [28/Jan/2019:18:41:19 +0800] "GET /static/js/plugins/slimscroll/jquery.slimscroll.min.js HTTP/1.1" 200 4682 9
0:0:0:0:0:0:0:1 - - [28/Jan/2019:18:41:19 +0800] "GET /static/js/bootstrap-switch.js HTTP/1.1" 200 26858 16
0:0:0:0:0:0:0:1 - - [28/Jan/2019:18:41:19 +0800] "GET /static/js/plugins/metisMenu/jquery.metisMenu.js HTTP/1.1" 200 3265 21
0:0:0:0:0:0:0:1 - - [28/Jan/2019:18:41:19 +0800] "GET /static/js/inspinia.js HTTP/1.1" 200 8107 15
0:0:0:0:0:0:0:1 - - [28/Jan/2019:18:41:19 +0800] "GET /static/js/plugins/pace/pace.min.js HTTP/1.1" 200 12364 25
0:0:0:0:0:0:0:1 - - [28/Jan/2019:18:41:19 +0800] "GET /static/js/jquery-migrate-1.1.0.min.js HTTP/1.1" 200 6968 22
0:0:0:0:0:0:0:1 - - [28/Jan/2019:18:41:19 +0800] "GET /static/js/jquery-ui-1.10.4.min.js HTTP/1.1" 200 228539 30
0:0:0:0:0:0:0:1 - - [28/Jan/2019:18:41:19 +0800] "GET /static/js/plugins/dataTables/dataTables.tableTools.min.js HTTP/1.1" 200 31626 10
0:0:0:0:0:0:0:1 - - [28/Jan/2019:18:41:19 +0800] "GET /static/js/plugins/dataTables/dataTables.responsive.js HTTP/1.1" 200 32864 24
0:0:0:0:0:0:0:1 - - [28/Jan/2019:18:41:19 +0800] "GET /static/js/plugins/dataTables/dataTables.bootstrap.js HTTP/1.1" 200 9614 12
0:0:0:0:0:0:0:1 - - [28/Jan/2019:18:41:19 +0800] "GET /static/js/plugins/jsTree/jstree.min.js HTTP/1.1" 200 118089 18
0:0:0:0:0:0:0:1 - - [28/Jan/2019:18:41:19 +0800] "GET /static/js/plugins/dataTables/jquery.dataTables.js HTTP/1.1" 200 434957 52
0:0:0:0:0:0:0:1 - - [28/Jan/2019:18:41:19 +0800] "GET /static/js/plugins/datapicker/Moment.js HTTP/1.1" 200 387799 28
0:0:0:0:0:0:0:1 - - [28/Jan/2019:18:41:19 +0800] "GET /static/js/sha1.js HTTP/1.1" 200 5752 8
0:0:0:0:0:0:0:1 - - [28/Jan/2019:18:41:19 +0800] "GET /static/js/jquery.ajaxfileupload.js HTTP/1.1" 200 5785 7
0:0:0:0:0:0:0:1 - - [28/Jan/2019:18:41:19 +0800] "GET /static/js/layer/layer.js HTTP/1.1" 200 25196 22
0:0:0:0:0:0:0:1 - - [28/Jan/2019:18:41:19 +0800] "GET /static/js/plugins/chosen/chosen.jquery.js HTTP/1.1" 200 51376 27
0:0:0:0:0:0:0:1 - - [28/Jan/2019:18:41:19 +0800] "GET /static/ckeditor/ckeditor.js HTTP/1.1" 200 567997 56
0:0:0:0:0:0:0:1 - - [28/Jan/2019:18:41:19 +0800] "GET /static/images/page/baidumarker.png HTTP/1.1" 200 2877 7
0:0:0:0:0:0:0:1 - - [28/Jan/2019:18:41:19 +0800] "GET /static/js/plugins/datapicker/bootstrap-datetimepicker.min.js HTTP/1.1" 200 48881 39
0:0:0:0:0:0:0:1 - - [28/Jan/2019:18:41:19 +0800] "GET /static/js/layer/skin/layer.css HTTP/1.1" 200 14048 6
0:0:0:0:0:0:0:1 - - [28/Jan/2019:18:41:19 +0800] "GET /static/css/patterns/header-profile.png HTTP/1.1" 200 5877 8
0:0:0:0:0:0:0:1 - - [28/Jan/2019:18:41:19 +0800] "GET /static/font-awesome/fonts/fontawesome-webfont.woff2?v=4.3.0 HTTP/1.1" 200 56780 10
0:0:0:0:0:0:0:1 - - [28/Jan/2019:18:41:19 +0800] "POST /manage/account/getUserAccessList HTTP/1.1" 200 8121 94
0:0:0:0:0:0:0:1 - - [28/Jan/2019:18:41:24 +0800] "GET /manage/trainTest/touserDetailList HTTP/1.1" 200 29356 25
0:0:0:0:0:0:0:1 - - [28/Jan/2019:18:41:24 +0800] "GET /static/css/bootstrap-switch.css HTTP/1.1" 200 6993 3
0:0:0:0:0:0:0:1 - - [28/Jan/2019:18:41:24 +0800] "GET /static/css/bootstrap.min.css HTTP/1.1" 200 117305 18
0:0:0:0:0:0:0:1 - - [28/Jan/2019:18:41:24 +0800] "GET /static/js/plugins/gritter/jquery.gritter.css HTTP/1.1" 200 2556 3
0:0:0:0:0:0:0:1 - - [28/Jan/2019:18:41:24 +0800] "GET /static/font-awesome/css/font-awesome.css HTTP/1.1" 200 28747 6
0:0:0:0:0:0:0:1 - - [28/Jan/2019:18:41:24 +0800] "GET /static/css/plugins/toastr/toastr.min.css HTTP/1.1" 200 6882 4
0:0:0:0:0:0:0:1 - - [28/Jan/2019:18:41:24 +0800] "GET /static/css/animate.css HTTP/1.1" 200 68411 7
0:0:0:0:0:0:0:1 - - [28/Jan/2019:18:41:24 +0800] "GET /static/css/plugins/dataTables/dataTables.bootstrap.css HTTP/1.1" 200 5178 3
0:0:0:0:0:0:0:1 - - [28/Jan/2019:18:41:24 +0800] "GET /static/css/style.css HTTP/1.1" 200 156956 8
0:0:0:0:0:0:0:1 - - [28/Jan/2019:18:41:24 +0800] "GET /static/css/plugins/dataTables/dataTables.responsive.css HTTP/1.1" 200 2626 7
0:0:0:0:0:0:0:1 - - [28/Jan/2019:18:41:24 +0800] "GET /static/css/plugins/dataTables/dataTables.tableTools.min.css HTTP/1.1" 200 6601 5
0:0:0:0:0:0:0:1 - - [28/Jan/2019:18:41:24 +0800] "GET /static/js/bootstrap.min.js HTTP/1.1" 200 37045 4
0:0:0:0:0:0:0:1 - - [28/Jan/2019:18:41:24 +0800] "GET /static/js/plugins/metisMenu/jquery.metisMenu.js HTTP/1.1" 200 3265 3
0:0:0:0:0:0:0:1 - - [28/Jan/2019:18:41:24 +0800] "GET /static/css/plugins/blueimp/css/blueimp-gallery.min.css HTTP/1.1" 200 6815 7
0:0:0:0:0:0:0:1 - - [28/Jan/2019:18:41:24 +0800] "GET /static/css/plugins/datapicker/bootstrap-datetimepicker.min.css HTTP/1.1" 200 7771 11
0:0:0:0:0:0:0:1 - - [28/Jan/2019:18:41:24 +0800] "GET /static/js/inspinia.js HTTP/1.1" 200 8107 3
0:0:0:0:0:0:0:1 - - [28/Jan/2019:18:41:24 +0800] "GET /static/js/jquery-2.1.1.js HTTP/1.1" 200 84247 16
0:0:0:0:0:0:0:1 - - [28/Jan/2019:18:41:24 +0800] "GET /static/js/jquery-migrate-1.1.0.min.js HTTP/1.1" 200 6968 4
0:0:0:0:0:0:0:1 - - [28/Jan/2019:18:41:24 +0800] "GET /static/js/plugins/pace/pace.min.js HTTP/1.1" 200 12364 6
0:0:0:0:0:0:0:1 - - [28/Jan/2019:18:41:24 +0800] "GET /static/js/plugins/slimscroll/jquery.slimscroll.min.js HTTP/1.1" 200 4682 8
0:0:0:0:0:0:0:1 - - [28/Jan/2019:18:41:24 +0800] "GET /static/js/plugins/dataTables/dataTables.bootstrap.js HTTP/1.1" 200 9614 3
0:0:0:0:0:0:0:1 - - [28/Jan/2019:18:41:24 +0800] "GET /static/js/plugins/dataTables/dataTables.responsive.js HTTP/1.1" 200 32864 12
0:0:0:0:0:0:0:1 - - [28/Jan/2019:18:41:24 +0800] "GET /static/ckeditor/ckeditor.js HTTP/1.1" 200 567997 20
0:0:0:0:0:0:0:1 - - [28/Jan/2019:18:41:24 +0800] "GET /static/js/plugins/dataTables/dataTables.tableTools.min.js HTTP/1.1" 200 31626 10
0:0:0:0:0:0:0:1 - - [28/Jan/2019:18:41:24 +0800] "GET /static/js/bootstrap-switch.js HTTP/1.1" 200 26858 37
0:0:0:0:0:0:0:1 - - [28/Jan/2019:18:41:24 +0800] "GET /static/js/plugins/datapicker/bootstrap-datetimepicker.min.js HTTP/1.1" 200 48881 4
0:0:0:0:0:0:0:1 - - [28/Jan/2019:18:41:24 +0800] "GET /static/js/plugins/datapicker/Moment.js HTTP/1.1" 200 387799 12
0:0:0:0:0:0:0:1 - - [28/Jan/2019:18:41:24 +0800] "GET /static/js/layer/layer.js HTTP/1.1" 200 25196 4
0:0:0:0:0:0:0:1 - - [28/Jan/2019:18:41:24 +0800] "GET /static/js/plugins/jsTree/jstree.min.js HTTP/1.1" 200 118089 10
0:0:0:0:0:0:0:1 - - [28/Jan/2019:18:41:24 +0800] "GET /static/js/sha1.js HTTP/1.1" 200 5752 5
0:0:0:0:0:0:0:1 - - [28/Jan/2019:18:41:24 +0800] "GET /static/js/plugins/dataTables/jquery.dataTables.js HTTP/1.1" 200 434957 39
0:0:0:0:0:0:0:1 - - [28/Jan/2019:18:41:24 +0800] "GET /static/images/page/baidumarker.png HTTP/1.1" 200 2877 2
0:0:0:0:0:0:0:1 - - [28/Jan/2019:18:41:24 +0800] "GET /static/js/plugins/chosen/chosen.jquery.js HTTP/1.1" 200 51376 6
0:0:0:0:0:0:0:1 - - [28/Jan/2019:18:41:24 +0800] "GET /static/js/jquery.ajaxfileupload.js HTTP/1.1" 200 5785 15
0:0:0:0:0:0:0:1 - - [28/Jan/2019:18:41:24 +0800] "GET /static/js/jquery-ui-1.10.4.min.js HTTP/1.1" 200 228539 56
0:0:0:0:0:0:0:1 - - [28/Jan/2019:18:41:24 +0800] "GET /static/js/plugins/blueimp/jquery.blueimp-gallery.min.js HTTP/1.1" 200 31564 18
0:0:0:0:0:0:0:1 - - [28/Jan/2019:18:41:24 +0800] "GET /static/js/layer/skin/layer.css HTTP/1.1" 200 14048 4
0:0:0:0:0:0:0:1 - - [28/Jan/2019:18:41:24 +0800] "GET /static/css/patterns/header-profile.png HTTP/1.1" 200 5877 4
0:0:0:0:0:0:0:1 - - [28/Jan/2019:18:41:24 +0800] "GET /static/font-awesome/fonts/fontawesome-webfont.woff2?v=4.3.0 HTTP/1.1" 200 56780 4
0:0:0:0:0:0:0:1 - - [28/Jan/2019:18:41:24 +0800] "POST /manage/account/getUserAccessList HTTP/1.1" 200 8121 7
0:0:0:0:0:0:0:1 - - [28/Jan/2019:18:41:24 +0800] "GET /app/system/getCityList?level=1 HTTP/1.1" 200 371 28
0:0:0:0:0:0:0:1 - - [28/Jan/2019:18:41:24 +0800] "GET /app/system/getCityList?level=2&parentId=1 HTTP/1.1" 200 370 13
0:0:0:0:0:0:0:1 - - [28/Jan/2019:18:41:24 +0800] "GET /manage/trainTest/getUserDetailList?draw=1&columns%5B0%5D%5Bdata%5D=&columns%5B0%5D%5Bname%5D=&columns%5B0%5D%5Bsearchable%5D=true&columns%5B0%5D%5Borderable%5D=false&columns%5B0%5D%5Bsearch%5D%5Bvalue%5D=&columns%5B0%5D%5Bsearch%5D%5Bregex%5D=false&columns%5B1%5D%5Bdata%5D=id&columns%5B1%5D%5Bname%5D=id&columns%5B1%5D%5Bsearchable%5D=true&columns%5B1%5D%5Borderable%5D=false&columns%5B1%5D%5Bsearch%5D%5Bvalue%5D=&columns%5B1%5D%5Bsearch%5D%5Bregex%5D=false&columns%5B2%5D%5Bdata%5D=name&columns%5B2%5D%5Bname%5D=name&columns%5B2%5D%5Bsearchable%5D=true&columns%5B2%5D%5Borderable%5D=false&columns%5B2%5D%5Bsearch%5D%5Bvalue%5D=&columns%5B2%5D%5Bsearch%5D%5Bregex%5D=false&columns%5B3%5D%5Bdata%5D=sex&columns%5B3%5D%5Bname%5D=sex&columns%5B3%5D%5Bsearchable%5D=true&columns%5B3%5D%5Borderable%5D=false&columns%5B3%5D%5Bsearch%5D%5Bvalue%5D=&columns%5B3%5D%5Bsearch%5D%5Bregex%5D=false&columns%5B4%5D%5Bdata%5D=birthdate&columns%5B4%5D%5Bname%5D=birthdate&columns%5B4%5D%5Bsearchable%5D=true&columns%5B4%5D%5Borderable%5D=false&columns%5B4%5D%5Bsearch%5D%5Bvalue%5D=&columns%5B4%5D%5Bsearch%5D%5Bregex%5D=false&columns%5B5%5D%5Bdata%5D=countiy&columns%5B5%5D%5Bname%5D=countiy&columns%5B5%5D%5Bsearchable%5D=true&columns%5B5%5D%5Borderable%5D=false&columns%5B5%5D%5Bsearch%5D%5Bvalue%5D=&columns%5B5%5D%5Bsearch%5D%5Bregex%5D=false&columns%5B6%5D%5Bdata%5D=phoneNumber&columns%5B6%5D%5Bname%5D=phoneNumber&columns%5B6%5D%5Bsearchable%5D=true&columns%5B6%5D%5Borderable%5D=false&columns%5B6%5D%5Bsearch%5D%5Bvalue%5D=&columns%5B6%5D%5Bsearch%5D%5Bregex%5D=false&columns%5B7%5D%5Bdata%5D=id&columns%5B7%5D%5Bname%5D=id&columns%5B7%5D%5Bsearchable%5D=true&columns%5B7%5D%5Borderable%5D=false&columns%5B7%5D%5Bsearch%5D%5Bvalue%5D=&columns%5B7%5D%5Bsearch%5D%5Bregex%5D=false&start=0&length=10&search%5Bvalue%5D=&search%5Bregex%5D=false&_=1548672084727 HTTP/1.1" 200 5094 42
0:0:0:0:0:0:0:1 - - [28/Jan/2019:18:41:24 +0800] "GET /app/system/getCityList?level=3&parentId=3 HTTP/1.1" 200 160 11
0:0:0:0:0:0:0:1 - - [28/Jan/2019:18:41:27 +0800] "GET /manage/trainTest/getUserDetailList?draw=2&columns%5B0%5D%5Bdata%5D=&columns%5B0%5D%5Bname%5D=&columns%5B0%5D%5Bsearchable%5D=true&columns%5B0%5D%5Borderable%5D=false&columns%5B0%5D%5Bsearch%5D%5Bvalue%5D=&columns%5B0%5D%5Bsearch%5D%5Bregex%5D=false&columns%5B1%5D%5Bdata%5D=id&columns%5B1%5D%5Bname%5D=id&columns%5B1%5D%5Bsearchable%5D=true&columns%5B1%5D%5Borderable%5D=false&columns%5B1%5D%5Bsearch%5D%5Bvalue%5D=&columns%5B1%5D%5Bsearch%5D%5Bregex%5D=false&columns%5B2%5D%5Bdata%5D=name&columns%5B2%5D%5Bname%5D=name&columns%5B2%5D%5Bsearchable%5D=true&columns%5B2%5D%5Borderable%5D=false&columns%5B2%5D%5Bsearch%5D%5Bvalue%5D=&columns%5B2%5D%5Bsearch%5D%5Bregex%5D=false&columns%5B3%5D%5Bdata%5D=sex&columns%5B3%5D%5Bname%5D=sex&columns%5B3%5D%5Bsearchable%5D=true&columns%5B3%5D%5Borderable%5D=false&columns%5B3%5D%5Bsearch%5D%5Bvalue%5D=&columns%5B3%5D%5Bsearch%5D%5Bregex%5D=false&columns%5B4%5D%5Bdata%5D=birthdate&columns%5B4%5D%5Bname%5D=birthdate&columns%5B4%5D%5Bsearchable%5D=true&columns%5B4%5D%5Borderable%5D=false&columns%5B4%5D%5Bsearch%5D%5Bvalue%5D=&columns%5B4%5D%5Bsearch%5D%5Bregex%5D=false&columns%5B5%5D%5Bdata%5D=countiy&columns%5B5%5D%5Bname%5D=countiy&columns%5B5%5D%5Bsearchable%5D=true&columns%5B5%5D%5Borderable%5D=false&columns%5B5%5D%5Bsearch%5D%5Bvalue%5D=&columns%5B5%5D%5Bsearch%5D%5Bregex%5D=false&columns%5B6%5D%5Bdata%5D=phoneNumber&columns%5B6%5D%5Bname%5D=phoneNumber&columns%5B6%5D%5Bsearchable%5D=true&columns%5B6%5D%5Borderable%5D=false&columns%5B6%5D%5Bsearch%5D%5Bvalue%5D=&columns%5B6%5D%5Bsearch%5D%5Bregex%5D=false&columns%5B7%5D%5Bdata%5D=id&columns%5B7%5D%5Bname%5D=id&columns%5B7%5D%5Bsearchable%5D=true&columns%5B7%5D%5Borderable%5D=false&columns%5B7%5D%5Bsearch%5D%5Bvalue%5D=&columns%5B7%5D%5Bsearch%5D%5Bregex%5D=false&start=80&length=10&search%5Bvalue%5D=&search%5Bregex%5D=false&_=1548672084728 HTTP/1.1" 200 1095 40
0:0:0:0:0:0:0:1 - - [28/Jan/2019:18:41:28 +0800] "GET /manage/study/toUserStudyInfo?id=225 HTTP/1.1" 200 61050 93
0:0:0:0:0:0:0:1 - - [28/Jan/2019:18:41:28 +0800] "GET /static/js/plugins/gritter/jquery.gritter.css HTTP/1.1" 200 2556 6
0:0:0:0:0:0:0:1 - - [28/Jan/2019:18:41:28 +0800] "GET /static/font-awesome/css/font-awesome.css HTTP/1.1" 200 28747 10
0:0:0:0:0:0:0:1 - - [28/Jan/2019:18:41:28 +0800] "GET /static/css/bootstrap-switch.css HTTP/1.1" 200 6993 6
0:0:0:0:0:0:0:1 - - [28/Jan/2019:18:41:28 +0800] "GET /static/css/plugins/dataTables/dataTables.bootstrap.css HTTP/1.1" 200 5178 4
0:0:0:0:0:0:0:1 - - [28/Jan/2019:18:41:28 +0800] "GET /static/css/plugins/toastr/toastr.min.css HTTP/1.1" 200 6882 2
0:0:0:0:0:0:0:1 - - [28/Jan/2019:18:41:28 +0800] "GET /static/css/plugins/dataTables/dataTables.responsive.css HTTP/1.1" 200 2626 3
0:0:0:0:0:0:0:1 - - [28/Jan/2019:18:41:28 +0800] "GET /static/css/plugins/dataTables/dataTables.tableTools.min.css HTTP/1.1" 200 6601 2
0:0:0:0:0:0:0:1 - - [28/Jan/2019:18:41:28 +0800] "GET /static/css/style.css HTTP/1.1" 200 156956 29
0:0:0:0:0:0:0:1 - - [28/Jan/2019:18:41:28 +0800] "GET /static/js/bootstrap-switch.js HTTP/1.1" 200 26858 4
0:0:0:0:0:0:0:1 - - [28/Jan/2019:18:41:28 +0800] "GET /static/css/plugins/datapicker/bootstrap-datetimepicker.min.css HTTP/1.1" 200 7771 8
0:0:0:0:0:0:0:1 - - [28/Jan/2019:18:41:28 +0800] "GET /static/js/plugins/metisMenu/jquery.metisMenu.js HTTP/1.1" 200 3265 3
0:0:0:0:0:0:0:1 - - [28/Jan/2019:18:41:28 +0800] "GET /static/js/plugins/slimscroll/jquery.slimscroll.min.js HTTP/1.1" 200 4682 4
0:0:0:0:0:0:0:1 - - [28/Jan/2019:18:41:28 +0800] "GET /static/js/plugins/pace/pace.min.js HTTP/1.1" 200 12364 3
0:0:0:0:0:0:0:1 - - [28/Jan/2019:18:41:28 +0800] "GET /static/js/inspinia.js HTTP/1.1" 200 8107 4
0:0:0:0:0:0:0:1 - - [28/Jan/2019:18:41:28 +0800] "GET /static/js/jquery-migrate-1.1.0.min.js HTTP/1.1" 200 6968 4
0:0:0:0:0:0:0:1 - - [28/Jan/2019:18:41:28 +0800] "GET /static/css/animate.css HTTP/1.1" 200 68411 57
0:0:0:0:0:0:0:1 - - [28/Jan/2019:18:41:28 +0800] "GET /static/js/bootstrap.min.js HTTP/1.1" 200 37045 43
0:0:0:0:0:0:0:1 - - [28/Jan/2019:18:41:28 +0800] "GET /static/js/jquery-ui-1.10.4.min.js HTTP/1.1" 200 228539 10
0:0:0:0:0:0:0:1 - - [28/Jan/2019:18:41:28 +0800] "GET /static/js/jquery-2.1.1.js HTTP/1.1" 200 84247 71
0:0:0:0:0:0:0:1 - - [28/Jan/2019:18:41:28 +0800] "GET /static/css/bootstrap.min.css HTTP/1.1" 200 117305 95
0:0:0:0:0:0:0:1 - - [28/Jan/2019:18:41:28 +0800] "GET /static/js/plugins/dataTables/dataTables.bootstrap.js HTTP/1.1" 200 9614 13
0:0:0:0:0:0:0:1 - - [28/Jan/2019:18:41:28 +0800] "GET /static/ckeditor/ckeditor.js HTTP/1.1" 200 567997 28
0:0:0:0:0:0:0:1 - - [28/Jan/2019:18:41:28 +0800] "GET /static/js/plugins/dataTables/jquery.dataTables.js HTTP/1.1" 200 434957 16
0:0:0:0:0:0:0:1 - - [28/Jan/2019:18:41:28 +0800] "GET /static/js/plugins/dataTables/dataTables.tableTools.min.js HTTP/1.1" 200 31626 7
0:0:0:0:0:0:0:1 - - [28/Jan/2019:18:41:28 +0800] "GET /static/js/plugins/dataTables/dataTables.responsive.js HTTP/1.1" 200 32864 18
0:0:0:0:0:0:0:1 - - [28/Jan/2019:18:41:28 +0800] "GET /static/js/plugins/chosen/chosen.jquery.js HTTP/1.1" 200 51376 7
0:0:0:0:0:0:0:1 - - [28/Jan/2019:18:41:28 +0800] "GET /static/js/layer/layer.js HTTP/1.1" 200 25196 10
0:0:0:0:0:0:0:1 - - [28/Jan/2019:18:41:28 +0800] "GET /static/js/sha1.js HTTP/1.1" 200 5752 4
0:0:0:0:0:0:0:1 - - [28/Jan/2019:18:41:28 +0800] "GET /static/js/plugins/jsTree/jstree.min.js HTTP/1.1" 200 118089 16
0:0:0:0:0:0:0:1 - - [28/Jan/2019:18:41:28 +0800] "GET /static/js/jquery.ajaxfileupload.js HTTP/1.1" 200 5785 4
0:0:0:0:0:0:0:1 - - [28/Jan/2019:18:41:28 +0800] "GET /static/js/plugins/datapicker/Moment.js HTTP/1.1" 200 387799 18
0:0:0:0:0:0:0:1 - - [28/Jan/2019:18:41:28 +0800] "GET /static/js/hjs/moment.js HTTP/1.1" 200 104409 13
0:0:0:0:0:0:0:1 - - [28/Jan/2019:18:41:28 +0800] "GET /static/images/page/baidumarker.png HTTP/1.1" 200 2877 4
0:0:0:0:0:0:0:1 - - [28/Jan/2019:18:41:28 +0800] "GET /static/js/plugins/datapicker/bootstrap-datetimepicker.min.js HTTP/1.1" 200 48881 34
0:0:0:0:0:0:0:1 - - [28/Jan/2019:18:41:29 +0800] "GET /static/js/hjs/jquery.tmpl.min.js HTTP/1.1" 200 6130 5
0:0:0:0:0:0:0:1 - - [28/Jan/2019:18:41:29 +0800] "GET /static/js/hjs/api.js HTTP/1.1" 200 2192 8
0:0:0:0:0:0:0:1 - - [28/Jan/2019:18:41:29 +0800] "GET /static/js/hjs/echarts.min.js HTTP/1.1" 200 744675 18
0:0:0:0:0:0:0:1 - - [28/Jan/2019:18:41:29 +0800] "GET /static/js/layer/skin/layer.css HTTP/1.1" 200 14048 5
0:0:0:0:0:0:0:1 - - [28/Jan/2019:18:41:29 +0800] "GET /static/css/patterns/header-profile.png HTTP/1.1" 200 5877 3
0:0:0:0:0:0:0:1 - - [28/Jan/2019:18:41:29 +0800] "GET /static/font-awesome/fonts/fontawesome-webfont.woff2?v=4.3.0 HTTP/1.1" 200 56780 4
0:0:0:0:0:0:0:1 - - [28/Jan/2019:18:41:29 +0800] "POST /manage/account/getUserAccessList HTTP/1.1" 200 8121 5
0:0:0:0:0:0:0:1 - - [28/Jan/2019:18:41:29 +0800] "GET /manage/study/getUserStudyInfo?timeType=1&id=225 HTTP/1.1" 200 574 72
0:0:0:0:0:0:0:1 - - [28/Jan/2019:18:41:29 +0800] "GET /manage/study/getUserDataInfo?id=225 HTTP/1.1" 200 1827 106
0:0:0:0:0:0:0:1 - - [28/Jan/2019:18:41:31 +0800] "GET /manage/study/getUserStudyInfo?timeType=2&id=225 HTTP/1.1" 200 354 325
0:0:0:0:0:0:0:1 - - [28/Jan/2019:18:41:40 +0800] "GET /manage/study/getUserStudyInfo?timeType=3&id=225 HTTP/1.1" 200 343 68
0:0:0:0:0:0:0:1 - - [28/Jan/2019:18:42:45 +0800] "GET /manage/trainTest/toCoursewaretListPage HTTP/1.1" 200 26554 24
0:0:0:0:0:0:0:1 - - [28/Jan/2019:18:42:45 +0800] "GET /static/css/bootstrap-switch.css HTTP/1.1" 200 6993 2
0:0:0:0:0:0:0:1 - - [28/Jan/2019:18:42:45 +0800] "GET /static/font-awesome/css/font-awesome.css HTTP/1.1" 200 28747 5
0:0:0:0:0:0:0:1 - - [28/Jan/2019:18:42:45 +0800] "GET /static/css/bootstrap.min.css HTTP/1.1" 200 117305 18
0:0:0:0:0:0:0:1 - - [28/Jan/2019:18:42:45 +0800] "GET /static/js/plugins/gritter/jquery.gritter.css HTTP/1.1" 200 2556 4
0:0:0:0:0:0:0:1 - - [28/Jan/2019:18:42:45 +0800] "GET /static/css/plugins/dataTables/dataTables.bootstrap.css HTTP/1.1" 200 5178 4
0:0:0:0:0:0:0:1 - - [28/Jan/2019:18:42:45 +0800] "GET /static/css/animate.css HTTP/1.1" 200 68411 7
0:0:0:0:0:0:0:1 - - [28/Jan/2019:18:42:45 +0800] "GET /static/css/plugins/datapicker/bootstrap-datetimepicker.min.css HTTP/1.1" 200 7771 4
0:0:0:0:0:0:0:1 - - [28/Jan/2019:18:42:45 +0800] "GET /static/css/plugins/dataTables/dataTables.tableTools.min.css HTTP/1.1" 200 6601 4
0:0:0:0:0:0:0:1 - - [28/Jan/2019:18:42:45 +0800] "GET /static/css/plugins/toastr/toastr.min.css HTTP/1.1" 200 6882 18
0:0:0:0:0:0:0:1 - - [28/Jan/2019:18:42:45 +0800] "GET /static/css/style.css HTTP/1.1" 200 156956 11
0:0:0:0:0:0:0:1 - - [28/Jan/2019:18:42:45 +0800] "GET /static/css/plugins/blueimp/css/blueimp-gallery.min.css HTTP/1.1" 200 6815 4
0:0:0:0:0:0:0:1 - - [28/Jan/2019:18:42:45 +0800] "GET /static/css/plugins/dataTables/dataTables.responsive.css HTTP/1.1" 200 2626 8
0:0:0:0:0:0:0:1 - - [28/Jan/2019:18:42:45 +0800] "GET /static/js/plugins/metisMenu/jquery.metisMenu.js HTTP/1.1" 200 3265 4
0:0:0:0:0:0:0:1 - - [28/Jan/2019:18:42:45 +0800] "GET /static/js/jquery-2.1.1.js HTTP/1.1" 200 84247 13
0:0:0:0:0:0:0:1 - - [28/Jan/2019:18:42:45 +0800] "GET /static/js/plugins/slimscroll/jquery.slimscroll.min.js HTTP/1.1" 200 4682 3
0:0:0:0:0:0:0:1 - - [28/Jan/2019:18:42:45 +0800] "GET /static/js/inspinia.js HTTP/1.1" 200 8107 5
0:0:0:0:0:0:0:1 - - [28/Jan/2019:18:42:45 +0800] "GET /static/js/bootstrap-switch.js HTTP/1.1" 200 26858 12
0:0:0:0:0:0:0:1 - - [28/Jan/2019:18:42:45 +0800] "GET /static/js/jquery-migrate-1.1.0.min.js HTTP/1.1" 200 6968 3
0:0:0:0:0:0:0:1 - - [28/Jan/2019:18:42:45 +0800] "GET /static/js/plugins/pace/pace.min.js HTTP/1.1" 200 12364 5
0:0:0:0:0:0:0:1 - - [28/Jan/2019:18:42:45 +0800] "GET /static/js/bootstrap.min.js HTTP/1.1" 200 37045 20
0:0:0:0:0:0:0:1 - - [28/Jan/2019:18:42:45 +0800] "GET /static/js/plugins/dataTables/dataTables.tableTools.min.js HTTP/1.1" 200 31626 5
0:0:0:0:0:0:0:1 - - [28/Jan/2019:18:42:45 +0800] "GET /static/js/plugins/dataTables/dataTables.bootstrap.js HTTP/1.1" 200 9614 5
0:0:0:0:0:0:0:1 - - [28/Jan/2019:18:42:45 +0800] "GET /static/js/plugins/datapicker/bootstrap-datetimepicker.min.js HTTP/1.1" 200 48881 6
0:0:0:0:0:0:0:1 - - [28/Jan/2019:18:42:45 +0800] "GET /static/js/plugins/dataTables/dataTables.responsive.js HTTP/1.1" 200 32864 11
0:0:0:0:0:0:0:1 - - [28/Jan/2019:18:42:45 +0800] "GET /static/js/plugins/dataTables/jquery.dataTables.js HTTP/1.1" 200 434957 23
0:0:0:0:0:0:0:1 - - [28/Jan/2019:18:42:45 +0800] "GET /static/js/jquery-ui-1.10.4.min.js HTTP/1.1" 200 228539 34
0:0:0:0:0:0:0:1 - - [28/Jan/2019:18:42:45 +0800] "GET /static/js/plugins/jsTree/jstree.min.js HTTP/1.1" 200 118089 9
0:0:0:0:0:0:0:1 - - [28/Jan/2019:18:42:45 +0800] "GET /static/js/sha1.js HTTP/1.1" 200 5752 3
0:0:0:0:0:0:0:1 - - [28/Jan/2019:18:42:45 +0800] "GET /static/js/plugins/datapicker/Moment.js HTTP/1.1" 200 387799 21
0:0:0:0:0:0:0:1 - - [28/Jan/2019:18:42:45 +0800] "GET /static/js/layer/layer.js HTTP/1.1" 200 25196 5
0:0:0:0:0:0:0:1 - - [28/Jan/2019:18:42:45 +0800] "GET /static/js/jquery.ajaxfileupload.js HTTP/1.1" 200 5785 2
0:0:0:0:0:0:0:1 - - [28/Jan/2019:18:42:45 +0800] "GET /static/images/page/baidumarker.png HTTP/1.1" 200 2877 3
0:0:0:0:0:0:0:1 - - [28/Jan/2019:18:42:45 +0800] "GET /static/js/plugins/chosen/chosen.jquery.js HTTP/1.1" 200 51376 15
0:0:0:0:0:0:0:1 - - [28/Jan/2019:18:42:45 +0800] "GET /static/js/plugins/blueimp/jquery.blueimp-gallery.min.js HTTP/1.1" 200 31564 8
0:0:0:0:0:0:0:1 - - [28/Jan/2019:18:42:45 +0800] "GET /static/ckeditor/ckeditor.js HTTP/1.1" 200 567997 44
0:0:0:0:0:0:0:1 - - [28/Jan/2019:18:42:45 +0800] "GET /static/js/layer/skin/layer.css HTTP/1.1" 200 14048 4
0:0:0:0:0:0:0:1 - - [28/Jan/2019:18:42:45 +0800] "GET /static/css/patterns/header-profile.png HTTP/1.1" 200 5877 3
0:0:0:0:0:0:0:1 - - [28/Jan/2019:18:42:45 +0800] "GET /static/font-awesome/fonts/fontawesome-webfont.woff2?v=4.3.0 HTTP/1.1" 200 56780 5
0:0:0:0:0:0:0:1 - - [28/Jan/2019:18:42:45 +0800] "POST /manage/account/getUserAccessList HTTP/1.1" 200 8121 7
0:0:0:0:0:0:0:1 - - [28/Jan/2019:18:42:45 +0800] "GET /manage/trainTest/getCoursewaretList?draw=1&columns%5B0%5D%5Bdata%5D=&columns%5B0%5D%5Bname%5D=&columns%5B0%5D%5Bsearchable%5D=true&columns%5B0%5D%5Borderable%5D=false&columns%5B0%5D%5Bsearch%5D%5Bvalue%5D=&columns%5B0%5D%5Bsearch%5D%5Bregex%5D=false&columns%5B1%5D%5Bdata%5D=coursewareId&columns%5B1%5D%5Bname%5D=coursewareId&columns%5B1%5D%5Bsearchable%5D=true&columns%5B1%5D%5Borderable%5D=false&columns%5B1%5D%5Bsearch%5D%5Bvalue%5D=&columns%5B1%5D%5Bsearch%5D%5Bregex%5D=false&columns%5B2%5D%5Bdata%5D=name&columns%5B2%5D%5Bname%5D=name&columns%5B2%5D%5Bsearchable%5D=true&columns%5B2%5D%5Borderable%5D=false&columns%5B2%5D%5Bsearch%5D%5Bvalue%5D=&columns%5B2%5D%5Bsearch%5D%5Bregex%5D=false&columns%5B3%5D%5Bdata%5D=module&columns%5B3%5D%5Bname%5D=module&columns%5B3%5D%5Bsearchable%5D=true&columns%5B3%5D%5Borderable%5D=false&columns%5B3%5D%5Bsearch%5D%5Bvalue%5D=&columns%5B3%5D%5Bsearch%5D%5Bregex%5D=false&columns%5B4%5D%5Bdata%5D=scene&columns%5B4%5D%5Bname%5D=scene&columns%5B4%5D%5Bsearchable%5D=true&columns%5B4%5D%5Borderable%5D=false&columns%5B4%5D%5Bsearch%5D%5Bvalue%5D=&columns%5B4%5D%5Bsearch%5D%5Bregex%5D=false&columns%5B5%5D%5Bdata%5D=testPersonCount&columns%5B5%5D%5Bname%5D=testPersonCount&columns%5B5%5D%5Bsearchable%5D=true&columns%5B5%5D%5Borderable%5D=false&columns%5B5%5D%5Bsearch%5D%5Bvalue%5D=&columns%5B5%5D%5Bsearch%5D%5Bregex%5D=false&columns%5B6%5D%5Bdata%5D=testCount&columns%5B6%5D%5Bname%5D=testCount&columns%5B6%5D%5Bsearchable%5D=true&columns%5B6%5D%5Borderable%5D=false&columns%5B6%5D%5Bsearch%5D%5Bvalue%5D=&columns%5B6%5D%5Bsearch%5D%5Bregex%5D=false&columns%5B7%5D%5Bdata%5D=passCount&columns%5B7%5D%5Bname%5D=passCount&columns%5B7%5D%5Bsearchable%5D=true&columns%5B7%5D%5Borderable%5D=false&columns%5B7%5D%5Bsearch%5D%5Bvalue%5D=&columns%5B7%5D%5Bsearch%5D%5Bregex%5D=false&columns%5B8%5D%5Bdata%5D=duration1&columns%5B8%5D%5Bname%5D=duration1&columns%5B8%5D%5Bsearchable%5D=true&columns%5B8%5D%5Borderable%5D=false&columns%5B8%5D%5Bsearch%5D%5Bvalue%5D=&columns%5B8%5D%5Bsearch%5D%5Bregex%5D=false&start=0&length=10&search%5Bvalue%5D=&search%5Bregex%5D=false&_=1548672165105 HTTP/1.1" 200 5068 81
0:0:0:0:0:0:0:1 - - [28/Jan/2019:18:42:47 +0800] "GET /manage/workbench/toWorkBenchPage HTTP/1.1" 200 32071 128
0:0:0:0:0:0:0:1 - - [28/Jan/2019:18:42:47 +0800] "GET /static/css/bootstrap-switch.css HTTP/1.1" 200 6993 4
0:0:0:0:0:0:0:1 - - [28/Jan/2019:18:42:47 +0800] "GET /static/css/bootstrap.min.css HTTP/1.1" 200 117305 15
0:0:0:0:0:0:0:1 - - [28/Jan/2019:18:42:47 +0800] "GET /static/css/plugins/toastr/toastr.min.css HTTP/1.1" 200 6882 5
0:0:0:0:0:0:0:1 - - [28/Jan/2019:18:42:47 +0800] "GET /static/css/plugins/dataTables/dataTables.responsive.css HTTP/1.1" 200 2626 4
0:0:0:0:0:0:0:1 - - [28/Jan/2019:18:42:47 +0800] "GET /static/js/plugins/gritter/jquery.gritter.css HTTP/1.1" 200 2556 5
0:0:0:0:0:0:0:1 - - [28/Jan/2019:18:42:47 +0800] "GET /static/css/animate.css HTTP/1.1" 200 68411 8
0:0:0:0:0:0:0:1 - - [28/Jan/2019:18:42:47 +0800] "GET /static/css/plugins/dataTables/dataTables.bootstrap.css HTTP/1.1" 200 5178 3
0:0:0:0:0:0:0:1 - - [28/Jan/2019:18:42:47 +0800] "GET /static/css/plugins/datapicker/bootstrap-datetimepicker.min.css HTTP/1.1" 200 7771 3
0:0:0:0:0:0:0:1 - - [28/Jan/2019:18:42:47 +0800] "GET /static/css/plugins/dataTables/dataTables.tableTools.min.css HTTP/1.1" 200 6601 6
0:0:0:0:0:0:0:1 - - [28/Jan/2019:18:42:47 +0800] "GET /static/js/plugins/metisMenu/jquery.metisMenu.js HTTP/1.1" 200 3265 2
0:0:0:0:0:0:0:1 - - [28/Jan/2019:18:42:47 +0800] "GET /static/js/bootstrap-switch.js HTTP/1.1" 200 26858 4
0:0:0:0:0:0:0:1 - - [28/Jan/2019:18:42:47 +0800] "GET /static/js/bootstrap.min.js HTTP/1.1" 200 37045 10
0:0:0:0:0:0:0:1 - - [28/Jan/2019:18:42:47 +0800] "GET /static/js/inspinia.js HTTP/1.1" 200 8107 2
0:0:0:0:0:0:0:1 - - [28/Jan/2019:18:42:47 +0800] "GET /static/js/plugins/pace/pace.min.js HTTP/1.1" 200 12364 2
0:0:0:0:0:0:0:1 - - [28/Jan/2019:18:42:47 +0800] "GET /static/js/plugins/slimscroll/jquery.slimscroll.min.js HTTP/1.1" 200 4682 4
0:0:0:0:0:0:0:1 - - [28/Jan/2019:18:42:47 +0800] "GET /static/js/jquery-2.1.1.js HTTP/1.1" 200 84247 18
0:0:0:0:0:0:0:1 - - [28/Jan/2019:18:42:47 +0800] "GET /static/js/jquery-migrate-1.1.0.min.js HTTP/1.1" 200 6968 3
0:0:0:0:0:0:0:1 - - [28/Jan/2019:18:42:47 +0800] "GET /static/js/plugins/dataTables/dataTables.bootstrap.js HTTP/1.1" 200 9614 3
0:0:0:0:0:0:0:1 - - [28/Jan/2019:18:42:47 +0800] "GET /static/js/jquery-ui-1.10.4.min.js HTTP/1.1" 200 228539 12
0:0:0:0:0:0:0:1 - - [28/Jan/2019:18:42:47 +0800] "GET /static/js/plugins/dataTables/dataTables.responsive.js HTTP/1.1" 200 32864 4
0:0:0:0:0:0:0:1 - - [28/Jan/2019:18:42:47 +0800] "GET /static/js/plugins/dataTables/dataTables.tableTools.min.js HTTP/1.1" 200 31626 4
0:0:0:0:0:0:0:1 - - [28/Jan/2019:18:42:47 +0800] "GET /static/font-awesome/css/font-awesome.css HTTP/1.1" 200 28747 43
0:0:0:0:0:0:0:1 - - [28/Jan/2019:18:42:47 +0800] "GET /static/js/plugins/datapicker/bootstrap-datetimepicker.min.js HTTP/1.1" 200 48881 7
0:0:0:0:0:0:0:1 - - [28/Jan/2019:18:42:47 +0800] "GET /static/ckeditor/ckeditor.js HTTP/1.1" 200 567997 24
0:0:0:0:0:0:0:1 - - [28/Jan/2019:18:42:47 +0800] "GET /static/js/plugins/jsTree/jstree.min.js HTTP/1.1" 200 118089 9
0:0:0:0:0:0:0:1 - - [28/Jan/2019:18:42:47 +0800] "GET /static/css/style.css HTTP/1.1" 200 156956 51
0:0:0:0:0:0:0:1 - - [28/Jan/2019:18:42:47 +0800] "GET /static/js/jquery.ajaxfileupload.js HTTP/1.1" 200 5785 2
0:0:0:0:0:0:0:1 - - [28/Jan/2019:18:42:47 +0800] "GET /static/js/layer/layer.js HTTP/1.1" 200 25196 7
0:0:0:0:0:0:0:1 - - [28/Jan/2019:18:42:47 +0800] "GET /static/js/sha1.js HTTP/1.1" 200 5752 4
0:0:0:0:0:0:0:1 - - [28/Jan/2019:18:42:47 +0800] "GET /static/js/plugins/chosen/chosen.jquery.js HTTP/1.1" 200 51376 11
0:0:0:0:0:0:0:1 - - [28/Jan/2019:18:42:47 +0800] "GET /static/js/plugins/datapicker/Moment.js HTTP/1.1" 200 387799 26
0:0:0:0:0:0:0:1 - - [28/Jan/2019:18:42:47 +0800] "GET /static/images/page/baidumarker.png HTTP/1.1" 200 2877 6
0:0:0:0:0:0:0:1 - - [28/Jan/2019:18:42:47 +0800] "GET /static/js/plugins/dataTables/jquery.dataTables.js HTTP/1.1" 200 434957 42
0:0:0:0:0:0:0:1 - - [28/Jan/2019:18:42:47 +0800] "GET /static/js/hjs/echarts.min.js HTTP/1.1" 200 744675 63
0:0:0:0:0:0:0:1 - - [28/Jan/2019:18:42:47 +0800] "GET /static/js/hjs/jquery.tmpl.min.js HTTP/1.1" 200 6130 4
0:0:0:0:0:0:0:1 - - [28/Jan/2019:18:42:47 +0800] "GET /static/js/hjs/api.js HTTP/1.1" 200 2212 6
0:0:0:0:0:0:0:1 - - [28/Jan/2019:18:42:47 +0800] "GET /static/js/layer/skin/layer.css HTTP/1.1" 200 14048 3
0:0:0:0:0:0:0:1 - - [28/Jan/2019:18:42:47 +0800] "GET /static/css/patterns/header-profile.png HTTP/1.1" 200 5877 3
0:0:0:0:0:0:0:1 - - [28/Jan/2019:18:42:47 +0800] "GET /static/font-awesome/fonts/fontawesome-webfont.woff2?v=4.3.0 HTTP/1.1" 200 56780 3
0:0:0:0:0:0:0:1 - - [28/Jan/2019:18:42:47 +0800] "POST /manage/account/getUserAccessList HTTP/1.1" 200 8121 5
0:0:0:0:0:0:0:1 - - [28/Jan/2019:18:42:47 +0800] "GET /XiaoyudiApplication/manage/workbench/getWorkModule HTTP/1.1" 404 165 10
0:0:0:0:0:0:0:1 - - [28/Jan/2019:18:42:47 +0800] "GET /XiaoyudiApplication/manage/workbench/getWorkday HTTP/1.1" 404 162 12
0:0:0:0:0:0:0:1 - - [28/Jan/2019:18:42:47 +0800] "GET /XiaoyudiApplication/manage/workbench/getWorkSum HTTP/1.1" 404 162 15
0:0:0:0:0:0:0:1 - - [28/Jan/2019:18:42:50 +0800] "GET /manage/workbench/toWorkBenchPage HTTP/1.1" 200 32071 111
0:0:0:0:0:0:0:1 - - [28/Jan/2019:18:42:50 +0800] "GET /static/css/bootstrap-switch.css HTTP/1.1" 200 6993 10
0:0:0:0:0:0:0:1 - - [28/Jan/2019:18:42:50 +0800] "GET /static/css/plugins/toastr/toastr.min.css HTTP/1.1" 200 6882 6
0:0:0:0:0:0:0:1 - - [28/Jan/2019:18:42:51 +0800] "GET /static/css/plugins/dataTables/dataTables.responsive.css HTTP/1.1" 200 2626 7
0:0:0:0:0:0:0:1 - - [28/Jan/2019:18:42:51 +0800] "GET /static/css/bootstrap.min.css HTTP/1.1" 200 117305 31
0:0:0:0:0:0:0:1 - - [28/Jan/2019:18:42:51 +0800] "GET /static/css/plugins/dataTables/dataTables.tableTools.min.css HTTP/1.1" 200 6601 5
0:0:0:0:0:0:0:1 - - [28/Jan/2019:18:42:51 +0800] "GET /static/css/plugins/datapicker/bootstrap-datetimepicker.min.css HTTP/1.1" 200 7771 4
0:0:0:0:0:0:0:1 - - [28/Jan/2019:18:42:51 +0800] "GET /static/js/plugins/gritter/jquery.gritter.css HTTP/1.1" 200 2556 9
0:0:0:0:0:0:0:1 - - [28/Jan/2019:18:42:51 +0800] "GET /static/js/jquery-2.1.1.js HTTP/1.1" 200 84247 7
0:0:0:0:0:0:0:1 - - [28/Jan/2019:18:42:51 +0800] "GET /static/js/bootstrap-switch.js HTTP/1.1" 200 26858 4
0:0:0:0:0:0:0:1 - - [28/Jan/2019:18:42:51 +0800] "GET /static/css/animate.css HTTP/1.1" 200 68411 10
0:0:0:0:0:0:0:1 - - [28/Jan/2019:18:42:51 +0800] "GET /static/font-awesome/css/font-awesome.css HTTP/1.1" 200 28747 29
0:0:0:0:0:0:0:1 - - [28/Jan/2019:18:42:51 +0800] "GET /static/css/style.css HTTP/1.1" 200 156956 42
0:0:0:0:0:0:0:1 - - [28/Jan/2019:18:42:51 +0800] "GET /static/js/plugins/slimscroll/jquery.slimscroll.min.js HTTP/1.1" 200 4682 5
0:0:0:0:0:0:0:1 - - [28/Jan/2019:18:42:51 +0800] "GET /static/css/plugins/dataTables/dataTables.bootstrap.css HTTP/1.1" 200 5178 3
0:0:0:0:0:0:0:1 - - [28/Jan/2019:18:42:51 +0800] "GET /static/js/inspinia.js HTTP/1.1" 200 8107 9
0:0:0:0:0:0:0:1 - - [28/Jan/2019:18:42:51 +0800] "GET /static/js/bootstrap.min.js HTTP/1.1" 200 37045 4
0:0:0:0:0:0:0:1 - - [28/Jan/2019:18:42:51 +0800] "GET /static/js/plugins/pace/pace.min.js HTTP/1.1" 200 12364 8
0:0:0:0:0:0:0:1 - - [28/Jan/2019:18:42:51 +0800] "GET /static/js/jquery-migrate-1.1.0.min.js HTTP/1.1" 200 6968 2
0:0:0:0:0:0:0:1 - - [28/Jan/2019:18:42:51 +0800] "GET /static/js/plugins/dataTables/dataTables.bootstrap.js HTTP/1.1" 200 9614 3
0:0:0:0:0:0:0:1 - - [28/Jan/2019:18:42:51 +0800] "GET /static/js/plugins/dataTables/dataTables.responsive.js HTTP/1.1" 200 32864 12
0:0:0:0:0:0:0:1 - - [28/Jan/2019:18:42:51 +0800] "GET /static/js/plugins/dataTables/dataTables.tableTools.min.js HTTP/1.1" 200 31626 5
0:0:0:0:0:0:0:1 - - [28/Jan/2019:18:42:51 +0800] "GET /static/js/plugins/datapicker/bootstrap-datetimepicker.min.js HTTP/1.1" 200 48881 10
0:0:0:0:0:0:0:1 - - [28/Jan/2019:18:42:51 +0800] "GET /static/js/plugins/metisMenu/jquery.metisMenu.js HTTP/1.1" 200 3265 58
0:0:0:0:0:0:0:1 - - [28/Jan/2019:18:42:51 +0800] "GET /static/js/plugins/jsTree/jstree.min.js HTTP/1.1" 200 118089 12
0:0:0:0:0:0:0:1 - - [28/Jan/2019:18:42:51 +0800] "GET /static/js/layer/layer.js HTTP/1.1" 200 25196 3
0:0:0:0:0:0:0:1 - - [28/Jan/2019:18:42:51 +0800] "GET /static/js/sha1.js HTTP/1.1" 200 5752 3
0:0:0:0:0:0:0:1 - - [28/Jan/2019:18:42:51 +0800] "GET /static/js/plugins/chosen/chosen.jquery.js HTTP/1.1" 200 51376 8
0:0:0:0:0:0:0:1 - - [28/Jan/2019:18:42:51 +0800] "GET /static/js/jquery.ajaxfileupload.js HTTP/1.1" 200 5785 6
0:0:0:0:0:0:0:1 - - [28/Jan/2019:18:42:51 +0800] "GET /static/js/plugins/dataTables/jquery.dataTables.js HTTP/1.1" 200 434957 23
0:0:0:0:0:0:0:1 - - [28/Jan/2019:18:42:51 +0800] "GET /static/js/plugins/datapicker/Moment.js HTTP/1.1" 200 387799 35
0:0:0:0:0:0:0:1 - - [28/Jan/2019:18:42:51 +0800] "GET /static/ckeditor/ckeditor.js HTTP/1.1" 200 567997 31
0:0:0:0:0:0:0:1 - - [28/Jan/2019:18:42:51 +0800] "GET /static/js/jquery-ui-1.10.4.min.js HTTP/1.1" 200 228539 43
0:0:0:0:0:0:0:1 - - [28/Jan/2019:18:42:51 +0800] "GET /static/js/hjs/echarts.min.js HTTP/1.1" 200 744675 26
0:0:0:0:0:0:0:1 - - [28/Jan/2019:18:42:51 +0800] "GET /static/images/page/baidumarker.png HTTP/1.1" 200 2877 23
0:0:0:0:0:0:0:1 - - [28/Jan/2019:18:42:51 +0800] "GET /static/js/hjs/jquery.tmpl.min.js HTTP/1.1" 200 6130 5
0:0:0:0:0:0:0:1 - - [28/Jan/2019:18:42:51 +0800] "GET /static/js/layer/skin/layer.css HTTP/1.1" 200 14048 5
0:0:0:0:0:0:0:1 - - [28/Jan/2019:18:42:51 +0800] "GET /static/js/hjs/api.js HTTP/1.1" 200 2212 3
0:0:0:0:0:0:0:1 - - [28/Jan/2019:18:42:51 +0800] "GET /static/css/patterns/header-profile.png HTTP/1.1" 200 5877 5
0:0:0:0:0:0:0:1 - - [28/Jan/2019:18:42:51 +0800] "GET /static/font-awesome/fonts/fontawesome-webfont.woff2?v=4.3.0 HTTP/1.1" 200 56780 4
0:0:0:0:0:0:0:1 - - [28/Jan/2019:18:42:51 +0800] "POST /manage/account/getUserAccessList HTTP/1.1" 200 8121 3
0:0:0:0:0:0:0:1 - - [28/Jan/2019:18:42:51 +0800] "GET /XiaoyudiApplication/manage/workbench/getWorkday HTTP/1.1" 404 162 5
0:0:0:0:0:0:0:1 - - [28/Jan/2019:18:42:51 +0800] "GET /XiaoyudiApplication/manage/workbench/getWorkModule HTTP/1.1" 404 165 4
0:0:0:0:0:0:0:1 - - [28/Jan/2019:18:42:51 +0800] "GET /XiaoyudiApplication/manage/workbench/getWorkSum HTTP/1.1" 404 162 7
0:0:0:0:0:0:0:1 - - [28/Jan/2019:18:42:51 +0800] "GET /favicon.ico HTTP/1.1" 200 946 21
