0:0:0:0:0:0:0:1 - - [22/Jan/2019:12:33:11 +0800] "GET /app/trainTest/addFortifier?token=ZQ3KBPDOuxDuitYzgKHrEg==&module=1&state=1 HTTP/1.1" 200 62 1129
0:0:0:0:0:0:0:1 - - [22/Jan/2019:12:33:15 +0800] "GET /app/trainTest/addFortifier?token=ZQ3KBPDOuxDuitYzgKHrEg==&module=1&state=1 HTTP/1.1" 200 62 651
0:0:0:0:0:0:0:1 - - [22/Jan/2019:12:33:18 +0800] "GET /app/trainTest/addFortifier?token=ZQ3KBPDOuxDuitYzgKHrEg==&module=1&state=0 HTTP/1.1" 200 47 79
0:0:0:0:0:0:0:1 - - [22/Jan/2019:12:33:20 +0800] "GET /app/trainTest/addFortifier?token=ZQ3KBPDOuxDuitYzgKHrEg==&module=1&state=0 HTTP/1.1" 200 47 38
0:0:0:0:0:0:0:1 - - [22/Jan/2019:12:33:21 +0800] "GET /app/trainTest/addFortifier?token=ZQ3KBPDOuxDuitYzgKHrEg==&module=1&state=0 HTTP/1.1" 200 47 38
0:0:0:0:0:0:0:1 - - [22/Jan/2019:12:33:21 +0800] "GET /app/trainTest/addFortifier?token=ZQ3KBPDOuxDuitYzgKHrEg==&module=1&state=0 HTTP/1.1" 200 47 41
0:0:0:0:0:0:0:1 - - [22/Jan/2019:12:33:21 +0800] "GET /app/trainTest/addFortifier?token=ZQ3KBPDOuxDuitYzgKHrEg==&module=1&state=0 HTTP/1.1" 200 47 40
0:0:0:0:0:0:0:1 - - [22/Jan/2019:12:33:22 +0800] "GET /app/trainTest/addFortifier?token=ZQ3KBPDOuxDuitYzgKHrEg==&module=1&state=0 HTTP/1.1" 200 47 36
0:0:0:0:0:0:0:1 - - [22/Jan/2019:12:33:22 +0800] "GET /app/trainTest/addFortifier?token=ZQ3KBPDOuxDuitYzgKHrEg==&module=1&state=0 HTTP/1.1" 200 47 32
0:0:0:0:0:0:0:1 - - [22/Jan/2019:12:33:23 +0800] "GET /app/trainTest/addFortifier?token=ZQ3KBPDOuxDuitYzgKHrEg==&module=1&state=0 HTTP/1.1" 200 47 33
0:0:0:0:0:0:0:1 - - [22/Jan/2019:12:33:23 +0800] "GET /app/trainTest/addFortifier?token=ZQ3KBPDOuxDuitYzgKHrEg==&module=1&state=0 HTTP/1.1" 200 47 34
0:0:0:0:0:0:0:1 - - [22/Jan/2019:12:33:23 +0800] "GET /app/trainTest/addFortifier?token=ZQ3KBPDOuxDuitYzgKHrEg==&module=1&state=0 HTTP/1.1" 200 47 62
0:0:0:0:0:0:0:1 - - [22/Jan/2019:12:33:24 +0800] "GET /app/trainTest/addFortifier?token=ZQ3KBPDOuxDuitYzgKHrEg==&module=1&state=0 HTTP/1.1" 200 47 90
0:0:0:0:0:0:0:1 - - [22/Jan/2019:12:33:24 +0800] "GET /app/trainTest/addFortifier?token=ZQ3KBPDOuxDuitYzgKHrEg==&module=1&state=0 HTTP/1.1" 200 47 35
0:0:0:0:0:0:0:1 - - [22/Jan/2019:12:33:25 +0800] "GET /app/trainTest/addFortifier?token=ZQ3KBPDOuxDuitYzgKHrEg==&module=1&state=0 HTTP/1.1" 200 47 34
0:0:0:0:0:0:0:1 - - [22/Jan/2019:12:33:25 +0800] "GET /app/trainTest/addFortifier?token=ZQ3KBPDOuxDuitYzgKHrEg==&module=1&state=0 HTTP/1.1" 200 47 36
0:0:0:0:0:0:0:1 - - [22/Jan/2019:12:33:25 +0800] "GET /app/trainTest/addFortifier?token=ZQ3KBPDOuxDuitYzgKHrEg==&module=1&state=0 HTTP/1.1" 200 47 40
0:0:0:0:0:0:0:1 - - [22/Jan/2019:12:33:26 +0800] "GET /app/trainTest/addFortifier?token=ZQ3KBPDOuxDuitYzgKHrEg==&module=1&state=0 HTTP/1.1" 200 47 39
0:0:0:0:0:0:0:1 - - [22/Jan/2019:12:33:26 +0800] "GET /app/trainTest/addFortifier?token=ZQ3KBPDOuxDuitYzgKHrEg==&module=1&state=0 HTTP/1.1" 200 47 34
0:0:0:0:0:0:0:1 - - [22/Jan/2019:12:33:26 +0800] "GET /app/trainTest/addFortifier?token=ZQ3KBPDOuxDuitYzgKHrEg==&module=1&state=0 HTTP/1.1" 200 47 28
0:0:0:0:0:0:0:1 - - [22/Jan/2019:12:33:27 +0800] "GET /app/trainTest/addFortifier?token=ZQ3KBPDOuxDuitYzgKHrEg==&module=1&state=0 HTTP/1.1" 200 47 35
0:0:0:0:0:0:0:1 - - [22/Jan/2019:12:33:27 +0800] "GET /app/trainTest/addFortifier?token=ZQ3KBPDOuxDuitYzgKHrEg==&module=1&state=0 HTTP/1.1" 200 47 31
0:0:0:0:0:0:0:1 - - [22/Jan/2019:12:33:27 +0800] "GET /app/trainTest/addFortifier?token=ZQ3KBPDOuxDuitYzgKHrEg==&module=1&state=0 HTTP/1.1" 200 47 46
0:0:0:0:0:0:0:1 - - [22/Jan/2019:12:33:41 +0800] "GET /app/trainTest/addFortifier?token=ZQ3KBPDOuxDuitYzgKHrEg==&module=1&state=0 HTTP/1.1" 200 47 40
0:0:0:0:0:0:0:1 - - [22/Jan/2019:12:33:42 +0800] "GET /app/trainTest/addFortifier?token=ZQ3KBPDOuxDuitYzgKHrEg==&module=1&state=0 HTTP/1.1" 200 47 29
0:0:0:0:0:0:0:1 - - [22/Jan/2019:12:33:42 +0800] "GET /app/trainTest/addFortifier?token=ZQ3KBPDOuxDuitYzgKHrEg==&module=1&state=0 HTTP/1.1" 200 47 34
0:0:0:0:0:0:0:1 - - [22/Jan/2019:12:34:11 +0800] "GET /app/trainTest/addFortifier?token=ZQ3KBPDOuxDuitYzgKHrEg==&module=1&state=1 HTTP/1.1" 200 47 36
0:0:0:0:0:0:0:1 - - [22/Jan/2019:12:34:22 +0800] "GET /app/trainTest/addFortifier?token=ZQ3KBPDOuxDuitYzgKHrEg==&module=1&state=1 HTTP/1.1" 200 47 36
0:0:0:0:0:0:0:1 - - [22/Jan/2019:12:34:24 +0800] "GET /app/trainTest/addFortifier?token=ZQ3KBPDOuxDuitYzgKHrEg==&module=1&state=1 HTTP/1.1" 200 47 29
0:0:0:0:0:0:0:1 - - [22/Jan/2019:12:34:25 +0800] "GET /app/trainTest/addFortifier?token=ZQ3KBPDOuxDuitYzgKHrEg==&module=1&state=1 HTTP/1.1" 200 62 31
0:0:0:0:0:0:0:1 - - [22/Jan/2019:16:36:34 +0800] "GET / HTTP/1.1" 200 3223 1487
0:0:0:0:0:0:0:1 - - [22/Jan/2019:16:36:34 +0800] "GET /static/js/jquery-2.1.1.js HTTP/1.1" 200 84247 112
0:0:0:0:0:0:0:1 - - [22/Jan/2019:16:36:34 +0800] "GET /static/css/login/simple-line-icons.css HTTP/1.1" 200 11717 41
0:0:0:0:0:0:0:1 - - [22/Jan/2019:16:36:34 +0800] "GET /static/css/login/app.css HTTP/1.1" 200 107519 41
0:0:0:0:0:0:0:1 - - [22/Jan/2019:16:36:34 +0800] "GET /static/css/login/bootstrap.css HTTP/1.1" 200 126969 51
0:0:0:0:0:0:0:1 - - [22/Jan/2019:16:36:34 +0800] "GET /static/images/login/bodybg.jpg HTTP/1.1" 200 21275 15
0:0:0:0:0:0:0:1 - - [22/Jan/2019:16:36:34 +0800] "GET /XiaoyudiApplication/static/images/login/Simple-Line-Icons.woff HTTP/1.1" 404 177 109
0:0:0:0:0:0:0:1 - - [22/Jan/2019:16:36:34 +0800] "GET /XiaoyudiApplication/static/images/login/Simple-Line-Icons.ttf HTTP/1.1" 404 176 15
0:0:0:0:0:0:0:1 - - [22/Jan/2019:16:36:35 +0800] "GET / HTTP/1.1" 200 3223 5
0:0:0:0:0:0:0:1 - - [22/Jan/2019:16:36:35 +0800] "GET /static/css/login/app.css HTTP/1.1" 200 107519 10
0:0:0:0:0:0:0:1 - - [22/Jan/2019:16:36:35 +0800] "GET /static/css/login/simple-line-icons.css HTTP/1.1" 200 11717 12
0:0:0:0:0:0:0:1 - - [22/Jan/2019:16:36:35 +0800] "GET /static/js/jquery-2.1.1.js HTTP/1.1" 200 84247 12
0:0:0:0:0:0:0:1 - - [22/Jan/2019:16:36:35 +0800] "GET /static/css/login/bootstrap.css HTTP/1.1" 200 126969 17
0:0:0:0:0:0:0:1 - - [22/Jan/2019:16:36:35 +0800] "GET /static/images/login/bodybg.jpg HTTP/1.1" 200 21275 11
0:0:0:0:0:0:0:1 - - [22/Jan/2019:16:36:35 +0800] "GET /XiaoyudiApplication/static/images/login/Simple-Line-Icons.woff HTTP/1.1" 404 177 9
0:0:0:0:0:0:0:1 - - [22/Jan/2019:16:36:35 +0800] "GET /XiaoyudiApplication/static/images/login/Simple-Line-Icons.ttf HTTP/1.1" 404 176 8
0:0:0:0:0:0:0:1 - - [22/Jan/2019:16:36:35 +0800] "GET /favicon.ico HTTP/1.1" 200 946 15
0:0:0:0:0:0:0:1 - - [22/Jan/2019:16:37:34 +0800] "GET / HTTP/1.1" 200 3223 10
0:0:0:0:0:0:0:1 - - [22/Jan/2019:16:37:34 +0800] "GET /static/js/jquery-2.1.1.js HTTP/1.1" 200 84247 7
0:0:0:0:0:0:0:1 - - [22/Jan/2019:16:37:34 +0800] "GET /static/css/login/simple-line-icons.css HTTP/1.1" 200 11717 6
0:0:0:0:0:0:0:1 - - [22/Jan/2019:16:37:34 +0800] "GET /static/css/login/bootstrap.css HTTP/1.1" 200 126969 15
0:0:0:0:0:0:0:1 - - [22/Jan/2019:16:37:34 +0800] "GET /static/css/login/app.css HTTP/1.1" 200 107519 11
0:0:0:0:0:0:0:1 - - [22/Jan/2019:16:37:34 +0800] "GET /static/images/login/bodybg.jpg HTTP/1.1" 200 21275 8
0:0:0:0:0:0:0:1 - - [22/Jan/2019:16:37:34 +0800] "GET /XiaoyudiApplication/static/images/login/Simple-Line-Icons.woff HTTP/1.1" 404 177 11
0:0:0:0:0:0:0:1 - - [22/Jan/2019:16:37:34 +0800] "GET /XiaoyudiApplication/static/images/login/Simple-Line-Icons.ttf HTTP/1.1" 404 176 12
0:0:0:0:0:0:0:1 - - [22/Jan/2019:16:37:34 +0800] "GET /favicon.ico HTTP/1.1" 200 946 8
0:0:0:0:0:0:0:1 - - [22/Jan/2019:16:37:36 +0800] "GET / HTTP/1.1" 200 3223 3
0:0:0:0:0:0:0:1 - - [22/Jan/2019:16:37:36 +0800] "GET /static/css/login/simple-line-icons.css HTTP/1.1" 200 11717 4
0:0:0:0:0:0:0:1 - - [22/Jan/2019:16:37:36 +0800] "GET /static/js/jquery-2.1.1.js HTTP/1.1" 200 84247 8
0:0:0:0:0:0:0:1 - - [22/Jan/2019:16:37:36 +0800] "GET /static/css/login/bootstrap.css HTTP/1.1" 200 126969 9
0:0:0:0:0:0:0:1 - - [22/Jan/2019:16:37:36 +0800] "GET /static/css/login/app.css HTTP/1.1" 200 107519 9
0:0:0:0:0:0:0:1 - - [22/Jan/2019:16:37:36 +0800] "GET /static/images/login/bodybg.jpg HTTP/1.1" 200 21275 5
0:0:0:0:0:0:0:1 - - [22/Jan/2019:16:37:36 +0800] "GET /XiaoyudiApplication/static/images/login/Simple-Line-Icons.woff HTTP/1.1" 404 177 7
0:0:0:0:0:0:0:1 - - [22/Jan/2019:16:37:37 +0800] "GET /XiaoyudiApplication/static/images/login/Simple-Line-Icons.ttf HTTP/1.1" 404 176 12
0:0:0:0:0:0:0:1 - - [22/Jan/2019:16:37:37 +0800] "GET /favicon.ico HTTP/1.1" 200 946 3
0:0:0:0:0:0:0:1 - - [22/Jan/2019:16:37:43 +0800] "GET / HTTP/1.1" 200 3223 8
0:0:0:0:0:0:0:1 - - [22/Jan/2019:16:37:43 +0800] "GET /static/css/login/simple-line-icons.css HTTP/1.1" 200 11717 6
0:0:0:0:0:0:0:1 - - [22/Jan/2019:16:37:43 +0800] "GET /static/css/login/app.css HTTP/1.1" 200 107519 10
0:0:0:0:0:0:0:1 - - [22/Jan/2019:16:37:43 +0800] "GET /static/css/login/bootstrap.css HTTP/1.1" 200 126969 11
0:0:0:0:0:0:0:1 - - [22/Jan/2019:16:37:43 +0800] "GET /static/js/jquery-2.1.1.js HTTP/1.1" 200 84247 16
0:0:0:0:0:0:0:1 - - [22/Jan/2019:16:37:43 +0800] "GET /XiaoyudiApplication/static/images/login/Simple-Line-Icons.woff HTTP/1.1" 404 177 6
0:0:0:0:0:0:0:1 - - [22/Jan/2019:16:37:43 +0800] "GET /static/images/login/bodybg.jpg HTTP/1.1" 200 21275 19
0:0:0:0:0:0:0:1 - - [22/Jan/2019:16:37:43 +0800] "GET /XiaoyudiApplication/static/images/login/Simple-Line-Icons.ttf HTTP/1.1" 404 176 7
0:0:0:0:0:0:0:1 - - [22/Jan/2019:16:37:43 +0800] "GET /favicon.ico HTTP/1.1" 200 946 5
0:0:0:0:0:0:0:1 - - [22/Jan/2019:16:37:45 +0800] "GET /static/css/login/simple-line-icons.css HTTP/1.1" 200 11717 4
0:0:0:0:0:0:0:1 - - [22/Jan/2019:16:37:45 +0800] "GET /static/css/login/bootstrap.css HTTP/1.1" 200 126969 10
0:0:0:0:0:0:0:1 - - [22/Jan/2019:16:37:45 +0800] "GET /static/css/login/app.css HTTP/1.1" 200 107519 12
0:0:0:0:0:0:0:1 - - [22/Jan/2019:16:41:18 +0800] "POST /manage/account/login HTTP/1.1" 200 221 897
0:0:0:0:0:0:0:1 - - [22/Jan/2019:16:41:19 +0800] "GET /manage/account/toindexPage HTTP/1.1" 200 19365 53
0:0:0:0:0:0:0:1 - - [22/Jan/2019:16:41:19 +0800] "GET /static/css/bootstrap.min.css HTTP/1.1" 200 117305 11
0:0:0:0:0:0:0:1 - - [22/Jan/2019:16:41:19 +0800] "GET /static/css/bootstrap-switch.css HTTP/1.1" 200 6993 4
0:0:0:0:0:0:0:1 - - [22/Jan/2019:16:41:19 +0800] "GET /static/js/plugins/gritter/jquery.gritter.css HTTP/1.1" 200 2556 4
0:0:0:0:0:0:0:1 - - [22/Jan/2019:16:41:19 +0800] "GET /static/css/plugins/toastr/toastr.min.css HTTP/1.1" 200 6882 7
0:0:0:0:0:0:0:1 - - [22/Jan/2019:16:41:19 +0800] "GET /static/font-awesome/css/font-awesome.css HTTP/1.1" 200 28747 13
0:0:0:0:0:0:0:1 - - [22/Jan/2019:16:41:19 +0800] "GET /static/css/animate.css HTTP/1.1" 200 68411 11
0:0:0:0:0:0:0:1 - - [22/Jan/2019:16:41:19 +0800] "GET /static/js/jquery-2.1.1.js HTTP/1.1" 200 84247 7
0:0:0:0:0:0:0:1 - - [22/Jan/2019:16:41:19 +0800] "GET /static/css/style.css HTTP/1.1" 200 156956 10
0:0:0:0:0:0:0:1 - - [22/Jan/2019:16:41:19 +0800] "GET /static/js/bootstrap.min.js HTTP/1.1" 200 37045 7
0:0:0:0:0:0:0:1 - - [22/Jan/2019:16:41:19 +0800] "GET /static/css/plugins/dataTables/dataTables.responsive.css HTTP/1.1" 200 2626 5
0:0:0:0:0:0:0:1 - - [22/Jan/2019:16:41:19 +0800] "GET /static/js/bootstrap-switch.js HTTP/1.1" 200 26858 8
0:0:0:0:0:0:0:1 - - [22/Jan/2019:16:41:19 +0800] "GET /static/js/plugins/metisMenu/jquery.metisMenu.js HTTP/1.1" 200 3265 6
0:0:0:0:0:0:0:1 - - [22/Jan/2019:16:41:19 +0800] "GET /static/js/inspinia.js HTTP/1.1" 200 8107 4
0:0:0:0:0:0:0:1 - - [22/Jan/2019:16:41:19 +0800] "GET /static/css/plugins/dataTables/dataTables.bootstrap.css HTTP/1.1" 200 5178 9
0:0:0:0:0:0:0:1 - - [22/Jan/2019:16:41:19 +0800] "GET /static/js/plugins/slimscroll/jquery.slimscroll.min.js HTTP/1.1" 200 4682 8
0:0:0:0:0:0:0:1 - - [22/Jan/2019:16:41:19 +0800] "GET /static/js/plugins/pace/pace.min.js HTTP/1.1" 200 12364 5
0:0:0:0:0:0:0:1 - - [22/Jan/2019:16:41:19 +0800] "GET /static/css/plugins/dataTables/dataTables.tableTools.min.css HTTP/1.1" 200 6601 27
0:0:0:0:0:0:0:1 - - [22/Jan/2019:16:41:19 +0800] "GET /static/js/jquery-migrate-1.1.0.min.js HTTP/1.1" 200 6968 4
0:0:0:0:0:0:0:1 - - [22/Jan/2019:16:41:19 +0800] "GET /static/css/plugins/datapicker/bootstrap-datetimepicker.min.css HTTP/1.1" 200 7771 35
0:0:0:0:0:0:0:1 - - [22/Jan/2019:16:41:19 +0800] "GET /static/js/jquery-ui-1.10.4.min.js HTTP/1.1" 200 228539 34
0:0:0:0:0:0:0:1 - - [22/Jan/2019:16:41:19 +0800] "GET /static/js/plugins/dataTables/dataTables.responsive.js HTTP/1.1" 200 32864 9
0:0:0:0:0:0:0:1 - - [22/Jan/2019:16:41:19 +0800] "GET /static/js/plugins/dataTables/dataTables.bootstrap.js HTTP/1.1" 200 9614 7
0:0:0:0:0:0:0:1 - - [22/Jan/2019:16:41:19 +0800] "GET /static/ckeditor/ckeditor.js HTTP/1.1" 200 567997 36
0:0:0:0:0:0:0:1 - - [22/Jan/2019:16:41:19 +0800] "GET /static/js/plugins/datapicker/bootstrap-datetimepicker.min.js HTTP/1.1" 200 48881 5
0:0:0:0:0:0:0:1 - - [22/Jan/2019:16:41:19 +0800] "GET /static/js/plugins/dataTables/dataTables.tableTools.min.js HTTP/1.1" 200 31626 15
0:0:0:0:0:0:0:1 - - [22/Jan/2019:16:41:19 +0800] "GET /static/js/layer/layer.js HTTP/1.1" 200 25196 8
0:0:0:0:0:0:0:1 - - [22/Jan/2019:16:41:19 +0800] "GET /static/js/jquery.ajaxfileupload.js HTTP/1.1" 200 5785 6
0:0:0:0:0:0:0:1 - - [22/Jan/2019:16:41:19 +0800] "GET /static/js/plugins/chosen/chosen.jquery.js HTTP/1.1" 200 51376 15
0:0:0:0:0:0:0:1 - - [22/Jan/2019:16:41:19 +0800] "GET /static/js/plugins/dataTables/jquery.dataTables.js HTTP/1.1" 200 434957 53
0:0:0:0:0:0:0:1 - - [22/Jan/2019:16:41:19 +0800] "GET /static/images/page/baidumarker.png HTTP/1.1" 200 2877 5
0:0:0:0:0:0:0:1 - - [22/Jan/2019:16:41:19 +0800] "GET /static/js/sha1.js HTTP/1.1" 200 5752 13
0:0:0:0:0:0:0:1 - - [22/Jan/2019:16:41:19 +0800] "GET /static/js/plugins/datapicker/Moment.js HTTP/1.1" 200 387799 30
0:0:0:0:0:0:0:1 - - [22/Jan/2019:16:41:19 +0800] "GET /static/js/plugins/jsTree/jstree.min.js HTTP/1.1" 200 118089 28
0:0:0:0:0:0:0:1 - - [22/Jan/2019:16:41:19 +0800] "GET /static/js/layer/skin/layer.css HTTP/1.1" 200 14048 4
0:0:0:0:0:0:0:1 - - [22/Jan/2019:16:41:19 +0800] "GET /static/js/dist/jquery-migrate.min.map HTTP/1.1" 404 152 6
0:0:0:0:0:0:0:1 - - [22/Jan/2019:16:41:19 +0800] "GET /static/css/patterns/header-profile.png HTTP/1.1" 200 5877 5
0:0:0:0:0:0:0:1 - - [22/Jan/2019:16:41:19 +0800] "GET /static/font-awesome/fonts/fontawesome-webfont.woff2?v=4.3.0 HTTP/1.1" 200 56780 8
0:0:0:0:0:0:0:1 - - [22/Jan/2019:16:41:19 +0800] "POST /manage/account/getUserAccessList HTTP/1.1" 200 8121 106
0:0:0:0:0:0:0:1 - - [22/Jan/2019:16:41:22 +0800] "GET /manage/workbench/toWorkBenchPage HTTP/1.1" 200 32071 184
0:0:0:0:0:0:0:1 - - [22/Jan/2019:16:41:22 +0800] "GET /static/css/bootstrap.min.css HTTP/1.1" 200 117305 15
0:0:0:0:0:0:0:1 - - [22/Jan/2019:16:41:22 +0800] "GET /static/js/plugins/gritter/jquery.gritter.css HTTP/1.1" 200 2556 5
0:0:0:0:0:0:0:1 - - [22/Jan/2019:16:41:22 +0800] "GET /static/css/animate.css HTTP/1.1" 200 68411 5
0:0:0:0:0:0:0:1 - - [22/Jan/2019:16:41:22 +0800] "GET /static/css/bootstrap-switch.css HTTP/1.1" 200 6993 4
0:0:0:0:0:0:0:1 - - [22/Jan/2019:16:41:22 +0800] "GET /static/css/style.css HTTP/1.1" 200 156956 11
0:0:0:0:0:0:0:1 - - [22/Jan/2019:16:41:22 +0800] "GET /static/css/plugins/toastr/toastr.min.css HTTP/1.1" 200 6882 4
0:0:0:0:0:0:0:1 - - [22/Jan/2019:16:41:22 +0800] "GET /static/css/plugins/dataTables/dataTables.responsive.css HTTP/1.1" 200 2626 4
0:0:0:0:0:0:0:1 - - [22/Jan/2019:16:41:22 +0800] "GET /static/css/plugins/dataTables/dataTables.bootstrap.css HTTP/1.1" 200 5178 4
0:0:0:0:0:0:0:1 - - [22/Jan/2019:16:41:22 +0800] "GET /static/css/plugins/dataTables/dataTables.tableTools.min.css HTTP/1.1" 200 6601 3
0:0:0:0:0:0:0:1 - - [22/Jan/2019:16:41:22 +0800] "GET /static/font-awesome/css/font-awesome.css HTTP/1.1" 200 28747 33
0:0:0:0:0:0:0:1 - - [22/Jan/2019:16:41:22 +0800] "GET /static/js/bootstrap.min.js HTTP/1.1" 200 37045 6
0:0:0:0:0:0:0:1 - - [22/Jan/2019:16:41:22 +0800] "GET /static/css/plugins/datapicker/bootstrap-datetimepicker.min.css HTTP/1.1" 200 7771 20
0:0:0:0:0:0:0:1 - - [22/Jan/2019:16:41:22 +0800] "GET /static/js/plugins/slimscroll/jquery.slimscroll.min.js HTTP/1.1" 200 4682 4
0:0:0:0:0:0:0:1 - - [22/Jan/2019:16:41:22 +0800] "GET /static/js/bootstrap-switch.js HTTP/1.1" 200 26858 5
0:0:0:0:0:0:0:1 - - [22/Jan/2019:16:41:22 +0800] "GET /static/js/plugins/pace/pace.min.js HTTP/1.1" 200 12364 6
0:0:0:0:0:0:0:1 - - [22/Jan/2019:16:41:22 +0800] "GET /static/js/jquery-migrate-1.1.0.min.js HTTP/1.1" 200 6968 4
0:0:0:0:0:0:0:1 - - [22/Jan/2019:16:41:22 +0800] "GET /static/js/plugins/metisMenu/jquery.metisMenu.js HTTP/1.1" 200 3265 4
0:0:0:0:0:0:0:1 - - [22/Jan/2019:16:41:22 +0800] "GET /static/js/plugins/dataTables/dataTables.bootstrap.js HTTP/1.1" 200 9614 4
0:0:0:0:0:0:0:1 - - [22/Jan/2019:16:41:22 +0800] "GET /static/js/jquery-2.1.1.js HTTP/1.1" 200 84247 16
0:0:0:0:0:0:0:1 - - [22/Jan/2019:16:41:22 +0800] "GET /static/js/plugins/dataTables/dataTables.responsive.js HTTP/1.1" 200 32864 6
0:0:0:0:0:0:0:1 - - [22/Jan/2019:16:41:22 +0800] "GET /static/js/jquery-ui-1.10.4.min.js HTTP/1.1" 200 228539 15
0:0:0:0:0:0:0:1 - - [22/Jan/2019:16:41:22 +0800] "GET /static/js/plugins/datapicker/Moment.js HTTP/1.1" 200 387799 14
0:0:0:0:0:0:0:1 - - [22/Jan/2019:16:41:22 +0800] "GET /static/ckeditor/ckeditor.js HTTP/1.1" 200 567997 48
0:0:0:0:0:0:0:1 - - [22/Jan/2019:16:41:22 +0800] "GET /static/js/plugins/jsTree/jstree.min.js HTTP/1.1" 200 118089 13
0:0:0:0:0:0:0:1 - - [22/Jan/2019:16:41:22 +0800] "GET /static/js/plugins/datapicker/bootstrap-datetimepicker.min.js HTTP/1.1" 200 48881 7
0:0:0:0:0:0:0:1 - - [22/Jan/2019:16:41:22 +0800] "GET /static/js/layer/layer.js HTTP/1.1" 200 25196 7
0:0:0:0:0:0:0:1 - - [22/Jan/2019:16:41:22 +0800] "GET /static/js/plugins/dataTables/jquery.dataTables.js HTTP/1.1" 200 434957 54
0:0:0:0:0:0:0:1 - - [22/Jan/2019:16:41:22 +0800] "GET /static/js/plugins/chosen/chosen.jquery.js HTTP/1.1" 200 51376 7
0:0:0:0:0:0:0:1 - - [22/Jan/2019:16:41:22 +0800] "GET /static/js/sha1.js HTTP/1.1" 200 5752 4
0:0:0:0:0:0:0:1 - - [22/Jan/2019:16:41:22 +0800] "GET /static/js/jquery.ajaxfileupload.js HTTP/1.1" 200 5785 5
0:0:0:0:0:0:0:1 - - [22/Jan/2019:16:41:22 +0800] "GET /static/js/inspinia.js HTTP/1.1" 200 8107 89
0:0:0:0:0:0:0:1 - - [22/Jan/2019:16:41:22 +0800] "GET /static/images/page/baidumarker.png HTTP/1.1" 200 2877 6
0:0:0:0:0:0:0:1 - - [22/Jan/2019:16:41:22 +0800] "GET /static/js/plugins/dataTables/dataTables.tableTools.min.js HTTP/1.1" 200 31626 58
0:0:0:0:0:0:0:1 - - [22/Jan/2019:16:41:22 +0800] "GET /static/js/hjs/jquery.tmpl.min.js HTTP/1.1" 200 6130 6
0:0:0:0:0:0:0:1 - - [22/Jan/2019:16:41:22 +0800] "GET /static/js/hjs/echarts.min.js HTTP/1.1" 200 744675 233
0:0:0:0:0:0:0:1 - - [22/Jan/2019:16:41:22 +0800] "GET /static/js/dist/jquery-migrate.min.map HTTP/1.1" 404 152 7
0:0:0:0:0:0:0:1 - - [22/Jan/2019:16:41:22 +0800] "GET /static/js/hjs/api.js HTTP/1.1" 200 2212 5
0:0:0:0:0:0:0:1 - - [22/Jan/2019:16:41:22 +0800] "GET /static/js/layer/skin/layer.css HTTP/1.1" 200 14048 4
0:0:0:0:0:0:0:1 - - [22/Jan/2019:16:41:22 +0800] "GET /static/css/patterns/header-profile.png HTTP/1.1" 200 5877 4
0:0:0:0:0:0:0:1 - - [22/Jan/2019:16:41:22 +0800] "GET /static/font-awesome/fonts/fontawesome-webfont.woff2?v=4.3.0 HTTP/1.1" 200 56780 6
0:0:0:0:0:0:0:1 - - [22/Jan/2019:16:41:22 +0800] "POST /manage/account/getUserAccessList HTTP/1.1" 200 8121 6
0:0:0:0:0:0:0:1 - - [22/Jan/2019:16:41:22 +0800] "GET /XiaoyudiApplication/manage/workbench/getWorkSum HTTP/1.1" 404 162 8
0:0:0:0:0:0:0:1 - - [22/Jan/2019:16:41:22 +0800] "GET /XiaoyudiApplication/manage/workbench/getWorkday HTTP/1.1" 404 162 11
0:0:0:0:0:0:0:1 - - [22/Jan/2019:16:41:22 +0800] "GET /XiaoyudiApplication/manage/workbench/getWorkModule HTTP/1.1" 404 165 9
0:0:0:0:0:0:0:1 - - [22/Jan/2019:16:41:29 +0800] "GET /manage/account/loginOut HTTP/1.1" 302 - 8
0:0:0:0:0:0:0:1 - - [22/Jan/2019:16:41:30 +0800] "GET /manage/account/toLogin HTTP/1.1" 200 3223 7
0:0:0:0:0:0:0:1 - - [22/Jan/2019:16:41:30 +0800] "GET /static/js/jquery-2.1.1.js HTTP/1.1" 200 84247 6
0:0:0:0:0:0:0:1 - - [22/Jan/2019:16:41:30 +0800] "GET /static/css/login/bootstrap.css HTTP/1.1" 200 126969 8
0:0:0:0:0:0:0:1 - - [22/Jan/2019:16:41:30 +0800] "GET /static/css/login/app.css HTTP/1.1" 200 107519 6
0:0:0:0:0:0:0:1 - - [22/Jan/2019:16:41:30 +0800] "GET /static/css/login/simple-line-icons.css HTTP/1.1" 200 11717 6
0:0:0:0:0:0:0:1 - - [22/Jan/2019:16:41:30 +0800] "GET /XiaoyudiApplication/static/images/login/Simple-Line-Icons.woff HTTP/1.1" 404 177 5
0:0:0:0:0:0:0:1 - - [22/Jan/2019:16:41:30 +0800] "GET /static/images/login/bodybg.jpg HTTP/1.1" 200 21275 7
0:0:0:0:0:0:0:1 - - [22/Jan/2019:16:41:30 +0800] "GET /XiaoyudiApplication/static/images/login/Simple-Line-Icons.ttf HTTP/1.1" 404 176 7
0:0:0:0:0:0:0:1 - - [22/Jan/2019:16:42:42 +0800] "GET /manage/account/toLogin HTTP/1.1" 200 3223 15
0:0:0:0:0:0:0:1 - - [22/Jan/2019:16:42:42 +0800] "GET /static/css/login/simple-line-icons.css HTTP/1.1" 200 11717 8
0:0:0:0:0:0:0:1 - - [22/Jan/2019:16:42:42 +0800] "GET /static/css/login/bootstrap.css HTTP/1.1" 200 126969 9
0:0:0:0:0:0:0:1 - - [22/Jan/2019:16:42:42 +0800] "GET /static/js/jquery-2.1.1.js HTTP/1.1" 200 84247 11
0:0:0:0:0:0:0:1 - - [22/Jan/2019:16:42:42 +0800] "GET /static/css/login/app.css HTTP/1.1" 200 107519 14
0:0:0:0:0:0:0:1 - - [22/Jan/2019:16:42:42 +0800] "GET /static/images/login/bodybg.jpg HTTP/1.1" 200 21275 5
0:0:0:0:0:0:0:1 - - [22/Jan/2019:16:42:42 +0800] "GET /XiaoyudiApplication/static/images/login/Simple-Line-Icons.woff HTTP/1.1" 404 177 6
0:0:0:0:0:0:0:1 - - [22/Jan/2019:16:42:42 +0800] "GET /XiaoyudiApplication/static/images/login/Simple-Line-Icons.ttf HTTP/1.1" 404 176 7
0:0:0:0:0:0:0:1 - - [22/Jan/2019:16:42:42 +0800] "GET /favicon.ico HTTP/1.1" 200 946 6
0:0:0:0:0:0:0:1 - - [22/Jan/2019:16:43:17 +0800] "GET /manage/account/toLogin HTTP/1.1" 200 3223 9
0:0:0:0:0:0:0:1 - - [22/Jan/2019:16:43:17 +0800] "GET /static/css/login/simple-line-icons.css HTTP/1.1" 200 11717 5
0:0:0:0:0:0:0:1 - - [22/Jan/2019:16:43:17 +0800] "GET /static/css/login/bootstrap.css HTTP/1.1" 200 126969 9
0:0:0:0:0:0:0:1 - - [22/Jan/2019:16:43:17 +0800] "GET /static/css/login/app.css HTTP/1.1" 200 107519 9
0:0:0:0:0:0:0:1 - - [22/Jan/2019:16:43:17 +0800] "GET /static/js/jquery-2.1.1.js HTTP/1.1" 200 84247 12
0:0:0:0:0:0:0:1 - - [22/Jan/2019:16:43:17 +0800] "GET /static/images/login/bodybg.jpg HTTP/1.1" 200 21275 5
0:0:0:0:0:0:0:1 - - [22/Jan/2019:16:43:17 +0800] "GET /XiaoyudiApplication/static/images/login/Simple-Line-Icons.woff HTTP/1.1" 404 177 6
0:0:0:0:0:0:0:1 - - [22/Jan/2019:16:43:17 +0800] "GET /XiaoyudiApplication/static/images/login/Simple-Line-Icons.ttf HTTP/1.1" 404 176 6
0:0:0:0:0:0:0:1 - - [22/Jan/2019:16:43:17 +0800] "GET /favicon.ico HTTP/1.1" 200 946 4
0:0:0:0:0:0:0:1 - - [22/Jan/2019:16:43:27 +0800] "POST /manage/account/login HTTP/1.1" 200 221 18
0:0:0:0:0:0:0:1 - - [22/Jan/2019:16:43:28 +0800] "GET /manage/account/toindexPage HTTP/1.1" 200 19365 16
0:0:0:0:0:0:0:1 - - [22/Jan/2019:16:43:28 +0800] "GET /static/font-awesome/css/font-awesome.css HTTP/1.1" 200 28747 7
0:0:0:0:0:0:0:1 - - [22/Jan/2019:16:43:28 +0800] "GET /static/css/bootstrap.min.css HTTP/1.1" 200 117305 16
0:0:0:0:0:0:0:1 - - [22/Jan/2019:16:43:28 +0800] "GET /static/css/style.css HTTP/1.1" 200 156956 7
0:0:0:0:0:0:0:1 - - [22/Jan/2019:16:43:28 +0800] "GET /static/css/plugins/dataTables/dataTables.bootstrap.css HTTP/1.1" 200 5178 7
0:0:0:0:0:0:0:1 - - [22/Jan/2019:16:43:28 +0800] "GET /static/css/plugins/dataTables/dataTables.tableTools.min.css HTTP/1.1" 200 6601 4
0:0:0:0:0:0:0:1 - - [22/Jan/2019:16:43:28 +0800] "GET /static/js/plugins/gritter/jquery.gritter.css HTTP/1.1" 200 2556 3
0:0:0:0:0:0:0:1 - - [22/Jan/2019:16:43:28 +0800] "GET /static/css/plugins/datapicker/bootstrap-datetimepicker.min.css HTTP/1.1" 200 7771 5
0:0:0:0:0:0:0:1 - - [22/Jan/2019:16:43:28 +0800] "GET /static/css/animate.css HTTP/1.1" 200 68411 3
0:0:0:0:0:0:0:1 - - [22/Jan/2019:16:43:28 +0800] "GET /static/js/jquery-2.1.1.js HTTP/1.1" 200 84247 5
0:0:0:0:0:0:0:1 - - [22/Jan/2019:16:43:28 +0800] "GET /static/js/plugins/metisMenu/jquery.metisMenu.js HTTP/1.1" 200 3265 3
0:0:0:0:0:0:0:1 - - [22/Jan/2019:16:43:28 +0800] "GET /static/js/inspinia.js HTTP/1.1" 200 8107 4
0:0:0:0:0:0:0:1 - - [22/Jan/2019:16:43:28 +0800] "GET /static/js/bootstrap.min.js HTTP/1.1" 200 37045 7
0:0:0:0:0:0:0:1 - - [22/Jan/2019:16:43:28 +0800] "GET /static/js/bootstrap-switch.js HTTP/1.1" 200 26858 7
0:0:0:0:0:0:0:1 - - [22/Jan/2019:16:43:28 +0800] "GET /static/js/jquery-migrate-1.1.0.min.js HTTP/1.1" 200 6968 3
0:0:0:0:0:0:0:1 - - [22/Jan/2019:16:43:28 +0800] "GET /static/js/plugins/slimscroll/jquery.slimscroll.min.js HTTP/1.1" 200 4682 5
0:0:0:0:0:0:0:1 - - [22/Jan/2019:16:43:28 +0800] "GET /static/js/plugins/pace/pace.min.js HTTP/1.1" 200 12364 4
0:0:0:0:0:0:0:1 - - [22/Jan/2019:16:43:28 +0800] "GET /static/css/bootstrap-switch.css HTTP/1.1" 200 6993 49
0:0:0:0:0:0:0:1 - - [22/Jan/2019:16:43:28 +0800] "GET /static/css/plugins/dataTables/dataTables.responsive.css HTTP/1.1" 200 2626 3
0:0:0:0:0:0:0:1 - - [22/Jan/2019:16:43:28 +0800] "GET /static/css/plugins/toastr/toastr.min.css HTTP/1.1" 200 6882 63
0:0:0:0:0:0:0:1 - - [22/Jan/2019:16:43:28 +0800] "GET /static/js/jquery-ui-1.10.4.min.js HTTP/1.1" 200 228539 18
0:0:0:0:0:0:0:1 - - [22/Jan/2019:16:43:28 +0800] "GET /static/js/plugins/dataTables/dataTables.bootstrap.js HTTP/1.1" 200 9614 9
0:0:0:0:0:0:0:1 - - [22/Jan/2019:16:43:28 +0800] "GET /static/ckeditor/ckeditor.js HTTP/1.1" 200 567997 23
0:0:0:0:0:0:0:1 - - [22/Jan/2019:16:43:28 +0800] "GET /static/js/plugins/dataTables/jquery.dataTables.js HTTP/1.1" 200 434957 39
0:0:0:0:0:0:0:1 - - [22/Jan/2019:16:43:28 +0800] "GET /static/js/plugins/jsTree/jstree.min.js HTTP/1.1" 200 118089 8
0:0:0:0:0:0:0:1 - - [22/Jan/2019:16:43:28 +0800] "GET /static/js/plugins/dataTables/dataTables.tableTools.min.js HTTP/1.1" 200 31626 7
0:0:0:0:0:0:0:1 - - [22/Jan/2019:16:43:28 +0800] "GET /static/js/plugins/datapicker/bootstrap-datetimepicker.min.js HTTP/1.1" 200 48881 8
0:0:0:0:0:0:0:1 - - [22/Jan/2019:16:43:28 +0800] "GET /static/js/layer/layer.js HTTP/1.1" 200 25196 6
0:0:0:0:0:0:0:1 - - [22/Jan/2019:16:43:28 +0800] "GET /static/js/jquery.ajaxfileupload.js HTTP/1.1" 200 5785 5
0:0:0:0:0:0:0:1 - - [22/Jan/2019:16:43:28 +0800] "GET /static/js/sha1.js HTTP/1.1" 200 5752 5
0:0:0:0:0:0:0:1 - - [22/Jan/2019:16:43:28 +0800] "GET /static/js/plugins/datapicker/Moment.js HTTP/1.1" 200 387799 31
0:0:0:0:0:0:0:1 - - [22/Jan/2019:16:43:28 +0800] "GET /static/images/page/baidumarker.png HTTP/1.1" 200 2877 6
0:0:0:0:0:0:0:1 - - [22/Jan/2019:16:43:28 +0800] "GET /static/js/plugins/dataTables/dataTables.responsive.js HTTP/1.1" 200 32864 28
0:0:0:0:0:0:0:1 - - [22/Jan/2019:16:43:28 +0800] "GET /static/js/plugins/chosen/chosen.jquery.js HTTP/1.1" 200 51376 16
0:0:0:0:0:0:0:1 - - [22/Jan/2019:16:43:28 +0800] "GET /static/js/layer/skin/layer.css HTTP/1.1" 200 14048 5
0:0:0:0:0:0:0:1 - - [22/Jan/2019:16:43:28 +0800] "GET /static/css/patterns/header-profile.png HTTP/1.1" 200 5877 5
0:0:0:0:0:0:0:1 - - [22/Jan/2019:16:43:28 +0800] "GET /static/font-awesome/fonts/fontawesome-webfont.woff2?v=4.3.0 HTTP/1.1" 200 56780 6
0:0:0:0:0:0:0:1 - - [22/Jan/2019:16:43:28 +0800] "POST /manage/account/getUserAccessList HTTP/1.1" 200 8121 49
0:0:0:0:0:0:0:1 - - [22/Jan/2019:16:43:30 +0800] "GET /manage/account/loginOut HTTP/1.1" 302 - 4
0:0:0:0:0:0:0:1 - - [22/Jan/2019:16:43:30 +0800] "GET /manage/account/toLogin HTTP/1.1" 200 3223 5
0:0:0:0:0:0:0:1 - - [22/Jan/2019:16:43:30 +0800] "GET /static/js/jquery-2.1.1.js HTTP/1.1" 200 84247 7
0:0:0:0:0:0:0:1 - - [22/Jan/2019:16:43:30 +0800] "GET /static/css/login/bootstrap.css HTTP/1.1" 200 126969 5
0:0:0:0:0:0:0:1 - - [22/Jan/2019:16:43:30 +0800] "GET /static/css/login/simple-line-icons.css HTTP/1.1" 200 11717 4
0:0:0:0:0:0:0:1 - - [22/Jan/2019:16:43:30 +0800] "GET /static/css/login/app.css HTTP/1.1" 200 107519 9
0:0:0:0:0:0:0:1 - - [22/Jan/2019:16:43:30 +0800] "GET /static/images/login/bodybg.jpg HTTP/1.1" 200 21275 5
0:0:0:0:0:0:0:1 - - [22/Jan/2019:16:43:30 +0800] "GET /XiaoyudiApplication/static/images/login/Simple-Line-Icons.woff HTTP/1.1" 404 177 7
0:0:0:0:0:0:0:1 - - [22/Jan/2019:16:43:30 +0800] "GET /XiaoyudiApplication/static/images/login/Simple-Line-Icons.ttf HTTP/1.1" 404 176 4
0:0:0:0:0:0:0:1 - - [22/Jan/2019:16:43:44 +0800] "GET /static/css/login/simple-line-icons.css HTTP/1.1" 200 11717 6
0:0:0:0:0:0:0:1 - - [22/Jan/2019:16:43:44 +0800] "GET /static/css/login/app.css HTTP/1.1" 200 107519 8
0:0:0:0:0:0:0:1 - - [22/Jan/2019:16:43:44 +0800] "GET /static/css/login/bootstrap.css HTTP/1.1" 200 126969 11
0:0:0:0:0:0:0:1 - - [22/Jan/2019:16:44:10 +0800] "GET /manage/account/toLogin HTTP/1.1" 200 3157 198
0:0:0:0:0:0:0:1 - - [22/Jan/2019:16:44:11 +0800] "GET /static/css/login/simple-line-icons.css HTTP/1.1" 200 11717 6
0:0:0:0:0:0:0:1 - - [22/Jan/2019:16:44:11 +0800] "GET /static/css/login/app.css HTTP/1.1" 200 107519 71
0:0:0:0:0:0:0:1 - - [22/Jan/2019:16:44:11 +0800] "GET /static/css/login/bootstrap.css HTTP/1.1" 200 126969 74
0:0:0:0:0:0:0:1 - - [22/Jan/2019:16:44:11 +0800] "GET /static/js/jquery-2.1.1.js HTTP/1.1" 200 84247 76
0:0:0:0:0:0:0:1 - - [22/Jan/2019:16:44:11 +0800] "GET /static/images/login/bodybg.jpg HTTP/1.1" 200 21275 6
0:0:0:0:0:0:0:1 - - [22/Jan/2019:16:44:11 +0800] "GET /favicon.ico HTTP/1.1" 200 946 6
0:0:0:0:0:0:0:1 - - [22/Jan/2019:16:44:20 +0800] "GET /manage/account/toLogin HTTP/1.1" 200 3150 163
0:0:0:0:0:0:0:1 - - [22/Jan/2019:16:44:20 +0800] "GET /static/css/login/simple-line-icons.css HTTP/1.1" 200 11717 6
0:0:0:0:0:0:0:1 - - [22/Jan/2019:16:44:20 +0800] "GET /static/js/jquery-2.1.1.js HTTP/1.1" 200 84247 11
0:0:0:0:0:0:0:1 - - [22/Jan/2019:16:44:20 +0800] "GET /static/css/login/bootstrap.css HTTP/1.1" 200 126969 11
0:0:0:0:0:0:0:1 - - [22/Jan/2019:16:44:20 +0800] "GET /static/css/login/app.css HTTP/1.1" 200 107519 13
0:0:0:0:0:0:0:1 - - [22/Jan/2019:16:44:20 +0800] "GET /static/images/login/bodybg.jpg HTTP/1.1" 200 21275 5
0:0:0:0:0:0:0:1 - - [22/Jan/2019:16:44:20 +0800] "GET /favicon.ico HTTP/1.1" 200 946 6
0:0:0:0:0:0:0:1 - - [22/Jan/2019:16:44:22 +0800] "POST /manage/account/login HTTP/1.1" 200 221 17
0:0:0:0:0:0:0:1 - - [22/Jan/2019:16:44:23 +0800] "GET /manage/account/toindexPage HTTP/1.1" 200 19365 16
0:0:0:0:0:0:0:1 - - [22/Jan/2019:16:44:23 +0800] "GET /static/css/bootstrap.min.css HTTP/1.1" 200 117305 8
0:0:0:0:0:0:0:1 - - [22/Jan/2019:16:44:23 +0800] "GET /static/css/bootstrap-switch.css HTTP/1.1" 200 6993 7
0:0:0:0:0:0:0:1 - - [22/Jan/2019:16:44:23 +0800] "GET /static/font-awesome/css/font-awesome.css HTTP/1.1" 200 28747 6
0:0:0:0:0:0:0:1 - - [22/Jan/2019:16:44:23 +0800] "GET /static/js/plugins/gritter/jquery.gritter.css HTTP/1.1" 200 2556 3
0:0:0:0:0:0:0:1 - - [22/Jan/2019:16:44:23 +0800] "GET /static/css/plugins/toastr/toastr.min.css HTTP/1.1" 200 6882 6
0:0:0:0:0:0:0:1 - - [22/Jan/2019:16:44:23 +0800] "GET /static/css/plugins/dataTables/dataTables.bootstrap.css HTTP/1.1" 200 5178 6
0:0:0:0:0:0:0:1 - - [22/Jan/2019:16:44:23 +0800] "GET /static/css/animate.css HTTP/1.1" 200 68411 8
0:0:0:0:0:0:0:1 - - [22/Jan/2019:16:44:23 +0800] "GET /static/css/plugins/dataTables/dataTables.responsive.css HTTP/1.1" 200 2626 5
0:0:0:0:0:0:0:1 - - [22/Jan/2019:16:44:23 +0800] "GET /static/css/plugins/dataTables/dataTables.tableTools.min.css HTTP/1.1" 200 6601 4
0:0:0:0:0:0:0:1 - - [22/Jan/2019:16:44:23 +0800] "GET /static/js/bootstrap.min.js HTTP/1.1" 200 37045 4
0:0:0:0:0:0:0:1 - - [22/Jan/2019:16:44:23 +0800] "GET /static/js/bootstrap-switch.js HTTP/1.1" 200 26858 5
0:0:0:0:0:0:0:1 - - [22/Jan/2019:16:44:23 +0800] "GET /static/css/style.css HTTP/1.1" 200 156956 12
0:0:0:0:0:0:0:1 - - [22/Jan/2019:16:44:23 +0800] "GET /static/css/plugins/datapicker/bootstrap-datetimepicker.min.css HTTP/1.1" 200 7771 5
0:0:0:0:0:0:0:1 - - [22/Jan/2019:16:44:23 +0800] "GET /static/js/plugins/pace/pace.min.js HTTP/1.1" 200 12364 3
0:0:0:0:0:0:0:1 - - [22/Jan/2019:16:44:23 +0800] "GET /static/js/plugins/metisMenu/jquery.metisMenu.js HTTP/1.1" 200 3265 3
0:0:0:0:0:0:0:1 - - [22/Jan/2019:16:44:23 +0800] "GET /static/js/plugins/slimscroll/jquery.slimscroll.min.js HTTP/1.1" 200 4682 6
0:0:0:0:0:0:0:1 - - [22/Jan/2019:16:44:23 +0800] "GET /static/js/inspinia.js HTTP/1.1" 200 8107 3
0:0:0:0:0:0:0:1 - - [22/Jan/2019:16:44:23 +0800] "GET /static/js/jquery-2.1.1.js HTTP/1.1" 200 84247 9
0:0:0:0:0:0:0:1 - - [22/Jan/2019:16:44:23 +0800] "GET /static/js/jquery-migrate-1.1.0.min.js HTTP/1.1" 200 6968 4
0:0:0:0:0:0:0:1 - - [22/Jan/2019:16:44:23 +0800] "GET /static/js/jquery-ui-1.10.4.min.js HTTP/1.1" 200 228539 9
0:0:0:0:0:0:0:1 - - [22/Jan/2019:16:44:23 +0800] "GET /static/js/plugins/dataTables/dataTables.responsive.js HTTP/1.1" 200 32864 6
0:0:0:0:0:0:0:1 - - [22/Jan/2019:16:44:23 +0800] "GET /static/js/plugins/dataTables/dataTables.bootstrap.js HTTP/1.1" 200 9614 3
0:0:0:0:0:0:0:1 - - [22/Jan/2019:16:44:23 +0800] "GET /static/js/plugins/dataTables/dataTables.tableTools.min.js HTTP/1.1" 200 31626 4
0:0:0:0:0:0:0:1 - - [22/Jan/2019:16:44:23 +0800] "GET /static/js/plugins/datapicker/bootstrap-datetimepicker.min.js HTTP/1.1" 200 48881 5
0:0:0:0:0:0:0:1 - - [22/Jan/2019:16:44:23 +0800] "GET /static/js/plugins/datapicker/Moment.js HTTP/1.1" 200 387799 14
0:0:0:0:0:0:0:1 - - [22/Jan/2019:16:44:23 +0800] "GET /static/js/plugins/dataTables/jquery.dataTables.js HTTP/1.1" 200 434957 24
0:0:0:0:0:0:0:1 - - [22/Jan/2019:16:44:23 +0800] "GET /static/js/plugins/jsTree/jstree.min.js HTTP/1.1" 200 118089 12
0:0:0:0:0:0:0:1 - - [22/Jan/2019:16:44:23 +0800] "GET /static/js/plugins/chosen/chosen.jquery.js HTTP/1.1" 200 51376 5
0:0:0:0:0:0:0:1 - - [22/Jan/2019:16:44:23 +0800] "GET /static/js/jquery.ajaxfileupload.js HTTP/1.1" 200 5785 3
0:0:0:0:0:0:0:1 - - [22/Jan/2019:16:44:23 +0800] "GET /static/js/sha1.js HTTP/1.1" 200 5752 2
0:0:0:0:0:0:0:1 - - [22/Jan/2019:16:44:23 +0800] "GET /static/js/layer/layer.js HTTP/1.1" 200 25196 6
0:0:0:0:0:0:0:1 - - [22/Jan/2019:16:44:23 +0800] "GET /static/images/page/baidumarker.png HTTP/1.1" 200 2877 4
0:0:0:0:0:0:0:1 - - [22/Jan/2019:16:44:23 +0800] "GET /static/ckeditor/ckeditor.js HTTP/1.1" 200 567997 55
0:0:0:0:0:0:0:1 - - [22/Jan/2019:16:44:23 +0800] "GET /static/js/layer/skin/layer.css HTTP/1.1" 200 14048 4
0:0:0:0:0:0:0:1 - - [22/Jan/2019:16:44:23 +0800] "GET /static/js/dist/jquery-migrate.min.map HTTP/1.1" 404 152 5
0:0:0:0:0:0:0:1 - - [22/Jan/2019:16:44:23 +0800] "GET /static/css/patterns/header-profile.png HTTP/1.1" 200 5877 5
0:0:0:0:0:0:0:1 - - [22/Jan/2019:16:44:23 +0800] "GET /static/font-awesome/fonts/fontawesome-webfont.woff2?v=4.3.0 HTTP/1.1" 200 56780 5
0:0:0:0:0:0:0:1 - - [22/Jan/2019:16:44:23 +0800] "POST /manage/account/getUserAccessList HTTP/1.1" 200 8121 37
0:0:0:0:0:0:0:1 - - [22/Jan/2019:16:44:25 +0800] "GET /static/css/login/simple-line-icons.css HTTP/1.1" 200 11717 5
0:0:0:0:0:0:0:1 - - [22/Jan/2019:16:44:25 +0800] "GET /static/css/login/bootstrap.css HTTP/1.1" 200 126969 11
0:0:0:0:0:0:0:1 - - [22/Jan/2019:16:44:25 +0800] "GET /static/css/login/app.css HTTP/1.1" 200 107519 13
0:0:0:0:0:0:0:1 - - [22/Jan/2019:16:46:04 +0800] "GET /manage/account/toLogin HTTP/1.1" 200 3152 165
0:0:0:0:0:0:0:1 - - [22/Jan/2019:16:46:04 +0800] "GET /static/js/jquery-2.1.1.js HTTP/1.1" 200 84247 7
0:0:0:0:0:0:0:1 - - [22/Jan/2019:16:46:04 +0800] "GET /static/css/login/simple-line-icons.css HTTP/1.1" 200 11717 4
0:0:0:0:0:0:0:1 - - [22/Jan/2019:16:46:04 +0800] "GET /static/css/login/app.css HTTP/1.1" 200 107519 11
0:0:0:0:0:0:0:1 - - [22/Jan/2019:16:46:04 +0800] "GET /static/css/login/bootstrap.css HTTP/1.1" 200 126969 16
0:0:0:0:0:0:0:1 - - [22/Jan/2019:16:46:04 +0800] "GET /static/images/login/yudee_bg.png HTTP/1.1" 200 841898 81
0:0:0:0:0:0:0:1 - - [22/Jan/2019:16:46:04 +0800] "GET /favicon.ico HTTP/1.1" 200 946 8
0:0:0:0:0:0:0:1 - - [22/Jan/2019:16:46:44 +0800] "GET /static/css/login/simple-line-icons.css HTTP/1.1" 200 11717 7
0:0:0:0:0:0:0:1 - - [22/Jan/2019:16:46:44 +0800] "GET /static/css/login/bootstrap.css HTTP/1.1" 200 126969 12
0:0:0:0:0:0:0:1 - - [22/Jan/2019:16:46:44 +0800] "GET /static/css/login/app.css HTTP/1.1" 200 107519 13
0:0:0:0:0:0:0:1 - - [22/Jan/2019:16:52:04 +0800] "GET /manage/account/toLogin HTTP/1.1" 200 3153 214
0:0:0:0:0:0:0:1 - - [22/Jan/2019:16:52:05 +0800] "GET /static/css/login/app.css HTTP/1.1" 200 107519 19
0:0:0:0:0:0:0:1 - - [22/Jan/2019:16:52:05 +0800] "GET /static/css/login/bootstrap.css HTTP/1.1" 200 126970 20
0:0:0:0:0:0:0:1 - - [22/Jan/2019:16:52:05 +0800] "GET /static/css/login/simple-line-icons.css HTTP/1.1" 200 11717 5
0:0:0:0:0:0:0:1 - - [22/Jan/2019:16:52:05 +0800] "GET /static/js/jquery-2.1.1.js HTTP/1.1" 200 84247 26
0:0:0:0:0:0:0:1 - - [22/Jan/2019:16:52:05 +0800] "GET /static/images/login/yudee_bg.png HTTP/1.1" 200 841898 98
0:0:0:0:0:0:0:1 - - [22/Jan/2019:16:52:05 +0800] "GET /favicon.ico HTTP/1.1" 200 946 6
0:0:0:0:0:0:0:1 - - [22/Jan/2019:16:54:56 +0800] "GET /manage/account/toLogin HTTP/1.1" 200 3153 10
0:0:0:0:0:0:0:1 - - [22/Jan/2019:16:54:56 +0800] "GET /static/css/login/simple-line-icons.css HTTP/1.1" 200 11717 5
0:0:0:0:0:0:0:1 - - [22/Jan/2019:16:54:56 +0800] "GET /static/js/jquery-2.1.1.js HTTP/1.1" 200 84247 14
0:0:0:0:0:0:0:1 - - [22/Jan/2019:16:54:56 +0800] "GET /static/css/login/app.css HTTP/1.1" 200 107519 7
0:0:0:0:0:0:0:1 - - [22/Jan/2019:16:54:56 +0800] "GET /static/css/login/bootstrap.css HTTP/1.1" 200 126970 13
0:0:0:0:0:0:0:1 - - [22/Jan/2019:16:54:57 +0800] "GET /static/images/login/yudee_bg.png HTTP/1.1" 200 841898 74
0:0:0:0:0:0:0:1 - - [22/Jan/2019:16:54:57 +0800] "GET /favicon.ico HTTP/1.1" 200 946 9
0:0:0:0:0:0:0:1 - - [22/Jan/2019:16:55:20 +0800] "GET /manage/account/toLogin HTTP/1.1" 200 3153 11
0:0:0:0:0:0:0:1 - - [22/Jan/2019:16:55:20 +0800] "GET /static/css/login/simple-line-icons.css HTTP/1.1" 200 11717 6
0:0:0:0:0:0:0:1 - - [22/Jan/2019:16:55:20 +0800] "GET /static/css/login/bootstrap.css HTTP/1.1" 200 126970 11
0:0:0:0:0:0:0:1 - - [22/Jan/2019:16:55:20 +0800] "GET /static/js/jquery-2.1.1.js HTTP/1.1" 200 84247 14
0:0:0:0:0:0:0:1 - - [22/Jan/2019:16:55:20 +0800] "GET /static/css/login/app.css HTTP/1.1" 200 107519 10
0:0:0:0:0:0:0:1 - - [22/Jan/2019:16:55:20 +0800] "GET /static/images/login/yudee_bg.png HTTP/1.1" 200 841898 38
0:0:0:0:0:0:0:1 - - [22/Jan/2019:16:55:20 +0800] "GET /favicon.ico HTTP/1.1" 200 946 4
0:0:0:0:0:0:0:1 - - [22/Jan/2019:16:55:44 +0800] "GET /static/css/login/simple-line-icons.css HTTP/1.1" 200 11717 4
0:0:0:0:0:0:0:1 - - [22/Jan/2019:16:55:44 +0800] "GET /static/css/login/app.css HTTP/1.1" 200 107519 8
0:0:0:0:0:0:0:1 - - [22/Jan/2019:16:55:44 +0800] "GET /static/css/login/bootstrap.css HTTP/1.1" 200 126970 10
0:0:0:0:0:0:0:1 - - [22/Jan/2019:16:57:55 +0800] "GET /manage/account/toLogin HTTP/1.1" 200 3153 9
0:0:0:0:0:0:0:1 - - [22/Jan/2019:16:57:55 +0800] "GET /static/js/jquery-2.1.1.js HTTP/1.1" 200 84247 8
0:0:0:0:0:0:0:1 - - [22/Jan/2019:16:57:55 +0800] "GET /static/css/login/simple-line-icons.css HTTP/1.1" 200 11717 2
0:0:0:0:0:0:0:1 - - [22/Jan/2019:16:57:55 +0800] "GET /static/css/login/bootstrap.css HTTP/1.1" 200 126970 10
0:0:0:0:0:0:0:1 - - [22/Jan/2019:16:57:55 +0800] "GET /static/css/login/app.css HTTP/1.1" 200 107540 6
0:0:0:0:0:0:0:1 - - [22/Jan/2019:16:57:56 +0800] "GET /static/images/login/yudee_bg.png HTTP/1.1" 200 841898 113
0:0:0:0:0:0:0:1 - - [22/Jan/2019:16:57:56 +0800] "GET /favicon.ico HTTP/1.1" 200 946 8
0:0:0:0:0:0:0:1 - - [22/Jan/2019:16:57:59 +0800] "GET /manage/account/toLogin HTTP/1.1" 200 3153 3
0:0:0:0:0:0:0:1 - - [22/Jan/2019:16:57:59 +0800] "GET /static/js/jquery-2.1.1.js HTTP/1.1" 200 84247 42
0:0:0:0:0:0:0:1 - - [22/Jan/2019:16:57:59 +0800] "GET /static/css/login/simple-line-icons.css HTTP/1.1" 200 11717 4
0:0:0:0:0:0:0:1 - - [22/Jan/2019:16:57:59 +0800] "GET /static/css/login/bootstrap.css HTTP/1.1" 200 126970 46
0:0:0:0:0:0:0:1 - - [22/Jan/2019:16:57:59 +0800] "GET /static/css/login/app.css HTTP/1.1" 200 107540 8
0:0:0:0:0:0:0:1 - - [22/Jan/2019:16:57:59 +0800] "GET /static/images/login/yudee_bg.png HTTP/1.1" 200 841898 34
0:0:0:0:0:0:0:1 - - [22/Jan/2019:16:57:59 +0800] "GET /favicon.ico HTTP/1.1" 200 946 3
0:0:0:0:0:0:0:1 - - [22/Jan/2019:16:58:17 +0800] "GET /manage/account/toLogin HTTP/1.1" 200 3153 7
0:0:0:0:0:0:0:1 - - [22/Jan/2019:16:58:17 +0800] "GET /static/css/login/bootstrap.css HTTP/1.1" 200 126970 10
0:0:0:0:0:0:0:1 - - [22/Jan/2019:16:58:17 +0800] "GET /static/js/jquery-2.1.1.js HTTP/1.1" 200 84247 7
0:0:0:0:0:0:0:1 - - [22/Jan/2019:16:58:17 +0800] "GET /static/css/login/simple-line-icons.css HTTP/1.1" 200 11717 8
0:0:0:0:0:0:0:1 - - [22/Jan/2019:16:58:17 +0800] "GET /static/css/login/app.css HTTP/1.1" 200 107542 7
0:0:0:0:0:0:0:1 - - [22/Jan/2019:16:58:17 +0800] "GET /static/images/login/yudee_bg.png HTTP/1.1" 200 841898 33
0:0:0:0:0:0:0:1 - - [22/Jan/2019:16:58:17 +0800] "GET /favicon.ico HTTP/1.1" 200 946 8
0:0:0:0:0:0:0:1 - - [22/Jan/2019:19:35:29 +0800] "GET /app/statistics/noun/dayInfo?token=0ftiRQbnCGIvodqD96OGsg==&module=1&scene=2 HTTP/1.1" 200 75 1092
0:0:0:0:0:0:0:1 - - [22/Jan/2019:19:36:27 +0800] "GET /app/statistics/noun/dayInfo?token=0ftiRQbnCGIvodqD96OGsg==&module=1&scene=2 HTTP/1.1" 200 75 6694
0:0:0:0:0:0:0:1 - - [22/Jan/2019:19:37:00 +0800] "GET /app/statistics/noun/dayInfo?token=0ftiRQbnCGIvodqD96OGsg==&module=1&scene=2 HTTP/1.1" 200 1350 6258
0:0:0:0:0:0:0:1 - - [22/Jan/2019:19:50:22 +0800] "GET /app/statistics/noun/monthInfo?token=0ftiRQbnCGIvodqD96OGsg==&module=1&scene=2 HTTP/1.1" 200 756 1110
0:0:0:0:0:0:0:1 - - [22/Jan/2019:19:58:40 +0800] "GET /app/statistics/noun/monthInfo?token=0ftiRQbnCGIvodqD96OGsg==&module=1&scene=2 HTTP/1.1" 200 907 1283
0:0:0:0:0:0:0:1 - - [22/Jan/2019:20:04:58 +0800] "GET /app/statistics/noun/monthInfo?token=0ftiRQbnCGIvodqD96OGsg==&module=1&scene=2 HTTP/1.1" 200 759 563
0:0:0:0:0:0:0:1 - - [22/Jan/2019:20:05:23 +0800] "GET /app/statistics/noun/weekInfo?token=0ftiRQbnCGIvodqD96OGsg==&module=1&scene=2 HTTP/1.1" 200 567 118
0:0:0:0:0:0:0:1 - - [22/Jan/2019:20:06:00 +0800] "GET /app/statistics/noun/weekInfo?token=0ftiRQbnCGIvodqD96OGsg==&module=1&scene=2 HTTP/1.1" 200 567 136
0:0:0:0:0:0:0:1 - - [22/Jan/2019:20:06:45 +0800] "GET /app/statistics/noun/weekInfo?token=0ftiRQbnCGIvodqD96OGsg==&module=1&scene=2 HTTP/1.1" 200 567 33535
0:0:0:0:0:0:0:1 - - [22/Jan/2019:20:14:11 +0800] "GET /app/statistics/noun/weekInfo?token=0ftiRQbnCGIvodqD96OGsg==&module=1&scene=2 HTTP/1.1" 200 567 16704
0:0:0:0:0:0:0:1 - - [22/Jan/2019:20:15:07 +0800] "GET /app/statistics/noun/weekInfo?token=0ftiRQbnCGIvodqD96OGsg==&module=1&scene=2 HTTP/1.1" 200 567 531
0:0:0:0:0:0:0:1 - - [22/Jan/2019:20:15:38 +0800] "GET /app/statistics/noun/monthInfo?token=0ftiRQbnCGIvodqD96OGsg==&module=1&scene=2 HTTP/1.1" 200 759 1662
0:0:0:0:0:0:0:1 - - [22/Jan/2019:20:16:13 +0800] "GET /app/statistics/noun/monthInfo?token=0ftiRQbnCGIvodqD96OGsg==&module=1&scene=2 HTTP/1.1" 200 759 521
0:0:0:0:0:0:0:1 - - [22/Jan/2019:20:16:21 +0800] "GET /app/statistics/noun/monthInfo?token=0ftiRQbnCGIvodqD96OGsg==&module=2&scene=2 HTTP/1.1" 200 758 123
0:0:0:0:0:0:0:1 - - [22/Jan/2019:20:25:53 +0800] "GET /app/statistics/noun/monthInfo?token=0ftiRQbnCGIvodqD96OGsg==&module=1&scene=2 HTTP/1.1" 200 759 1233
0:0:0:0:0:0:0:1 - - [22/Jan/2019:20:26:09 +0800] "GET /app/statistics/noun/monthInfo?token=0ftiRQbnCGIvodqD96OGsg==&module=1&scene=2 HTTP/1.1" 200 760 120
