0:0:0:0:0:0:0:1 - - [18/Jan/2019:15:05:52 +0800] "GET / HTTP/1.1" 200 7459 578
0:0:0:0:0:0:0:1 - - [18/Jan/2019:15:05:52 +0800] "GET /static/css/bootstrap-switch.css HTTP/1.1" 200 6993 54
0:0:0:0:0:0:0:1 - - [18/Jan/2019:15:05:52 +0800] "GET /static/css/plugins/toastr/toastr.min.css HTTP/1.1" 200 6882 42
0:0:0:0:0:0:0:1 - - [18/Jan/2019:15:05:52 +0800] "GET /static/js/plugins/gritter/jquery.gritter.css HTTP/1.1" 200 2556 66
0:0:0:0:0:0:0:1 - - [18/Jan/2019:15:05:52 +0800] "GET /static/font-awesome/css/font-awesome.css HTTP/1.1" 200 28747 63
0:0:0:0:0:0:0:1 - - [18/Jan/2019:15:05:52 +0800] "GET /static/css/bootstrap.min.css HTTP/1.1" 200 117305 62
0:0:0:0:0:0:0:1 - - [18/Jan/2019:15:05:52 +0800] "GET /static/css/plugins/dataTables/dataTables.tableTools.min.css HTTP/1.1" 200 6601 21
0:0:0:0:0:0:0:1 - - [18/Jan/2019:15:05:52 +0800] "GET /static/css/plugins/dataTables/dataTables.bootstrap.css HTTP/1.1" 200 5178 23
0:0:0:0:0:0:0:1 - - [18/Jan/2019:15:05:52 +0800] "GET /static/css/animate.css HTTP/1.1" 200 68411 72
0:0:0:0:0:0:0:1 - - [18/Jan/2019:15:05:52 +0800] "GET /static/css/style.css HTTP/1.1" 200 156956 37
0:0:0:0:0:0:0:1 - - [18/Jan/2019:15:05:52 +0800] "GET /static/css/plugins/dataTables/dataTables.responsive.css HTTP/1.1" 200 2626 22
0:0:0:0:0:0:0:1 - - [18/Jan/2019:15:05:52 +0800] "GET /static/css/plugins/datapicker/bootstrap-datetimepicker.min.css HTTP/1.1" 200 7771 43
0:0:0:0:0:0:0:1 - - [18/Jan/2019:15:05:52 +0800] "GET /static/css/login/app.css HTTP/1.1" 200 107519 17
0:0:0:0:0:0:0:1 - - [18/Jan/2019:15:05:52 +0800] "GET /static/css/login/simple-line-icons.css HTTP/1.1" 200 11717 20
0:0:0:0:0:0:0:1 - - [18/Jan/2019:15:05:52 +0800] "GET /static/js/plugins/metisMenu/jquery.metisMenu.js HTTP/1.1" 200 3265 9
0:0:0:0:0:0:0:1 - - [18/Jan/2019:15:05:52 +0800] "GET /static/js/inspinia.js HTTP/1.1" 200 8107 7
0:0:0:0:0:0:0:1 - - [18/Jan/2019:15:05:52 +0800] "GET /static/js/bootstrap-switch.js HTTP/1.1" 200 26858 25
0:0:0:0:0:0:0:1 - - [18/Jan/2019:15:05:52 +0800] "GET /static/js/bootstrap.min.js HTTP/1.1" 200 37045 35
0:0:0:0:0:0:0:1 - - [18/Jan/2019:15:05:52 +0800] "GET /static/js/jquery-2.1.1.js HTTP/1.1" 200 84247 35
0:0:0:0:0:0:0:1 - - [18/Jan/2019:15:05:52 +0800] "GET /static/js/plugins/slimscroll/jquery.slimscroll.min.js HTTP/1.1" 200 4682 13
0:0:0:0:0:0:0:1 - - [18/Jan/2019:15:05:52 +0800] "GET /static/js/plugins/pace/pace.min.js HTTP/1.1" 200 12364 15
0:0:0:0:0:0:0:1 - - [18/Jan/2019:15:05:52 +0800] "GET /static/css/login/bootstrap.css HTTP/1.1" 200 126969 59
0:0:0:0:0:0:0:1 - - [18/Jan/2019:15:05:52 +0800] "GET /static/js/jquery-migrate-1.1.0.min.js HTTP/1.1" 200 6968 19
0:0:0:0:0:0:0:1 - - [18/Jan/2019:15:05:52 +0800] "GET /static/js/jquery-ui-1.10.4.min.js HTTP/1.1" 200 228539 23
0:0:0:0:0:0:0:1 - - [18/Jan/2019:15:05:52 +0800] "GET /static/js/plugins/dataTables/dataTables.bootstrap.js HTTP/1.1" 200 9614 22
0:0:0:0:0:0:0:1 - - [18/Jan/2019:15:05:52 +0800] "GET /static/ckeditor/ckeditor.js HTTP/1.1" 200 567997 35
0:0:0:0:0:0:0:1 - - [18/Jan/2019:15:05:52 +0800] "GET /static/js/plugins/dataTables/dataTables.tableTools.min.js HTTP/1.1" 200 31626 27
0:0:0:0:0:0:0:1 - - [18/Jan/2019:15:05:52 +0800] "GET /static/js/plugins/datapicker/bootstrap-datetimepicker.min.js HTTP/1.1" 200 48881 13
0:0:0:0:0:0:0:1 - - [18/Jan/2019:15:05:52 +0800] "GET /static/js/plugins/datapicker/Moment.js HTTP/1.1" 200 387799 33
0:0:0:0:0:0:0:1 - - [18/Jan/2019:15:05:52 +0800] "GET /static/js/sha1.js HTTP/1.1" 200 5752 34
0:0:0:0:0:0:0:1 - - [18/Jan/2019:15:05:52 +0800] "GET /static/js/plugins/chosen/chosen.jquery.js HTTP/1.1" 200 51376 45
0:0:0:0:0:0:0:1 - - [18/Jan/2019:15:05:52 +0800] "GET /static/js/plugins/dataTables/jquery.dataTables.js HTTP/1.1" 200 434957 84
0:0:0:0:0:0:0:1 - - [18/Jan/2019:15:05:52 +0800] "GET /static/js/layer/layer.js HTTP/1.1" 200 25196 39
0:0:0:0:0:0:0:1 - - [18/Jan/2019:15:05:52 +0800] "GET /static/js/plugins/jsTree/jstree.min.js HTTP/1.1" 200 118089 61
0:0:0:0:0:0:0:1 - - [18/Jan/2019:15:05:52 +0800] "GET /static/js/jquery.ajaxfileupload.js HTTP/1.1" 200 5785 7
0:0:0:0:0:0:0:1 - - [18/Jan/2019:15:05:52 +0800] "GET /static/js/plugins/dataTables/dataTables.responsive.js HTTP/1.1" 200 32864 88
0:0:0:0:0:0:0:1 - - [18/Jan/2019:15:05:53 +0800] "GET /static/js/layer/skin/layer.css HTTP/1.1" 200 14048 6
0:0:0:0:0:0:0:1 - - [18/Jan/2019:15:05:53 +0800] "GET /static/images/login/bodybg.jpg HTTP/1.1" 200 21275 9
0:0:0:0:0:0:0:1 - - [18/Jan/2019:15:05:53 +0800] "GET /XiaoyudiApplication/static/images/login/Simple-Line-Icons.woff HTTP/1.1" 404 177 96
0:0:0:0:0:0:0:1 - - [18/Jan/2019:15:05:53 +0800] "GET /XiaoyudiApplication/static/images/login/Simple-Line-Icons.ttf HTTP/1.1" 404 176 21
0:0:0:0:0:0:0:1 - - [18/Jan/2019:15:05:53 +0800] "GET /favicon.ico HTTP/1.1" 200 946 21
0:0:0:0:0:0:0:1 - - [18/Jan/2019:15:05:58 +0800] "POST /manage/account/login HTTP/1.1" 200 221 2133
0:0:0:0:0:0:0:1 - - [18/Jan/2019:15:05:59 +0800] "GET /static/font-awesome/css/font-awesome.css HTTP/1.1" 200 28747 5
0:0:0:0:0:0:0:1 - - [18/Jan/2019:15:05:59 +0800] "GET /static/css/plugins/toastr/toastr.min.css HTTP/1.1" 200 6882 5
0:0:0:0:0:0:0:1 - - [18/Jan/2019:15:05:59 +0800] "GET /static/css/bootstrap-switch.css HTTP/1.1" 200 6993 5
0:0:0:0:0:0:0:1 - - [18/Jan/2019:15:05:59 +0800] "GET /static/css/bootstrap.min.css HTTP/1.1" 200 117305 15
0:0:0:0:0:0:0:1 - - [18/Jan/2019:15:05:59 +0800] "GET /static/css/animate.css HTTP/1.1" 200 68411 10
0:0:0:0:0:0:0:1 - - [18/Jan/2019:15:05:59 +0800] "GET /static/css/plugins/dataTables/dataTables.tableTools.min.css HTTP/1.1" 200 6601 5
0:0:0:0:0:0:0:1 - - [18/Jan/2019:15:05:59 +0800] "GET /static/css/plugins/dataTables/dataTables.responsive.css HTTP/1.1" 200 2626 5
0:0:0:0:0:0:0:1 - - [18/Jan/2019:15:05:59 +0800] "GET /static/css/style.css HTTP/1.1" 200 156956 21
0:0:0:0:0:0:0:1 - - [18/Jan/2019:15:05:59 +0800] "GET /static/css/plugins/dataTables/dataTables.bootstrap.css HTTP/1.1" 200 5178 5
0:0:0:0:0:0:0:1 - - [18/Jan/2019:15:05:59 +0800] "GET /static/css/plugins/datapicker/bootstrap-datetimepicker.min.css HTTP/1.1" 200 7771 5
0:0:0:0:0:0:0:1 - - [18/Jan/2019:15:05:59 +0800] "GET /static/js/plugins/gritter/jquery.gritter.css HTTP/1.1" 200 2556 37
0:0:0:0:0:0:0:1 - - [18/Jan/2019:15:05:59 +0800] "GET /static/js/jquery-2.1.1.js HTTP/1.1" 200 84247 9
0:0:0:0:0:0:0:1 - - [18/Jan/2019:15:05:59 +0800] "GET /static/js/plugins/metisMenu/jquery.metisMenu.js HTTP/1.1" 200 3265 5
0:0:0:0:0:0:0:1 - - [18/Jan/2019:15:05:59 +0800] "GET /static/js/bootstrap-switch.js HTTP/1.1" 200 26858 7
0:0:0:0:0:0:0:1 - - [18/Jan/2019:15:05:59 +0800] "GET /static/js/plugins/slimscroll/jquery.slimscroll.min.js HTTP/1.1" 200 4682 4
0:0:0:0:0:0:0:1 - - [18/Jan/2019:15:05:59 +0800] "GET /static/js/bootstrap.min.js HTTP/1.1" 200 37045 7
0:0:0:0:0:0:0:1 - - [18/Jan/2019:15:05:59 +0800] "GET /static/js/jquery-migrate-1.1.0.min.js HTTP/1.1" 200 6968 5
0:0:0:0:0:0:0:1 - - [18/Jan/2019:15:05:59 +0800] "GET /static/js/plugins/pace/pace.min.js HTTP/1.1" 200 12364 7
0:0:0:0:0:0:0:1 - - [18/Jan/2019:15:05:59 +0800] "GET /static/js/jquery-ui-1.10.4.min.js HTTP/1.1" 200 228539 8
0:0:0:0:0:0:0:1 - - [18/Jan/2019:15:05:59 +0800] "GET /static/js/plugins/dataTables/dataTables.bootstrap.js HTTP/1.1" 200 9614 4
0:0:0:0:0:0:0:1 - - [18/Jan/2019:15:05:59 +0800] "GET /static/js/plugins/dataTables/dataTables.responsive.js HTTP/1.1" 200 32864 7
0:0:0:0:0:0:0:1 - - [18/Jan/2019:15:05:59 +0800] "GET /static/js/plugins/dataTables/dataTables.tableTools.min.js HTTP/1.1" 200 31626 4
0:0:0:0:0:0:0:1 - - [18/Jan/2019:15:05:59 +0800] "GET /static/js/plugins/datapicker/Moment.js HTTP/1.1" 200 387799 7
0:0:0:0:0:0:0:1 - - [18/Jan/2019:15:05:59 +0800] "GET /static/js/plugins/datapicker/bootstrap-datetimepicker.min.js HTTP/1.1" 200 48881 4
0:0:0:0:0:0:0:1 - - [18/Jan/2019:15:05:59 +0800] "GET /static/js/plugins/jsTree/jstree.min.js HTTP/1.1" 200 118089 6
0:0:0:0:0:0:0:1 - - [18/Jan/2019:15:05:59 +0800] "GET /static/js/plugins/chosen/chosen.jquery.js HTTP/1.1" 200 51376 5
0:0:0:0:0:0:0:1 - - [18/Jan/2019:15:05:59 +0800] "GET /static/js/plugins/dataTables/jquery.dataTables.js HTTP/1.1" 200 434957 27
0:0:0:0:0:0:0:1 - - [18/Jan/2019:15:05:59 +0800] "GET /static/js/layer/layer.js HTTP/1.1" 200 25196 7
0:0:0:0:0:0:0:1 - - [18/Jan/2019:15:05:59 +0800] "GET /static/js/sha1.js HTTP/1.1" 200 5752 4
0:0:0:0:0:0:0:1 - - [18/Jan/2019:15:05:59 +0800] "GET /static/js/jquery.ajaxfileupload.js HTTP/1.1" 200 5785 5
0:0:0:0:0:0:0:1 - - [18/Jan/2019:15:05:59 +0800] "GET /static/js/inspinia.js HTTP/1.1" 200 8107 52
0:0:0:0:0:0:0:1 - - [18/Jan/2019:15:05:59 +0800] "GET /static/images/page/baidumarker.png HTTP/1.1" 200 2877 8
0:0:0:0:0:0:0:1 - - [18/Jan/2019:15:05:59 +0800] "GET /static/ckeditor/ckeditor.js HTTP/1.1" 200 567997 57
0:0:0:0:0:0:0:1 - - [18/Jan/2019:15:06:00 +0800] "GET /manage/account/toindexPage HTTP/1.1" 200 19365 169
0:0:0:0:0:0:0:1 - - [18/Jan/2019:15:06:00 +0800] "GET /static/js/layer/skin/layer.css HTTP/1.1" 200 14048 14
0:0:0:0:0:0:0:1 - - [18/Jan/2019:15:06:00 +0800] "GET /static/css/patterns/header-profile.png HTTP/1.1" 200 5877 9
0:0:0:0:0:0:0:1 - - [18/Jan/2019:15:06:00 +0800] "GET /static/font-awesome/fonts/fontawesome-webfont.woff2?v=4.3.0 HTTP/1.1" 200 56780 9
0:0:0:0:0:0:0:1 - - [18/Jan/2019:15:06:00 +0800] "POST /manage/account/getUserAccessList HTTP/1.1" 200 8121 370
0:0:0:0:0:0:0:1 - - [18/Jan/2019:15:06:02 +0800] "GET /manage/roll/toPcdiList HTTP/1.1" 200 27456 37
0:0:0:0:0:0:0:1 - - [18/Jan/2019:15:06:02 +0800] "GET /static/css/bootstrap-switch.css HTTP/1.1" 200 6993 3
0:0:0:0:0:0:0:1 - - [18/Jan/2019:15:06:02 +0800] "GET /static/css/animate.css HTTP/1.1" 200 68411 10
0:0:0:0:0:0:0:1 - - [18/Jan/2019:15:06:02 +0800] "GET /static/font-awesome/css/font-awesome.css HTTP/1.1" 200 28747 11
0:0:0:0:0:0:0:1 - - [18/Jan/2019:15:06:02 +0800] "GET /static/js/plugins/gritter/jquery.gritter.css HTTP/1.1" 200 2556 5
0:0:0:0:0:0:0:1 - - [18/Jan/2019:15:06:02 +0800] "GET /static/css/plugins/dataTables/dataTables.responsive.css HTTP/1.1" 200 2626 4
0:0:0:0:0:0:0:1 - - [18/Jan/2019:15:06:02 +0800] "GET /static/css/plugins/dataTables/dataTables.bootstrap.css HTTP/1.1" 200 5178 4
0:0:0:0:0:0:0:1 - - [18/Jan/2019:15:06:02 +0800] "GET /static/css/bootstrap.min.css HTTP/1.1" 200 117305 21
0:0:0:0:0:0:0:1 - - [18/Jan/2019:15:06:02 +0800] "GET /static/css/style.css HTTP/1.1" 200 156956 10
0:0:0:0:0:0:0:1 - - [18/Jan/2019:15:06:02 +0800] "GET /static/css/plugins/dataTables/dataTables.tableTools.min.css HTTP/1.1" 200 6601 5
0:0:0:0:0:0:0:1 - - [18/Jan/2019:15:06:02 +0800] "GET /static/css/plugins/datapicker/bootstrap-datetimepicker.min.css HTTP/1.1" 200 7771 4
0:0:0:0:0:0:0:1 - - [18/Jan/2019:15:06:02 +0800] "GET /static/js/plugins/metisMenu/jquery.metisMenu.js HTTP/1.1" 200 3265 3
0:0:0:0:0:0:0:1 - - [18/Jan/2019:15:06:02 +0800] "GET /static/js/bootstrap-switch.js HTTP/1.1" 200 26858 3
0:0:0:0:0:0:0:1 - - [18/Jan/2019:15:06:02 +0800] "GET /static/js/bootstrap.min.js HTTP/1.1" 200 37045 3
0:0:0:0:0:0:0:1 - - [18/Jan/2019:15:06:02 +0800] "GET /static/js/jquery-2.1.1.js HTTP/1.1" 200 84247 5
0:0:0:0:0:0:0:1 - - [18/Jan/2019:15:06:02 +0800] "GET /static/js/inspinia.js HTTP/1.1" 200 8107 2
0:0:0:0:0:0:0:1 - - [18/Jan/2019:15:06:02 +0800] "GET /static/js/plugins/slimscroll/jquery.slimscroll.min.js HTTP/1.1" 200 4682 3
0:0:0:0:0:0:0:1 - - [18/Jan/2019:15:06:02 +0800] "GET /static/js/jquery-migrate-1.1.0.min.js HTTP/1.1" 200 6968 2
0:0:0:0:0:0:0:1 - - [18/Jan/2019:15:06:02 +0800] "GET /static/js/plugins/pace/pace.min.js HTTP/1.1" 200 12364 9
0:0:0:0:0:0:0:1 - - [18/Jan/2019:15:06:02 +0800] "GET /static/js/plugins/dataTables/dataTables.responsive.js HTTP/1.1" 200 32864 6
0:0:0:0:0:0:0:1 - - [18/Jan/2019:15:06:02 +0800] "GET /static/js/plugins/dataTables/dataTables.bootstrap.js HTTP/1.1" 200 9614 5
0:0:0:0:0:0:0:1 - - [18/Jan/2019:15:06:02 +0800] "GET /static/ckeditor/ckeditor.js HTTP/1.1" 200 567997 22
0:0:0:0:0:0:0:1 - - [18/Jan/2019:15:06:02 +0800] "GET /static/js/plugins/dataTables/jquery.dataTables.js HTTP/1.1" 200 434957 18
0:0:0:0:0:0:0:1 - - [18/Jan/2019:15:06:02 +0800] "GET /static/js/plugins/dataTables/dataTables.tableTools.min.js HTTP/1.1" 200 31626 5
0:0:0:0:0:0:0:1 - - [18/Jan/2019:15:06:02 +0800] "GET /static/js/plugins/jsTree/jstree.min.js HTTP/1.1" 200 118089 10
0:0:0:0:0:0:0:1 - - [18/Jan/2019:15:06:02 +0800] "GET /static/js/plugins/datapicker/bootstrap-datetimepicker.min.js HTTP/1.1" 200 48881 5
0:0:0:0:0:0:0:1 - - [18/Jan/2019:15:06:02 +0800] "GET /static/css/plugins/toastr/toastr.min.css HTTP/1.1" 200 6882 64
0:0:0:0:0:0:0:1 - - [18/Jan/2019:15:06:02 +0800] "GET /static/js/plugins/datapicker/Moment.js HTTP/1.1" 200 387799 21
0:0:0:0:0:0:0:1 - - [18/Jan/2019:15:06:02 +0800] "GET /static/js/layer/layer.js HTTP/1.1" 200 25196 4
0:0:0:0:0:0:0:1 - - [18/Jan/2019:15:06:02 +0800] "GET /static/js/jquery.ajaxfileupload.js HTTP/1.1" 200 5785 3
0:0:0:0:0:0:0:1 - - [18/Jan/2019:15:06:02 +0800] "GET /static/js/plugins/chosen/chosen.jquery.js HTTP/1.1" 200 51376 7
0:0:0:0:0:0:0:1 - - [18/Jan/2019:15:06:02 +0800] "GET /static/images/page/baidumarker.png HTTP/1.1" 200 2877 3
0:0:0:0:0:0:0:1 - - [18/Jan/2019:15:06:02 +0800] "GET /static/js/sha1.js HTTP/1.1" 200 5752 3
0:0:0:0:0:0:0:1 - - [18/Jan/2019:15:06:02 +0800] "GET /static/js/jquery-ui-1.10.4.min.js HTTP/1.1" 200 228539 50
0:0:0:0:0:0:0:1 - - [18/Jan/2019:15:06:02 +0800] "GET /static/js/layer/skin/layer.css HTTP/1.1" 200 14048 4
0:0:0:0:0:0:0:1 - - [18/Jan/2019:15:06:02 +0800] "GET /static/css/patterns/header-profile.png HTTP/1.1" 200 5877 4
0:0:0:0:0:0:0:1 - - [18/Jan/2019:15:06:02 +0800] "GET /static/font-awesome/fonts/fontawesome-webfont.woff2?v=4.3.0 HTTP/1.1" 200 56780 4
0:0:0:0:0:0:0:1 - - [18/Jan/2019:15:06:02 +0800] "POST /manage/account/getUserAccessList HTTP/1.1" 200 8121 5
0:0:0:0:0:0:0:1 - - [18/Jan/2019:15:06:03 +0800] "GET /manage/roll/getpcdiMustList.ajax?draw=1&columns%5B0%5D%5Bdata%5D=id&columns%5B0%5D%5Bname%5D=id&columns%5B0%5D%5Bsearchable%5D=true&columns%5B0%5D%5Borderable%5D=false&columns%5B0%5D%5Bsearch%5D%5Bvalue%5D=&columns%5B0%5D%5Bsearch%5D%5Bregex%5D=false&columns%5B1%5D%5Bdata%5D=describes&columns%5B1%5D%5Bname%5D=describes&columns%5B1%5D%5Bsearchable%5D=true&columns%5B1%5D%5Borderable%5D=false&columns%5B1%5D%5Bsearch%5D%5Bvalue%5D=&columns%5B1%5D%5Bsearch%5D%5Bregex%5D=false&columns%5B2%5D%5Bdata%5D=name&columns%5B2%5D%5Bname%5D=name&columns%5B2%5D%5Bsearchable%5D=true&columns%5B2%5D%5Borderable%5D=false&columns%5B2%5D%5Bsearch%5D%5Bvalue%5D=&columns%5B2%5D%5Bsearch%5D%5Bregex%5D=false&columns%5B3%5D%5Bdata%5D=topicTitle&columns%5B3%5D%5Bname%5D=topicTitle&columns%5B3%5D%5Bsearchable%5D=true&columns%5B3%5D%5Borderable%5D=false&columns%5B3%5D%5Bsearch%5D%5Bvalue%5D=&columns%5B3%5D%5Bsearch%5D%5Bregex%5D=false&columns%5B4%5D%5Bdata%5D=createTime&columns%5B4%5D%5Bname%5D=createTime&columns%5B4%5D%5Bsearchable%5D=true&columns%5B4%5D%5Borderable%5D=false&columns%5B4%5D%5Bsearch%5D%5Bvalue%5D=&columns%5B4%5D%5Bsearch%5D%5Bregex%5D=false&columns%5B5%5D%5Bdata%5D=id&columns%5B5%5D%5Bname%5D=id&columns%5B5%5D%5Bsearchable%5D=true&columns%5B5%5D%5Borderable%5D=false&columns%5B5%5D%5Bsearch%5D%5Bvalue%5D=&columns%5B5%5D%5Bsearch%5D%5Bregex%5D=false&start=0&length=10&search%5Bvalue%5D=&search%5Bregex%5D=false&_=1547795162786 HTTP/1.1" 200 5830 68
0:0:0:0:0:0:0:1 - - [18/Jan/2019:15:06:05 +0800] "GET /static/font-awesome/css/font-awesome.css HTTP/1.1" 200 28747 5
0:0:0:0:0:0:0:1 - - [18/Jan/2019:15:06:05 +0800] "GET /static/css/plugins/toastr/toastr.min.css HTTP/1.1" 200 6882 3
0:0:0:0:0:0:0:1 - - [18/Jan/2019:15:06:05 +0800] "GET /static/css/bootstrap-switch.css HTTP/1.1" 200 6993 7
0:0:0:0:0:0:0:1 - - [18/Jan/2019:15:06:05 +0800] "GET /static/css/bootstrap.min.css HTTP/1.1" 200 117305 11
0:0:0:0:0:0:0:1 - - [18/Jan/2019:15:06:05 +0800] "GET /static/css/animate.css HTTP/1.1" 200 68411 7
0:0:0:0:0:0:0:1 - - [18/Jan/2019:15:06:05 +0800] "GET /static/css/style.css HTTP/1.1" 200 156956 8
0:0:0:0:0:0:0:1 - - [18/Jan/2019:15:06:05 +0800] "GET /static/css/plugins/dataTables/dataTables.tableTools.min.css HTTP/1.1" 200 6601 4
0:0:0:0:0:0:0:1 - - [18/Jan/2019:15:06:05 +0800] "GET /static/css/plugins/dataTables/dataTables.bootstrap.css HTTP/1.1" 200 5178 4
0:0:0:0:0:0:0:1 - - [18/Jan/2019:15:06:05 +0800] "GET /static/css/plugins/dataTables/dataTables.responsive.css HTTP/1.1" 200 2626 4
0:0:0:0:0:0:0:1 - - [18/Jan/2019:15:06:05 +0800] "GET /static/js/plugins/gritter/jquery.gritter.css HTTP/1.1" 200 2556 19
0:0:0:0:0:0:0:1 - - [18/Jan/2019:15:06:05 +0800] "GET /static/js/dist/jquery-migrate.min.map HTTP/1.1" 404 152 5
0:0:0:0:0:0:0:1 - - [18/Jan/2019:15:06:05 +0800] "GET /static/css/plugins/datapicker/bootstrap-datetimepicker.min.css HTTP/1.1" 200 7771 7
0:0:0:0:0:0:0:1 - - [18/Jan/2019:15:06:05 +0800] "GET /static/js/layer/skin/layer.css HTTP/1.1" 200 14048 8
0:0:0:0:0:0:0:1 - - [18/Jan/2019:15:06:08 +0800] "GET /manage/roll/toPcdiAddPage HTTP/1.1" 200 27138 33
0:0:0:0:0:0:0:1 - - [18/Jan/2019:15:06:08 +0800] "GET /static/js/plugins/gritter/jquery.gritter.css HTTP/1.1" 200 2556 3
0:0:0:0:0:0:0:1 - - [18/Jan/2019:15:06:08 +0800] "GET /static/css/plugins/blueimp/css/blueimp-gallery.min.css HTTP/1.1" 200 6815 13
0:0:0:0:0:0:0:1 - - [18/Jan/2019:15:06:08 +0800] "GET /static/font-awesome/css/font-awesome.css HTTP/1.1" 200 28747 5
0:0:0:0:0:0:0:1 - - [18/Jan/2019:15:06:08 +0800] "GET /static/css/plugins/toastr/toastr.min.css HTTP/1.1" 200 6882 3
0:0:0:0:0:0:0:1 - - [18/Jan/2019:15:06:08 +0800] "GET /static/css/bootstrap-switch.css HTTP/1.1" 200 6993 4
0:0:0:0:0:0:0:1 - - [18/Jan/2019:15:06:08 +0800] "GET /static/css/bootstrap.min.css HTTP/1.1" 200 117305 18
0:0:0:0:0:0:0:1 - - [18/Jan/2019:15:06:08 +0800] "GET /static/css/animate.css HTTP/1.1" 200 68411 9
0:0:0:0:0:0:0:1 - - [18/Jan/2019:15:06:08 +0800] "GET /static/css/plugins/dataTables/dataTables.responsive.css HTTP/1.1" 200 2626 4
0:0:0:0:0:0:0:1 - - [18/Jan/2019:15:06:08 +0800] "GET /static/css/plugins/dataTables/dataTables.bootstrap.css HTTP/1.1" 200 5178 3
0:0:0:0:0:0:0:1 - - [18/Jan/2019:15:06:08 +0800] "GET /static/css/plugins/datapicker/bootstrap-datetimepicker.min.css HTTP/1.1" 200 7771 3
0:0:0:0:0:0:0:1 - - [18/Jan/2019:15:06:08 +0800] "GET /static/css/plugins/dataTables/dataTables.tableTools.min.css HTTP/1.1" 200 6601 3
0:0:0:0:0:0:0:1 - - [18/Jan/2019:15:06:08 +0800] "GET /static/js/jquery-2.1.1.js HTTP/1.1" 200 84247 5
0:0:0:0:0:0:0:1 - - [18/Jan/2019:15:06:08 +0800] "GET /static/js/plugins/metisMenu/jquery.metisMenu.js HTTP/1.1" 200 3265 2
0:0:0:0:0:0:0:1 - - [18/Jan/2019:15:06:08 +0800] "GET /static/js/inspinia.js HTTP/1.1" 200 8107 2
0:0:0:0:0:0:0:1 - - [18/Jan/2019:15:06:08 +0800] "GET /static/js/plugins/slimscroll/jquery.slimscroll.min.js HTTP/1.1" 200 4682 2
0:0:0:0:0:0:0:1 - - [18/Jan/2019:15:06:08 +0800] "GET /static/js/bootstrap-switch.js HTTP/1.1" 200 26858 7
0:0:0:0:0:0:0:1 - - [18/Jan/2019:15:06:08 +0800] "GET /static/js/jquery-migrate-1.1.0.min.js HTTP/1.1" 200 6968 2
0:0:0:0:0:0:0:1 - - [18/Jan/2019:15:06:08 +0800] "GET /static/css/style.css HTTP/1.1" 200 156956 26
0:0:0:0:0:0:0:1 - - [18/Jan/2019:15:06:08 +0800] "GET /static/js/plugins/pace/pace.min.js HTTP/1.1" 200 12364 8
0:0:0:0:0:0:0:1 - - [18/Jan/2019:15:06:08 +0800] "GET /static/js/bootstrap.min.js HTTP/1.1" 200 37045 18
0:0:0:0:0:0:0:1 - - [18/Jan/2019:15:06:08 +0800] "GET /static/js/jquery-ui-1.10.4.min.js HTTP/1.1" 200 228539 7
0:0:0:0:0:0:0:1 - - [18/Jan/2019:15:06:08 +0800] "GET /static/js/plugins/dataTables/dataTables.responsive.js HTTP/1.1" 200 32864 3
0:0:0:0:0:0:0:1 - - [18/Jan/2019:15:06:08 +0800] "GET /static/js/plugins/dataTables/jquery.dataTables.js HTTP/1.1" 200 434957 10
0:0:0:0:0:0:0:1 - - [18/Jan/2019:15:06:08 +0800] "GET /static/js/plugins/datapicker/Moment.js HTTP/1.1" 200 387799 8
0:0:0:0:0:0:0:1 - - [18/Jan/2019:15:06:08 +0800] "GET /static/js/plugins/datapicker/bootstrap-datetimepicker.min.js HTTP/1.1" 200 48881 11
0:0:0:0:0:0:0:1 - - [18/Jan/2019:15:06:08 +0800] "GET /static/js/plugins/jsTree/jstree.min.js HTTP/1.1" 200 118089 12
0:0:0:0:0:0:0:1 - - [18/Jan/2019:15:06:08 +0800] "GET /static/js/plugins/dataTables/dataTables.tableTools.min.js HTTP/1.1" 200 31626 8
0:0:0:0:0:0:0:1 - - [18/Jan/2019:15:06:08 +0800] "GET /static/ckeditor/ckeditor.js HTTP/1.1" 200 567997 32
0:0:0:0:0:0:0:1 - - [18/Jan/2019:15:06:08 +0800] "GET /static/js/layer/layer.js HTTP/1.1" 200 25196 3
0:0:0:0:0:0:0:1 - - [18/Jan/2019:15:06:08 +0800] "GET /static/js/sha1.js HTTP/1.1" 200 5752 3
0:0:0:0:0:0:0:1 - - [18/Jan/2019:15:06:08 +0800] "GET /static/js/jquery.ajaxfileupload.js HTTP/1.1" 200 5785 3
0:0:0:0:0:0:0:1 - - [18/Jan/2019:15:06:08 +0800] "GET /static/js/plugins/chosen/chosen.jquery.js HTTP/1.1" 200 51376 10
0:0:0:0:0:0:0:1 - - [18/Jan/2019:15:06:08 +0800] "GET /static/js/plugins/dataTables/dataTables.bootstrap.js HTTP/1.1" 200 9614 11
0:0:0:0:0:0:0:1 - - [18/Jan/2019:15:06:08 +0800] "GET /static/images/page/baidumarker.png HTTP/1.1" 200 2877 3
0:0:0:0:0:0:0:1 - - [18/Jan/2019:15:06:08 +0800] "GET /static/js/plugins/blueimp/jquery.blueimp-gallery.min.js HTTP/1.1" 200 31564 88
0:0:0:0:0:0:0:1 - - [18/Jan/2019:15:06:08 +0800] "GET /static/js/layer/skin/layer.css HTTP/1.1" 200 14048 3
0:0:0:0:0:0:0:1 - - [18/Jan/2019:15:06:09 +0800] "GET /static/js/dist/jquery-migrate.min.map HTTP/1.1" 404 152 7
0:0:0:0:0:0:0:1 - - [18/Jan/2019:15:06:09 +0800] "GET /static/css/patterns/header-profile.png HTTP/1.1" 200 5877 3
0:0:0:0:0:0:0:1 - - [18/Jan/2019:15:06:09 +0800] "GET /static/font-awesome/fonts/fontawesome-webfont.woff2?v=4.3.0 HTTP/1.1" 200 56780 7
0:0:0:0:0:0:0:1 - - [18/Jan/2019:15:06:09 +0800] "POST /manage/account/getUserAccessList HTTP/1.1" 200 8121 7
0:0:0:0:0:0:0:1 - - [18/Jan/2019:15:06:29 +0800] "POST /manage/roll/addPcdi/Must HTTP/1.1" 500 351 70
0:0:0:0:0:0:0:1 - - [18/Jan/2019:15:07:51 +0800] "POST /manage/roll/addPcdi/Must HTTP/1.1" 500 351 25594
0:0:0:0:0:0:0:1 - - [18/Jan/2019:15:08:48 +0800] "POST /manage/roll/addPcdi/Must HTTP/1.1" 302 - 426
0:0:0:0:0:0:0:1 - - [18/Jan/2019:15:08:48 +0800] "GET /manage/account/toLogin HTTP/1.1" 200 7459 176
0:0:0:0:0:0:0:1 - - [18/Jan/2019:15:08:53 +0800] "POST /manage/roll/addPcdi/Must HTTP/1.1" 302 - 5
0:0:0:0:0:0:0:1 - - [18/Jan/2019:15:08:53 +0800] "GET /manage/account/toLogin HTTP/1.1" 200 7459 9
0:0:0:0:0:0:0:1 - - [18/Jan/2019:15:08:56 +0800] "GET /manage/roll/toPcdiList HTTP/1.1" 302 - 5
0:0:0:0:0:0:0:1 - - [18/Jan/2019:15:08:56 +0800] "GET /manage/account/toLogin HTTP/1.1" 200 7459 13
0:0:0:0:0:0:0:1 - - [18/Jan/2019:15:08:56 +0800] "GET /static/css/bootstrap-switch.css HTTP/1.1" 200 6993 12
0:0:0:0:0:0:0:1 - - [18/Jan/2019:15:08:56 +0800] "GET /static/js/plugins/gritter/jquery.gritter.css HTTP/1.1" 200 2556 25
0:0:0:0:0:0:0:1 - - [18/Jan/2019:15:08:56 +0800] "GET /static/css/animate.css HTTP/1.1" 200 68411 30
0:0:0:0:0:0:0:1 - - [18/Jan/2019:15:08:56 +0800] "GET /static/css/plugins/dataTables/dataTables.responsive.css HTTP/1.1" 200 2626 11
0:0:0:0:0:0:0:1 - - [18/Jan/2019:15:08:56 +0800] "GET /static/css/plugins/dataTables/dataTables.bootstrap.css HTTP/1.1" 200 5178 8
0:0:0:0:0:0:0:1 - - [18/Jan/2019:15:08:56 +0800] "GET /static/css/plugins/toastr/toastr.min.css HTTP/1.1" 200 6882 61
0:0:0:0:0:0:0:1 - - [18/Jan/2019:15:08:56 +0800] "GET /static/font-awesome/css/font-awesome.css HTTP/1.1" 200 28747 66
0:0:0:0:0:0:0:1 - - [18/Jan/2019:15:08:56 +0800] "GET /static/css/plugins/dataTables/dataTables.tableTools.min.css HTTP/1.1" 200 6601 11
0:0:0:0:0:0:0:1 - - [18/Jan/2019:15:08:56 +0800] "GET /static/css/bootstrap.min.css HTTP/1.1" 200 117305 101
0:0:0:0:0:0:0:1 - - [18/Jan/2019:15:08:56 +0800] "GET /static/css/plugins/datapicker/bootstrap-datetimepicker.min.css HTTP/1.1" 200 7771 10
0:0:0:0:0:0:0:1 - - [18/Jan/2019:15:08:56 +0800] "GET /static/js/jquery-2.1.1.js HTTP/1.1" 200 84247 14
0:0:0:0:0:0:0:1 - - [18/Jan/2019:15:08:56 +0800] "GET /static/css/login/bootstrap.css HTTP/1.1" 200 126969 23
0:0:0:0:0:0:0:1 - - [18/Jan/2019:15:08:56 +0800] "GET /static/css/login/simple-line-icons.css HTTP/1.1" 200 11717 12
0:0:0:0:0:0:0:1 - - [18/Jan/2019:15:08:56 +0800] "GET /static/js/plugins/metisMenu/jquery.metisMenu.js HTTP/1.1" 200 3265 12
0:0:0:0:0:0:0:1 - - [18/Jan/2019:15:08:56 +0800] "GET /static/css/style.css HTTP/1.1" 200 156956 50
0:0:0:0:0:0:0:1 - - [18/Jan/2019:15:08:56 +0800] "GET /static/js/bootstrap-switch.js HTTP/1.1" 200 26858 13
0:0:0:0:0:0:0:1 - - [18/Jan/2019:15:08:56 +0800] "GET /static/js/plugins/slimscroll/jquery.slimscroll.min.js HTTP/1.1" 200 4682 10
0:0:0:0:0:0:0:1 - - [18/Jan/2019:15:08:56 +0800] "GET /static/js/inspinia.js HTTP/1.1" 200 8107 11
0:0:0:0:0:0:0:1 - - [18/Jan/2019:15:08:56 +0800] "GET /static/js/jquery-ui-1.10.4.min.js HTTP/1.1" 200 228539 26
0:0:0:0:0:0:0:1 - - [18/Jan/2019:15:08:56 +0800] "GET /static/css/login/app.css HTTP/1.1" 200 107519 29
0:0:0:0:0:0:0:1 - - [18/Jan/2019:15:08:56 +0800] "GET /static/js/plugins/dataTables/dataTables.bootstrap.js HTTP/1.1" 200 9614 5
0:0:0:0:0:0:0:1 - - [18/Jan/2019:15:08:56 +0800] "GET /static/js/plugins/dataTables/jquery.dataTables.js HTTP/1.1" 200 434957 16
0:0:0:0:0:0:0:1 - - [18/Jan/2019:15:08:56 +0800] "GET /static/js/bootstrap.min.js HTTP/1.1" 200 37045 68
0:0:0:0:0:0:0:1 - - [18/Jan/2019:15:08:56 +0800] "GET /static/js/plugins/dataTables/dataTables.responsive.js HTTP/1.1" 200 32864 10
0:0:0:0:0:0:0:1 - - [18/Jan/2019:15:08:56 +0800] "GET /static/js/plugins/pace/pace.min.js HTTP/1.1" 200 12364 11
0:0:0:0:0:0:0:1 - - [18/Jan/2019:15:08:56 +0800] "GET /static/js/jquery-migrate-1.1.0.min.js HTTP/1.1" 200 6968 3
0:0:0:0:0:0:0:1 - - [18/Jan/2019:15:08:56 +0800] "GET /static/js/plugins/dataTables/dataTables.tableTools.min.js HTTP/1.1" 200 31626 30
0:0:0:0:0:0:0:1 - - [18/Jan/2019:15:08:56 +0800] "GET /static/js/plugins/jsTree/jstree.min.js HTTP/1.1" 200 118089 11
0:0:0:0:0:0:0:1 - - [18/Jan/2019:15:08:56 +0800] "GET /static/js/plugins/datapicker/bootstrap-datetimepicker.min.js HTTP/1.1" 200 48881 29
0:0:0:0:0:0:0:1 - - [18/Jan/2019:15:08:56 +0800] "GET /static/js/layer/layer.js HTTP/1.1" 200 25196 7
0:0:0:0:0:0:0:1 - - [18/Jan/2019:15:08:56 +0800] "GET /static/js/plugins/chosen/chosen.jquery.js HTTP/1.1" 200 51376 13
0:0:0:0:0:0:0:1 - - [18/Jan/2019:15:08:56 +0800] "GET /static/js/jquery.ajaxfileupload.js HTTP/1.1" 200 5785 10
0:0:0:0:0:0:0:1 - - [18/Jan/2019:15:08:56 +0800] "GET /static/js/plugins/datapicker/Moment.js HTTP/1.1" 200 387799 58
0:0:0:0:0:0:0:1 - - [18/Jan/2019:15:08:56 +0800] "GET /static/js/sha1.js HTTP/1.1" 200 5752 18
0:0:0:0:0:0:0:1 - - [18/Jan/2019:15:08:56 +0800] "GET /static/ckeditor/ckeditor.js HTTP/1.1" 200 567997 169
0:0:0:0:0:0:0:1 - - [18/Jan/2019:15:08:56 +0800] "GET /static/js/dist/jquery-migrate.min.map HTTP/1.1" 404 152 72
0:0:0:0:0:0:0:1 - - [18/Jan/2019:15:08:56 +0800] "GET /static/js/layer/skin/layer.css HTTP/1.1" 200 14048 9
0:0:0:0:0:0:0:1 - - [18/Jan/2019:15:08:56 +0800] "GET /static/images/login/bodybg.jpg HTTP/1.1" 200 21275 9
0:0:0:0:0:0:0:1 - - [18/Jan/2019:15:08:56 +0800] "GET /XiaoyudiApplication/static/images/login/Simple-Line-Icons.woff HTTP/1.1" 404 177 24
0:0:0:0:0:0:0:1 - - [18/Jan/2019:15:08:56 +0800] "GET /XiaoyudiApplication/static/images/login/Simple-Line-Icons.ttf HTTP/1.1" 404 176 16
0:0:0:0:0:0:0:1 - - [18/Jan/2019:15:09:00 +0800] "POST /manage/account/login HTTP/1.1" 200 221 975
0:0:0:0:0:0:0:1 - - [18/Jan/2019:15:09:01 +0800] "GET /manage/account/toindexPage HTTP/1.1" 200 19365 58
0:0:0:0:0:0:0:1 - - [18/Jan/2019:15:09:01 +0800] "GET /static/css/bootstrap-switch.css HTTP/1.1" 200 6993 7
0:0:0:0:0:0:0:1 - - [18/Jan/2019:15:09:01 +0800] "GET /static/css/plugins/toastr/toastr.min.css HTTP/1.1" 200 6882 4
0:0:0:0:0:0:0:1 - - [18/Jan/2019:15:09:01 +0800] "GET /static/font-awesome/css/font-awesome.css HTTP/1.1" 200 28747 8
0:0:0:0:0:0:0:1 - - [18/Jan/2019:15:09:01 +0800] "GET /static/js/plugins/gritter/jquery.gritter.css HTTP/1.1" 200 2556 4
0:0:0:0:0:0:0:1 - - [18/Jan/2019:15:09:01 +0800] "GET /static/css/animate.css HTTP/1.1" 200 68411 6
0:0:0:0:0:0:0:1 - - [18/Jan/2019:15:09:01 +0800] "GET /static/css/plugins/dataTables/dataTables.responsive.css HTTP/1.1" 200 2626 3
0:0:0:0:0:0:0:1 - - [18/Jan/2019:15:09:01 +0800] "GET /static/css/plugins/dataTables/dataTables.bootstrap.css HTTP/1.1" 200 5178 3
0:0:0:0:0:0:0:1 - - [18/Jan/2019:15:09:01 +0800] "GET /static/css/plugins/dataTables/dataTables.tableTools.min.css HTTP/1.1" 200 6601 4
0:0:0:0:0:0:0:1 - - [18/Jan/2019:15:09:01 +0800] "GET /static/css/style.css HTTP/1.1" 200 156956 20
0:0:0:0:0:0:0:1 - - [18/Jan/2019:15:09:01 +0800] "GET /static/js/jquery-2.1.1.js HTTP/1.1" 200 84247 15
0:0:0:0:0:0:0:1 - - [18/Jan/2019:15:09:01 +0800] "GET /static/js/plugins/metisMenu/jquery.metisMenu.js HTTP/1.1" 200 3265 3
0:0:0:0:0:0:0:1 - - [18/Jan/2019:15:09:01 +0800] "GET /static/css/plugins/datapicker/bootstrap-datetimepicker.min.css HTTP/1.1" 200 7771 16
0:0:0:0:0:0:0:1 - - [18/Jan/2019:15:09:01 +0800] "GET /static/js/plugins/slimscroll/jquery.slimscroll.min.js HTTP/1.1" 200 4682 4
0:0:0:0:0:0:0:1 - - [18/Jan/2019:15:09:01 +0800] "GET /static/js/inspinia.js HTTP/1.1" 200 8107 12
0:0:0:0:0:0:0:1 - - [18/Jan/2019:15:09:01 +0800] "GET /static/js/bootstrap.min.js HTTP/1.1" 200 37045 26
0:0:0:0:0:0:0:1 - - [18/Jan/2019:15:09:01 +0800] "GET /static/js/jquery-migrate-1.1.0.min.js HTTP/1.1" 200 6968 5
0:0:0:0:0:0:0:1 - - [18/Jan/2019:15:09:01 +0800] "GET /static/js/plugins/pace/pace.min.js HTTP/1.1" 200 12364 7
0:0:0:0:0:0:0:1 - - [18/Jan/2019:15:09:01 +0800] "GET /static/js/bootstrap-switch.js HTTP/1.1" 200 26858 10
0:0:0:0:0:0:0:1 - - [18/Jan/2019:15:09:01 +0800] "GET /static/js/jquery-ui-1.10.4.min.js HTTP/1.1" 200 228539 29
0:0:0:0:0:0:0:1 - - [18/Jan/2019:15:09:01 +0800] "GET /static/js/plugins/dataTables/dataTables.tableTools.min.js HTTP/1.1" 200 31626 12
0:0:0:0:0:0:0:1 - - [18/Jan/2019:15:09:01 +0800] "GET /static/ckeditor/ckeditor.js HTTP/1.1" 200 567997 37
0:0:0:0:0:0:0:1 - - [18/Jan/2019:15:09:01 +0800] "GET /static/js/plugins/dataTables/dataTables.bootstrap.js HTTP/1.1" 200 9614 6
0:0:0:0:0:0:0:1 - - [18/Jan/2019:15:09:01 +0800] "GET /static/js/plugins/dataTables/dataTables.responsive.js HTTP/1.1" 200 32864 9
0:0:0:0:0:0:0:1 - - [18/Jan/2019:15:09:01 +0800] "GET /static/js/plugins/jsTree/jstree.min.js HTTP/1.1" 200 118089 6
0:0:0:0:0:0:0:1 - - [18/Jan/2019:15:09:01 +0800] "GET /static/js/plugins/dataTables/jquery.dataTables.js HTTP/1.1" 200 434957 39
0:0:0:0:0:0:0:1 - - [18/Jan/2019:15:09:01 +0800] "GET /static/js/plugins/datapicker/bootstrap-datetimepicker.min.js HTTP/1.1" 200 48881 11
0:0:0:0:0:0:0:1 - - [18/Jan/2019:15:09:01 +0800] "GET /static/js/plugins/chosen/chosen.jquery.js HTTP/1.1" 200 51376 13
0:0:0:0:0:0:0:1 - - [18/Jan/2019:15:09:01 +0800] "GET /static/js/jquery.ajaxfileupload.js HTTP/1.1" 200 5785 6
0:0:0:0:0:0:0:1 - - [18/Jan/2019:15:09:01 +0800] "GET /static/js/plugins/datapicker/Moment.js HTTP/1.1" 200 387799 20
0:0:0:0:0:0:0:1 - - [18/Jan/2019:15:09:01 +0800] "GET /static/js/layer/layer.js HTTP/1.1" 200 25196 8
0:0:0:0:0:0:0:1 - - [18/Jan/2019:15:09:01 +0800] "GET /static/images/page/baidumarker.png HTTP/1.1" 200 2877 6
0:0:0:0:0:0:0:1 - - [18/Jan/2019:15:09:01 +0800] "GET /static/js/sha1.js HTTP/1.1" 200 5752 8
0:0:0:0:0:0:0:1 - - [18/Jan/2019:15:09:01 +0800] "GET /static/css/bootstrap.min.css HTTP/1.1" 200 117305 127
0:0:0:0:0:0:0:1 - - [18/Jan/2019:15:09:02 +0800] "GET /static/js/layer/skin/layer.css HTTP/1.1" 200 14048 3
0:0:0:0:0:0:0:1 - - [18/Jan/2019:15:09:02 +0800] "GET /static/css/patterns/header-profile.png HTTP/1.1" 200 5877 6
0:0:0:0:0:0:0:1 - - [18/Jan/2019:15:09:02 +0800] "GET /static/js/dist/jquery-migrate.min.map HTTP/1.1" 404 152 9
0:0:0:0:0:0:0:1 - - [18/Jan/2019:15:09:02 +0800] "GET /static/font-awesome/fonts/fontawesome-webfont.woff2?v=4.3.0 HTTP/1.1" 200 56780 8
0:0:0:0:0:0:0:1 - - [18/Jan/2019:15:09:02 +0800] "POST /manage/account/getUserAccessList HTTP/1.1" 200 8121 121
0:0:0:0:0:0:0:1 - - [18/Jan/2019:15:09:08 +0800] "GET /manage/roll/toPcdiList HTTP/1.1" 200 27456 37
0:0:0:0:0:0:0:1 - - [18/Jan/2019:15:09:08 +0800] "GET /static/css/plugins/toastr/toastr.min.css HTTP/1.1" 200 6882 3
0:0:0:0:0:0:0:1 - - [18/Jan/2019:15:09:08 +0800] "GET /static/js/plugins/gritter/jquery.gritter.css HTTP/1.1" 200 2556 5
0:0:0:0:0:0:0:1 - - [18/Jan/2019:15:09:08 +0800] "GET /static/css/animate.css HTTP/1.1" 200 68411 10
0:0:0:0:0:0:0:1 - - [18/Jan/2019:15:09:08 +0800] "GET /static/css/bootstrap.min.css HTTP/1.1" 200 117305 4
0:0:0:0:0:0:0:1 - - [18/Jan/2019:15:09:08 +0800] "GET /static/css/style.css HTTP/1.1" 200 156956 14
0:0:0:0:0:0:0:1 - - [18/Jan/2019:15:09:08 +0800] "GET /static/css/plugins/datapicker/bootstrap-datetimepicker.min.css HTTP/1.1" 200 7771 3
0:0:0:0:0:0:0:1 - - [18/Jan/2019:15:09:08 +0800] "GET /static/css/plugins/dataTables/dataTables.tableTools.min.css HTTP/1.1" 200 6601 5
0:0:0:0:0:0:0:1 - - [18/Jan/2019:15:09:08 +0800] "GET /static/font-awesome/css/font-awesome.css HTTP/1.1" 200 28747 7
0:0:0:0:0:0:0:1 - - [18/Jan/2019:15:09:08 +0800] "GET /static/css/bootstrap-switch.css HTTP/1.1" 200 6993 3
0:0:0:0:0:0:0:1 - - [18/Jan/2019:15:09:08 +0800] "GET /static/css/plugins/dataTables/dataTables.responsive.css HTTP/1.1" 200 2626 3
0:0:0:0:0:0:0:1 - - [18/Jan/2019:15:09:08 +0800] "GET /static/css/plugins/dataTables/dataTables.bootstrap.css HTTP/1.1" 200 5178 4
0:0:0:0:0:0:0:1 - - [18/Jan/2019:15:09:08 +0800] "GET /static/js/bootstrap.min.js HTTP/1.1" 200 37045 20
0:0:0:0:0:0:0:1 - - [18/Jan/2019:15:09:08 +0800] "GET /static/js/plugins/pace/pace.min.js HTTP/1.1" 200 12364 3
0:0:0:0:0:0:0:1 - - [18/Jan/2019:15:09:08 +0800] "GET /static/js/jquery-2.1.1.js HTTP/1.1" 200 84247 16
0:0:0:0:0:0:0:1 - - [18/Jan/2019:15:09:08 +0800] "GET /static/js/bootstrap-switch.js HTTP/1.1" 200 26858 8
0:0:0:0:0:0:0:1 - - [18/Jan/2019:15:09:08 +0800] "GET /static/js/jquery-migrate-1.1.0.min.js HTTP/1.1" 200 6968 10
0:0:0:0:0:0:0:1 - - [18/Jan/2019:15:09:08 +0800] "GET /static/ckeditor/ckeditor.js HTTP/1.1" 200 567997 22
0:0:0:0:0:0:0:1 - - [18/Jan/2019:15:09:08 +0800] "GET /static/js/plugins/metisMenu/jquery.metisMenu.js HTTP/1.1" 200 3265 3
0:0:0:0:0:0:0:1 - - [18/Jan/2019:15:09:08 +0800] "GET /static/js/plugins/dataTables/jquery.dataTables.js HTTP/1.1" 200 434957 17
0:0:0:0:0:0:0:1 - - [18/Jan/2019:15:09:08 +0800] "GET /static/js/plugins/slimscroll/jquery.slimscroll.min.js HTTP/1.1" 200 4682 3
0:0:0:0:0:0:0:1 - - [18/Jan/2019:15:09:08 +0800] "GET /static/js/inspinia.js HTTP/1.1" 200 8107 4
0:0:0:0:0:0:0:1 - - [18/Jan/2019:15:09:08 +0800] "GET /static/js/plugins/dataTables/dataTables.tableTools.min.js HTTP/1.1" 200 31626 6
0:0:0:0:0:0:0:1 - - [18/Jan/2019:15:09:08 +0800] "GET /static/js/plugins/jsTree/jstree.min.js HTTP/1.1" 200 118089 12
0:0:0:0:0:0:0:1 - - [18/Jan/2019:15:09:08 +0800] "GET /static/js/plugins/datapicker/bootstrap-datetimepicker.min.js HTTP/1.1" 200 48881 16
0:0:0:0:0:0:0:1 - - [18/Jan/2019:15:09:08 +0800] "GET /static/js/plugins/chosen/chosen.jquery.js HTTP/1.1" 200 51376 7
0:0:0:0:0:0:0:1 - - [18/Jan/2019:15:09:08 +0800] "GET /static/js/sha1.js HTTP/1.1" 200 5752 4
0:0:0:0:0:0:0:1 - - [18/Jan/2019:15:09:08 +0800] "GET /static/js/jquery.ajaxfileupload.js HTTP/1.1" 200 5785 4
0:0:0:0:0:0:0:1 - - [18/Jan/2019:15:09:08 +0800] "GET /static/images/page/baidumarker.png HTTP/1.1" 200 2877 3
0:0:0:0:0:0:0:1 - - [18/Jan/2019:15:09:08 +0800] "GET /static/js/plugins/datapicker/Moment.js HTTP/1.1" 200 387799 13
0:0:0:0:0:0:0:1 - - [18/Jan/2019:15:09:08 +0800] "GET /static/js/jquery-ui-1.10.4.min.js HTTP/1.1" 200 228539 42
0:0:0:0:0:0:0:1 - - [18/Jan/2019:15:09:08 +0800] "GET /static/js/plugins/dataTables/dataTables.responsive.js HTTP/1.1" 200 32864 31
0:0:0:0:0:0:0:1 - - [18/Jan/2019:15:09:08 +0800] "GET /static/js/plugins/dataTables/dataTables.bootstrap.js HTTP/1.1" 200 9614 4
0:0:0:0:0:0:0:1 - - [18/Jan/2019:15:09:08 +0800] "GET /static/js/layer/layer.js HTTP/1.1" 200 25196 5
0:0:0:0:0:0:0:1 - - [18/Jan/2019:15:09:09 +0800] "GET /static/js/layer/skin/layer.css HTTP/1.1" 200 14048 3
0:0:0:0:0:0:0:1 - - [18/Jan/2019:15:09:09 +0800] "GET /static/js/dist/jquery-migrate.min.map HTTP/1.1" 404 152 5
0:0:0:0:0:0:0:1 - - [18/Jan/2019:15:09:09 +0800] "GET /static/css/patterns/header-profile.png HTTP/1.1" 200 5877 5
0:0:0:0:0:0:0:1 - - [18/Jan/2019:15:09:09 +0800] "GET /static/font-awesome/fonts/fontawesome-webfont.woff2?v=4.3.0 HTTP/1.1" 200 56780 10
0:0:0:0:0:0:0:1 - - [18/Jan/2019:15:09:09 +0800] "POST /manage/account/getUserAccessList HTTP/1.1" 200 8121 6
0:0:0:0:0:0:0:1 - - [18/Jan/2019:15:09:09 +0800] "GET /manage/roll/getpcdiMustList.ajax?draw=1&columns%5B0%5D%5Bdata%5D=id&columns%5B0%5D%5Bname%5D=id&columns%5B0%5D%5Bsearchable%5D=true&columns%5B0%5D%5Borderable%5D=false&columns%5B0%5D%5Bsearch%5D%5Bvalue%5D=&columns%5B0%5D%5Bsearch%5D%5Bregex%5D=false&columns%5B1%5D%5Bdata%5D=describes&columns%5B1%5D%5Bname%5D=describes&columns%5B1%5D%5Bsearchable%5D=true&columns%5B1%5D%5Borderable%5D=false&columns%5B1%5D%5Bsearch%5D%5Bvalue%5D=&columns%5B1%5D%5Bsearch%5D%5Bregex%5D=false&columns%5B2%5D%5Bdata%5D=name&columns%5B2%5D%5Bname%5D=name&columns%5B2%5D%5Bsearchable%5D=true&columns%5B2%5D%5Borderable%5D=false&columns%5B2%5D%5Bsearch%5D%5Bvalue%5D=&columns%5B2%5D%5Bsearch%5D%5Bregex%5D=false&columns%5B3%5D%5Bdata%5D=topicTitle&columns%5B3%5D%5Bname%5D=topicTitle&columns%5B3%5D%5Bsearchable%5D=true&columns%5B3%5D%5Borderable%5D=false&columns%5B3%5D%5Bsearch%5D%5Bvalue%5D=&columns%5B3%5D%5Bsearch%5D%5Bregex%5D=false&columns%5B4%5D%5Bdata%5D=createTime&columns%5B4%5D%5Bname%5D=createTime&columns%5B4%5D%5Bsearchable%5D=true&columns%5B4%5D%5Borderable%5D=false&columns%5B4%5D%5Bsearch%5D%5Bvalue%5D=&columns%5B4%5D%5Bsearch%5D%5Bregex%5D=false&columns%5B5%5D%5Bdata%5D=id&columns%5B5%5D%5Bname%5D=id&columns%5B5%5D%5Bsearchable%5D=true&columns%5B5%5D%5Borderable%5D=false&columns%5B5%5D%5Bsearch%5D%5Bvalue%5D=&columns%5B5%5D%5Bsearch%5D%5Bregex%5D=false&start=0&length=10&search%5Bvalue%5D=&search%5Bregex%5D=false&_=1547795348909 HTTP/1.1" 200 5830 65
0:0:0:0:0:0:0:1 - - [18/Jan/2019:15:09:14 +0800] "GET /manage/roll/toPcdiAddPage HTTP/1.1" 200 27138 44
0:0:0:0:0:0:0:1 - - [18/Jan/2019:15:09:14 +0800] "GET /static/css/plugins/blueimp/css/blueimp-gallery.min.css HTTP/1.1" 200 6815 6
0:0:0:0:0:0:0:1 - - [18/Jan/2019:15:09:14 +0800] "GET /static/css/plugins/toastr/toastr.min.css HTTP/1.1" 200 6882 3
0:0:0:0:0:0:0:1 - - [18/Jan/2019:15:09:14 +0800] "GET /static/css/bootstrap-switch.css HTTP/1.1" 200 6993 3
0:0:0:0:0:0:0:1 - - [18/Jan/2019:15:09:14 +0800] "GET /static/js/plugins/gritter/jquery.gritter.css HTTP/1.1" 200 2556 3
0:0:0:0:0:0:0:1 - - [18/Jan/2019:15:09:14 +0800] "GET /static/font-awesome/css/font-awesome.css HTTP/1.1" 200 28747 12
0:0:0:0:0:0:0:1 - - [18/Jan/2019:15:09:14 +0800] "GET /static/css/bootstrap.min.css HTTP/1.1" 200 117305 17
0:0:0:0:0:0:0:1 - - [18/Jan/2019:15:09:14 +0800] "GET /static/css/animate.css HTTP/1.1" 200 68411 6
0:0:0:0:0:0:0:1 - - [18/Jan/2019:15:09:14 +0800] "GET /static/css/plugins/datapicker/bootstrap-datetimepicker.min.css HTTP/1.1" 200 7771 4
0:0:0:0:0:0:0:1 - - [18/Jan/2019:15:09:14 +0800] "GET /static/css/plugins/dataTables/dataTables.bootstrap.css HTTP/1.1" 200 5178 5
0:0:0:0:0:0:0:1 - - [18/Jan/2019:15:09:14 +0800] "GET /static/css/plugins/dataTables/dataTables.tableTools.min.css HTTP/1.1" 200 6601 4
0:0:0:0:0:0:0:1 - - [18/Jan/2019:15:09:14 +0800] "GET /static/css/style.css HTTP/1.1" 200 156956 9
0:0:0:0:0:0:0:1 - - [18/Jan/2019:15:09:14 +0800] "GET /static/js/bootstrap.min.js HTTP/1.1" 200 37045 4
0:0:0:0:0:0:0:1 - - [18/Jan/2019:15:09:14 +0800] "GET /static/js/plugins/metisMenu/jquery.metisMenu.js HTTP/1.1" 200 3265 2
0:0:0:0:0:0:0:1 - - [18/Jan/2019:15:09:14 +0800] "GET /static/js/jquery-2.1.1.js HTTP/1.1" 200 84247 10
0:0:0:0:0:0:0:1 - - [18/Jan/2019:15:09:14 +0800] "GET /static/js/plugins/slimscroll/jquery.slimscroll.min.js HTTP/1.1" 200 4682 3
0:0:0:0:0:0:0:1 - - [18/Jan/2019:15:09:14 +0800] "GET /static/js/inspinia.js HTTP/1.1" 200 8107 2
0:0:0:0:0:0:0:1 - - [18/Jan/2019:15:09:14 +0800] "GET /static/js/bootstrap-switch.js HTTP/1.1" 200 26858 7
0:0:0:0:0:0:0:1 - - [18/Jan/2019:15:09:14 +0800] "GET /static/js/jquery-migrate-1.1.0.min.js HTTP/1.1" 200 6968 3
0:0:0:0:0:0:0:1 - - [18/Jan/2019:15:09:14 +0800] "GET /static/js/plugins/pace/pace.min.js HTTP/1.1" 200 12364 3
0:0:0:0:0:0:0:1 - - [18/Jan/2019:15:09:14 +0800] "GET /static/css/plugins/dataTables/dataTables.responsive.css HTTP/1.1" 200 2626 9
0:0:0:0:0:0:0:1 - - [18/Jan/2019:15:09:14 +0800] "GET /static/js/jquery-ui-1.10.4.min.js HTTP/1.1" 200 228539 11
0:0:0:0:0:0:0:1 - - [18/Jan/2019:15:09:14 +0800] "GET /static/js/plugins/dataTables/dataTables.bootstrap.js HTTP/1.1" 200 9614 4
0:0:0:0:0:0:0:1 - - [18/Jan/2019:15:09:14 +0800] "GET /static/js/plugins/dataTables/dataTables.responsive.js HTTP/1.1" 200 32864 5
0:0:0:0:0:0:0:1 - - [18/Jan/2019:15:09:14 +0800] "GET /static/js/plugins/dataTables/dataTables.tableTools.min.js HTTP/1.1" 200 31626 7
0:0:0:0:0:0:0:1 - - [18/Jan/2019:15:09:14 +0800] "GET /static/js/plugins/datapicker/bootstrap-datetimepicker.min.js HTTP/1.1" 200 48881 6
0:0:0:0:0:0:0:1 - - [18/Jan/2019:15:09:14 +0800] "GET /static/js/layer/layer.js HTTP/1.1" 200 25196 4
0:0:0:0:0:0:0:1 - - [18/Jan/2019:15:09:14 +0800] "GET /static/js/plugins/dataTables/jquery.dataTables.js HTTP/1.1" 200 434957 27
0:0:0:0:0:0:0:1 - - [18/Jan/2019:15:09:14 +0800] "GET /static/js/plugins/chosen/chosen.jquery.js HTTP/1.1" 200 51376 9
0:0:0:0:0:0:0:1 - - [18/Jan/2019:15:09:14 +0800] "GET /static/js/jquery.ajaxfileupload.js HTTP/1.1" 200 5785 4
0:0:0:0:0:0:0:1 - - [18/Jan/2019:15:09:14 +0800] "GET /static/js/plugins/jsTree/jstree.min.js HTTP/1.1" 200 118089 13
0:0:0:0:0:0:0:1 - - [18/Jan/2019:15:09:14 +0800] "GET /static/ckeditor/ckeditor.js HTTP/1.1" 200 567997 36
0:0:0:0:0:0:0:1 - - [18/Jan/2019:15:09:14 +0800] "GET /static/js/plugins/datapicker/Moment.js HTTP/1.1" 200 387799 27
0:0:0:0:0:0:0:1 - - [18/Jan/2019:15:09:14 +0800] "GET /static/js/sha1.js HTTP/1.1" 200 5752 16
0:0:0:0:0:0:0:1 - - [18/Jan/2019:15:09:14 +0800] "GET /static/js/plugins/blueimp/jquery.blueimp-gallery.min.js HTTP/1.1" 200 31564 6
0:0:0:0:0:0:0:1 - - [18/Jan/2019:15:09:14 +0800] "GET /static/images/page/baidumarker.png HTTP/1.1" 200 2877 4
0:0:0:0:0:0:0:1 - - [18/Jan/2019:15:09:14 +0800] "GET /static/js/layer/skin/layer.css HTTP/1.1" 200 14048 4
0:0:0:0:0:0:0:1 - - [18/Jan/2019:15:09:14 +0800] "GET /static/js/dist/jquery-migrate.min.map HTTP/1.1" 404 152 6
0:0:0:0:0:0:0:1 - - [18/Jan/2019:15:09:14 +0800] "GET /static/css/patterns/header-profile.png HTTP/1.1" 200 5877 3
0:0:0:0:0:0:0:1 - - [18/Jan/2019:15:09:14 +0800] "GET /static/font-awesome/fonts/fontawesome-webfont.woff2?v=4.3.0 HTTP/1.1" 200 56780 5
0:0:0:0:0:0:0:1 - - [18/Jan/2019:15:09:14 +0800] "POST /manage/account/getUserAccessList HTTP/1.1" 200 8121 11
0:0:0:0:0:0:0:1 - - [18/Jan/2019:15:09:35 +0800] "POST /manage/roll/addPcdi/Must HTTP/1.1" 200 57 5020
0:0:0:0:0:0:0:1 - - [18/Jan/2019:15:09:37 +0800] "GET /manage/roll/toPcdiList HTTP/1.1" 200 27456 19
0:0:0:0:0:0:0:1 - - [18/Jan/2019:15:09:37 +0800] "GET /static/css/bootstrap-switch.css HTTP/1.1" 200 6993 5
0:0:0:0:0:0:0:1 - - [18/Jan/2019:15:09:37 +0800] "GET /static/css/plugins/toastr/toastr.min.css HTTP/1.1" 200 6882 3
0:0:0:0:0:0:0:1 - - [18/Jan/2019:15:09:37 +0800] "GET /static/js/plugins/gritter/jquery.gritter.css HTTP/1.1" 200 2556 2
0:0:0:0:0:0:0:1 - - [18/Jan/2019:15:09:37 +0800] "GET /static/font-awesome/css/font-awesome.css HTTP/1.1" 200 28747 10
0:0:0:0:0:0:0:1 - - [18/Jan/2019:15:09:37 +0800] "GET /static/css/plugins/dataTables/dataTables.responsive.css HTTP/1.1" 200 2626 4
0:0:0:0:0:0:0:1 - - [18/Jan/2019:15:09:37 +0800] "GET /static/css/plugins/dataTables/dataTables.bootstrap.css HTTP/1.1" 200 5178 3
0:0:0:0:0:0:0:1 - - [18/Jan/2019:15:09:37 +0800] "GET /static/css/animate.css HTTP/1.1" 200 68411 13
0:0:0:0:0:0:0:1 - - [18/Jan/2019:15:09:37 +0800] "GET /static/css/plugins/dataTables/dataTables.tableTools.min.css HTTP/1.1" 200 6601 4
0:0:0:0:0:0:0:1 - - [18/Jan/2019:15:09:37 +0800] "GET /static/css/style.css HTTP/1.1" 200 156956 11
0:0:0:0:0:0:0:1 - - [18/Jan/2019:15:09:37 +0800] "GET /static/css/plugins/datapicker/bootstrap-datetimepicker.min.css HTTP/1.1" 200 7771 3
0:0:0:0:0:0:0:1 - - [18/Jan/2019:15:09:37 +0800] "GET /static/js/bootstrap-switch.js HTTP/1.1" 200 26858 4
0:0:0:0:0:0:0:1 - - [18/Jan/2019:15:09:37 +0800] "GET /static/js/bootstrap.min.js HTTP/1.1" 200 37045 8
0:0:0:0:0:0:0:1 - - [18/Jan/2019:15:09:37 +0800] "GET /static/js/plugins/metisMenu/jquery.metisMenu.js HTTP/1.1" 200 3265 3
0:0:0:0:0:0:0:1 - - [18/Jan/2019:15:09:37 +0800] "GET /static/js/plugins/pace/pace.min.js HTTP/1.1" 200 12364 3
0:0:0:0:0:0:0:1 - - [18/Jan/2019:15:09:37 +0800] "GET /static/js/inspinia.js HTTP/1.1" 200 8107 2
0:0:0:0:0:0:0:1 - - [18/Jan/2019:15:09:37 +0800] "GET /static/js/jquery-migrate-1.1.0.min.js HTTP/1.1" 200 6968 3
0:0:0:0:0:0:0:1 - - [18/Jan/2019:15:09:37 +0800] "GET /static/js/jquery-2.1.1.js HTTP/1.1" 200 84247 20
0:0:0:0:0:0:0:1 - - [18/Jan/2019:15:09:37 +0800] "GET /static/js/jquery-ui-1.10.4.min.js HTTP/1.1" 200 228539 11
0:0:0:0:0:0:0:1 - - [18/Jan/2019:15:09:37 +0800] "GET /static/js/plugins/dataTables/dataTables.responsive.js HTTP/1.1" 200 32864 5
0:0:0:0:0:0:0:1 - - [18/Jan/2019:15:09:37 +0800] "GET /static/js/plugins/dataTables/dataTables.bootstrap.js HTTP/1.1" 200 9614 6
0:0:0:0:0:0:0:1 - - [18/Jan/2019:15:09:37 +0800] "GET /static/js/plugins/slimscroll/jquery.slimscroll.min.js HTTP/1.1" 200 4682 4
0:0:0:0:0:0:0:1 - - [18/Jan/2019:15:09:37 +0800] "GET /static/js/plugins/dataTables/jquery.dataTables.js HTTP/1.1" 200 434957 20
0:0:0:0:0:0:0:1 - - [18/Jan/2019:15:09:37 +0800] "GET /static/js/plugins/dataTables/dataTables.tableTools.min.js HTTP/1.1" 200 31626 10
0:0:0:0:0:0:0:1 - - [18/Jan/2019:15:09:37 +0800] "GET /static/js/plugins/datapicker/bootstrap-datetimepicker.min.js HTTP/1.1" 200 48881 6
0:0:0:0:0:0:0:1 - - [18/Jan/2019:15:09:37 +0800] "GET /static/js/plugins/chosen/chosen.jquery.js HTTP/1.1" 200 51376 5
0:0:0:0:0:0:0:1 - - [18/Jan/2019:15:09:37 +0800] "GET /static/js/layer/layer.js HTTP/1.1" 200 25196 4
0:0:0:0:0:0:0:1 - - [18/Jan/2019:15:09:37 +0800] "GET /static/js/sha1.js HTTP/1.1" 200 5752 2
0:0:0:0:0:0:0:1 - - [18/Jan/2019:15:09:37 +0800] "GET /static/js/jquery.ajaxfileupload.js HTTP/1.1" 200 5785 4
0:0:0:0:0:0:0:1 - - [18/Jan/2019:15:09:37 +0800] "GET /static/js/plugins/jsTree/jstree.min.js HTTP/1.1" 200 118089 13
0:0:0:0:0:0:0:1 - - [18/Jan/2019:15:09:37 +0800] "GET /static/images/page/baidumarker.png HTTP/1.1" 200 2877 4
0:0:0:0:0:0:0:1 - - [18/Jan/2019:15:09:37 +0800] "GET /static/js/plugins/datapicker/Moment.js HTTP/1.1" 200 387799 26
0:0:0:0:0:0:0:1 - - [18/Jan/2019:15:09:37 +0800] "GET /static/css/bootstrap.min.css HTTP/1.1" 200 117305 85
0:0:0:0:0:0:0:1 - - [18/Jan/2019:15:09:37 +0800] "GET /static/ckeditor/ckeditor.js HTTP/1.1" 200 567997 58
0:0:0:0:0:0:0:1 - - [18/Jan/2019:15:09:37 +0800] "GET /static/js/layer/skin/layer.css HTTP/1.1" 200 14048 4
0:0:0:0:0:0:0:1 - - [18/Jan/2019:15:09:37 +0800] "GET /static/js/dist/jquery-migrate.min.map HTTP/1.1" 404 152 6
0:0:0:0:0:0:0:1 - - [18/Jan/2019:15:09:37 +0800] "GET /static/css/patterns/header-profile.png HTTP/1.1" 200 5877 3
0:0:0:0:0:0:0:1 - - [18/Jan/2019:15:09:37 +0800] "GET /static/font-awesome/fonts/fontawesome-webfont.woff2?v=4.3.0 HTTP/1.1" 200 56780 7
0:0:0:0:0:0:0:1 - - [18/Jan/2019:15:09:37 +0800] "POST /manage/account/getUserAccessList HTTP/1.1" 200 8121 9
0:0:0:0:0:0:0:1 - - [18/Jan/2019:15:09:37 +0800] "GET /manage/roll/getpcdiMustList.ajax?draw=1&columns%5B0%5D%5Bdata%5D=id&columns%5B0%5D%5Bname%5D=id&columns%5B0%5D%5Bsearchable%5D=true&columns%5B0%5D%5Borderable%5D=false&columns%5B0%5D%5Bsearch%5D%5Bvalue%5D=&columns%5B0%5D%5Bsearch%5D%5Bregex%5D=false&columns%5B1%5D%5Bdata%5D=describes&columns%5B1%5D%5Bname%5D=describes&columns%5B1%5D%5Bsearchable%5D=true&columns%5B1%5D%5Borderable%5D=false&columns%5B1%5D%5Bsearch%5D%5Bvalue%5D=&columns%5B1%5D%5Bsearch%5D%5Bregex%5D=false&columns%5B2%5D%5Bdata%5D=name&columns%5B2%5D%5Bname%5D=name&columns%5B2%5D%5Bsearchable%5D=true&columns%5B2%5D%5Borderable%5D=false&columns%5B2%5D%5Bsearch%5D%5Bvalue%5D=&columns%5B2%5D%5Bsearch%5D%5Bregex%5D=false&columns%5B3%5D%5Bdata%5D=topicTitle&columns%5B3%5D%5Bname%5D=topicTitle&columns%5B3%5D%5Bsearchable%5D=true&columns%5B3%5D%5Borderable%5D=false&columns%5B3%5D%5Bsearch%5D%5Bvalue%5D=&columns%5B3%5D%5Bsearch%5D%5Bregex%5D=false&columns%5B4%5D%5Bdata%5D=createTime&columns%5B4%5D%5Bname%5D=createTime&columns%5B4%5D%5Bsearchable%5D=true&columns%5B4%5D%5Borderable%5D=false&columns%5B4%5D%5Bsearch%5D%5Bvalue%5D=&columns%5B4%5D%5Bsearch%5D%5Bregex%5D=false&columns%5B5%5D%5Bdata%5D=id&columns%5B5%5D%5Bname%5D=id&columns%5B5%5D%5Bsearchable%5D=true&columns%5B5%5D%5Borderable%5D=false&columns%5B5%5D%5Bsearch%5D%5Bvalue%5D=&columns%5B5%5D%5Bsearch%5D%5Bregex%5D=false&start=0&length=10&search%5Bvalue%5D=&search%5Bregex%5D=false&_=1547795377265 HTTP/1.1" 200 5830 66
0:0:0:0:0:0:0:1 - - [18/Jan/2019:15:09:42 +0800] "GET /manage/roll/getpcdiMustList.ajax?draw=2&columns%5B0%5D%5Bdata%5D=id&columns%5B0%5D%5Bname%5D=id&columns%5B0%5D%5Bsearchable%5D=true&columns%5B0%5D%5Borderable%5D=false&columns%5B0%5D%5Bsearch%5D%5Bvalue%5D=&columns%5B0%5D%5Bsearch%5D%5Bregex%5D=false&columns%5B1%5D%5Bdata%5D=describes&columns%5B1%5D%5Bname%5D=describes&columns%5B1%5D%5Bsearchable%5D=true&columns%5B1%5D%5Borderable%5D=false&columns%5B1%5D%5Bsearch%5D%5Bvalue%5D=&columns%5B1%5D%5Bsearch%5D%5Bregex%5D=false&columns%5B2%5D%5Bdata%5D=name&columns%5B2%5D%5Bname%5D=name&columns%5B2%5D%5Bsearchable%5D=true&columns%5B2%5D%5Borderable%5D=false&columns%5B2%5D%5Bsearch%5D%5Bvalue%5D=&columns%5B2%5D%5Bsearch%5D%5Bregex%5D=false&columns%5B3%5D%5Bdata%5D=topicTitle&columns%5B3%5D%5Bname%5D=topicTitle&columns%5B3%5D%5Bsearchable%5D=true&columns%5B3%5D%5Borderable%5D=false&columns%5B3%5D%5Bsearch%5D%5Bvalue%5D=&columns%5B3%5D%5Bsearch%5D%5Bregex%5D=false&columns%5B4%5D%5Bdata%5D=createTime&columns%5B4%5D%5Bname%5D=createTime&columns%5B4%5D%5Bsearchable%5D=true&columns%5B4%5D%5Borderable%5D=false&columns%5B4%5D%5Bsearch%5D%5Bvalue%5D=&columns%5B4%5D%5Bsearch%5D%5Bregex%5D=false&columns%5B5%5D%5Bdata%5D=id&columns%5B5%5D%5Bname%5D=id&columns%5B5%5D%5Bsearchable%5D=true&columns%5B5%5D%5Borderable%5D=false&columns%5B5%5D%5Bsearch%5D%5Bvalue%5D=&columns%5B5%5D%5Bsearch%5D%5Bregex%5D=false&start=0&length=10&search%5Bvalue%5D=&search%5Bregex%5D=false&type=5&topictitle=&_=1547795377266 HTTP/1.1" 200 4801 41
0:0:0:0:0:0:0:1 - - [18/Jan/2019:15:09:44 +0800] "GET /manage/roll/getpcdiMustList.ajax?draw=3&columns%5B0%5D%5Bdata%5D=id&columns%5B0%5D%5Bname%5D=id&columns%5B0%5D%5Bsearchable%5D=true&columns%5B0%5D%5Borderable%5D=false&columns%5B0%5D%5Bsearch%5D%5Bvalue%5D=&columns%5B0%5D%5Bsearch%5D%5Bregex%5D=false&columns%5B1%5D%5Bdata%5D=describes&columns%5B1%5D%5Bname%5D=describes&columns%5B1%5D%5Bsearchable%5D=true&columns%5B1%5D%5Borderable%5D=false&columns%5B1%5D%5Bsearch%5D%5Bvalue%5D=&columns%5B1%5D%5Bsearch%5D%5Bregex%5D=false&columns%5B2%5D%5Bdata%5D=name&columns%5B2%5D%5Bname%5D=name&columns%5B2%5D%5Bsearchable%5D=true&columns%5B2%5D%5Borderable%5D=false&columns%5B2%5D%5Bsearch%5D%5Bvalue%5D=&columns%5B2%5D%5Bsearch%5D%5Bregex%5D=false&columns%5B3%5D%5Bdata%5D=topicTitle&columns%5B3%5D%5Bname%5D=topicTitle&columns%5B3%5D%5Bsearchable%5D=true&columns%5B3%5D%5Borderable%5D=false&columns%5B3%5D%5Bsearch%5D%5Bvalue%5D=&columns%5B3%5D%5Bsearch%5D%5Bregex%5D=false&columns%5B4%5D%5Bdata%5D=createTime&columns%5B4%5D%5Bname%5D=createTime&columns%5B4%5D%5Bsearchable%5D=true&columns%5B4%5D%5Borderable%5D=false&columns%5B4%5D%5Bsearch%5D%5Bvalue%5D=&columns%5B4%5D%5Bsearch%5D%5Bregex%5D=false&columns%5B5%5D%5Bdata%5D=id&columns%5B5%5D%5Bname%5D=id&columns%5B5%5D%5Bsearchable%5D=true&columns%5B5%5D%5Borderable%5D=false&columns%5B5%5D%5Bsearch%5D%5Bvalue%5D=&columns%5B5%5D%5Bsearch%5D%5Bregex%5D=false&start=20&length=10&search%5Bvalue%5D=&search%5Bregex%5D=false&type=5&topictitle=&_=1547795377267 HTTP/1.1" 200 1986 27
0:0:0:0:0:0:0:1 - - [18/Jan/2019:15:09:45 +0800] "GET /manage/roll/toPcdidelete?ids=46%2C1 HTTP/1.1" 200 47 31
0:0:0:0:0:0:0:1 - - [18/Jan/2019:15:09:46 +0800] "GET /manage/roll/toPcdiList HTTP/1.1" 200 27456 13
0:0:0:0:0:0:0:1 - - [18/Jan/2019:15:09:46 +0800] "GET /static/css/bootstrap-switch.css HTTP/1.1" 200 6993 5
0:0:0:0:0:0:0:1 - - [18/Jan/2019:15:09:46 +0800] "GET /static/css/plugins/toastr/toastr.min.css HTTP/1.1" 200 6882 2
0:0:0:0:0:0:0:1 - - [18/Jan/2019:15:09:46 +0800] "GET /static/js/plugins/gritter/jquery.gritter.css HTTP/1.1" 200 2556 2
0:0:0:0:0:0:0:1 - - [18/Jan/2019:15:09:46 +0800] "GET /static/font-awesome/css/font-awesome.css HTTP/1.1" 200 28747 13
0:0:0:0:0:0:0:1 - - [18/Jan/2019:15:09:46 +0800] "GET /static/css/plugins/dataTables/dataTables.responsive.css HTTP/1.1" 200 2626 3
0:0:0:0:0:0:0:1 - - [18/Jan/2019:15:09:46 +0800] "GET /static/css/plugins/dataTables/dataTables.bootstrap.css HTTP/1.1" 200 5178 3
0:0:0:0:0:0:0:1 - - [18/Jan/2019:15:09:46 +0800] "GET /static/css/style.css HTTP/1.1" 200 156956 15
0:0:0:0:0:0:0:1 - - [18/Jan/2019:15:09:46 +0800] "GET /static/css/animate.css HTTP/1.1" 200 68411 19
0:0:0:0:0:0:0:1 - - [18/Jan/2019:15:09:46 +0800] "GET /static/css/plugins/dataTables/dataTables.tableTools.min.css HTTP/1.1" 200 6601 3
0:0:0:0:0:0:0:1 - - [18/Jan/2019:15:09:46 +0800] "GET /static/css/plugins/datapicker/bootstrap-datetimepicker.min.css HTTP/1.1" 200 7771 4
0:0:0:0:0:0:0:1 - - [18/Jan/2019:15:09:46 +0800] "GET /static/css/bootstrap.min.css HTTP/1.1" 200 117305 33
0:0:0:0:0:0:0:1 - - [18/Jan/2019:15:09:46 +0800] "GET /static/js/jquery-2.1.1.js HTTP/1.1" 200 84247 7
0:0:0:0:0:0:0:1 - - [18/Jan/2019:15:09:46 +0800] "GET /static/js/plugins/slimscroll/jquery.slimscroll.min.js HTTP/1.1" 200 4682 4
0:0:0:0:0:0:0:1 - - [18/Jan/2019:15:09:46 +0800] "GET /static/js/plugins/metisMenu/jquery.metisMenu.js HTTP/1.1" 200 3265 3
0:0:0:0:0:0:0:1 - - [18/Jan/2019:15:09:46 +0800] "GET /static/js/bootstrap-switch.js HTTP/1.1" 200 26858 4
0:0:0:0:0:0:0:1 - - [18/Jan/2019:15:09:46 +0800] "GET /static/js/inspinia.js HTTP/1.1" 200 8107 3
0:0:0:0:0:0:0:1 - - [18/Jan/2019:15:09:46 +0800] "GET /static/js/plugins/pace/pace.min.js HTTP/1.1" 200 12364 3
0:0:0:0:0:0:0:1 - - [18/Jan/2019:15:09:46 +0800] "GET /static/js/bootstrap.min.js HTTP/1.1" 200 37045 15
0:0:0:0:0:0:0:1 - - [18/Jan/2019:15:09:46 +0800] "GET /static/js/jquery-migrate-1.1.0.min.js HTTP/1.1" 200 6968 3
0:0:0:0:0:0:0:1 - - [18/Jan/2019:15:09:46 +0800] "GET /static/js/plugins/dataTables/dataTables.bootstrap.js HTTP/1.1" 200 9614 5
0:0:0:0:0:0:0:1 - - [18/Jan/2019:15:09:46 +0800] "GET /static/js/jquery-ui-1.10.4.min.js HTTP/1.1" 200 228539 19
0:0:0:0:0:0:0:1 - - [18/Jan/2019:15:09:46 +0800] "GET /static/js/plugins/dataTables/dataTables.tableTools.min.js HTTP/1.1" 200 31626 4
0:0:0:0:0:0:0:1 - - [18/Jan/2019:15:09:46 +0800] "GET /static/js/plugins/dataTables/jquery.dataTables.js HTTP/1.1" 200 434957 16
0:0:0:0:0:0:0:1 - - [18/Jan/2019:15:09:46 +0800] "GET /static/js/plugins/jsTree/jstree.min.js HTTP/1.1" 200 118089 5
0:0:0:0:0:0:0:1 - - [18/Jan/2019:15:09:46 +0800] "GET /static/js/plugins/chosen/chosen.jquery.js HTTP/1.1" 200 51376 4
0:0:0:0:0:0:0:1 - - [18/Jan/2019:15:09:46 +0800] "GET /static/js/layer/layer.js HTTP/1.1" 200 25196 3
0:0:0:0:0:0:0:1 - - [18/Jan/2019:15:09:46 +0800] "GET /static/js/sha1.js HTTP/1.1" 200 5752 3
0:0:0:0:0:0:0:1 - - [18/Jan/2019:15:09:46 +0800] "GET /static/js/jquery.ajaxfileupload.js HTTP/1.1" 200 5785 2
0:0:0:0:0:0:0:1 - - [18/Jan/2019:15:09:46 +0800] "GET /static/images/page/baidumarker.png HTTP/1.1" 200 2877 3
0:0:0:0:0:0:0:1 - - [18/Jan/2019:15:09:46 +0800] "GET /static/js/plugins/dataTables/dataTables.responsive.js HTTP/1.1" 200 32864 27
0:0:0:0:0:0:0:1 - - [18/Jan/2019:15:09:46 +0800] "GET /static/js/plugins/datapicker/bootstrap-datetimepicker.min.js HTTP/1.1" 200 48881 24
0:0:0:0:0:0:0:1 - - [18/Jan/2019:15:09:46 +0800] "GET /static/js/plugins/datapicker/Moment.js HTTP/1.1" 200 387799 31
0:0:0:0:0:0:0:1 - - [18/Jan/2019:15:09:46 +0800] "GET /static/ckeditor/ckeditor.js HTTP/1.1" 200 567997 68
0:0:0:0:0:0:0:1 - - [18/Jan/2019:15:09:47 +0800] "GET /static/js/layer/skin/layer.css HTTP/1.1" 200 14048 3
0:0:0:0:0:0:0:1 - - [18/Jan/2019:15:09:47 +0800] "GET /static/js/dist/jquery-migrate.min.map HTTP/1.1" 404 152 6
0:0:0:0:0:0:0:1 - - [18/Jan/2019:15:09:47 +0800] "GET /static/css/patterns/header-profile.png HTTP/1.1" 200 5877 4
0:0:0:0:0:0:0:1 - - [18/Jan/2019:15:09:47 +0800] "GET /static/font-awesome/fonts/fontawesome-webfont.woff2?v=4.3.0 HTTP/1.1" 200 56780 5
0:0:0:0:0:0:0:1 - - [18/Jan/2019:15:09:47 +0800] "POST /manage/account/getUserAccessList HTTP/1.1" 200 8121 7
0:0:0:0:0:0:0:1 - - [18/Jan/2019:15:09:47 +0800] "GET /manage/roll/getpcdiMustList.ajax?draw=1&columns%5B0%5D%5Bdata%5D=id&columns%5B0%5D%5Bname%5D=id&columns%5B0%5D%5Bsearchable%5D=true&columns%5B0%5D%5Borderable%5D=false&columns%5B0%5D%5Bsearch%5D%5Bvalue%5D=&columns%5B0%5D%5Bsearch%5D%5Bregex%5D=false&columns%5B1%5D%5Bdata%5D=describes&columns%5B1%5D%5Bname%5D=describes&columns%5B1%5D%5Bsearchable%5D=true&columns%5B1%5D%5Borderable%5D=false&columns%5B1%5D%5Bsearch%5D%5Bvalue%5D=&columns%5B1%5D%5Bsearch%5D%5Bregex%5D=false&columns%5B2%5D%5Bdata%5D=name&columns%5B2%5D%5Bname%5D=name&columns%5B2%5D%5Bsearchable%5D=true&columns%5B2%5D%5Borderable%5D=false&columns%5B2%5D%5Bsearch%5D%5Bvalue%5D=&columns%5B2%5D%5Bsearch%5D%5Bregex%5D=false&columns%5B3%5D%5Bdata%5D=topicTitle&columns%5B3%5D%5Bname%5D=topicTitle&columns%5B3%5D%5Bsearchable%5D=true&columns%5B3%5D%5Borderable%5D=false&columns%5B3%5D%5Bsearch%5D%5Bvalue%5D=&columns%5B3%5D%5Bsearch%5D%5Bregex%5D=false&columns%5B4%5D%5Bdata%5D=createTime&columns%5B4%5D%5Bname%5D=createTime&columns%5B4%5D%5Bsearchable%5D=true&columns%5B4%5D%5Borderable%5D=false&columns%5B4%5D%5Bsearch%5D%5Bvalue%5D=&columns%5B4%5D%5Bsearch%5D%5Bregex%5D=false&columns%5B5%5D%5Bdata%5D=id&columns%5B5%5D%5Bname%5D=id&columns%5B5%5D%5Bsearchable%5D=true&columns%5B5%5D%5Borderable%5D=false&columns%5B5%5D%5Bsearch%5D%5Bvalue%5D=&columns%5B5%5D%5Bsearch%5D%5Bregex%5D=false&start=0&length=10&search%5Bvalue%5D=&search%5Bregex%5D=false&_=1547795387000 HTTP/1.1" 200 5830 48
0:0:0:0:0:0:0:1 - - [18/Jan/2019:15:22:25 +0800] "GET / HTTP/1.1" 200 3270 1350
0:0:0:0:0:0:0:1 - - [18/Jan/2019:15:22:25 +0800] "GET /static/css/login/simple-line-icons.css HTTP/1.1" 200 11717 65
0:0:0:0:0:0:0:1 - - [18/Jan/2019:15:22:25 +0800] "GET /static/js/jquery-2.1.1.js HTTP/1.1" 200 84247 69
0:0:0:0:0:0:0:1 - - [18/Jan/2019:15:22:25 +0800] "GET /static/css/login/bootstrap.css HTTP/1.1" 200 126969 75
0:0:0:0:0:0:0:1 - - [18/Jan/2019:15:22:25 +0800] "GET /static/css/login/app.css HTTP/1.1" 200 107519 53
0:0:0:0:0:0:0:1 - - [18/Jan/2019:15:22:25 +0800] "GET /static/images/login/bodybg.jpg HTTP/1.1" 200 21275 24
0:0:0:0:0:0:0:1 - - [18/Jan/2019:15:22:25 +0800] "GET /XiaoyudiApplication/static/images/login/Simple-Line-Icons.woff HTTP/1.1" 404 177 164
0:0:0:0:0:0:0:1 - - [18/Jan/2019:15:22:25 +0800] "GET /XiaoyudiApplication/static/images/login/Simple-Line-Icons.ttf HTTP/1.1" 404 176 23
0:0:0:0:0:0:0:1 - - [18/Jan/2019:15:22:25 +0800] "GET /favicon.ico HTTP/1.1" 200 946 25
0:0:0:0:0:0:0:1 - - [18/Jan/2019:15:22:28 +0800] "GET / HTTP/1.1" 200 3270 8
0:0:0:0:0:0:0:1 - - [18/Jan/2019:15:22:28 +0800] "GET /static/css/login/simple-line-icons.css HTTP/1.1" 200 11717 11
0:0:0:0:0:0:0:1 - - [18/Jan/2019:15:22:28 +0800] "GET /static/css/login/bootstrap.css HTTP/1.1" 200 126969 29
0:0:0:0:0:0:0:1 - - [18/Jan/2019:15:22:28 +0800] "GET /static/js/jquery-2.1.1.js HTTP/1.1" 200 84247 34
0:0:0:0:0:0:0:1 - - [18/Jan/2019:15:22:28 +0800] "GET /static/css/login/app.css HTTP/1.1" 200 107519 28
0:0:0:0:0:0:0:1 - - [18/Jan/2019:15:22:28 +0800] "GET /static/images/login/bodybg.jpg HTTP/1.1" 200 21275 15
0:0:0:0:0:0:0:1 - - [18/Jan/2019:15:22:28 +0800] "GET /XiaoyudiApplication/static/images/login/Simple-Line-Icons.woff HTTP/1.1" 404 177 9
0:0:0:0:0:0:0:1 - - [18/Jan/2019:15:22:28 +0800] "GET /XiaoyudiApplication/static/images/login/Simple-Line-Icons.ttf HTTP/1.1" 404 176 17
0:0:0:0:0:0:0:1 - - [18/Jan/2019:15:22:43 +0800] "GET / HTTP/1.1" 200 3270 17
0:0:0:0:0:0:0:1 - - [18/Jan/2019:15:22:43 +0800] "GET /static/js/jquery-2.1.1.js HTTP/1.1" 200 84247 13
0:0:0:0:0:0:0:1 - - [18/Jan/2019:15:22:43 +0800] "GET /static/css/login/simple-line-icons.css HTTP/1.1" 200 11717 9
0:0:0:0:0:0:0:1 - - [18/Jan/2019:15:22:43 +0800] "GET /static/css/login/bootstrap.css HTTP/1.1" 200 126969 14
0:0:0:0:0:0:0:1 - - [18/Jan/2019:15:22:43 +0800] "GET /static/css/login/app.css HTTP/1.1" 200 107519 20
0:0:0:0:0:0:0:1 - - [18/Jan/2019:15:22:43 +0800] "GET /XiaoyudiApplication/static/images/login/Simple-Line-Icons.woff HTTP/1.1" 404 177 8
0:0:0:0:0:0:0:1 - - [18/Jan/2019:15:22:43 +0800] "GET /static/images/login/bodybg.jpg HTTP/1.1" 200 21275 9
0:0:0:0:0:0:0:1 - - [18/Jan/2019:15:22:43 +0800] "GET /XiaoyudiApplication/static/images/login/Simple-Line-Icons.ttf HTTP/1.1" 404 176 9
0:0:0:0:0:0:0:1 - - [18/Jan/2019:15:22:43 +0800] "GET /favicon.ico HTTP/1.1" 200 946 10
0:0:0:0:0:0:0:1 - - [18/Jan/2019:15:22:49 +0800] "POST /manage/account/login HTTP/1.1" 200 221 1249
0:0:0:0:0:0:0:1 - - [18/Jan/2019:15:22:50 +0800] "GET /static/css/bootstrap-switch.css HTTP/1.1" 200 6993 5
0:0:0:0:0:0:0:1 - - [18/Jan/2019:15:22:50 +0800] "GET /static/css/bootstrap.min.css HTTP/1.1" 200 117305 17
0:0:0:0:0:0:0:1 - - [18/Jan/2019:15:22:50 +0800] "GET /manage/account/toindexPage HTTP/1.1" 200 19365 71
0:0:0:0:0:0:0:1 - - [18/Jan/2019:15:22:50 +0800] "GET /static/js/plugins/gritter/jquery.gritter.css HTTP/1.1" 200 2556 8
0:0:0:0:0:0:0:1 - - [18/Jan/2019:15:22:50 +0800] "GET /static/css/plugins/toastr/toastr.min.css HTTP/1.1" 200 6882 4
0:0:0:0:0:0:0:1 - - [18/Jan/2019:15:22:50 +0800] "GET /static/css/animate.css HTTP/1.1" 200 68411 14
0:0:0:0:0:0:0:1 - - [18/Jan/2019:15:22:50 +0800] "GET /static/css/plugins/dataTables/dataTables.responsive.css HTTP/1.1" 200 2626 14
0:0:0:0:0:0:0:1 - - [18/Jan/2019:15:22:50 +0800] "GET /static/font-awesome/css/font-awesome.css HTTP/1.1" 200 28747 33
0:0:0:0:0:0:0:1 - - [18/Jan/2019:15:22:50 +0800] "GET /static/css/style.css HTTP/1.1" 200 156956 20
0:0:0:0:0:0:0:1 - - [18/Jan/2019:15:22:50 +0800] "GET /static/css/plugins/datapicker/bootstrap-datetimepicker.min.css HTTP/1.1" 200 7771 8
0:0:0:0:0:0:0:1 - - [18/Jan/2019:15:22:50 +0800] "GET /static/js/bootstrap-switch.js HTTP/1.1" 200 26858 7
0:0:0:0:0:0:0:1 - - [18/Jan/2019:15:22:50 +0800] "GET /static/js/bootstrap.min.js HTTP/1.1" 200 37045 5
0:0:0:0:0:0:0:1 - - [18/Jan/2019:15:22:50 +0800] "GET /static/js/plugins/slimscroll/jquery.slimscroll.min.js HTTP/1.1" 200 4682 4
0:0:0:0:0:0:0:1 - - [18/Jan/2019:15:22:50 +0800] "GET /static/js/plugins/metisMenu/jquery.metisMenu.js HTTP/1.1" 200 3265 4
0:0:0:0:0:0:0:1 - - [18/Jan/2019:15:22:50 +0800] "GET /static/js/inspinia.js HTTP/1.1" 200 8107 6
0:0:0:0:0:0:0:1 - - [18/Jan/2019:15:22:50 +0800] "GET /static/js/plugins/pace/pace.min.js HTTP/1.1" 200 12364 6
0:0:0:0:0:0:0:1 - - [18/Jan/2019:15:22:50 +0800] "GET /static/js/jquery-ui-1.10.4.min.js HTTP/1.1" 200 228539 12
0:0:0:0:0:0:0:1 - - [18/Jan/2019:15:22:50 +0800] "GET /static/css/plugins/dataTables/dataTables.bootstrap.css HTTP/1.1" 200 5178 7
0:0:0:0:0:0:0:1 - - [18/Jan/2019:15:22:50 +0800] "GET /static/css/plugins/dataTables/dataTables.tableTools.min.css HTTP/1.1" 200 6601 8
0:0:0:0:0:0:0:1 - - [18/Jan/2019:15:22:50 +0800] "GET /static/js/plugins/dataTables/dataTables.bootstrap.js HTTP/1.1" 200 9614 5
0:0:0:0:0:0:0:1 - - [18/Jan/2019:15:22:50 +0800] "GET /static/js/jquery-2.1.1.js HTTP/1.1" 200 84247 9
0:0:0:0:0:0:0:1 - - [18/Jan/2019:15:22:50 +0800] "GET /static/js/jquery-migrate-1.1.0.min.js HTTP/1.1" 200 6968 34
0:0:0:0:0:0:0:1 - - [18/Jan/2019:15:22:50 +0800] "GET /static/js/plugins/dataTables/dataTables.tableTools.min.js HTTP/1.1" 200 31626 15
0:0:0:0:0:0:0:1 - - [18/Jan/2019:15:22:50 +0800] "GET /static/js/plugins/datapicker/Moment.js HTTP/1.1" 200 387799 16
0:0:0:0:0:0:0:1 - - [18/Jan/2019:15:22:50 +0800] "GET /static/js/plugins/dataTables/dataTables.responsive.js HTTP/1.1" 200 32864 6
0:0:0:0:0:0:0:1 - - [18/Jan/2019:15:22:50 +0800] "GET /static/js/plugins/jsTree/jstree.min.js HTTP/1.1" 200 118089 8
0:0:0:0:0:0:0:1 - - [18/Jan/2019:15:22:50 +0800] "GET /static/js/sha1.js HTTP/1.1" 200 5752 6
0:0:0:0:0:0:0:1 - - [18/Jan/2019:15:22:50 +0800] "GET /static/js/plugins/datapicker/bootstrap-datetimepicker.min.js HTTP/1.1" 200 48881 26
0:0:0:0:0:0:0:1 - - [18/Jan/2019:15:22:50 +0800] "GET /static/js/layer/layer.js HTTP/1.1" 200 25196 8
0:0:0:0:0:0:0:1 - - [18/Jan/2019:15:22:50 +0800] "GET /static/js/jquery.ajaxfileupload.js HTTP/1.1" 200 5785 6
0:0:0:0:0:0:0:1 - - [18/Jan/2019:15:22:50 +0800] "GET /static/ckeditor/ckeditor.js HTTP/1.1" 200 567997 71
0:0:0:0:0:0:0:1 - - [18/Jan/2019:15:22:50 +0800] "GET /static/js/plugins/dataTables/jquery.dataTables.js HTTP/1.1" 200 434957 72
0:0:0:0:0:0:0:1 - - [18/Jan/2019:15:22:50 +0800] "GET /static/js/plugins/chosen/chosen.jquery.js HTTP/1.1" 200 51376 37
0:0:0:0:0:0:0:1 - - [18/Jan/2019:15:22:50 +0800] "GET /static/images/page/baidumarker.png HTTP/1.1" 200 2877 8
0:0:0:0:0:0:0:1 - - [18/Jan/2019:15:22:50 +0800] "GET /static/js/dist/jquery-migrate.min.map HTTP/1.1" 404 152 5
0:0:0:0:0:0:0:1 - - [18/Jan/2019:15:22:50 +0800] "GET /static/js/layer/skin/layer.css HTTP/1.1" 200 14048 4
0:0:0:0:0:0:0:1 - - [18/Jan/2019:15:22:50 +0800] "GET /static/css/patterns/header-profile.png HTTP/1.1" 200 5877 13
0:0:0:0:0:0:0:1 - - [18/Jan/2019:15:22:50 +0800] "GET /static/font-awesome/fonts/fontawesome-webfont.woff2?v=4.3.0 HTTP/1.1" 200 56780 10
0:0:0:0:0:0:0:1 - - [18/Jan/2019:15:22:51 +0800] "POST /manage/account/getUserAccessList HTTP/1.1" 200 8121 123
0:0:0:0:0:0:0:1 - - [18/Jan/2019:15:22:54 +0800] "GET /manage/workbench/toWorkBenchPage HTTP/1.1" 200 32070 724
0:0:0:0:0:0:0:1 - - [18/Jan/2019:15:22:54 +0800] "GET /static/css/bootstrap-switch.css HTTP/1.1" 200 6993 5
0:0:0:0:0:0:0:1 - - [18/Jan/2019:15:22:55 +0800] "GET /static/js/plugins/gritter/jquery.gritter.css HTTP/1.1" 200 2556 4
0:0:0:0:0:0:0:1 - - [18/Jan/2019:15:22:55 +0800] "GET /static/font-awesome/css/font-awesome.css HTTP/1.1" 200 28747 6
0:0:0:0:0:0:0:1 - - [18/Jan/2019:15:22:55 +0800] "GET /static/css/plugins/toastr/toastr.min.css HTTP/1.1" 200 6882 10
0:0:0:0:0:0:0:1 - - [18/Jan/2019:15:22:55 +0800] "GET /static/css/animate.css HTTP/1.1" 200 68411 9
0:0:0:0:0:0:0:1 - - [18/Jan/2019:15:22:55 +0800] "GET /static/css/style.css HTTP/1.1" 200 156956 12
0:0:0:0:0:0:0:1 - - [18/Jan/2019:15:22:55 +0800] "GET /static/css/plugins/dataTables/dataTables.tableTools.min.css HTTP/1.1" 200 6601 8
0:0:0:0:0:0:0:1 - - [18/Jan/2019:15:22:55 +0800] "GET /static/css/plugins/dataTables/dataTables.bootstrap.css HTTP/1.1" 200 5178 5
0:0:0:0:0:0:0:1 - - [18/Jan/2019:15:22:55 +0800] "GET /static/css/plugins/datapicker/bootstrap-datetimepicker.min.css HTTP/1.1" 200 7771 7
0:0:0:0:0:0:0:1 - - [18/Jan/2019:15:22:55 +0800] "GET /static/js/bootstrap.min.js HTTP/1.1" 200 37045 18
0:0:0:0:0:0:0:1 - - [18/Jan/2019:15:22:55 +0800] "GET /static/js/bootstrap-switch.js HTTP/1.1" 200 26858 9
0:0:0:0:0:0:0:1 - - [18/Jan/2019:15:22:55 +0800] "GET /static/js/jquery-2.1.1.js HTTP/1.1" 200 84247 26
0:0:0:0:0:0:0:1 - - [18/Jan/2019:15:22:55 +0800] "GET /static/js/inspinia.js HTTP/1.1" 200 8107 4
0:0:0:0:0:0:0:1 - - [18/Jan/2019:15:22:55 +0800] "GET /static/js/plugins/pace/pace.min.js HTTP/1.1" 200 12364 5
0:0:0:0:0:0:0:1 - - [18/Jan/2019:15:22:55 +0800] "GET /static/css/plugins/dataTables/dataTables.responsive.css HTTP/1.1" 200 2626 4
0:0:0:0:0:0:0:1 - - [18/Jan/2019:15:22:55 +0800] "GET /static/js/plugins/metisMenu/jquery.metisMenu.js HTTP/1.1" 200 3265 7
0:0:0:0:0:0:0:1 - - [18/Jan/2019:15:22:55 +0800] "GET /static/js/jquery-migrate-1.1.0.min.js HTTP/1.1" 200 6968 4
0:0:0:0:0:0:0:1 - - [18/Jan/2019:15:22:55 +0800] "GET /static/js/plugins/dataTables/dataTables.bootstrap.js HTTP/1.1" 200 9614 5
0:0:0:0:0:0:0:1 - - [18/Jan/2019:15:22:55 +0800] "GET /static/js/plugins/slimscroll/jquery.slimscroll.min.js HTTP/1.1" 200 4682 10
0:0:0:0:0:0:0:1 - - [18/Jan/2019:15:22:55 +0800] "GET /static/js/jquery-ui-1.10.4.min.js HTTP/1.1" 200 228539 14
0:0:0:0:0:0:0:1 - - [18/Jan/2019:15:22:55 +0800] "GET /static/js/plugins/dataTables/dataTables.tableTools.min.js HTTP/1.1" 200 31626 6
0:0:0:0:0:0:0:1 - - [18/Jan/2019:15:22:55 +0800] "GET /static/js/plugins/dataTables/dataTables.responsive.js HTTP/1.1" 200 32864 13
0:0:0:0:0:0:0:1 - - [18/Jan/2019:15:22:55 +0800] "GET /static/js/plugins/datapicker/bootstrap-datetimepicker.min.js HTTP/1.1" 200 48881 16
0:0:0:0:0:0:0:1 - - [18/Jan/2019:15:22:55 +0800] "GET /static/js/plugins/datapicker/Moment.js HTTP/1.1" 200 387799 24
0:0:0:0:0:0:0:1 - - [18/Jan/2019:15:22:55 +0800] "GET /static/ckeditor/ckeditor.js HTTP/1.1" 200 567997 43
0:0:0:0:0:0:0:1 - - [18/Jan/2019:15:22:55 +0800] "GET /static/js/plugins/dataTables/jquery.dataTables.js HTTP/1.1" 200 434957 34
0:0:0:0:0:0:0:1 - - [18/Jan/2019:15:22:55 +0800] "GET /static/js/plugins/jsTree/jstree.min.js HTTP/1.1" 200 118089 11
0:0:0:0:0:0:0:1 - - [18/Jan/2019:15:22:55 +0800] "GET /static/js/plugins/chosen/chosen.jquery.js HTTP/1.1" 200 51376 8
0:0:0:0:0:0:0:1 - - [18/Jan/2019:15:22:55 +0800] "GET /static/js/sha1.js HTTP/1.1" 200 5752 5
0:0:0:0:0:0:0:1 - - [18/Jan/2019:15:22:55 +0800] "GET /static/js/layer/layer.js HTTP/1.1" 200 25196 13
0:0:0:0:0:0:0:1 - - [18/Jan/2019:15:22:55 +0800] "GET /static/js/jquery.ajaxfileupload.js HTTP/1.1" 200 5785 6
0:0:0:0:0:0:0:1 - - [18/Jan/2019:15:22:55 +0800] "GET /static/images/page/baidumarker.png HTTP/1.1" 200 2877 6
0:0:0:0:0:0:0:1 - - [18/Jan/2019:15:22:55 +0800] "GET /static/css/bootstrap.min.css HTTP/1.1" 200 117305 150
0:0:0:0:0:0:0:1 - - [18/Jan/2019:15:22:55 +0800] "GET /static/js/hjs/jquery.tmpl.min.js HTTP/1.1" 200 6130 4
0:0:0:0:0:0:0:1 - - [18/Jan/2019:15:22:55 +0800] "GET /static/js/hjs/echarts.min.js HTTP/1.1" 200 744675 34
0:0:0:0:0:0:0:1 - - [18/Jan/2019:15:22:55 +0800] "GET /static/js/hjs/api.js HTTP/1.1" 200 2212 5
0:0:0:0:0:0:0:1 - - [18/Jan/2019:15:22:55 +0800] "GET /static/js/layer/skin/layer.css HTTP/1.1" 200 14048 3
0:0:0:0:0:0:0:1 - - [18/Jan/2019:15:22:55 +0800] "GET /static/js/dist/jquery-migrate.min.map HTTP/1.1" 404 152 6
0:0:0:0:0:0:0:1 - - [18/Jan/2019:15:22:55 +0800] "GET /static/css/patterns/header-profile.png HTTP/1.1" 200 5877 4
0:0:0:0:0:0:0:1 - - [18/Jan/2019:15:22:55 +0800] "GET /static/font-awesome/fonts/fontawesome-webfont.woff2?v=4.3.0 HTTP/1.1" 200 56780 8
0:0:0:0:0:0:0:1 - - [18/Jan/2019:15:22:55 +0800] "POST /manage/account/getUserAccessList HTTP/1.1" 200 8121 5
0:0:0:0:0:0:0:1 - - [18/Jan/2019:15:22:55 +0800] "GET /XiaoyudiApplication/manage/workbench/getWorkSum HTTP/1.1" 404 162 5
0:0:0:0:0:0:0:1 - - [18/Jan/2019:15:22:55 +0800] "GET /XiaoyudiApplication/manage/workbench/getWorkday HTTP/1.1" 404 162 5
0:0:0:0:0:0:0:1 - - [18/Jan/2019:15:22:55 +0800] "GET /XiaoyudiApplication/manage/workbench/getWorkModule HTTP/1.1" 404 165 7
0:0:0:0:0:0:0:1 - - [18/Jan/2019:15:23:01 +0800] "GET /manage/account/toindexPage HTTP/1.1" 200 19365 29
0:0:0:0:0:0:0:1 - - [18/Jan/2019:15:23:01 +0800] "GET /static/css/bootstrap-switch.css HTTP/1.1" 200 6993 4
0:0:0:0:0:0:0:1 - - [18/Jan/2019:15:23:01 +0800] "GET /static/font-awesome/css/font-awesome.css HTTP/1.1" 200 28747 9
0:0:0:0:0:0:0:1 - - [18/Jan/2019:15:23:01 +0800] "GET /static/css/bootstrap.min.css HTTP/1.1" 200 117305 21
0:0:0:0:0:0:0:1 - - [18/Jan/2019:15:23:01 +0800] "GET /static/css/plugins/toastr/toastr.min.css HTTP/1.1" 200 6882 4
0:0:0:0:0:0:0:1 - - [18/Jan/2019:15:23:01 +0800] "GET /static/js/plugins/gritter/jquery.gritter.css HTTP/1.1" 200 2556 4
0:0:0:0:0:0:0:1 - - [18/Jan/2019:15:23:01 +0800] "GET /static/css/plugins/dataTables/dataTables.bootstrap.css HTTP/1.1" 200 5178 10
0:0:0:0:0:0:0:1 - - [18/Jan/2019:15:23:01 +0800] "GET /static/css/animate.css HTTP/1.1" 200 68411 6
0:0:0:0:0:0:0:1 - - [18/Jan/2019:15:23:01 +0800] "GET /static/css/plugins/dataTables/dataTables.responsive.css HTTP/1.1" 200 2626 4
0:0:0:0:0:0:0:1 - - [18/Jan/2019:15:23:01 +0800] "GET /static/css/style.css HTTP/1.1" 200 156956 9
0:0:0:0:0:0:0:1 - - [18/Jan/2019:15:23:01 +0800] "GET /static/css/plugins/dataTables/dataTables.tableTools.min.css HTTP/1.1" 200 6601 4
0:0:0:0:0:0:0:1 - - [18/Jan/2019:15:23:01 +0800] "GET /static/js/plugins/metisMenu/jquery.metisMenu.js HTTP/1.1" 200 3265 4
0:0:0:0:0:0:0:1 - - [18/Jan/2019:15:23:01 +0800] "GET /static/css/plugins/datapicker/bootstrap-datetimepicker.min.css HTTP/1.1" 200 7771 4
0:0:0:0:0:0:0:1 - - [18/Jan/2019:15:23:01 +0800] "GET /static/js/bootstrap.min.js HTTP/1.1" 200 37045 5
0:0:0:0:0:0:0:1 - - [18/Jan/2019:15:23:01 +0800] "GET /static/js/jquery-2.1.1.js HTTP/1.1" 200 84247 12
0:0:0:0:0:0:0:1 - - [18/Jan/2019:15:23:01 +0800] "GET /static/js/jquery-ui-1.10.4.min.js HTTP/1.1" 200 228539 10
0:0:0:0:0:0:0:1 - - [18/Jan/2019:15:23:01 +0800] "GET /static/js/plugins/slimscroll/jquery.slimscroll.min.js HTTP/1.1" 200 4682 5
0:0:0:0:0:0:0:1 - - [18/Jan/2019:15:23:01 +0800] "GET /static/js/inspinia.js HTTP/1.1" 200 8107 3
0:0:0:0:0:0:0:1 - - [18/Jan/2019:15:23:01 +0800] "GET /static/js/plugins/pace/pace.min.js HTTP/1.1" 200 12364 3
0:0:0:0:0:0:0:1 - - [18/Jan/2019:15:23:01 +0800] "GET /static/js/jquery-migrate-1.1.0.min.js HTTP/1.1" 200 6968 4
0:0:0:0:0:0:0:1 - - [18/Jan/2019:15:23:01 +0800] "GET /static/js/bootstrap-switch.js HTTP/1.1" 200 26858 20
0:0:0:0:0:0:0:1 - - [18/Jan/2019:15:23:01 +0800] "GET /static/js/plugins/dataTables/dataTables.tableTools.min.js HTTP/1.1" 200 31626 7
0:0:0:0:0:0:0:1 - - [18/Jan/2019:15:23:01 +0800] "GET /static/js/plugins/dataTables/jquery.dataTables.js HTTP/1.1" 200 434957 11
0:0:0:0:0:0:0:1 - - [18/Jan/2019:15:23:01 +0800] "GET /static/js/plugins/dataTables/dataTables.bootstrap.js HTTP/1.1" 200 9614 6
0:0:0:0:0:0:0:1 - - [18/Jan/2019:15:23:01 +0800] "GET /static/js/plugins/dataTables/dataTables.responsive.js HTTP/1.1" 200 32864 12
0:0:0:0:0:0:0:1 - - [18/Jan/2019:15:23:01 +0800] "GET /static/js/plugins/datapicker/bootstrap-datetimepicker.min.js HTTP/1.1" 200 48881 12
0:0:0:0:0:0:0:1 - - [18/Jan/2019:15:23:01 +0800] "GET /static/js/plugins/jsTree/jstree.min.js HTTP/1.1" 200 118089 10
0:0:0:0:0:0:0:1 - - [18/Jan/2019:15:23:01 +0800] "GET /static/js/sha1.js HTTP/1.1" 200 5752 5
0:0:0:0:0:0:0:1 - - [18/Jan/2019:15:23:01 +0800] "GET /static/js/plugins/datapicker/Moment.js HTTP/1.1" 200 387799 18
0:0:0:0:0:0:0:1 - - [18/Jan/2019:15:23:01 +0800] "GET /static/js/plugins/chosen/chosen.jquery.js HTTP/1.1" 200 51376 14
0:0:0:0:0:0:0:1 - - [18/Jan/2019:15:23:01 +0800] "GET /static/js/jquery.ajaxfileupload.js HTTP/1.1" 200 5785 6
0:0:0:0:0:0:0:1 - - [18/Jan/2019:15:23:01 +0800] "GET /static/js/layer/layer.js HTTP/1.1" 200 25196 9
0:0:0:0:0:0:0:1 - - [18/Jan/2019:15:23:01 +0800] "GET /static/images/page/baidumarker.png HTTP/1.1" 200 2877 5
0:0:0:0:0:0:0:1 - - [18/Jan/2019:15:23:01 +0800] "GET /static/ckeditor/ckeditor.js HTTP/1.1" 200 567997 64
0:0:0:0:0:0:0:1 - - [18/Jan/2019:15:23:02 +0800] "GET /static/js/layer/skin/layer.css HTTP/1.1" 200 14048 3
0:0:0:0:0:0:0:1 - - [18/Jan/2019:15:23:02 +0800] "GET /static/js/dist/jquery-migrate.min.map HTTP/1.1" 404 152 5
0:0:0:0:0:0:0:1 - - [18/Jan/2019:15:23:02 +0800] "GET /static/css/patterns/header-profile.png HTTP/1.1" 200 5877 5
0:0:0:0:0:0:0:1 - - [18/Jan/2019:15:23:02 +0800] "GET /static/font-awesome/fonts/fontawesome-webfont.woff2?v=4.3.0 HTTP/1.1" 200 56780 11
0:0:0:0:0:0:0:1 - - [18/Jan/2019:15:23:02 +0800] "POST /manage/account/getUserAccessList HTTP/1.1" 200 8121 7
0:0:0:0:0:0:0:1 - - [18/Jan/2019:15:23:11 +0800] "GET /manage/account/loginOut HTTP/1.1" 302 - 10
0:0:0:0:0:0:0:1 - - [18/Jan/2019:15:23:11 +0800] "GET /manage/account/toLogin HTTP/1.1" 200 3270 10
0:0:0:0:0:0:0:1 - - [18/Jan/2019:15:23:11 +0800] "GET /static/css/login/simple-line-icons.css HTTP/1.1" 200 11717 4
0:0:0:0:0:0:0:1 - - [18/Jan/2019:15:23:11 +0800] "GET /static/js/jquery-2.1.1.js HTTP/1.1" 200 84247 10
0:0:0:0:0:0:0:1 - - [18/Jan/2019:15:23:11 +0800] "GET /static/css/login/bootstrap.css HTTP/1.1" 200 126969 12
0:0:0:0:0:0:0:1 - - [18/Jan/2019:15:23:11 +0800] "GET /static/css/login/app.css HTTP/1.1" 200 107519 11
0:0:0:0:0:0:0:1 - - [18/Jan/2019:15:23:11 +0800] "GET /static/images/login/bodybg.jpg HTTP/1.1" 200 21275 6
0:0:0:0:0:0:0:1 - - [18/Jan/2019:15:23:11 +0800] "GET /XiaoyudiApplication/static/images/login/Simple-Line-Icons.woff HTTP/1.1" 404 177 7
0:0:0:0:0:0:0:1 - - [18/Jan/2019:15:23:11 +0800] "GET /XiaoyudiApplication/static/images/login/Simple-Line-Icons.ttf HTTP/1.1" 404 176 9
0:0:0:0:0:0:0:1 - - [18/Jan/2019:15:23:13 +0800] "POST /manage/account/login HTTP/1.1" 200 221 20
0:0:0:0:0:0:0:1 - - [18/Jan/2019:15:23:14 +0800] "GET /manage/account/toindexPage HTTP/1.1" 200 19365 16
0:0:0:0:0:0:0:1 - - [18/Jan/2019:15:23:14 +0800] "GET /static/css/bootstrap-switch.css HTTP/1.1" 200 6993 3
0:0:0:0:0:0:0:1 - - [18/Jan/2019:15:23:14 +0800] "GET /static/css/plugins/toastr/toastr.min.css HTTP/1.1" 200 6882 4
0:0:0:0:0:0:0:1 - - [18/Jan/2019:15:23:14 +0800] "GET /static/font-awesome/css/font-awesome.css HTTP/1.1" 200 28747 8
0:0:0:0:0:0:0:1 - - [18/Jan/2019:15:23:14 +0800] "GET /static/js/plugins/gritter/jquery.gritter.css HTTP/1.1" 200 2556 5
0:0:0:0:0:0:0:1 - - [18/Jan/2019:15:23:14 +0800] "GET /static/css/style.css HTTP/1.1" 200 156956 7
0:0:0:0:0:0:0:1 - - [18/Jan/2019:15:23:14 +0800] "GET /static/css/plugins/dataTables/dataTables.responsive.css HTTP/1.1" 200 2626 5
0:0:0:0:0:0:0:1 - - [18/Jan/2019:15:23:14 +0800] "GET /static/css/plugins/dataTables/dataTables.bootstrap.css HTTP/1.1" 200 5178 4
0:0:0:0:0:0:0:1 - - [18/Jan/2019:15:23:14 +0800] "GET /static/css/plugins/dataTables/dataTables.tableTools.min.css HTTP/1.1" 200 6601 5
0:0:0:0:0:0:0:1 - - [18/Jan/2019:15:23:14 +0800] "GET /static/css/animate.css HTTP/1.1" 200 68411 18
0:0:0:0:0:0:0:1 - - [18/Jan/2019:15:23:14 +0800] "GET /static/css/plugins/datapicker/bootstrap-datetimepicker.min.css HTTP/1.1" 200 7771 3
0:0:0:0:0:0:0:1 - - [18/Jan/2019:15:23:14 +0800] "GET /static/js/plugins/metisMenu/jquery.metisMenu.js HTTP/1.1" 200 3265 6
0:0:0:0:0:0:0:1 - - [18/Jan/2019:15:23:14 +0800] "GET /static/js/jquery-2.1.1.js HTTP/1.1" 200 84247 12
0:0:0:0:0:0:0:1 - - [18/Jan/2019:15:23:14 +0800] "GET /static/js/inspinia.js HTTP/1.1" 200 8107 2
0:0:0:0:0:0:0:1 - - [18/Jan/2019:15:23:14 +0800] "GET /static/js/plugins/slimscroll/jquery.slimscroll.min.js HTTP/1.1" 200 4682 3
0:0:0:0:0:0:0:1 - - [18/Jan/2019:15:23:14 +0800] "GET /static/css/bootstrap.min.css HTTP/1.1" 200 117305 49
0:0:0:0:0:0:0:1 - - [18/Jan/2019:15:23:14 +0800] "GET /static/js/plugins/pace/pace.min.js HTTP/1.1" 200 12364 3
0:0:0:0:0:0:0:1 - - [18/Jan/2019:15:23:14 +0800] "GET /static/js/bootstrap.min.js HTTP/1.1" 200 37045 13
0:0:0:0:0:0:0:1 - - [18/Jan/2019:15:23:14 +0800] "GET /static/js/bootstrap-switch.js HTTP/1.1" 200 26858 20
0:0:0:0:0:0:0:1 - - [18/Jan/2019:15:23:14 +0800] "GET /static/js/jquery-ui-1.10.4.min.js HTTP/1.1" 200 228539 10
0:0:0:0:0:0:0:1 - - [18/Jan/2019:15:23:14 +0800] "GET /static/js/plugins/dataTables/dataTables.bootstrap.js HTTP/1.1" 200 9614 3
0:0:0:0:0:0:0:1 - - [18/Jan/2019:15:23:14 +0800] "GET /static/js/plugins/dataTables/dataTables.responsive.js HTTP/1.1" 200 32864 4
0:0:0:0:0:0:0:1 - - [18/Jan/2019:15:23:14 +0800] "GET /static/js/jquery-migrate-1.1.0.min.js HTTP/1.1" 200 6968 12
0:0:0:0:0:0:0:1 - - [18/Jan/2019:15:23:14 +0800] "GET /static/js/plugins/datapicker/bootstrap-datetimepicker.min.js HTTP/1.1" 200 48881 5
0:0:0:0:0:0:0:1 - - [18/Jan/2019:15:23:14 +0800] "GET /static/js/plugins/datapicker/Moment.js HTTP/1.1" 200 387799 17
0:0:0:0:0:0:0:1 - - [18/Jan/2019:15:23:14 +0800] "GET /static/js/plugins/dataTables/dataTables.tableTools.min.js HTTP/1.1" 200 31626 27
0:0:0:0:0:0:0:1 - - [18/Jan/2019:15:23:14 +0800] "GET /static/js/plugins/jsTree/jstree.min.js HTTP/1.1" 200 118089 14
0:0:0:0:0:0:0:1 - - [18/Jan/2019:15:23:14 +0800] "GET /static/js/plugins/dataTables/jquery.dataTables.js HTTP/1.1" 200 434957 37
0:0:0:0:0:0:0:1 - - [18/Jan/2019:15:23:14 +0800] "GET /static/js/plugins/chosen/chosen.jquery.js HTTP/1.1" 200 51376 11
0:0:0:0:0:0:0:1 - - [18/Jan/2019:15:23:14 +0800] "GET /static/js/layer/layer.js HTTP/1.1" 200 25196 7
0:0:0:0:0:0:0:1 - - [18/Jan/2019:15:23:14 +0800] "GET /static/js/sha1.js HTTP/1.1" 200 5752 3
0:0:0:0:0:0:0:1 - - [18/Jan/2019:15:23:14 +0800] "GET /static/js/jquery.ajaxfileupload.js HTTP/1.1" 200 5785 4
0:0:0:0:0:0:0:1 - - [18/Jan/2019:15:23:14 +0800] "GET /static/ckeditor/ckeditor.js HTTP/1.1" 200 567997 48
0:0:0:0:0:0:0:1 - - [18/Jan/2019:15:23:14 +0800] "GET /static/images/page/baidumarker.png HTTP/1.1" 200 2877 4
0:0:0:0:0:0:0:1 - - [18/Jan/2019:15:23:15 +0800] "GET /static/js/layer/skin/layer.css HTTP/1.1" 200 14048 3
0:0:0:0:0:0:0:1 - - [18/Jan/2019:15:23:15 +0800] "GET /static/js/dist/jquery-migrate.min.map HTTP/1.1" 404 152 4
0:0:0:0:0:0:0:1 - - [18/Jan/2019:15:23:15 +0800] "GET /static/css/patterns/header-profile.png HTTP/1.1" 200 5877 3
0:0:0:0:0:0:0:1 - - [18/Jan/2019:15:23:15 +0800] "GET /static/font-awesome/fonts/fontawesome-webfont.woff2?v=4.3.0 HTTP/1.1" 200 56780 11
0:0:0:0:0:0:0:1 - - [18/Jan/2019:15:23:15 +0800] "POST /manage/account/getUserAccessList HTTP/1.1" 200 8121 73
